Buildfile: C:\SourceTree\GitHub\HL7-mappings-dev\ada_2_fhir\vragenlijsten\1.0.0\_ant-buildfiles\ant-publish\build-ada2fhir-vl-100.xml

download-ivy:
     [echo] installing ivy...
      [get] Getting: https://repo1.maven.org/maven2/org/apache/ivy/ivy/2.4.0/ivy-2.4.0.jar
      [get] To: C:\SourceTree\GitHub\HL7-mappings-dev\_ant-buildfiles\ant-include\ivy\ivy.jar
      [get] Not modified - so not downloaded

install-ivy:

fetch-imports:
[ivy:resolve] :: Apache Ivy 2.4.0 - 20141213170938 :: http://ant.apache.org/ivy/ ::
[ivy:resolve] :: loading settings :: file = C:\SourceTree\GitHub\HL7-mappings-dev\_ant-buildfiles\ant-include\ivysettings.xml
[ivy:resolve] :: resolving dependencies :: nl.nictiz.decor#tools;working@NICT1-NB144087 [not transitive]
[ivy:resolve] 	confs: [default]
[ivy:resolve] 	found net.sf.saxon#Saxon-HE;9.5.1-5 in maven
[ivy:resolve] :: resolution report :: resolve 85ms :: artifacts dl 7ms
	---------------------------------------------------------------------
	|                  |            modules            ||   artifacts   |
	|       conf       | number| search|dwnlded|evicted|| number|dwnlded|
	---------------------------------------------------------------------
	|      default     |   1   |   0   |   0   |   0   ||   3   |   0   |
	---------------------------------------------------------------------
[ivy:retrieve] :: retrieving :: nl.nictiz.decor#tools [sync]
[ivy:retrieve] 	confs: [default]
[ivy:retrieve] 	0 artifacts copied, 1 already retrieved (0kB/5ms)
[ivy:dependencytree] Dependency tree for nl.nictiz.decor-tools
[ivy:dependencytree] \- net.sf.saxon#Saxon-HE;9.5.1-5

setup:

download-ivy:
     [echo] installing ivy...
      [get] Getting: https://repo1.maven.org/maven2/org/apache/ivy/ivy/2.4.0/ivy-2.4.0.jar
      [get] To: C:\SourceTree\GitHub\HL7-mappings-dev\_ant-buildfiles\ant-include\ivy\ivy.jar
      [get] Not modified - so not downloaded

install-ivy:

fetch-imports:
[ivy:resolve] :: Apache Ivy 2.4.0 - 20141213170938 :: http://ant.apache.org/ivy/ ::
[ivy:resolve] :: loading settings :: file = C:\SourceTree\GitHub\HL7-mappings-dev\_ant-buildfiles\ant-include\ivysettings.xml
[ivy:resolve] :: resolving dependencies :: nl.nictiz.decor#tools;working@NICT1-NB144087 [not transitive]
[ivy:resolve] 	confs: [default]
[ivy:resolve] 	found net.sf.saxon#Saxon-HE;9.5.1-5 in maven
[ivy:resolve] :: resolution report :: resolve 55ms :: artifacts dl 6ms
	---------------------------------------------------------------------
	|                  |            modules            ||   artifacts   |
	|       conf       | number| search|dwnlded|evicted|| number|dwnlded|
	---------------------------------------------------------------------
	|      default     |   1   |   0   |   0   |   0   ||   3   |   0   |
	---------------------------------------------------------------------
[ivy:retrieve] :: retrieving :: nl.nictiz.decor#tools [sync]
[ivy:retrieve] 	confs: [default]
[ivy:retrieve] 	0 artifacts copied, 1 already retrieved (0kB/5ms)
[ivy:dependencytree] Dependency tree for nl.nictiz.decor-tools
[ivy:dependencytree] \- net.sf.saxon#Saxon-HE;9.5.1-5

setup_sub:

download-ivy:
     [echo] installing ivy...
      [get] Getting: https://repo1.maven.org/maven2/org/apache/ivy/ivy/2.4.0/ivy-2.4.0.jar
      [get] To: C:\SourceTree\GitHub\HL7-mappings-dev\_ant-buildfiles\ant-include\ivy\ivy.jar
      [get] Not modified - so not downloaded

install-ivy:

fetch-imports:
[ivy:resolve] :: Apache Ivy 2.4.0 - 20141213170938 :: http://ant.apache.org/ivy/ ::
[ivy:resolve] :: loading settings :: file = C:\SourceTree\GitHub\HL7-mappings-dev\_ant-buildfiles\ant-include\ivysettings.xml
[ivy:resolve] :: resolving dependencies :: nl.nictiz.decor#tools;working@NICT1-NB144087 [not transitive]
[ivy:resolve] 	confs: [default]
[ivy:resolve] 	found net.sf.saxon#Saxon-HE;9.5.1-5 in maven
[ivy:resolve] :: resolution report :: resolve 45ms :: artifacts dl 4ms
	---------------------------------------------------------------------
	|                  |            modules            ||   artifacts   |
	|       conf       | number| search|dwnlded|evicted|| number|dwnlded|
	---------------------------------------------------------------------
	|      default     |   1   |   0   |   0   |   0   ||   3   |   0   |
	---------------------------------------------------------------------
[ivy:retrieve] :: retrieving :: nl.nictiz.decor#tools [sync]
[ivy:retrieve] 	confs: [default]
[ivy:retrieve] 	0 artifacts copied, 1 already retrieved (0kB/4ms)
[ivy:dependencytree] Dependency tree for nl.nictiz.decor-tools
[ivy:dependencytree] \- net.sf.saxon#Saxon-HE;9.5.1-5

setup_sub_schemas:
     [copy] Copying 3 files to C:\SourceTree\GitHub\HL7-mappings-dev\ada_2_fhir\vragenlijsten\1.0.0\beschikbaarstellen_vragenlijst\ada_schemas

download-ivy:
     [echo] installing ivy...
      [get] Getting: https://repo1.maven.org/maven2/org/apache/ivy/ivy/2.4.0/ivy-2.4.0.jar
      [get] To: C:\SourceTree\GitHub\HL7-mappings-dev\_ant-buildfiles\ant-include\ivy\ivy.jar
      [get] Not modified - so not downloaded

install-ivy:

fetch-imports:
[ivy:resolve] :: Apache Ivy 2.4.0 - 20141213170938 :: http://ant.apache.org/ivy/ ::
[ivy:resolve] :: loading settings :: file = C:\SourceTree\GitHub\HL7-mappings-dev\_ant-buildfiles\ant-include\ivysettings.xml
[ivy:resolve] :: resolving dependencies :: nl.nictiz.decor#tools;working@NICT1-NB144087 [not transitive]
[ivy:resolve] 	confs: [default]
[ivy:resolve] 	found net.sf.saxon#Saxon-HE;9.5.1-5 in maven
[ivy:resolve] :: resolution report :: resolve 43ms :: artifacts dl 3ms
	---------------------------------------------------------------------
	|                  |            modules            ||   artifacts   |
	|       conf       | number| search|dwnlded|evicted|| number|dwnlded|
	---------------------------------------------------------------------
	|      default     |   1   |   0   |   0   |   0   ||   3   |   0   |
	---------------------------------------------------------------------
[ivy:retrieve] :: retrieving :: nl.nictiz.decor#tools [sync]
[ivy:retrieve] 	confs: [default]
[ivy:retrieve] 	0 artifacts copied, 1 already retrieved (0kB/3ms)
[ivy:dependencytree] Dependency tree for nl.nictiz.decor-tools
[ivy:dependencytree] \- net.sf.saxon#Saxon-HE;9.5.1-5

setup_sub:

download-ivy:
     [echo] installing ivy...
      [get] Getting: https://repo1.maven.org/maven2/org/apache/ivy/ivy/2.4.0/ivy-2.4.0.jar
      [get] To: C:\SourceTree\GitHub\HL7-mappings-dev\_ant-buildfiles\ant-include\ivy\ivy.jar
      [get] Not modified - so not downloaded

install-ivy:

fetch-imports:
[ivy:resolve] :: Apache Ivy 2.4.0 - 20141213170938 :: http://ant.apache.org/ivy/ ::
[ivy:resolve] :: loading settings :: file = C:\SourceTree\GitHub\HL7-mappings-dev\_ant-buildfiles\ant-include\ivysettings.xml
[ivy:resolve] :: resolving dependencies :: nl.nictiz.decor#tools;working@NICT1-NB144087 [not transitive]
[ivy:resolve] 	confs: [default]
[ivy:resolve] 	found net.sf.saxon#Saxon-HE;9.5.1-5 in maven
[ivy:resolve] :: resolution report :: resolve 50ms :: artifacts dl 4ms
	---------------------------------------------------------------------
	|                  |            modules            ||   artifacts   |
	|       conf       | number| search|dwnlded|evicted|| number|dwnlded|
	---------------------------------------------------------------------
	|      default     |   1   |   0   |   0   |   0   ||   3   |   0   |
	---------------------------------------------------------------------
[ivy:retrieve] :: retrieving :: nl.nictiz.decor#tools [sync]
[ivy:retrieve] 	confs: [default]
[ivy:retrieve] 	0 artifacts copied, 1 already retrieved (0kB/5ms)
[ivy:dependencytree] Dependency tree for nl.nictiz.decor-tools
[ivy:dependencytree] \- net.sf.saxon#Saxon-HE;9.5.1-5

setup_sub_schemas:
     [copy] Copying 5 files to C:\SourceTree\GitHub\HL7-mappings-dev\ada_2_fhir\vragenlijsten\1.0.0\beschikbaarstellen_vragenlijstverwijzing\ada_schemas

download-ivy:
     [echo] installing ivy...
      [get] Getting: https://repo1.maven.org/maven2/org/apache/ivy/ivy/2.4.0/ivy-2.4.0.jar
      [get] To: C:\SourceTree\GitHub\HL7-mappings-dev\_ant-buildfiles\ant-include\ivy\ivy.jar
      [get] Not modified - so not downloaded

install-ivy:

fetch-imports:
[ivy:resolve] :: Apache Ivy 2.4.0 - 20141213170938 :: http://ant.apache.org/ivy/ ::
[ivy:resolve] :: loading settings :: file = C:\SourceTree\GitHub\HL7-mappings-dev\_ant-buildfiles\ant-include\ivysettings.xml
[ivy:resolve] :: resolving dependencies :: nl.nictiz.decor#tools;working@NICT1-NB144087 [not transitive]
[ivy:resolve] 	confs: [default]
[ivy:resolve] 	found net.sf.saxon#Saxon-HE;9.5.1-5 in maven
[ivy:resolve] :: resolution report :: resolve 40ms :: artifacts dl 3ms
	---------------------------------------------------------------------
	|                  |            modules            ||   artifacts   |
	|       conf       | number| search|dwnlded|evicted|| number|dwnlded|
	---------------------------------------------------------------------
	|      default     |   1   |   0   |   0   |   0   ||   3   |   0   |
	---------------------------------------------------------------------
[ivy:retrieve] :: retrieving :: nl.nictiz.decor#tools [sync]
[ivy:retrieve] 	confs: [default]
[ivy:retrieve] 	0 artifacts copied, 1 already retrieved (0kB/3ms)
[ivy:dependencytree] Dependency tree for nl.nictiz.decor-tools
[ivy:dependencytree] \- net.sf.saxon#Saxon-HE;9.5.1-5

setup_sub:

download-ivy:
     [echo] installing ivy...
      [get] Getting: https://repo1.maven.org/maven2/org/apache/ivy/ivy/2.4.0/ivy-2.4.0.jar
      [get] To: C:\SourceTree\GitHub\HL7-mappings-dev\_ant-buildfiles\ant-include\ivy\ivy.jar
      [get] Not modified - so not downloaded

install-ivy:

fetch-imports:
[ivy:resolve] :: Apache Ivy 2.4.0 - 20141213170938 :: http://ant.apache.org/ivy/ ::
[ivy:resolve] :: loading settings :: file = C:\SourceTree\GitHub\HL7-mappings-dev\_ant-buildfiles\ant-include\ivysettings.xml
[ivy:resolve] :: resolving dependencies :: nl.nictiz.decor#tools;working@NICT1-NB144087 [not transitive]
[ivy:resolve] 	confs: [default]
[ivy:resolve] 	found net.sf.saxon#Saxon-HE;9.5.1-5 in maven
[ivy:resolve] :: resolution report :: resolve 51ms :: artifacts dl 4ms
	---------------------------------------------------------------------
	|                  |            modules            ||   artifacts   |
	|       conf       | number| search|dwnlded|evicted|| number|dwnlded|
	---------------------------------------------------------------------
	|      default     |   1   |   0   |   0   |   0   ||   3   |   0   |
	---------------------------------------------------------------------
[ivy:retrieve] :: retrieving :: nl.nictiz.decor#tools [sync]
[ivy:retrieve] 	confs: [default]
[ivy:retrieve] 	0 artifacts copied, 1 already retrieved (0kB/4ms)
[ivy:dependencytree] Dependency tree for nl.nictiz.decor-tools
[ivy:dependencytree] \- net.sf.saxon#Saxon-HE;9.5.1-5

setup_sub_schemas:
     [copy] Copying 5 files to C:\SourceTree\GitHub\HL7-mappings-dev\ada_2_fhir\vragenlijsten\1.0.0\sturen_antwoorden_op_vragenlijst\ada_schemas

download-ivy:
     [echo] installing ivy...
      [get] Getting: https://repo1.maven.org/maven2/org/apache/ivy/ivy/2.4.0/ivy-2.4.0.jar
      [get] To: C:\SourceTree\GitHub\HL7-mappings-dev\_ant-buildfiles\ant-include\ivy\ivy.jar
      [get] Not modified - so not downloaded

install-ivy:

fetch-imports:
[ivy:resolve] :: Apache Ivy 2.4.0 - 20141213170938 :: http://ant.apache.org/ivy/ ::
[ivy:resolve] :: loading settings :: file = C:\SourceTree\GitHub\HL7-mappings-dev\_ant-buildfiles\ant-include\ivysettings.xml
[ivy:resolve] :: resolving dependencies :: nl.nictiz.decor#tools;working@NICT1-NB144087 [not transitive]
[ivy:resolve] 	confs: [default]
[ivy:resolve] 	found net.sf.saxon#Saxon-HE;9.5.1-5 in maven
[ivy:resolve] :: resolution report :: resolve 38ms :: artifacts dl 3ms
	---------------------------------------------------------------------
	|                  |            modules            ||   artifacts   |
	|       conf       | number| search|dwnlded|evicted|| number|dwnlded|
	---------------------------------------------------------------------
	|      default     |   1   |   0   |   0   |   0   ||   3   |   0   |
	---------------------------------------------------------------------
[ivy:retrieve] :: retrieving :: nl.nictiz.decor#tools [sync]
[ivy:retrieve] 	confs: [default]
[ivy:retrieve] 	0 artifacts copied, 1 already retrieved (0kB/4ms)
[ivy:dependencytree] Dependency tree for nl.nictiz.decor-tools
[ivy:dependencytree] \- net.sf.saxon#Saxon-HE;9.5.1-5

convert_ada_2_fhir:

download-ivy:
     [echo] installing ivy...
      [get] Getting: https://repo1.maven.org/maven2/org/apache/ivy/ivy/2.4.0/ivy-2.4.0.jar
      [get] To: C:\SourceTree\GitHub\HL7-mappings-dev\_ant-buildfiles\ant-include\ivy\ivy.jar
      [get] Not modified - so not downloaded

install-ivy:

fetch-imports:
[ivy:resolve] :: Apache Ivy 2.4.0 - 20141213170938 :: http://ant.apache.org/ivy/ ::
[ivy:resolve] :: loading settings :: file = C:\SourceTree\GitHub\HL7-mappings-dev\_ant-buildfiles\ant-include\ivysettings.xml
[ivy:resolve] :: resolving dependencies :: nl.nictiz.decor#tools;working@NICT1-NB144087 [not transitive]
[ivy:resolve] 	confs: [default]
[ivy:resolve] 	found net.sf.saxon#Saxon-HE;9.5.1-5 in maven
[ivy:resolve] :: resolution report :: resolve 47ms :: artifacts dl 4ms
	---------------------------------------------------------------------
	|                  |            modules            ||   artifacts   |
	|       conf       | number| search|dwnlded|evicted|| number|dwnlded|
	---------------------------------------------------------------------
	|      default     |   1   |   0   |   0   |   0   ||   3   |   0   |
	---------------------------------------------------------------------
[ivy:retrieve] :: retrieving :: nl.nictiz.decor#tools [sync]
[ivy:retrieve] 	confs: [default]
[ivy:retrieve] 	0 artifacts copied, 1 already retrieved (0kB/4ms)
[ivy:dependencytree] Dependency tree for nl.nictiz.decor-tools
[ivy:dependencytree] \- net.sf.saxon#Saxon-HE;9.5.1-5

convert_ada_2_fhir_sub:
     [echo] Deleting previous results, if any
     [echo] 
     [echo] ADA to FHIR ../../beschikbaarstellen_vragenlijst/payload/beschikbaarstellen_vragenlijst_2_fhir_resources.xsl
     [xslt] Processing C:\SourceTree\GitHub\HL7-mappings-dev\ada_2_fhir\vragenlijsten\1.0.0\beschikbaarstellen_vragenlijst\ada_instance\vl-scenario-Intake.xml to C:\SourceTree\GitHub\HL7-mappings-dev\ada_2_fhir\vragenlijsten\1.0.0\beschikbaarstellen_vragenlijst\fhir_instance\vl-scenario-Intake.xml
     [xslt] Loading stylesheet C:\SourceTree\GitHub\HL7-mappings-dev\ada_2_fhir\vragenlijsten\1.0.0\beschikbaarstellen_vragenlijst\payload\beschikbaarstellen_vragenlijst_2_fhir_resources.xsl
     [xslt] WARN   : TODO Resource Type: Questionnaire
     [xslt] Processing C:\SourceTree\GitHub\HL7-mappings-dev\ada_2_fhir\vragenlijsten\1.0.0\beschikbaarstellen_vragenlijst\ada_instance\vl-scenario-PHQ9-ext.xml to C:\SourceTree\GitHub\HL7-mappings-dev\ada_2_fhir\vragenlijsten\1.0.0\beschikbaarstellen_vragenlijst\fhir_instance\vl-scenario-PHQ9-ext.xml
     [xslt] WARN   : TODO Resource Type: Questionnaire
     [xslt] Processing C:\SourceTree\GitHub\HL7-mappings-dev\ada_2_fhir\vragenlijsten\1.0.0\beschikbaarstellen_vragenlijst\ada_instance\vl-scenario-PHQ9.xml to C:\SourceTree\GitHub\HL7-mappings-dev\ada_2_fhir\vragenlijsten\1.0.0\beschikbaarstellen_vragenlijst\fhir_instance\vl-scenario-PHQ9.xml
     [xslt] WARN   : TODO Resource Type: Questionnaire
     [echo] 
     [echo] ADA to FHIR ../../beschikbaarstellen_vragenlijst/payload/beschikbaarstellen_vragenlijst_2_fhir.xsl
     [xslt] Processing C:\SourceTree\GitHub\HL7-mappings-dev\ada_2_fhir\vragenlijsten\1.0.0\beschikbaarstellen_vragenlijst\ada_instance\vl-scenario-Intake.xml to C:\SourceTree\GitHub\HL7-mappings-dev\ada_2_fhir\vragenlijsten\1.0.0\beschikbaarstellen_vragenlijst\fhir_instance\vl-scenario-Intake.xml
     [xslt] Loading stylesheet C:\SourceTree\GitHub\HL7-mappings-dev\ada_2_fhir\vragenlijsten\1.0.0\beschikbaarstellen_vragenlijst\payload\beschikbaarstellen_vragenlijst_2_fhir.xsl
     [xslt] WARN   : TODO Resource Type: Questionnaire
     [xslt] Processing C:\SourceTree\GitHub\HL7-mappings-dev\ada_2_fhir\vragenlijsten\1.0.0\beschikbaarstellen_vragenlijst\ada_instance\vl-scenario-PHQ9-ext.xml to C:\SourceTree\GitHub\HL7-mappings-dev\ada_2_fhir\vragenlijsten\1.0.0\beschikbaarstellen_vragenlijst\fhir_instance\vl-scenario-PHQ9-ext.xml
     [xslt] WARN   : TODO Resource Type: Questionnaire
     [xslt] Processing C:\SourceTree\GitHub\HL7-mappings-dev\ada_2_fhir\vragenlijsten\1.0.0\beschikbaarstellen_vragenlijst\ada_instance\vl-scenario-PHQ9.xml to C:\SourceTree\GitHub\HL7-mappings-dev\ada_2_fhir\vragenlijsten\1.0.0\beschikbaarstellen_vragenlijst\fhir_instance\vl-scenario-PHQ9.xml
     [xslt] WARN   : TODO Resource Type: Questionnaire

download-ivy:
     [echo] installing ivy...
      [get] Getting: https://repo1.maven.org/maven2/org/apache/ivy/ivy/2.4.0/ivy-2.4.0.jar
      [get] To: C:\SourceTree\GitHub\HL7-mappings-dev\_ant-buildfiles\ant-include\ivy\ivy.jar
      [get] Not modified - so not downloaded

install-ivy:

fetch-imports:
[ivy:resolve] :: Apache Ivy 2.4.0 - 20141213170938 :: http://ant.apache.org/ivy/ ::
[ivy:resolve] :: loading settings :: file = C:\SourceTree\GitHub\HL7-mappings-dev\_ant-buildfiles\ant-include\ivysettings.xml
[ivy:resolve] :: resolving dependencies :: nl.nictiz.decor#tools;working@NICT1-NB144087 [not transitive]
[ivy:resolve] 	confs: [default]
[ivy:resolve] 	found net.sf.saxon#Saxon-HE;9.5.1-5 in maven
[ivy:resolve] :: resolution report :: resolve 39ms :: artifacts dl 4ms
	---------------------------------------------------------------------
	|                  |            modules            ||   artifacts   |
	|       conf       | number| search|dwnlded|evicted|| number|dwnlded|
	---------------------------------------------------------------------
	|      default     |   1   |   0   |   0   |   0   ||   3   |   0   |
	---------------------------------------------------------------------
[ivy:retrieve] :: retrieving :: nl.nictiz.decor#tools [sync]
[ivy:retrieve] 	confs: [default]
[ivy:retrieve] 	0 artifacts copied, 1 already retrieved (0kB/4ms)
[ivy:dependencytree] Dependency tree for nl.nictiz.decor-tools
[ivy:dependencytree] \- net.sf.saxon#Saxon-HE;9.5.1-5

convert_ada_2_fhir_sub:
     [echo] Deleting previous results, if any
     [echo] 
     [echo] ADA to FHIR ../../beschikbaarstellen_vragenlijstverwijzing/payload/beschikbaarstellen_vragenlijstverwijzing_2_fhir_resources.xsl
     [xslt] Processing C:\SourceTree\GitHub\HL7-mappings-dev\ada_2_fhir\vragenlijsten\1.0.0\beschikbaarstellen_vragenlijstverwijzing\ada_instance\vlv-scenario-1-1.xml to C:\SourceTree\GitHub\HL7-mappings-dev\ada_2_fhir\vragenlijsten\1.0.0\beschikbaarstellen_vragenlijstverwijzing\fhir_instance\vlv-scenario-1-1.xml
     [xslt] Loading stylesheet C:\SourceTree\GitHub\HL7-mappings-dev\ada_2_fhir\vragenlijsten\1.0.0\beschikbaarstellen_vragenlijstverwijzing\payload\beschikbaarstellen_vragenlijstverwijzing_2_fhir_resources.xsl
     [xslt] Processing C:\SourceTree\GitHub\HL7-mappings-dev\ada_2_fhir\vragenlijsten\1.0.0\beschikbaarstellen_vragenlijstverwijzing\ada_instance\vlv-scenario-1-2.xml to C:\SourceTree\GitHub\HL7-mappings-dev\ada_2_fhir\vragenlijsten\1.0.0\beschikbaarstellen_vragenlijstverwijzing\fhir_instance\vlv-scenario-1-2.xml
     [xslt] Processing C:\SourceTree\GitHub\HL7-mappings-dev\ada_2_fhir\vragenlijsten\1.0.0\beschikbaarstellen_vragenlijstverwijzing\ada_instance\vlv-scenario-1-3.xml to C:\SourceTree\GitHub\HL7-mappings-dev\ada_2_fhir\vragenlijsten\1.0.0\beschikbaarstellen_vragenlijstverwijzing\fhir_instance\vlv-scenario-1-3.xml
     [xslt] Processing C:\SourceTree\GitHub\HL7-mappings-dev\ada_2_fhir\vragenlijsten\1.0.0\beschikbaarstellen_vragenlijstverwijzing\ada_instance\vlv-scenario-1-4.xml to C:\SourceTree\GitHub\HL7-mappings-dev\ada_2_fhir\vragenlijsten\1.0.0\beschikbaarstellen_vragenlijstverwijzing\fhir_instance\vlv-scenario-1-4.xml
     [xslt] Processing C:\SourceTree\GitHub\HL7-mappings-dev\ada_2_fhir\vragenlijsten\1.0.0\beschikbaarstellen_vragenlijstverwijzing\ada_instance\vlv-scenario-1-5.xml to C:\SourceTree\GitHub\HL7-mappings-dev\ada_2_fhir\vragenlijsten\1.0.0\beschikbaarstellen_vragenlijstverwijzing\fhir_instance\vlv-scenario-1-5.xml
     [xslt] Processing C:\SourceTree\GitHub\HL7-mappings-dev\ada_2_fhir\vragenlijsten\1.0.0\beschikbaarstellen_vragenlijstverwijzing\ada_instance\vlv-scenario-1-6.xml to C:\SourceTree\GitHub\HL7-mappings-dev\ada_2_fhir\vragenlijsten\1.0.0\beschikbaarstellen_vragenlijstverwijzing\fhir_instance\vlv-scenario-1-6.xml
     [echo] 
     [echo] ADA to FHIR ../../beschikbaarstellen_vragenlijstverwijzing/payload/beschikbaarstellen_vragenlijstverwijzing_2_fhir.xsl
     [xslt] Processing C:\SourceTree\GitHub\HL7-mappings-dev\ada_2_fhir\vragenlijsten\1.0.0\beschikbaarstellen_vragenlijstverwijzing\ada_instance\vlv-scenario-1-1.xml to C:\SourceTree\GitHub\HL7-mappings-dev\ada_2_fhir\vragenlijsten\1.0.0\beschikbaarstellen_vragenlijstverwijzing\fhir_instance\vlv-scenario-1-1.xml
     [xslt] Loading stylesheet C:\SourceTree\GitHub\HL7-mappings-dev\ada_2_fhir\vragenlijsten\1.0.0\beschikbaarstellen_vragenlijstverwijzing\payload\beschikbaarstellen_vragenlijstverwijzing_2_fhir.xsl
     [xslt] Processing C:\SourceTree\GitHub\HL7-mappings-dev\ada_2_fhir\vragenlijsten\1.0.0\beschikbaarstellen_vragenlijstverwijzing\ada_instance\vlv-scenario-1-2.xml to C:\SourceTree\GitHub\HL7-mappings-dev\ada_2_fhir\vragenlijsten\1.0.0\beschikbaarstellen_vragenlijstverwijzing\fhir_instance\vlv-scenario-1-2.xml
     [xslt] Processing C:\SourceTree\GitHub\HL7-mappings-dev\ada_2_fhir\vragenlijsten\1.0.0\beschikbaarstellen_vragenlijstverwijzing\ada_instance\vlv-scenario-1-3.xml to C:\SourceTree\GitHub\HL7-mappings-dev\ada_2_fhir\vragenlijsten\1.0.0\beschikbaarstellen_vragenlijstverwijzing\fhir_instance\vlv-scenario-1-3.xml
     [xslt] Processing C:\SourceTree\GitHub\HL7-mappings-dev\ada_2_fhir\vragenlijsten\1.0.0\beschikbaarstellen_vragenlijstverwijzing\ada_instance\vlv-scenario-1-4.xml to C:\SourceTree\GitHub\HL7-mappings-dev\ada_2_fhir\vragenlijsten\1.0.0\beschikbaarstellen_vragenlijstverwijzing\fhir_instance\vlv-scenario-1-4.xml
     [xslt] Processing C:\SourceTree\GitHub\HL7-mappings-dev\ada_2_fhir\vragenlijsten\1.0.0\beschikbaarstellen_vragenlijstverwijzing\ada_instance\vlv-scenario-1-5.xml to C:\SourceTree\GitHub\HL7-mappings-dev\ada_2_fhir\vragenlijsten\1.0.0\beschikbaarstellen_vragenlijstverwijzing\fhir_instance\vlv-scenario-1-5.xml
     [xslt] Processing C:\SourceTree\GitHub\HL7-mappings-dev\ada_2_fhir\vragenlijsten\1.0.0\beschikbaarstellen_vragenlijstverwijzing\ada_instance\vlv-scenario-1-6.xml to C:\SourceTree\GitHub\HL7-mappings-dev\ada_2_fhir\vragenlijsten\1.0.0\beschikbaarstellen_vragenlijstverwijzing\fhir_instance\vlv-scenario-1-6.xml

download-ivy:
     [echo] installing ivy...
      [get] Getting: https://repo1.maven.org/maven2/org/apache/ivy/ivy/2.4.0/ivy-2.4.0.jar
      [get] To: C:\SourceTree\GitHub\HL7-mappings-dev\_ant-buildfiles\ant-include\ivy\ivy.jar
      [get] Not modified - so not downloaded

install-ivy:

fetch-imports:
[ivy:resolve] :: Apache Ivy 2.4.0 - 20141213170938 :: http://ant.apache.org/ivy/ ::
[ivy:resolve] :: loading settings :: file = C:\SourceTree\GitHub\HL7-mappings-dev\_ant-buildfiles\ant-include\ivysettings.xml
[ivy:resolve] :: resolving dependencies :: nl.nictiz.decor#tools;working@NICT1-NB144087 [not transitive]
[ivy:resolve] 	confs: [default]
[ivy:resolve] 	found net.sf.saxon#Saxon-HE;9.5.1-5 in maven
[ivy:resolve] :: resolution report :: resolve 64ms :: artifacts dl 5ms
	---------------------------------------------------------------------
	|                  |            modules            ||   artifacts   |
	|       conf       | number| search|dwnlded|evicted|| number|dwnlded|
	---------------------------------------------------------------------
	|      default     |   1   |   0   |   0   |   0   ||   3   |   0   |
	---------------------------------------------------------------------
[ivy:retrieve] :: retrieving :: nl.nictiz.decor#tools [sync]
[ivy:retrieve] 	confs: [default]
[ivy:retrieve] 	0 artifacts copied, 1 already retrieved (0kB/6ms)
[ivy:dependencytree] Dependency tree for nl.nictiz.decor-tools
[ivy:dependencytree] \- net.sf.saxon#Saxon-HE;9.5.1-5

convert_ada_2_fhir_sub:
     [echo] Deleting previous results, if any
     [echo] 
     [echo] ADA to FHIR ../../sturen_antwoorden_op_vragenlijst/payload/sturen_antwoorden_op_vragenlijst_2_fhir_resources.xsl
     [xslt] Processing C:\SourceTree\GitHub\HL7-mappings-dev\ada_2_fhir\vragenlijsten\1.0.0\sturen_antwoorden_op_vragenlijst\ada_instance\vl-scenario-3-1.xml to C:\SourceTree\GitHub\HL7-mappings-dev\ada_2_fhir\vragenlijsten\1.0.0\sturen_antwoorden_op_vragenlijst\fhir_instance\vl-scenario-3-1.xml
     [xslt] Loading stylesheet C:\SourceTree\GitHub\HL7-mappings-dev\ada_2_fhir\vragenlijsten\1.0.0\sturen_antwoorden_op_vragenlijst\payload\sturen_antwoorden_op_vragenlijst_2_fhir_resources.xsl
     [xslt] WARN   : TODO Resource Type: Questionnaire
     [xslt] WARN   : TODO Resource Type: Questionnaire
     [xslt] WARN   : TODO Resource Type: Questionnaire
     [echo] 
     [echo] ADA to FHIR ../../sturen_antwoorden_op_vragenlijst/payload/sturen_antwoorden_op_vragenlijst_2_fhir.xsl
     [xslt] Processing C:\SourceTree\GitHub\HL7-mappings-dev\ada_2_fhir\vragenlijsten\1.0.0\sturen_antwoorden_op_vragenlijst\ada_instance\vl-scenario-3-1.xml to C:\SourceTree\GitHub\HL7-mappings-dev\ada_2_fhir\vragenlijsten\1.0.0\sturen_antwoorden_op_vragenlijst\fhir_instance\vl-scenario-3-1.xml
     [xslt] Loading stylesheet C:\SourceTree\GitHub\HL7-mappings-dev\ada_2_fhir\vragenlijsten\1.0.0\sturen_antwoorden_op_vragenlijst\payload\sturen_antwoorden_op_vragenlijst_2_fhir.xsl
     [xslt] WARN   : TODO Datatype: valueDecimal

BUILD SUCCESSFUL
Total time: 7 seconds
