Buildfile: C:\SourceTree\GitHub\HL7-mappings-dev\hl7_2_ada\mp\9.0.7\_ant-buildfiles\ant-publish\build-hl72ada-mp-907.xml

download-ivy:
     [echo] installing ivy...
      [get] Getting: https://repo1.maven.org/maven2/org/apache/ivy/ivy/2.4.0/ivy-2.4.0.jar
      [get] To: C:\SourceTree\GitHub\HL7-mappings-dev\_ant-buildfiles\ant-include\ivy\ivy.jar
      [get] Not modified - so not downloaded

install-ivy:

fetch-imports:
[ivy:resolve] :: Apache Ivy 2.4.0 - 20141213170938 :: http://ant.apache.org/ivy/ ::
[ivy:resolve] :: loading settings :: file = C:\SourceTree\GitHub\HL7-mappings-dev\_ant-buildfiles\ant-include\ivysettings.xml
[ivy:resolve] :: resolving dependencies :: nl.nictiz.decor#tools;working@NICT1-NB144087 [not transitive]
[ivy:resolve] 	confs: [default]
[ivy:resolve] 	found net.sf.saxon#Saxon-HE;9.5.1-5 in local-chain
[ivy:resolve] :: resolution report :: resolve 131ms :: artifacts dl 9ms
	---------------------------------------------------------------------
	|                  |            modules            ||   artifacts   |
	|       conf       | number| search|dwnlded|evicted|| number|dwnlded|
	---------------------------------------------------------------------
	|      default     |   1   |   0   |   0   |   0   ||   3   |   0   |
	---------------------------------------------------------------------
[ivy:retrieve] :: retrieving :: nl.nictiz.decor#tools [sync]
[ivy:retrieve] 	confs: [default]
[ivy:retrieve] 	0 artifacts copied, 1 already retrieved (0kB/2ms)
[ivy:dependencytree] Dependency tree for nl.nictiz.decor-tools
[ivy:dependencytree] \- net.sf.saxon#Saxon-HE;9.5.1-5

roundtrip_hl7_2_ada_2_hl7:

download-ivy:
     [echo] installing ivy...
      [get] Getting: https://repo1.maven.org/maven2/org/apache/ivy/ivy/2.4.0/ivy-2.4.0.jar
      [get] To: C:\SourceTree\GitHub\HL7-mappings-dev\_ant-buildfiles\ant-include\ivy\ivy.jar
      [get] Not modified - so not downloaded

install-ivy:

fetch-imports:
[ivy:resolve] :: Apache Ivy 2.4.0 - 20141213170938 :: http://ant.apache.org/ivy/ ::
[ivy:resolve] :: loading settings :: file = C:\SourceTree\GitHub\HL7-mappings-dev\_ant-buildfiles\ant-include\ivysettings.xml
[ivy:resolve] :: resolving dependencies :: nl.nictiz.decor#tools;working@NICT1-NB144087 [not transitive]
[ivy:resolve] 	confs: [default]
[ivy:resolve] 	found net.sf.saxon#Saxon-HE;9.5.1-5 in local-chain
[ivy:resolve] :: resolution report :: resolve 120ms :: artifacts dl 13ms
	---------------------------------------------------------------------
	|                  |            modules            ||   artifacts   |
	|       conf       | number| search|dwnlded|evicted|| number|dwnlded|
	---------------------------------------------------------------------
	|      default     |   1   |   0   |   0   |   0   ||   3   |   0   |
	---------------------------------------------------------------------
[ivy:retrieve] :: retrieving :: nl.nictiz.decor#tools [sync]
[ivy:retrieve] 	confs: [default]
[ivy:retrieve] 	0 artifacts copied, 1 already retrieved (0kB/7ms)
[ivy:dependencytree] Dependency tree for nl.nictiz.decor-tools
[ivy:dependencytree] \- net.sf.saxon#Saxon-HE;9.5.1-5

convert_hl7_2_ada:

download-ivy:
     [echo] installing ivy...
      [get] Getting: https://repo1.maven.org/maven2/org/apache/ivy/ivy/2.4.0/ivy-2.4.0.jar
      [get] To: C:\SourceTree\GitHub\HL7-mappings-dev\_ant-buildfiles\ant-include\ivy\ivy.jar
      [get] Not modified - so not downloaded

install-ivy:

fetch-imports:
[ivy:resolve] :: Apache Ivy 2.4.0 - 20141213170938 :: http://ant.apache.org/ivy/ ::
[ivy:resolve] :: loading settings :: file = C:\SourceTree\GitHub\HL7-mappings-dev\_ant-buildfiles\ant-include\ivysettings.xml
[ivy:resolve] :: resolving dependencies :: nl.nictiz.decor#tools;working@NICT1-NB144087 [not transitive]
[ivy:resolve] 	confs: [default]
[ivy:resolve] 	found net.sf.saxon#Saxon-HE;9.5.1-5 in local-chain
[ivy:resolve] :: resolution report :: resolve 97ms :: artifacts dl 5ms
	---------------------------------------------------------------------
	|                  |            modules            ||   artifacts   |
	|       conf       | number| search|dwnlded|evicted|| number|dwnlded|
	---------------------------------------------------------------------
	|      default     |   1   |   0   |   0   |   0   ||   3   |   0   |
	---------------------------------------------------------------------
[ivy:retrieve] :: retrieving :: nl.nictiz.decor#tools [sync]
[ivy:retrieve] 	confs: [default]
[ivy:retrieve] 	0 artifacts copied, 1 already retrieved (0kB/9ms)
[ivy:dependencytree] Dependency tree for nl.nictiz.decor-tools
[ivy:dependencytree] \- net.sf.saxon#Saxon-HE;9.5.1-5

convert_hl7_2_ada_sub:
     [echo] Deleting previous results, if any
     [echo] 
     [echo] ADA to HL7 ../../sturen_medicatievoorschrift/payload/sturen_medicatievoorschrift_hl7_2_ada.xsl input dir ../../sturen_medicatievoorschrift/hl7_instance
     [xslt] Processing C:\SourceTree\GitHub\HL7-mappings-dev\hl7_2_ada\mp\9.0.7\sturen_medicatievoorschrift\hl7_instance\CDA_MP90_Voorschrift_01a_MA_VV_1dd1st-fout.xml to C:\SourceTree\GitHub\HL7-mappings-dev\hl7_2_ada\mp\9.0.7\sturen_medicatievoorschrift\ada_instance\CDA_MP90_Voorschrift_01a_MA_VV_1dd1st-fout.xml
     [xslt] Loading stylesheet C:\SourceTree\GitHub\HL7-mappings-dev\hl7_2_ada\mp\9.0.7\sturen_medicatievoorschrift\payload\sturen_medicatievoorschrift_hl7_2_ada.xsl
     [xslt] Processing C:\SourceTree\GitHub\HL7-mappings-dev\hl7_2_ada\mp\9.0.7\sturen_medicatievoorschrift\hl7_instance\CDA_MP90_Voorschrift_01a_MA_VV_1dd1st.xml to C:\SourceTree\GitHub\HL7-mappings-dev\hl7_2_ada\mp\9.0.7\sturen_medicatievoorschrift\ada_instance\CDA_MP90_Voorschrift_01a_MA_VV_1dd1st.xml
     [xslt] Processing C:\SourceTree\GitHub\HL7-mappings-dev\hl7_2_ada\mp\9.0.7\sturen_medicatievoorschrift\hl7_instance\CDA_MP90_Voorschrift_01b_staken.xml to C:\SourceTree\GitHub\HL7-mappings-dev\hl7_2_ada\mp\9.0.7\sturen_medicatievoorschrift\ada_instance\CDA_MP90_Voorschrift_01b_staken.xml
     [xslt] Processing C:\SourceTree\GitHub\HL7-mappings-dev\hl7_2_ada\mp\9.0.7\sturen_medicatievoorschrift\hl7_instance\CDA_MP90_Voorschrift_01c_MA_2VV_1dd1st.xml to C:\SourceTree\GitHub\HL7-mappings-dev\hl7_2_ada\mp\9.0.7\sturen_medicatievoorschrift\ada_instance\CDA_MP90_Voorschrift_01c_MA_2VV_1dd1st.xml

download-ivy:
     [echo] installing ivy...
      [get] Getting: https://repo1.maven.org/maven2/org/apache/ivy/ivy/2.4.0/ivy-2.4.0.jar
      [get] To: C:\SourceTree\GitHub\HL7-mappings-dev\_ant-buildfiles\ant-include\ivy\ivy.jar
      [get] Not modified - so not downloaded

install-ivy:

fetch-imports:
[ivy:resolve] :: Apache Ivy 2.4.0 - 20141213170938 :: http://ant.apache.org/ivy/ ::
[ivy:resolve] :: loading settings :: file = C:\SourceTree\GitHub\HL7-mappings-dev\_ant-buildfiles\ant-include\ivysettings.xml
[ivy:resolve] :: resolving dependencies :: nl.nictiz.decor#tools;working@NICT1-NB144087 [not transitive]
[ivy:resolve] 	confs: [default]
[ivy:resolve] 	found net.sf.saxon#Saxon-HE;9.5.1-5 in local-chain
[ivy:resolve] :: resolution report :: resolve 94ms :: artifacts dl 7ms
	---------------------------------------------------------------------
	|                  |            modules            ||   artifacts   |
	|       conf       | number| search|dwnlded|evicted|| number|dwnlded|
	---------------------------------------------------------------------
	|      default     |   1   |   0   |   0   |   0   ||   3   |   0   |
	---------------------------------------------------------------------
[ivy:retrieve] :: retrieving :: nl.nictiz.decor#tools [sync]
[ivy:retrieve] 	confs: [default]
[ivy:retrieve] 	0 artifacts copied, 1 already retrieved (0kB/9ms)
[ivy:dependencytree] Dependency tree for nl.nictiz.decor-tools
[ivy:dependencytree] \- net.sf.saxon#Saxon-HE;9.5.1-5

convert_hl7_2_ada_sub:
     [echo] Deleting previous results, if any
     [echo] 
     [echo] ADA to HL7 ../../beschikbaarstellen_medicatiegegevens/payload/beschikbaarstellen_medicatiegegevens_hl7_2_ada.xsl input dir ../../beschikbaarstellen_medicatiegegevens/hl7_instance
     [xslt] Processing C:\SourceTree\GitHub\HL7-mappings-dev\hl7_2_ada\mp\9.0.7\beschikbaarstellen_medicatiegegevens\hl7_instance\MP90_Medicatiegegevens_01a_MA_zn1dd1st.xml to C:\SourceTree\GitHub\HL7-mappings-dev\hl7_2_ada\mp\9.0.7\beschikbaarstellen_medicatiegegevens\ada_instance\MP90_Medicatiegegevens_01a_MA_zn1dd1st.xml
     [xslt] Loading stylesheet C:\SourceTree\GitHub\HL7-mappings-dev\hl7_2_ada\mp\9.0.7\beschikbaarstellen_medicatiegegevens\payload\beschikbaarstellen_medicatiegegevens_hl7_2_ada.xsl
     [xslt] Processing C:\SourceTree\GitHub\HL7-mappings-dev\hl7_2_ada\mp\9.0.7\beschikbaarstellen_medicatiegegevens\hl7_instance\MP90_Medicatiegegevens_01b_MA_20d_1dd1st.xml to C:\SourceTree\GitHub\HL7-mappings-dev\hl7_2_ada\mp\9.0.7\beschikbaarstellen_medicatiegegevens\ada_instance\MP90_Medicatiegegevens_01b_MA_20d_1dd1st.xml
     [xslt] Processing C:\SourceTree\GitHub\HL7-mappings-dev\hl7_2_ada\mp\9.0.7\beschikbaarstellen_medicatiegegevens\hl7_instance\MP90_Medicatiegegevens_01c_MA_2ddAanbrengen.xml to C:\SourceTree\GitHub\HL7-mappings-dev\hl7_2_ada\mp\9.0.7\beschikbaarstellen_medicatiegegevens\ada_instance\MP90_Medicatiegegevens_01c_MA_2ddAanbrengen.xml
     [xslt] Processing C:\SourceTree\GitHub\HL7-mappings-dev\hl7_2_ada\mp\9.0.7\beschikbaarstellen_medicatiegegevens\hl7_instance\MP90_Medicatiegegevens_01d_MA_eenmalig.xml to C:\SourceTree\GitHub\HL7-mappings-dev\hl7_2_ada\mp\9.0.7\beschikbaarstellen_medicatiegegevens\ada_instance\MP90_Medicatiegegevens_01d_MA_eenmalig.xml
     [xslt] Processing C:\SourceTree\GitHub\HL7-mappings-dev\hl7_2_ada\mp\9.0.7\beschikbaarstellen_medicatiegegevens\hl7_instance\MP90_Medicatiegegevens_01e_MA_zn4d1a2max6.xml to C:\SourceTree\GitHub\HL7-mappings-dev\hl7_2_ada\mp\9.0.7\beschikbaarstellen_medicatiegegevens\ada_instance\MP90_Medicatiegegevens_01e_MA_zn4d1a2max6.xml
     [xslt] Processing C:\SourceTree\GitHub\HL7-mappings-dev\hl7_2_ada\mp\9.0.7\beschikbaarstellen_medicatiegegevens\hl7_instance\MP90_Medicatiegegevens_01f_MA_toedieningssnelheid.xml to C:\SourceTree\GitHub\HL7-mappings-dev\hl7_2_ada\mp\9.0.7\beschikbaarstellen_medicatiegegevens\ada_instance\MP90_Medicatiegegevens_01f_MA_toedieningssnelheid.xml
     [xslt] Processing C:\SourceTree\GitHub\HL7-mappings-dev\hl7_2_ada\mp\9.0.7\beschikbaarstellen_medicatiegegevens\hl7_instance\MP90_Medicatiegegevens_01g_MA_1wk5_maligniteit.xml to C:\SourceTree\GitHub\HL7-mappings-dev\hl7_2_ada\mp\9.0.7\beschikbaarstellen_medicatiegegevens\ada_instance\MP90_Medicatiegegevens_01g_MA_1wk5_maligniteit.xml
     [xslt] Processing C:\SourceTree\GitHub\HL7-mappings-dev\hl7_2_ada\mp\9.0.7\beschikbaarstellen_medicatiegegevens\hl7_instance\MP90_Medicatiegegevens_01h_MA_VV_TA_1dd1st.xml to C:\SourceTree\GitHub\HL7-mappings-dev\hl7_2_ada\mp\9.0.7\beschikbaarstellen_medicatiegegevens\ada_instance\MP90_Medicatiegegevens_01h_MA_VV_TA_1dd1st.xml
     [xslt] Processing C:\SourceTree\GitHub\HL7-mappings-dev\hl7_2_ada\mp\9.0.7\beschikbaarstellen_medicatiegegevens\hl7_instance\MP90_Medicatiegegevens_01i_GE_volgensvoorschrift.xml to C:\SourceTree\GitHub\HL7-mappings-dev\hl7_2_ada\mp\9.0.7\beschikbaarstellen_medicatiegegevens\ada_instance\MP90_Medicatiegegevens_01i_GE_volgensvoorschrift.xml
     [xslt] Processing C:\SourceTree\GitHub\HL7-mappings-dev\hl7_2_ada\mp\9.0.7\beschikbaarstellen_medicatiegegevens\hl7_instance\MP90_Medicatiegegevens_01j_MA_1wkwoensdag3dd1st.xml to C:\SourceTree\GitHub\HL7-mappings-dev\hl7_2_ada\mp\9.0.7\beschikbaarstellen_medicatiegegevens\ada_instance\MP90_Medicatiegegevens_01j_MA_1wkwoensdag3dd1st.xml
     [xslt] Processing C:\SourceTree\GitHub\HL7-mappings-dev\hl7_2_ada\mp\9.0.7\beschikbaarstellen_medicatiegegevens\hl7_instance\MP90_Medicatiegegevens_02_MA_TA_1ddInhalatieStop2.xml to C:\SourceTree\GitHub\HL7-mappings-dev\hl7_2_ada\mp\9.0.7\beschikbaarstellen_medicatiegegevens\ada_instance\MP90_Medicatiegegevens_02_MA_TA_1ddInhalatieStop2.xml
     [xslt] Processing C:\SourceTree\GitHub\HL7-mappings-dev\hl7_2_ada\mp\9.0.7\beschikbaarstellen_medicatiegegevens\hl7_instance\MP90_Medicatiegegevens_03a_MA_1a2dd1.xml to C:\SourceTree\GitHub\HL7-mappings-dev\hl7_2_ada\mp\9.0.7\beschikbaarstellen_medicatiegegevens\ada_instance\MP90_Medicatiegegevens_03a_MA_1a2dd1.xml
     [xslt] Processing C:\SourceTree\GitHub\HL7-mappings-dev\hl7_2_ada\mp\9.0.7\beschikbaarstellen_medicatiegegevens\hl7_instance\MP90_Medicatiegegevens_03b_MA_3dd8a10eh.xml to C:\SourceTree\GitHub\HL7-mappings-dev\hl7_2_ada\mp\9.0.7\beschikbaarstellen_medicatiegegevens\ada_instance\MP90_Medicatiegegevens_03b_MA_3dd8a10eh.xml
     [xslt] Processing C:\SourceTree\GitHub\HL7-mappings-dev\hl7_2_ada\mp\9.0.7\beschikbaarstellen_medicatiegegevens\hl7_instance\MP90_Medicatiegegevens_03c_MA_Toedienduur.xml to C:\SourceTree\GitHub\HL7-mappings-dev\hl7_2_ada\mp\9.0.7\beschikbaarstellen_medicatiegegevens\ada_instance\MP90_Medicatiegegevens_03c_MA_Toedienduur.xml
     [xslt] Processing C:\SourceTree\GitHub\HL7-mappings-dev\hl7_2_ada\mp\9.0.7\beschikbaarstellen_medicatiegegevens\hl7_instance\MP90_Medicatiegegevens_03e_MA_zn3wk3.xml to C:\SourceTree\GitHub\HL7-mappings-dev\hl7_2_ada\mp\9.0.7\beschikbaarstellen_medicatiegegevens\ada_instance\MP90_Medicatiegegevens_03e_MA_zn3wk3.xml
     [xslt] Processing C:\SourceTree\GitHub\HL7-mappings-dev\hl7_2_ada\mp\9.0.7\beschikbaarstellen_medicatiegegevens\hl7_instance\MP90_Medicatiegegevens_03f_MA_vasteTijden.xml to C:\SourceTree\GitHub\HL7-mappings-dev\hl7_2_ada\mp\9.0.7\beschikbaarstellen_medicatiegegevens\ada_instance\MP90_Medicatiegegevens_03f_MA_vasteTijden.xml
     [xslt] Processing C:\SourceTree\GitHub\HL7-mappings-dev\hl7_2_ada\mp\9.0.7\beschikbaarstellen_medicatiegegevens\hl7_instance\MP90_Medicatiegegevens_03g_MA_Cyclisch.xml to C:\SourceTree\GitHub\HL7-mappings-dev\hl7_2_ada\mp\9.0.7\beschikbaarstellen_medicatiegegevens\ada_instance\MP90_Medicatiegegevens_03g_MA_Cyclisch.xml
     [xslt] Processing C:\SourceTree\GitHub\HL7-mappings-dev\hl7_2_ada\mp\9.0.7\beschikbaarstellen_medicatiegegevens\hl7_instance\MP90_Medicatiegegevens_03h_MA_aanvInstr.xml to C:\SourceTree\GitHub\HL7-mappings-dev\hl7_2_ada\mp\9.0.7\beschikbaarstellen_medicatiegegevens\ada_instance\MP90_Medicatiegegevens_03h_MA_aanvInstr.xml
     [xslt] Processing C:\SourceTree\GitHub\HL7-mappings-dev\hl7_2_ada\mp\9.0.7\beschikbaarstellen_medicatiegegevens\hl7_instance\MP90_Medicatiegegevens_03j_MA_magistraal.xml to C:\SourceTree\GitHub\HL7-mappings-dev\hl7_2_ada\mp\9.0.7\beschikbaarstellen_medicatiegegevens\ada_instance\MP90_Medicatiegegevens_03j_MA_magistraal.xml
     [xslt] Processing C:\SourceTree\GitHub\HL7-mappings-dev\hl7_2_ada\mp\9.0.7\beschikbaarstellen_medicatiegegevens\hl7_instance\MP90_Medicatiegegevens_03l_MA_foutcorrectie.xml to C:\SourceTree\GitHub\HL7-mappings-dev\hl7_2_ada\mp\9.0.7\beschikbaarstellen_medicatiegegevens\ada_instance\MP90_Medicatiegegevens_03l_MA_foutcorrectie.xml
     [xslt] Processing C:\SourceTree\GitHub\HL7-mappings-dev\hl7_2_ada\mp\9.0.7\beschikbaarstellen_medicatiegegevens\hl7_instance\MP90_Medicatiegegevens_03m_TA_foutcorrectie.xml to C:\SourceTree\GitHub\HL7-mappings-dev\hl7_2_ada\mp\9.0.7\beschikbaarstellen_medicatiegegevens\ada_instance\MP90_Medicatiegegevens_03m_TA_foutcorrectie.xml
     [xslt] Processing C:\SourceTree\GitHub\HL7-mappings-dev\hl7_2_ada\mp\9.0.7\beschikbaarstellen_medicatiegegevens\hl7_instance\MP90_Medicatiegegevens_04a_MA_afbouw.xml to C:\SourceTree\GitHub\HL7-mappings-dev\hl7_2_ada\mp\9.0.7\beschikbaarstellen_medicatiegegevens\ada_instance\MP90_Medicatiegegevens_04a_MA_afbouw.xml
     [xslt] Processing C:\SourceTree\GitHub\HL7-mappings-dev\hl7_2_ada\mp\9.0.7\beschikbaarstellen_medicatiegegevens\hl7_instance\MP90_Medicatiegegevens_04b_MA_mawovr.xml to C:\SourceTree\GitHub\HL7-mappings-dev\hl7_2_ada\mp\9.0.7\beschikbaarstellen_medicatiegegevens\ada_instance\MP90_Medicatiegegevens_04b_MA_mawovr.xml
     [xslt] Processing C:\SourceTree\GitHub\HL7-mappings-dev\hl7_2_ada\mp\9.0.7\beschikbaarstellen_medicatiegegevens\hl7_instance\MP90_Medicatiegegevens_04c_MA_dagdelen.xml to C:\SourceTree\GitHub\HL7-mappings-dev\hl7_2_ada\mp\9.0.7\beschikbaarstellen_medicatiegegevens\ada_instance\MP90_Medicatiegegevens_04c_MA_dagdelen.xml
     [xslt] Processing C:\SourceTree\GitHub\HL7-mappings-dev\hl7_2_ada\mp\9.0.7\beschikbaarstellen_medicatiegegevens\hl7_instance\MP90_Medicatiegegevens_04d_MA_sochtends.xml to C:\SourceTree\GitHub\HL7-mappings-dev\hl7_2_ada\mp\9.0.7\beschikbaarstellen_medicatiegegevens\ada_instance\MP90_Medicatiegegevens_04d_MA_sochtends.xml
     [xslt] Processing C:\SourceTree\GitHub\HL7-mappings-dev\hl7_2_ada\mp\9.0.7\beschikbaarstellen_medicatiegegevens\hl7_instance\MP90_Medicatiegegevens_04e_MA_dido_toedientijd.xml to C:\SourceTree\GitHub\HL7-mappings-dev\hl7_2_ada\mp\9.0.7\beschikbaarstellen_medicatiegegevens\ada_instance\MP90_Medicatiegegevens_04e_MA_dido_toedientijd.xml

download-ivy:
     [echo] installing ivy...
      [get] Getting: https://repo1.maven.org/maven2/org/apache/ivy/ivy/2.4.0/ivy-2.4.0.jar
      [get] To: C:\SourceTree\GitHub\HL7-mappings-dev\_ant-buildfiles\ant-include\ivy\ivy.jar
      [get] Not modified - so not downloaded

install-ivy:

fetch-imports:
[ivy:resolve] :: Apache Ivy 2.4.0 - 20141213170938 :: http://ant.apache.org/ivy/ ::
[ivy:resolve] :: loading settings :: file = C:\SourceTree\GitHub\HL7-mappings-dev\_ant-buildfiles\ant-include\ivysettings.xml
[ivy:resolve] :: resolving dependencies :: nl.nictiz.decor#tools;working@NICT1-NB144087 [not transitive]
[ivy:resolve] 	confs: [default]
[ivy:resolve] 	found net.sf.saxon#Saxon-HE;9.5.1-5 in local-chain
[ivy:resolve] :: resolution report :: resolve 80ms :: artifacts dl 11ms
	---------------------------------------------------------------------
	|                  |            modules            ||   artifacts   |
	|       conf       | number| search|dwnlded|evicted|| number|dwnlded|
	---------------------------------------------------------------------
	|      default     |   1   |   0   |   0   |   0   ||   3   |   0   |
	---------------------------------------------------------------------
[ivy:retrieve] :: retrieving :: nl.nictiz.decor#tools [sync]
[ivy:retrieve] 	confs: [default]
[ivy:retrieve] 	0 artifacts copied, 1 already retrieved (0kB/0ms)
[ivy:dependencytree] Dependency tree for nl.nictiz.decor-tools
[ivy:dependencytree] \- net.sf.saxon#Saxon-HE;9.5.1-5

convert_hl7_2_ada_sub:
     [echo] Deleting previous results, if any
     [echo] 
     [echo] ADA to HL7 ../../sturen_medicatievoorschrift/../../../../ada_2_hl7/mp/9.0.7/sturen_medicatievoorschrift/payload/sturen_medicatievoorschrift_org.xsl input dir ../../sturen_medicatievoorschrift/ada_instance
     [xslt] Processing C:\SourceTree\GitHub\HL7-mappings-dev\hl7_2_ada\mp\9.0.7\sturen_medicatievoorschrift\ada_instance\CDA_MP90_Voorschrift_01a_MA_VV_1dd1st-fout.xml to C:\SourceTree\GitHub\HL7-mappings-dev\hl7_2_ada\mp\9.0.7\sturen_medicatievoorschrift\hl7_instance_roundtrip\CDA_MP90_Voorschrift_01a_MA_VV_1dd1st-fout.xml
     [xslt] Loading stylesheet C:\SourceTree\GitHub\HL7-mappings-dev\ada_2_hl7\mp\9.0.7\sturen_medicatievoorschrift\payload\sturen_medicatievoorschrift_org.xsl
     [xslt] Processing C:\SourceTree\GitHub\HL7-mappings-dev\hl7_2_ada\mp\9.0.7\sturen_medicatievoorschrift\ada_instance\CDA_MP90_Voorschrift_01a_MA_VV_1dd1st.xml to C:\SourceTree\GitHub\HL7-mappings-dev\hl7_2_ada\mp\9.0.7\sturen_medicatievoorschrift\hl7_instance_roundtrip\CDA_MP90_Voorschrift_01a_MA_VV_1dd1st.xml
     [xslt] Processing C:\SourceTree\GitHub\HL7-mappings-dev\hl7_2_ada\mp\9.0.7\sturen_medicatievoorschrift\ada_instance\CDA_MP90_Voorschrift_01b_staken.xml to C:\SourceTree\GitHub\HL7-mappings-dev\hl7_2_ada\mp\9.0.7\sturen_medicatievoorschrift\hl7_instance_roundtrip\CDA_MP90_Voorschrift_01b_staken.xml
     [xslt] Processing C:\SourceTree\GitHub\HL7-mappings-dev\hl7_2_ada\mp\9.0.7\sturen_medicatievoorschrift\ada_instance\CDA_MP90_Voorschrift_01c_MA_2VV_1dd1st.xml to C:\SourceTree\GitHub\HL7-mappings-dev\hl7_2_ada\mp\9.0.7\sturen_medicatievoorschrift\hl7_instance_roundtrip\CDA_MP90_Voorschrift_01c_MA_2VV_1dd1st.xml

download-ivy:
     [echo] installing ivy...
      [get] Getting: https://repo1.maven.org/maven2/org/apache/ivy/ivy/2.4.0/ivy-2.4.0.jar
      [get] To: C:\SourceTree\GitHub\HL7-mappings-dev\_ant-buildfiles\ant-include\ivy\ivy.jar
      [get] Not modified - so not downloaded

install-ivy:

fetch-imports:
[ivy:resolve] :: Apache Ivy 2.4.0 - 20141213170938 :: http://ant.apache.org/ivy/ ::
[ivy:resolve] :: loading settings :: file = C:\SourceTree\GitHub\HL7-mappings-dev\_ant-buildfiles\ant-include\ivysettings.xml
[ivy:resolve] :: resolving dependencies :: nl.nictiz.decor#tools;working@NICT1-NB144087 [not transitive]
[ivy:resolve] 	confs: [default]
[ivy:resolve] 	found net.sf.saxon#Saxon-HE;9.5.1-5 in local-chain
[ivy:resolve] :: resolution report :: resolve 89ms :: artifacts dl 8ms
	---------------------------------------------------------------------
	|                  |            modules            ||   artifacts   |
	|       conf       | number| search|dwnlded|evicted|| number|dwnlded|
	---------------------------------------------------------------------
	|      default     |   1   |   0   |   0   |   0   ||   3   |   0   |
	---------------------------------------------------------------------
[ivy:retrieve] :: retrieving :: nl.nictiz.decor#tools [sync]
[ivy:retrieve] 	confs: [default]
[ivy:retrieve] 	0 artifacts copied, 1 already retrieved (0kB/8ms)
[ivy:dependencytree] Dependency tree for nl.nictiz.decor-tools
[ivy:dependencytree] \- net.sf.saxon#Saxon-HE;9.5.1-5

convert_hl7_2_ada_sub:
     [echo] Deleting previous results, if any
     [echo] 
     [echo] ADA to HL7 ../../sturen_medicatievoorschrift/../../../../ada_2_hl7/mp/MP90_Transform_Organizer2CDA.xsl input dir ../../sturen_medicatievoorschrift/hl7_instance_roundtrip
     [xslt] Processing C:\SourceTree\GitHub\HL7-mappings-dev\hl7_2_ada\mp\9.0.7\sturen_medicatievoorschrift\hl7_instance_roundtrip\CDA_MP90_Voorschrift_01a_MA_VV_1dd1st-fout.xml to C:\SourceTree\GitHub\HL7-mappings-dev\hl7_2_ada\mp\9.0.7\sturen_medicatievoorschrift\cda_instance_roundtrip\CDA_MP90_Voorschrift_01a_MA_VV_1dd1st-fout.xml
     [xslt] Loading stylesheet C:\SourceTree\GitHub\HL7-mappings-dev\ada_2_hl7\mp\MP90_Transform_Organizer2CDA.xsl
     [xslt] Processing C:\SourceTree\GitHub\HL7-mappings-dev\hl7_2_ada\mp\9.0.7\sturen_medicatievoorschrift\hl7_instance_roundtrip\CDA_MP90_Voorschrift_01a_MA_VV_1dd1st.xml to C:\SourceTree\GitHub\HL7-mappings-dev\hl7_2_ada\mp\9.0.7\sturen_medicatievoorschrift\cda_instance_roundtrip\CDA_MP90_Voorschrift_01a_MA_VV_1dd1st.xml
     [xslt] Processing C:\SourceTree\GitHub\HL7-mappings-dev\hl7_2_ada\mp\9.0.7\sturen_medicatievoorschrift\hl7_instance_roundtrip\CDA_MP90_Voorschrift_01b_staken.xml to C:\SourceTree\GitHub\HL7-mappings-dev\hl7_2_ada\mp\9.0.7\sturen_medicatievoorschrift\cda_instance_roundtrip\CDA_MP90_Voorschrift_01b_staken.xml
     [xslt] Processing C:\SourceTree\GitHub\HL7-mappings-dev\hl7_2_ada\mp\9.0.7\sturen_medicatievoorschrift\hl7_instance_roundtrip\CDA_MP90_Voorschrift_01c_MA_2VV_1dd1st.xml to C:\SourceTree\GitHub\HL7-mappings-dev\hl7_2_ada\mp\9.0.7\sturen_medicatievoorschrift\cda_instance_roundtrip\CDA_MP90_Voorschrift_01c_MA_2VV_1dd1st.xml

download-ivy:
     [echo] installing ivy...
      [get] Getting: https://repo1.maven.org/maven2/org/apache/ivy/ivy/2.4.0/ivy-2.4.0.jar
      [get] To: C:\SourceTree\GitHub\HL7-mappings-dev\_ant-buildfiles\ant-include\ivy\ivy.jar
      [get] Not modified - so not downloaded

install-ivy:

fetch-imports:
[ivy:resolve] :: Apache Ivy 2.4.0 - 20141213170938 :: http://ant.apache.org/ivy/ ::
[ivy:resolve] :: loading settings :: file = C:\SourceTree\GitHub\HL7-mappings-dev\_ant-buildfiles\ant-include\ivysettings.xml
[ivy:resolve] :: resolving dependencies :: nl.nictiz.decor#tools;working@NICT1-NB144087 [not transitive]
[ivy:resolve] 	confs: [default]
[ivy:resolve] 	found net.sf.saxon#Saxon-HE;9.5.1-5 in local-chain
[ivy:resolve] :: resolution report :: resolve 132ms :: artifacts dl 9ms
	---------------------------------------------------------------------
	|                  |            modules            ||   artifacts   |
	|       conf       | number| search|dwnlded|evicted|| number|dwnlded|
	---------------------------------------------------------------------
	|      default     |   1   |   0   |   0   |   0   ||   3   |   0   |
	---------------------------------------------------------------------
[ivy:retrieve] :: retrieving :: nl.nictiz.decor#tools [sync]
[ivy:retrieve] 	confs: [default]
[ivy:retrieve] 	0 artifacts copied, 1 already retrieved (0kB/11ms)
[ivy:dependencytree] Dependency tree for nl.nictiz.decor-tools
[ivy:dependencytree] \- net.sf.saxon#Saxon-HE;9.5.1-5

convert_hl7_2_ada_sub:
     [echo] Deleting previous results, if any
     [echo] 
     [echo] ADA to HL7 ../../beschikbaarstellen_medicatiegegevens/../../../../ada_2_hl7/mp/9.0.7/beschikbaarstellen_medicatiegegevens/payload/beschikbaarstellen_medicatiegegevens_org.xsl input dir ../../beschikbaarstellen_medicatiegegevens/ada_instance
     [xslt] Processing C:\SourceTree\GitHub\HL7-mappings-dev\hl7_2_ada\mp\9.0.7\beschikbaarstellen_medicatiegegevens\ada_instance\MP90_Medicatiegegevens_01a_MA_zn1dd1st.xml to C:\SourceTree\GitHub\HL7-mappings-dev\hl7_2_ada\mp\9.0.7\beschikbaarstellen_medicatiegegevens\hl7_instance_roundtrip\MP90_Medicatiegegevens_01a_MA_zn1dd1st.xml
     [xslt] Loading stylesheet C:\SourceTree\GitHub\HL7-mappings-dev\ada_2_hl7\mp\9.0.7\beschikbaarstellen_medicatiegegevens\payload\beschikbaarstellen_medicatiegegevens_org.xsl
     [xslt] Processing C:\SourceTree\GitHub\HL7-mappings-dev\hl7_2_ada\mp\9.0.7\beschikbaarstellen_medicatiegegevens\ada_instance\MP90_Medicatiegegevens_01b_MA_20d_1dd1st.xml to C:\SourceTree\GitHub\HL7-mappings-dev\hl7_2_ada\mp\9.0.7\beschikbaarstellen_medicatiegegevens\hl7_instance_roundtrip\MP90_Medicatiegegevens_01b_MA_20d_1dd1st.xml
     [xslt] Processing C:\SourceTree\GitHub\HL7-mappings-dev\hl7_2_ada\mp\9.0.7\beschikbaarstellen_medicatiegegevens\ada_instance\MP90_Medicatiegegevens_01c_MA_2ddAanbrengen.xml to C:\SourceTree\GitHub\HL7-mappings-dev\hl7_2_ada\mp\9.0.7\beschikbaarstellen_medicatiegegevens\hl7_instance_roundtrip\MP90_Medicatiegegevens_01c_MA_2ddAanbrengen.xml
     [xslt] Processing C:\SourceTree\GitHub\HL7-mappings-dev\hl7_2_ada\mp\9.0.7\beschikbaarstellen_medicatiegegevens\ada_instance\MP90_Medicatiegegevens_01d_MA_eenmalig.xml to C:\SourceTree\GitHub\HL7-mappings-dev\hl7_2_ada\mp\9.0.7\beschikbaarstellen_medicatiegegevens\hl7_instance_roundtrip\MP90_Medicatiegegevens_01d_MA_eenmalig.xml
     [xslt] Processing C:\SourceTree\GitHub\HL7-mappings-dev\hl7_2_ada\mp\9.0.7\beschikbaarstellen_medicatiegegevens\ada_instance\MP90_Medicatiegegevens_01e_MA_zn4d1a2max6.xml to C:\SourceTree\GitHub\HL7-mappings-dev\hl7_2_ada\mp\9.0.7\beschikbaarstellen_medicatiegegevens\hl7_instance_roundtrip\MP90_Medicatiegegevens_01e_MA_zn4d1a2max6.xml
     [xslt] Processing C:\SourceTree\GitHub\HL7-mappings-dev\hl7_2_ada\mp\9.0.7\beschikbaarstellen_medicatiegegevens\ada_instance\MP90_Medicatiegegevens_01f_MA_toedieningssnelheid.xml to C:\SourceTree\GitHub\HL7-mappings-dev\hl7_2_ada\mp\9.0.7\beschikbaarstellen_medicatiegegevens\hl7_instance_roundtrip\MP90_Medicatiegegevens_01f_MA_toedieningssnelheid.xml
     [xslt] Processing C:\SourceTree\GitHub\HL7-mappings-dev\hl7_2_ada\mp\9.0.7\beschikbaarstellen_medicatiegegevens\ada_instance\MP90_Medicatiegegevens_01g_MA_1wk5_maligniteit.xml to C:\SourceTree\GitHub\HL7-mappings-dev\hl7_2_ada\mp\9.0.7\beschikbaarstellen_medicatiegegevens\hl7_instance_roundtrip\MP90_Medicatiegegevens_01g_MA_1wk5_maligniteit.xml
     [xslt] Processing C:\SourceTree\GitHub\HL7-mappings-dev\hl7_2_ada\mp\9.0.7\beschikbaarstellen_medicatiegegevens\ada_instance\MP90_Medicatiegegevens_01h_MA_VV_TA_1dd1st.xml to C:\SourceTree\GitHub\HL7-mappings-dev\hl7_2_ada\mp\9.0.7\beschikbaarstellen_medicatiegegevens\hl7_instance_roundtrip\MP90_Medicatiegegevens_01h_MA_VV_TA_1dd1st.xml
     [xslt] Processing C:\SourceTree\GitHub\HL7-mappings-dev\hl7_2_ada\mp\9.0.7\beschikbaarstellen_medicatiegegevens\ada_instance\MP90_Medicatiegegevens_01i_GE_volgensvoorschrift.xml to C:\SourceTree\GitHub\HL7-mappings-dev\hl7_2_ada\mp\9.0.7\beschikbaarstellen_medicatiegegevens\hl7_instance_roundtrip\MP90_Medicatiegegevens_01i_GE_volgensvoorschrift.xml
     [xslt] Processing C:\SourceTree\GitHub\HL7-mappings-dev\hl7_2_ada\mp\9.0.7\beschikbaarstellen_medicatiegegevens\ada_instance\MP90_Medicatiegegevens_01j_MA_1wkwoensdag3dd1st.xml to C:\SourceTree\GitHub\HL7-mappings-dev\hl7_2_ada\mp\9.0.7\beschikbaarstellen_medicatiegegevens\hl7_instance_roundtrip\MP90_Medicatiegegevens_01j_MA_1wkwoensdag3dd1st.xml
     [xslt] Processing C:\SourceTree\GitHub\HL7-mappings-dev\hl7_2_ada\mp\9.0.7\beschikbaarstellen_medicatiegegevens\ada_instance\MP90_Medicatiegegevens_02_MA_TA_1ddInhalatieStop2.xml to C:\SourceTree\GitHub\HL7-mappings-dev\hl7_2_ada\mp\9.0.7\beschikbaarstellen_medicatiegegevens\hl7_instance_roundtrip\MP90_Medicatiegegevens_02_MA_TA_1ddInhalatieStop2.xml
     [xslt] Processing C:\SourceTree\GitHub\HL7-mappings-dev\hl7_2_ada\mp\9.0.7\beschikbaarstellen_medicatiegegevens\ada_instance\MP90_Medicatiegegevens_03a_MA_1a2dd1.xml to C:\SourceTree\GitHub\HL7-mappings-dev\hl7_2_ada\mp\9.0.7\beschikbaarstellen_medicatiegegevens\hl7_instance_roundtrip\MP90_Medicatiegegevens_03a_MA_1a2dd1.xml
     [xslt] Processing C:\SourceTree\GitHub\HL7-mappings-dev\hl7_2_ada\mp\9.0.7\beschikbaarstellen_medicatiegegevens\ada_instance\MP90_Medicatiegegevens_03b_MA_3dd8a10eh.xml to C:\SourceTree\GitHub\HL7-mappings-dev\hl7_2_ada\mp\9.0.7\beschikbaarstellen_medicatiegegevens\hl7_instance_roundtrip\MP90_Medicatiegegevens_03b_MA_3dd8a10eh.xml
     [xslt] Processing C:\SourceTree\GitHub\HL7-mappings-dev\hl7_2_ada\mp\9.0.7\beschikbaarstellen_medicatiegegevens\ada_instance\MP90_Medicatiegegevens_03c_MA_Toedienduur.xml to C:\SourceTree\GitHub\HL7-mappings-dev\hl7_2_ada\mp\9.0.7\beschikbaarstellen_medicatiegegevens\hl7_instance_roundtrip\MP90_Medicatiegegevens_03c_MA_Toedienduur.xml
     [xslt] Processing C:\SourceTree\GitHub\HL7-mappings-dev\hl7_2_ada\mp\9.0.7\beschikbaarstellen_medicatiegegevens\ada_instance\MP90_Medicatiegegevens_03e_MA_zn3wk3.xml to C:\SourceTree\GitHub\HL7-mappings-dev\hl7_2_ada\mp\9.0.7\beschikbaarstellen_medicatiegegevens\hl7_instance_roundtrip\MP90_Medicatiegegevens_03e_MA_zn3wk3.xml
     [xslt] Processing C:\SourceTree\GitHub\HL7-mappings-dev\hl7_2_ada\mp\9.0.7\beschikbaarstellen_medicatiegegevens\ada_instance\MP90_Medicatiegegevens_03f_MA_vasteTijden.xml to C:\SourceTree\GitHub\HL7-mappings-dev\hl7_2_ada\mp\9.0.7\beschikbaarstellen_medicatiegegevens\hl7_instance_roundtrip\MP90_Medicatiegegevens_03f_MA_vasteTijden.xml
     [xslt] Processing C:\SourceTree\GitHub\HL7-mappings-dev\hl7_2_ada\mp\9.0.7\beschikbaarstellen_medicatiegegevens\ada_instance\MP90_Medicatiegegevens_03g_MA_Cyclisch.xml to C:\SourceTree\GitHub\HL7-mappings-dev\hl7_2_ada\mp\9.0.7\beschikbaarstellen_medicatiegegevens\hl7_instance_roundtrip\MP90_Medicatiegegevens_03g_MA_Cyclisch.xml
     [xslt] Processing C:\SourceTree\GitHub\HL7-mappings-dev\hl7_2_ada\mp\9.0.7\beschikbaarstellen_medicatiegegevens\ada_instance\MP90_Medicatiegegevens_03h_MA_aanvInstr.xml to C:\SourceTree\GitHub\HL7-mappings-dev\hl7_2_ada\mp\9.0.7\beschikbaarstellen_medicatiegegevens\hl7_instance_roundtrip\MP90_Medicatiegegevens_03h_MA_aanvInstr.xml
     [xslt] Processing C:\SourceTree\GitHub\HL7-mappings-dev\hl7_2_ada\mp\9.0.7\beschikbaarstellen_medicatiegegevens\ada_instance\MP90_Medicatiegegevens_03j_MA_magistraal.xml to C:\SourceTree\GitHub\HL7-mappings-dev\hl7_2_ada\mp\9.0.7\beschikbaarstellen_medicatiegegevens\hl7_instance_roundtrip\MP90_Medicatiegegevens_03j_MA_magistraal.xml
     [xslt] Processing C:\SourceTree\GitHub\HL7-mappings-dev\hl7_2_ada\mp\9.0.7\beschikbaarstellen_medicatiegegevens\ada_instance\MP90_Medicatiegegevens_03l_MA_foutcorrectie.xml to C:\SourceTree\GitHub\HL7-mappings-dev\hl7_2_ada\mp\9.0.7\beschikbaarstellen_medicatiegegevens\hl7_instance_roundtrip\MP90_Medicatiegegevens_03l_MA_foutcorrectie.xml
     [xslt] Processing C:\SourceTree\GitHub\HL7-mappings-dev\hl7_2_ada\mp\9.0.7\beschikbaarstellen_medicatiegegevens\ada_instance\MP90_Medicatiegegevens_03m_TA_foutcorrectie.xml to C:\SourceTree\GitHub\HL7-mappings-dev\hl7_2_ada\mp\9.0.7\beschikbaarstellen_medicatiegegevens\hl7_instance_roundtrip\MP90_Medicatiegegevens_03m_TA_foutcorrectie.xml
     [xslt] Processing C:\SourceTree\GitHub\HL7-mappings-dev\hl7_2_ada\mp\9.0.7\beschikbaarstellen_medicatiegegevens\ada_instance\MP90_Medicatiegegevens_04a_MA_afbouw.xml to C:\SourceTree\GitHub\HL7-mappings-dev\hl7_2_ada\mp\9.0.7\beschikbaarstellen_medicatiegegevens\hl7_instance_roundtrip\MP90_Medicatiegegevens_04a_MA_afbouw.xml
     [xslt] Processing C:\SourceTree\GitHub\HL7-mappings-dev\hl7_2_ada\mp\9.0.7\beschikbaarstellen_medicatiegegevens\ada_instance\MP90_Medicatiegegevens_04b_MA_mawovr.xml to C:\SourceTree\GitHub\HL7-mappings-dev\hl7_2_ada\mp\9.0.7\beschikbaarstellen_medicatiegegevens\hl7_instance_roundtrip\MP90_Medicatiegegevens_04b_MA_mawovr.xml
     [xslt] Processing C:\SourceTree\GitHub\HL7-mappings-dev\hl7_2_ada\mp\9.0.7\beschikbaarstellen_medicatiegegevens\ada_instance\MP90_Medicatiegegevens_04c_MA_dagdelen.xml to C:\SourceTree\GitHub\HL7-mappings-dev\hl7_2_ada\mp\9.0.7\beschikbaarstellen_medicatiegegevens\hl7_instance_roundtrip\MP90_Medicatiegegevens_04c_MA_dagdelen.xml
     [xslt] Processing C:\SourceTree\GitHub\HL7-mappings-dev\hl7_2_ada\mp\9.0.7\beschikbaarstellen_medicatiegegevens\ada_instance\MP90_Medicatiegegevens_04d_MA_sochtends.xml to C:\SourceTree\GitHub\HL7-mappings-dev\hl7_2_ada\mp\9.0.7\beschikbaarstellen_medicatiegegevens\hl7_instance_roundtrip\MP90_Medicatiegegevens_04d_MA_sochtends.xml
     [xslt] Processing C:\SourceTree\GitHub\HL7-mappings-dev\hl7_2_ada\mp\9.0.7\beschikbaarstellen_medicatiegegevens\ada_instance\MP90_Medicatiegegevens_04e_MA_dido_toedientijd.xml to C:\SourceTree\GitHub\HL7-mappings-dev\hl7_2_ada\mp\9.0.7\beschikbaarstellen_medicatiegegevens\hl7_instance_roundtrip\MP90_Medicatiegegevens_04e_MA_dido_toedientijd.xml

BUILD SUCCESSFUL
Total time: 13 seconds
