Buildfile: C:\SourceTree\GitHub\HL7-mappings\ada_2_hl7\mp\9.x\_ant-buildfiles\ant-publish\build-ada2hl7-mp-9x.xml

download-ivy:
     [echo] installing ivy...
      [get] Getting: https://repo1.maven.org/maven2/org/apache/ivy/ivy/2.5.0/ivy-2.5.0.jar
      [get] To: C:\SourceTree\GitHub\HL7-mappings\_ant-buildfiles\ant-include\ivy\ivy.jar
      [get] Not modified - so not downloaded

install-ivy:

fetch-imports:
[ivy:resolve] :: Apache Ivy 2.5.0 - 20191020104435 :: https://ant.apache.org/ivy/ ::
[ivy:resolve] :: loading settings :: file = C:\SourceTree\GitHub\HL7-mappings\_ant-buildfiles\ant-include\ivysettings.xml
[ivy:resolve] :: resolving dependencies :: nl.nictiz.decor#tools;working@NICT1-NB144087 [not transitive]
[ivy:resolve] 	confs: [default]
[ivy:resolve] 	found net.sf.saxon#Saxon-HE;9.9.1-7 in local-chain
[ivy:resolve] 	found xerces#xercesImpl;2.12.0 in maven
[ivy:resolve] :: resolution report :: resolve 83ms :: artifacts dl 11ms
	---------------------------------------------------------------------
	|                  |            modules            ||   artifacts   |
	|       conf       | number| search|dwnlded|evicted|| number|dwnlded|
	---------------------------------------------------------------------
	|      default     |   2   |   0   |   0   |   0   ||   6   |   0   |
	---------------------------------------------------------------------
[ivy:retrieve] :: retrieving :: nl.nictiz.decor#tools [sync]
[ivy:retrieve] 	confs: [default]
[ivy:retrieve] 	0 artifacts copied, 2 already retrieved (0kB/36ms)
[ivy:dependencytree] Dependency tree for nl.nictiz.decor-tools
[ivy:dependencytree] +- net.sf.saxon#Saxon-HE;9.9.1-7
[ivy:dependencytree] \- xerces#xercesImpl;2.12.0

convert_ada_2_hl7_9x:

download-ivy:
     [echo] installing ivy...
      [get] Getting: https://repo1.maven.org/maven2/org/apache/ivy/ivy/2.5.0/ivy-2.5.0.jar
      [get] To: C:\SourceTree\GitHub\HL7-mappings\_ant-buildfiles\ant-include\ivy\ivy.jar
      [get] Not modified - so not downloaded

install-ivy:

fetch-imports:
[ivy:resolve] :: Apache Ivy 2.5.0 - 20191020104435 :: https://ant.apache.org/ivy/ ::
[ivy:resolve] :: loading settings :: file = C:\SourceTree\GitHub\HL7-mappings\_ant-buildfiles\ant-include\ivysettings.xml
[ivy:resolve] :: resolving dependencies :: nl.nictiz.decor#tools;working@NICT1-NB144087 [not transitive]
[ivy:resolve] 	confs: [default]
[ivy:resolve] 	found net.sf.saxon#Saxon-HE;9.9.1-7 in local-chain
[ivy:resolve] 	found xerces#xercesImpl;2.12.0 in maven
[ivy:resolve] :: resolution report :: resolve 62ms :: artifacts dl 10ms
	---------------------------------------------------------------------
	|                  |            modules            ||   artifacts   |
	|       conf       | number| search|dwnlded|evicted|| number|dwnlded|
	---------------------------------------------------------------------
	|      default     |   2   |   0   |   0   |   0   ||   6   |   0   |
	---------------------------------------------------------------------
[ivy:retrieve] :: retrieving :: nl.nictiz.decor#tools [sync]
[ivy:retrieve] 	confs: [default]
[ivy:retrieve] 	0 artifacts copied, 2 already retrieved (0kB/32ms)
[ivy:dependencytree] Dependency tree for nl.nictiz.decor-tools
[ivy:dependencytree] +- net.sf.saxon#Saxon-HE;9.9.1-7
[ivy:dependencytree] \- xerces#xercesImpl;2.12.0

convert_ada_2_hl7_sub:
     [echo] Deleting previous results, if any
     [echo] 
     [echo] ADA to HL7 ../../nictiz_test/../sturen_medicatievoorschrift/payload/sturen_medicatievoorschrift_org.xsl input dir ../../nictiz_test/ada_instance
     [xslt] Processing C:\SourceTree\GitHub\HL7-mappings\ada_2_hl7\mp\9.x\nictiz_test\ada_instance\10voorbeeld_cyclisch_dagdelen.xml to C:\SourceTree\GitHub\HL7-mappings\ada_2_hl7\mp\9.x\nictiz_test\hl7_instance\10voorbeeld_cyclisch_dagdelen.xml
     [xslt] Loading stylesheet C:\SourceTree\GitHub\HL7-mappings\ada_2_hl7\mp\9.x\sturen_medicatievoorschrift\payload\sturen_medicatievoorschrift_org.xsl
     [xslt] Processing C:\SourceTree\GitHub\HL7-mappings\ada_2_hl7\mp\9.x\nictiz_test\ada_instance\10voorbeeld_cyclisch_interval.xml to C:\SourceTree\GitHub\HL7-mappings\ada_2_hl7\mp\9.x\nictiz_test\hl7_instance\10voorbeeld_cyclisch_interval.xml
     [xslt] Processing C:\SourceTree\GitHub\HL7-mappings\ada_2_hl7\mp\9.x\nictiz_test\ada_instance\10voorbeeld_cyclisch_pil.xml to C:\SourceTree\GitHub\HL7-mappings\ada_2_hl7\mp\9.x\nictiz_test\hl7_instance\10voorbeeld_cyclisch_pil.xml
     [xslt] Processing C:\SourceTree\GitHub\HL7-mappings\ada_2_hl7\mp\9.x\nictiz_test\ada_instance\10voorbeeld_cyclisch_toedientijden.xml to C:\SourceTree\GitHub\HL7-mappings\ada_2_hl7\mp\9.x\nictiz_test\hl7_instance\10voorbeeld_cyclisch_toedientijden.xml
     [xslt] Processing C:\SourceTree\GitHub\HL7-mappings\ada_2_hl7\mp\9.x\nictiz_test\ada_instance\11voorbeeld_toedieningsduur-freq.xml to C:\SourceTree\GitHub\HL7-mappings\ada_2_hl7\mp\9.x\nictiz_test\hl7_instance\11voorbeeld_toedieningsduur-freq.xml
     [xslt] Processing C:\SourceTree\GitHub\HL7-mappings\ada_2_hl7\mp\9.x\nictiz_test\ada_instance\11voorbeeld_toedieningsduur-interval.xml to C:\SourceTree\GitHub\HL7-mappings\ada_2_hl7\mp\9.x\nictiz_test\hl7_instance\11voorbeeld_toedieningsduur-interval.xml
     [xslt] Processing C:\SourceTree\GitHub\HL7-mappings\ada_2_hl7\mp\9.x\nictiz_test\ada_instance\11voorbeeld_toedieningsduur-toedientijd-freq.xml to C:\SourceTree\GitHub\HL7-mappings\ada_2_hl7\mp\9.x\nictiz_test\hl7_instance\11voorbeeld_toedieningsduur-toedientijd-freq.xml
     [xslt] Processing C:\SourceTree\GitHub\HL7-mappings\ada_2_hl7\mp\9.x\nictiz_test\ada_instance\11voorbeeld_toedieningsduur-toedientijd.xml to C:\SourceTree\GitHub\HL7-mappings\ada_2_hl7\mp\9.x\nictiz_test\hl7_instance\11voorbeeld_toedieningsduur-toedientijd.xml
     [xslt] Processing C:\SourceTree\GitHub\HL7-mappings\ada_2_hl7\mp\9.x\nictiz_test\ada_instance\11voorbeeld_toedieningsduur-toedientijden-freq.xml to C:\SourceTree\GitHub\HL7-mappings\ada_2_hl7\mp\9.x\nictiz_test\hl7_instance\11voorbeeld_toedieningsduur-toedientijden-freq.xml
     [xslt] Processing C:\SourceTree\GitHub\HL7-mappings\ada_2_hl7\mp\9.x\nictiz_test\ada_instance\11voorbeeld_toedieningsduur-toedientijden.xml to C:\SourceTree\GitHub\HL7-mappings\ada_2_hl7\mp\9.x\nictiz_test\hl7_instance\11voorbeeld_toedieningsduur-toedientijden.xml
     [xslt] Processing C:\SourceTree\GitHub\HL7-mappings\ada_2_hl7\mp\9.x\nictiz_test\ada_instance\11voorbeeld_toedieningsduur-toedientijdenexact-freq.xml to C:\SourceTree\GitHub\HL7-mappings\ada_2_hl7\mp\9.x\nictiz_test\hl7_instance\11voorbeeld_toedieningsduur-toedientijdenexact-freq.xml
     [xslt] Processing C:\SourceTree\GitHub\HL7-mappings\ada_2_hl7\mp\9.x\nictiz_test\ada_instance\11voorbeeld_toedieningsduur-toedientijdexact-freq.xml to C:\SourceTree\GitHub\HL7-mappings\ada_2_hl7\mp\9.x\nictiz_test\hl7_instance\11voorbeeld_toedieningsduur-toedientijdexact-freq.xml
     [xslt] Processing C:\SourceTree\GitHub\HL7-mappings\ada_2_hl7\mp\9.x\nictiz_test\ada_instance\12voorbeeld_afbouw_1_PRK_1_MA.xml to C:\SourceTree\GitHub\HL7-mappings\ada_2_hl7\mp\9.x\nictiz_test\hl7_instance\12voorbeeld_afbouw_1_PRK_1_MA.xml
     [xslt] Processing C:\SourceTree\GitHub\HL7-mappings\ada_2_hl7\mp\9.x\nictiz_test\ada_instance\12voorbeeld_afbouw_1_PRK_4_MA.xml to C:\SourceTree\GitHub\HL7-mappings\ada_2_hl7\mp\9.x\nictiz_test\hl7_instance\12voorbeeld_afbouw_1_PRK_4_MA.xml
     [xslt] Processing C:\SourceTree\GitHub\HL7-mappings\ada_2_hl7\mp\9.x\nictiz_test\ada_instance\12voorbeeld_afbouw_1ma.xml to C:\SourceTree\GitHub\HL7-mappings\ada_2_hl7\mp\9.x\nictiz_test\hl7_instance\12voorbeeld_afbouw_1ma.xml
     [xslt] Processing C:\SourceTree\GitHub\HL7-mappings\ada_2_hl7\mp\9.x\nictiz_test\ada_instance\12voorbeeld_afbouw_2mas.xml to C:\SourceTree\GitHub\HL7-mappings\ada_2_hl7\mp\9.x\nictiz_test\hl7_instance\12voorbeeld_afbouw_2mas.xml
     [xslt] Processing C:\SourceTree\GitHub\HL7-mappings\ada_2_hl7\mp\9.x\nictiz_test\ada_instance\12voorbeeld_afbouw_par_opnv_mbhs.xml to C:\SourceTree\GitHub\HL7-mappings\ada_2_hl7\mp\9.x\nictiz_test\hl7_instance\12voorbeeld_afbouw_par_opnv_mbhs.xml
     [xslt] Processing C:\SourceTree\GitHub\HL7-mappings\ada_2_hl7\mp\9.x\nictiz_test\ada_instance\12voorbeeld_dagdelen_2keerdosis.xml to C:\SourceTree\GitHub\HL7-mappings\ada_2_hl7\mp\9.x\nictiz_test\hl7_instance\12voorbeeld_dagdelen_2keerdosis.xml
     [xslt] Processing C:\SourceTree\GitHub\HL7-mappings\ada_2_hl7\mp\9.x\nictiz_test\ada_instance\12voorbeeld_dagdelen_2keerdosis_cyclisch.xml to C:\SourceTree\GitHub\HL7-mappings\ada_2_hl7\mp\9.x\nictiz_test\hl7_instance\12voorbeeld_dagdelen_2keerdosis_cyclisch.xml
     [xslt] Processing C:\SourceTree\GitHub\HL7-mappings\ada_2_hl7\mp\9.x\nictiz_test\ada_instance\12voorbeeld_onregelm_keerdosis_novorapid.xml to C:\SourceTree\GitHub\HL7-mappings\ada_2_hl7\mp\9.x\nictiz_test\hl7_instance\12voorbeeld_onregelm_keerdosis_novorapid.xml
     [xslt] Processing C:\SourceTree\GitHub\HL7-mappings\ada_2_hl7\mp\9.x\nictiz_test\ada_instance\13voorbeeld_vast_zonodig_1.xml to C:\SourceTree\GitHub\HL7-mappings\ada_2_hl7\mp\9.x\nictiz_test\hl7_instance\13voorbeeld_vast_zonodig_1.xml
     [xslt] Processing C:\SourceTree\GitHub\HL7-mappings\ada_2_hl7\mp\9.x\nictiz_test\ada_instance\13voorbeeld_vast_zonodig_4a6dd1a2stmax6.xml to C:\SourceTree\GitHub\HL7-mappings\ada_2_hl7\mp\9.x\nictiz_test\hl7_instance\13voorbeeld_vast_zonodig_4a6dd1a2stmax6.xml
     [xslt] Processing C:\SourceTree\GitHub\HL7-mappings\ada_2_hl7\mp\9.x\nictiz_test\ada_instance\13voorbeeld_vast_zonodig_5oxycodon_4dd1st-zn1st.xml to C:\SourceTree\GitHub\HL7-mappings\ada_2_hl7\mp\9.x\nictiz_test\hl7_instance\13voorbeeld_vast_zonodig_5oxycodon_4dd1st-zn1st.xml
     [xslt] Processing C:\SourceTree\GitHub\HL7-mappings\ada_2_hl7\mp\9.x\nictiz_test\ada_instance\13voorbeeld_zonodig_1a2.xml to C:\SourceTree\GitHub\HL7-mappings\ada_2_hl7\mp\9.x\nictiz_test\hl7_instance\13voorbeeld_zonodig_1a2.xml
     [xslt] Processing C:\SourceTree\GitHub\HL7-mappings\ada_2_hl7\mp\9.x\nictiz_test\ada_instance\1voorbeeld_freq-per3d.xml to C:\SourceTree\GitHub\HL7-mappings\ada_2_hl7\mp\9.x\nictiz_test\hl7_instance\1voorbeeld_freq-per3d.xml
     [xslt] Processing C:\SourceTree\GitHub\HL7-mappings\ada_2_hl7\mp\9.x\nictiz_test\ada_instance\1voorbeeld_freq-var.xml to C:\SourceTree\GitHub\HL7-mappings\ada_2_hl7\mp\9.x\nictiz_test\hl7_instance\1voorbeeld_freq-var.xml
     [xslt] Processing C:\SourceTree\GitHub\HL7-mappings\ada_2_hl7\mp\9.x\nictiz_test\ada_instance\1voorbeeld_freq.xml to C:\SourceTree\GitHub\HL7-mappings\ada_2_hl7\mp\9.x\nictiz_test\hl7_instance\1voorbeeld_freq.xml
     [xslt] Processing C:\SourceTree\GitHub\HL7-mappings\ada_2_hl7\mp\9.x\nictiz_test\ada_instance\1voorbeeld_keerdosis-var.xml to C:\SourceTree\GitHub\HL7-mappings\ada_2_hl7\mp\9.x\nictiz_test\hl7_instance\1voorbeeld_keerdosis-var.xml
     [xslt] Processing C:\SourceTree\GitHub\HL7-mappings\ada_2_hl7\mp\9.x\nictiz_test\ada_instance\2voorbeeld_interval.xml to C:\SourceTree\GitHub\HL7-mappings\ada_2_hl7\mp\9.x\nictiz_test\hl7_instance\2voorbeeld_interval.xml
     [xslt] Processing C:\SourceTree\GitHub\HL7-mappings\ada_2_hl7\mp\9.x\nictiz_test\ada_instance\3voorbeeld_toedientijd-flexfalse.xml to C:\SourceTree\GitHub\HL7-mappings\ada_2_hl7\mp\9.x\nictiz_test\hl7_instance\3voorbeeld_toedientijd-flexfalse.xml
     [xslt] Processing C:\SourceTree\GitHub\HL7-mappings\ada_2_hl7\mp\9.x\nictiz_test\ada_instance\3voorbeeld_toedientijd-flextrue.xml to C:\SourceTree\GitHub\HL7-mappings\ada_2_hl7\mp\9.x\nictiz_test\hl7_instance\3voorbeeld_toedientijd-flextrue.xml
     [xslt] Processing C:\SourceTree\GitHub\HL7-mappings\ada_2_hl7\mp\9.x\nictiz_test\ada_instance\3voorbeeld_toedientijd.xml to C:\SourceTree\GitHub\HL7-mappings\ada_2_hl7\mp\9.x\nictiz_test\hl7_instance\3voorbeeld_toedientijd.xml
     [xslt] Processing C:\SourceTree\GitHub\HL7-mappings\ada_2_hl7\mp\9.x\nictiz_test\ada_instance\4voorbeeld_toedieningsduur-alleen.xml to C:\SourceTree\GitHub\HL7-mappings\ada_2_hl7\mp\9.x\nictiz_test\hl7_instance\4voorbeeld_toedieningsduur-alleen.xml
     [xslt] Processing C:\SourceTree\GitHub\HL7-mappings\ada_2_hl7\mp\9.x\nictiz_test\ada_instance\4voorbeeld_toedieningsduur-flexfalse.xml to C:\SourceTree\GitHub\HL7-mappings\ada_2_hl7\mp\9.x\nictiz_test\hl7_instance\4voorbeeld_toedieningsduur-flexfalse.xml
     [xslt] Processing C:\SourceTree\GitHub\HL7-mappings\ada_2_hl7\mp\9.x\nictiz_test\ada_instance\5voorbeeld_1tot4malig.xml to C:\SourceTree\GitHub\HL7-mappings\ada_2_hl7\mp\9.x\nictiz_test\hl7_instance\5voorbeeld_1tot4malig.xml
     [xslt] Processing C:\SourceTree\GitHub\HL7-mappings\ada_2_hl7\mp\9.x\nictiz_test\ada_instance\5voorbeeld_eenmalig.xml to C:\SourceTree\GitHub\HL7-mappings\ada_2_hl7\mp\9.x\nictiz_test\hl7_instance\5voorbeeld_eenmalig.xml
     [xslt] Processing C:\SourceTree\GitHub\HL7-mappings\ada_2_hl7\mp\9.x\nictiz_test\ada_instance\5voorbeeld_viermalig.xml to C:\SourceTree\GitHub\HL7-mappings\ada_2_hl7\mp\9.x\nictiz_test\hl7_instance\5voorbeeld_viermalig.xml
     [xslt] Processing C:\SourceTree\GitHub\HL7-mappings\ada_2_hl7\mp\9.x\nictiz_test\ada_instance\6voorbeeld_weekdag.xml to C:\SourceTree\GitHub\HL7-mappings\ada_2_hl7\mp\9.x\nictiz_test\hl7_instance\6voorbeeld_weekdag.xml
     [xslt] Processing C:\SourceTree\GitHub\HL7-mappings\ada_2_hl7\mp\9.x\nictiz_test\ada_instance\6voorbeeld_weekdag_tijd.xml to C:\SourceTree\GitHub\HL7-mappings\ada_2_hl7\mp\9.x\nictiz_test\hl7_instance\6voorbeeld_weekdag_tijd.xml
     [xslt] Processing C:\SourceTree\GitHub\HL7-mappings\ada_2_hl7\mp\9.x\nictiz_test\ada_instance\7voorbeeld_dagdeel.xml to C:\SourceTree\GitHub\HL7-mappings\ada_2_hl7\mp\9.x\nictiz_test\hl7_instance\7voorbeeld_dagdeel.xml
     [xslt] Processing C:\SourceTree\GitHub\HL7-mappings\ada_2_hl7\mp\9.x\nictiz_test\ada_instance\7voorbeeld_dagdeel_freq.xml to C:\SourceTree\GitHub\HL7-mappings\ada_2_hl7\mp\9.x\nictiz_test\hl7_instance\7voorbeeld_dagdeel_freq.xml
     [xslt] Processing C:\SourceTree\GitHub\HL7-mappings\ada_2_hl7\mp\9.x\nictiz_test\ada_instance\7voorbeeld_dagdeel_freq24h.xml to C:\SourceTree\GitHub\HL7-mappings\ada_2_hl7\mp\9.x\nictiz_test\hl7_instance\7voorbeeld_dagdeel_freq24h.xml
     [xslt] Processing C:\SourceTree\GitHub\HL7-mappings\ada_2_hl7\mp\9.x\nictiz_test\ada_instance\8voorbeeld_weekdagen-2dd.xml to C:\SourceTree\GitHub\HL7-mappings\ada_2_hl7\mp\9.x\nictiz_test\hl7_instance\8voorbeeld_weekdagen-2dd.xml
     [xslt] Processing C:\SourceTree\GitHub\HL7-mappings\ada_2_hl7\mp\9.x\nictiz_test\ada_instance\8voorbeeld_weekdagen-2wk.xml to C:\SourceTree\GitHub\HL7-mappings\ada_2_hl7\mp\9.x\nictiz_test\hl7_instance\8voorbeeld_weekdagen-2wk.xml
     [xslt] Processing C:\SourceTree\GitHub\HL7-mappings\ada_2_hl7\mp\9.x\nictiz_test\ada_instance\8voorbeeld_weekdagen.xml to C:\SourceTree\GitHub\HL7-mappings\ada_2_hl7\mp\9.x\nictiz_test\hl7_instance\8voorbeeld_weekdagen.xml
     [xslt] Processing C:\SourceTree\GitHub\HL7-mappings\ada_2_hl7\mp\9.x\nictiz_test\ada_instance\8voorbeeld_weekdagen_dagdelen.xml to C:\SourceTree\GitHub\HL7-mappings\ada_2_hl7\mp\9.x\nictiz_test\hl7_instance\8voorbeeld_weekdagen_dagdelen.xml
     [xslt] Processing C:\SourceTree\GitHub\HL7-mappings\ada_2_hl7\mp\9.x\nictiz_test\ada_instance\8voorbeeld_weekdagen_tijden.xml to C:\SourceTree\GitHub\HL7-mappings\ada_2_hl7\mp\9.x\nictiz_test\hl7_instance\8voorbeeld_weekdagen_tijden.xml
     [xslt] Processing C:\SourceTree\GitHub\HL7-mappings\ada_2_hl7\mp\9.x\nictiz_test\ada_instance\9voorbeeld_2d_toedientijd1s1dagrust.xml to C:\SourceTree\GitHub\HL7-mappings\ada_2_hl7\mp\9.x\nictiz_test\hl7_instance\9voorbeeld_2d_toedientijd1s1dagrust.xml
     [xslt] Processing C:\SourceTree\GitHub\HL7-mappings\ada_2_hl7\mp\9.x\nictiz_test\ada_instance\9voorbeeld_2d_toedientijden1s1dagrust.xml to C:\SourceTree\GitHub\HL7-mappings\ada_2_hl7\mp\9.x\nictiz_test\hl7_instance\9voorbeeld_2d_toedientijden1s1dagrust.xml
     [xslt] Processing C:\SourceTree\GitHub\HL7-mappings\ada_2_hl7\mp\9.x\nictiz_test\ada_instance\9voorbeeld_toedientijd-flexfalse-freq.xml to C:\SourceTree\GitHub\HL7-mappings\ada_2_hl7\mp\9.x\nictiz_test\hl7_instance\9voorbeeld_toedientijd-flexfalse-freq.xml

BUILD SUCCESSFUL
Total time: 4 seconds
