Buildfile: /home/wim/nictiz/HL7-mappings/rep/HL7-mappings/fhir_2_ada-r4/mp/9.2.0/_ant-buildfiles/ant-publish/build-fhir2ada-mp-920.xml

download-ivy:
     [echo] installing ivy...
      [get] Getting: https://repo1.maven.org/maven2/org/apache/ivy/ivy/2.5.0/ivy-2.5.0.jar
      [get] To: /home/wim/nictiz/HL7-mappings/rep/HL7-mappings/_ant-buildfiles/ant-include/ivy/ivy.jar
      [get] Not modified - so not downloaded

install-ivy:

fetch-imports:
[ivy:resolve] :: Apache Ivy 2.5.0 - 20191020104435 :: https://ant.apache.org/ivy/ ::
[ivy:resolve] :: loading settings :: file = /home/wim/nictiz/HL7-mappings/rep/HL7-mappings/_ant-buildfiles/ant-include/ivysettings.xml
[ivy:resolve] :: resolving dependencies :: nl.nictiz.decor#tools;working@linux-laptop [not transitive]
[ivy:resolve] 	confs: [default]
[ivy:resolve] 	found net.sf.saxon#Saxon-HE;9.9.1-7 in maven
[ivy:resolve] 	found xerces#xercesImpl;2.12.0 in maven
[ivy:resolve] :: resolution report :: resolve 48ms :: artifacts dl 5ms
	---------------------------------------------------------------------
	|                  |            modules            ||   artifacts   |
	|       conf       | number| search|dwnlded|evicted|| number|dwnlded|
	---------------------------------------------------------------------
	|      default     |   2   |   0   |   0   |   0   ||   6   |   0   |
	---------------------------------------------------------------------
[ivy:retrieve] :: retrieving :: nl.nictiz.decor#tools [sync]
[ivy:retrieve] 	confs: [default]
[ivy:retrieve] 	0 artifacts copied, 2 already retrieved (0kB/2ms)
[ivy:dependencytree] Dependency tree for nl.nictiz.decor-tools
[ivy:dependencytree] +- net.sf.saxon#Saxon-HE;9.9.1-7
[ivy:dependencytree] \- xerces#xercesImpl;2.12.0

convert_fhir_2_ada:

download-ivy:
     [echo] installing ivy...
      [get] Getting: https://repo1.maven.org/maven2/org/apache/ivy/ivy/2.5.0/ivy-2.5.0.jar
      [get] To: /home/wim/nictiz/HL7-mappings/rep/HL7-mappings/_ant-buildfiles/ant-include/ivy/ivy.jar
      [get] Not modified - so not downloaded

install-ivy:

fetch-imports:
[ivy:resolve] :: Apache Ivy 2.5.0 - 20191020104435 :: https://ant.apache.org/ivy/ ::
[ivy:resolve] :: loading settings :: file = /home/wim/nictiz/HL7-mappings/rep/HL7-mappings/_ant-buildfiles/ant-include/ivysettings.xml
[ivy:resolve] :: resolving dependencies :: nl.nictiz.decor#tools;working@linux-laptop [not transitive]
[ivy:resolve] 	confs: [default]
[ivy:resolve] 	found net.sf.saxon#Saxon-HE;9.9.1-7 in maven
[ivy:resolve] 	found xerces#xercesImpl;2.12.0 in maven
[ivy:resolve] :: resolution report :: resolve 34ms :: artifacts dl 5ms
	---------------------------------------------------------------------
	|                  |            modules            ||   artifacts   |
	|       conf       | number| search|dwnlded|evicted|| number|dwnlded|
	---------------------------------------------------------------------
	|      default     |   2   |   0   |   0   |   0   ||   6   |   0   |
	---------------------------------------------------------------------
[ivy:retrieve] :: retrieving :: nl.nictiz.decor#tools [sync]
[ivy:retrieve] 	confs: [default]
[ivy:retrieve] 	0 artifacts copied, 2 already retrieved (0kB/2ms)
[ivy:dependencytree] Dependency tree for nl.nictiz.decor-tools
[ivy:dependencytree] +- net.sf.saxon#Saxon-HE;9.9.1-7
[ivy:dependencytree] \- xerces#xercesImpl;2.12.0

convert_fhir_2_ada_sub:
     [echo] Deleting previous results, if any
     [echo] 
     [echo] FHIR to ADA ../../beschikbaarstellen_medicatiegegevens/payload/beschikbaarstellen_medicatiegegevens_2_ada.xsl
     [xslt] Processing /home/wim/nictiz/HL7-mappings/rep/HL7-mappings/fhir_2_ada-r4/mp/9.2.0/beschikbaarstellen_medicatiegegevens/fhir_instance/mg-mp-mg-tst-MA-Scenarioset0-0-1.xml to /home/wim/nictiz/HL7-mappings/rep/HL7-mappings/fhir_2_ada-r4/mp/9.2.0/beschikbaarstellen_medicatiegegevens/ada_instance_converted/mg-mp-mg-tst-MA-Scenarioset0-0-1.xml
     [xslt] Loading stylesheet /home/wim/nictiz/HL7-mappings/rep/HL7-mappings/fhir_2_ada-r4/mp/9.2.0/beschikbaarstellen_medicatiegegevens/payload/beschikbaarstellen_medicatiegegevens_2_ada.xsl
     [xslt] /home/wim/nictiz/HL7-mappings/rep/HL7-mappings/fhir_2_ada/fhir/fhir_2_ada_fhir_include.xsl:23:19: Warning! Stylesheet module file:/home/wim/nictiz/HL7-mappings/rep/HL7-mappings/fhir_2_ada/fhir/fhir_2_ada_fhir_include.xsl is included or imported more than once. This is permitted, but may lead to errors or unexpected behavior
     [xslt] /home/wim/nictiz/HL7-mappings/rep/HL7-mappings/util/constants.xsl:15:203: Warning! Stylesheet module file:/home/wim/nictiz/HL7-mappings/rep/HL7-mappings/util/constants.xsl is included or imported more than once. This is permitted, but may lead to errors or unexpected behavior
     [xslt] /home/wim/nictiz/HL7-mappings/rep/HL7-mappings/util/datetime.xsl:2:279: Warning! Stylesheet module file:/home/wim/nictiz/HL7-mappings/rep/HL7-mappings/util/datetime.xsl is included or imported more than once. This is permitted, but may lead to errors or unexpected behavior
     [xslt] /home/wim/nictiz/HL7-mappings/rep/HL7-mappings/util/units.xsl:1:296: Warning! Stylesheet module file:/home/wim/nictiz/HL7-mappings/rep/HL7-mappings/util/units.xsl is included or imported more than once. This is permitted, but may lead to errors or unexpected behavior
     [xslt] /home/wim/nictiz/HL7-mappings/rep/HL7-mappings/util/utilities.xsl:9:19: Warning! Stylesheet module file:/home/wim/nictiz/HL7-mappings/rep/HL7-mappings/util/utilities.xsl is included or imported more than once. This is permitted, but may lead to errors or unexpected behavior
     [xslt] Processing /home/wim/nictiz/HL7-mappings/rep/HL7-mappings/fhir_2_ada-r4/mp/9.2.0/beschikbaarstellen_medicatiegegevens/fhir_instance/mg-mp-mg-tst-MA-Scenarioset0-0-2.xml to /home/wim/nictiz/HL7-mappings/rep/HL7-mappings/fhir_2_ada-r4/mp/9.2.0/beschikbaarstellen_medicatiegegevens/ada_instance_converted/mg-mp-mg-tst-MA-Scenarioset0-0-2.xml
     [xslt] Processing /home/wim/nictiz/HL7-mappings/rep/HL7-mappings/fhir_2_ada-r4/mp/9.2.0/beschikbaarstellen_medicatiegegevens/fhir_instance/mg-mp-mg-tst-MA-Scenarioset0-0-3optioneel.xml to /home/wim/nictiz/HL7-mappings/rep/HL7-mappings/fhir_2_ada-r4/mp/9.2.0/beschikbaarstellen_medicatiegegevens/ada_instance_converted/mg-mp-mg-tst-MA-Scenarioset0-0-3optioneel.xml
     [xslt] Processing /home/wim/nictiz/HL7-mappings/rep/HL7-mappings/fhir_2_ada-r4/mp/9.2.0/beschikbaarstellen_medicatiegegevens/fhir_instance/mg-mp-mg-tst-MA-Scenarioset0-0-4.xml to /home/wim/nictiz/HL7-mappings/rep/HL7-mappings/fhir_2_ada-r4/mp/9.2.0/beschikbaarstellen_medicatiegegevens/ada_instance_converted/mg-mp-mg-tst-MA-Scenarioset0-0-4.xml
     [xslt] Processing /home/wim/nictiz/HL7-mappings/rep/HL7-mappings/fhir_2_ada-r4/mp/9.2.0/beschikbaarstellen_medicatiegegevens/fhir_instance/mg-mp-mg-tst-MA-Scenarioset0-0-5.xml to /home/wim/nictiz/HL7-mappings/rep/HL7-mappings/fhir_2_ada-r4/mp/9.2.0/beschikbaarstellen_medicatiegegevens/ada_instance_converted/mg-mp-mg-tst-MA-Scenarioset0-0-5.xml
     [xslt] Processing /home/wim/nictiz/HL7-mappings/rep/HL7-mappings/fhir_2_ada-r4/mp/9.2.0/beschikbaarstellen_medicatiegegevens/fhir_instance/mg-mp-mg-tst-MA-Scenarioset0-0-6.xml to /home/wim/nictiz/HL7-mappings/rep/HL7-mappings/fhir_2_ada-r4/mp/9.2.0/beschikbaarstellen_medicatiegegevens/ada_instance_converted/mg-mp-mg-tst-MA-Scenarioset0-0-6.xml
     [xslt] Processing /home/wim/nictiz/HL7-mappings/rep/HL7-mappings/fhir_2_ada-r4/mp/9.2.0/beschikbaarstellen_medicatiegegevens/fhir_instance/mg-mp-mg-tst-MA-Scenarioset0-0-7.xml to /home/wim/nictiz/HL7-mappings/rep/HL7-mappings/fhir_2_ada-r4/mp/9.2.0/beschikbaarstellen_medicatiegegevens/ada_instance_converted/mg-mp-mg-tst-MA-Scenarioset0-0-7.xml
     [xslt] Processing /home/wim/nictiz/HL7-mappings/rep/HL7-mappings/fhir_2_ada-r4/mp/9.2.0/beschikbaarstellen_medicatiegegevens/fhir_instance/mg-mp-mg-tst-MA-Scenarioset0-0-8.xml to /home/wim/nictiz/HL7-mappings/rep/HL7-mappings/fhir_2_ada-r4/mp/9.2.0/beschikbaarstellen_medicatiegegevens/ada_instance_converted/mg-mp-mg-tst-MA-Scenarioset0-0-8.xml
     [xslt] Processing /home/wim/nictiz/HL7-mappings/rep/HL7-mappings/fhir_2_ada-r4/mp/9.2.0/beschikbaarstellen_medicatiegegevens/fhir_instance/mg-mp-mg-tst-MA-Scenarioset1-1-1.xml to /home/wim/nictiz/HL7-mappings/rep/HL7-mappings/fhir_2_ada-r4/mp/9.2.0/beschikbaarstellen_medicatiegegevens/ada_instance_converted/mg-mp-mg-tst-MA-Scenarioset1-1-1.xml
     [xslt] Processing /home/wim/nictiz/HL7-mappings/rep/HL7-mappings/fhir_2_ada-r4/mp/9.2.0/beschikbaarstellen_medicatiegegevens/fhir_instance/mg-mp-mg-tst-MA-Scenarioset1-1-2a.xml to /home/wim/nictiz/HL7-mappings/rep/HL7-mappings/fhir_2_ada-r4/mp/9.2.0/beschikbaarstellen_medicatiegegevens/ada_instance_converted/mg-mp-mg-tst-MA-Scenarioset1-1-2a.xml
     [xslt] Processing /home/wim/nictiz/HL7-mappings/rep/HL7-mappings/fhir_2_ada-r4/mp/9.2.0/beschikbaarstellen_medicatiegegevens/fhir_instance/mg-mp-mg-tst-MA-Scenarioset1-1-2b.xml to /home/wim/nictiz/HL7-mappings/rep/HL7-mappings/fhir_2_ada-r4/mp/9.2.0/beschikbaarstellen_medicatiegegevens/ada_instance_converted/mg-mp-mg-tst-MA-Scenarioset1-1-2b.xml
     [xslt] Processing /home/wim/nictiz/HL7-mappings/rep/HL7-mappings/fhir_2_ada-r4/mp/9.2.0/beschikbaarstellen_medicatiegegevens/fhir_instance/mg-mp-mg-tst-MA-Scenarioset1-1-3.xml to /home/wim/nictiz/HL7-mappings/rep/HL7-mappings/fhir_2_ada-r4/mp/9.2.0/beschikbaarstellen_medicatiegegevens/ada_instance_converted/mg-mp-mg-tst-MA-Scenarioset1-1-3.xml
     [xslt] Processing /home/wim/nictiz/HL7-mappings/rep/HL7-mappings/fhir_2_ada-r4/mp/9.2.0/beschikbaarstellen_medicatiegegevens/fhir_instance/mg-mp-mg-tst-MA-Scenarioset1-1-4.xml to /home/wim/nictiz/HL7-mappings/rep/HL7-mappings/fhir_2_ada-r4/mp/9.2.0/beschikbaarstellen_medicatiegegevens/ada_instance_converted/mg-mp-mg-tst-MA-Scenarioset1-1-4.xml
     [xslt] Processing /home/wim/nictiz/HL7-mappings/rep/HL7-mappings/fhir_2_ada-r4/mp/9.2.0/beschikbaarstellen_medicatiegegevens/fhir_instance/mg-mp-mg-tst-MA-Scenarioset10-10-1.xml to /home/wim/nictiz/HL7-mappings/rep/HL7-mappings/fhir_2_ada-r4/mp/9.2.0/beschikbaarstellen_medicatiegegevens/ada_instance_converted/mg-mp-mg-tst-MA-Scenarioset10-10-1.xml
     [xslt] Processing /home/wim/nictiz/HL7-mappings/rep/HL7-mappings/fhir_2_ada-r4/mp/9.2.0/beschikbaarstellen_medicatiegegevens/fhir_instance/mg-mp-mg-tst-MA-Scenarioset10-10-2.xml to /home/wim/nictiz/HL7-mappings/rep/HL7-mappings/fhir_2_ada-r4/mp/9.2.0/beschikbaarstellen_medicatiegegevens/ada_instance_converted/mg-mp-mg-tst-MA-Scenarioset10-10-2.xml
     [xslt] Processing /home/wim/nictiz/HL7-mappings/rep/HL7-mappings/fhir_2_ada-r4/mp/9.2.0/beschikbaarstellen_medicatiegegevens/fhir_instance/mg-mp-mg-tst-MA-Scenarioset11-11-1.xml to /home/wim/nictiz/HL7-mappings/rep/HL7-mappings/fhir_2_ada-r4/mp/9.2.0/beschikbaarstellen_medicatiegegevens/ada_instance_converted/mg-mp-mg-tst-MA-Scenarioset11-11-1.xml
     [xslt] Processing /home/wim/nictiz/HL7-mappings/rep/HL7-mappings/fhir_2_ada-r4/mp/9.2.0/beschikbaarstellen_medicatiegegevens/fhir_instance/mg-mp-mg-tst-MA-Scenarioset13-13-1.xml to /home/wim/nictiz/HL7-mappings/rep/HL7-mappings/fhir_2_ada-r4/mp/9.2.0/beschikbaarstellen_medicatiegegevens/ada_instance_converted/mg-mp-mg-tst-MA-Scenarioset13-13-1.xml
     [xslt] Processing /home/wim/nictiz/HL7-mappings/rep/HL7-mappings/fhir_2_ada-r4/mp/9.2.0/beschikbaarstellen_medicatiegegevens/fhir_instance/mg-mp-mg-tst-MA-Scenarioset2-2-1.xml to /home/wim/nictiz/HL7-mappings/rep/HL7-mappings/fhir_2_ada-r4/mp/9.2.0/beschikbaarstellen_medicatiegegevens/ada_instance_converted/mg-mp-mg-tst-MA-Scenarioset2-2-1.xml
     [xslt] Processing /home/wim/nictiz/HL7-mappings/rep/HL7-mappings/fhir_2_ada-r4/mp/9.2.0/beschikbaarstellen_medicatiegegevens/fhir_instance/mg-mp-mg-tst-MA-Scenarioset2-2-2.xml to /home/wim/nictiz/HL7-mappings/rep/HL7-mappings/fhir_2_ada-r4/mp/9.2.0/beschikbaarstellen_medicatiegegevens/ada_instance_converted/mg-mp-mg-tst-MA-Scenarioset2-2-2.xml
     [xslt] Processing /home/wim/nictiz/HL7-mappings/rep/HL7-mappings/fhir_2_ada-r4/mp/9.2.0/beschikbaarstellen_medicatiegegevens/fhir_instance/mg-mp-mg-tst-MA-Scenarioset2-2-3.xml to /home/wim/nictiz/HL7-mappings/rep/HL7-mappings/fhir_2_ada-r4/mp/9.2.0/beschikbaarstellen_medicatiegegevens/ada_instance_converted/mg-mp-mg-tst-MA-Scenarioset2-2-3.xml
     [xslt] Processing /home/wim/nictiz/HL7-mappings/rep/HL7-mappings/fhir_2_ada-r4/mp/9.2.0/beschikbaarstellen_medicatiegegevens/fhir_instance/mg-mp-mg-tst-MA-Scenarioset2-2-4.xml to /home/wim/nictiz/HL7-mappings/rep/HL7-mappings/fhir_2_ada-r4/mp/9.2.0/beschikbaarstellen_medicatiegegevens/ada_instance_converted/mg-mp-mg-tst-MA-Scenarioset2-2-4.xml
     [xslt] Processing /home/wim/nictiz/HL7-mappings/rep/HL7-mappings/fhir_2_ada-r4/mp/9.2.0/beschikbaarstellen_medicatiegegevens/fhir_instance/mg-mp-mg-tst-MA-Scenarioset2-2-5.xml to /home/wim/nictiz/HL7-mappings/rep/HL7-mappings/fhir_2_ada-r4/mp/9.2.0/beschikbaarstellen_medicatiegegevens/ada_instance_converted/mg-mp-mg-tst-MA-Scenarioset2-2-5.xml
     [xslt] Processing /home/wim/nictiz/HL7-mappings/rep/HL7-mappings/fhir_2_ada-r4/mp/9.2.0/beschikbaarstellen_medicatiegegevens/fhir_instance/mg-mp-mg-tst-MA-Scenarioset3-3-1.xml to /home/wim/nictiz/HL7-mappings/rep/HL7-mappings/fhir_2_ada-r4/mp/9.2.0/beschikbaarstellen_medicatiegegevens/ada_instance_converted/mg-mp-mg-tst-MA-Scenarioset3-3-1.xml
     [xslt] Processing /home/wim/nictiz/HL7-mappings/rep/HL7-mappings/fhir_2_ada-r4/mp/9.2.0/beschikbaarstellen_medicatiegegevens/fhir_instance/mg-mp-mg-tst-MA-Scenarioset3-3-2.xml to /home/wim/nictiz/HL7-mappings/rep/HL7-mappings/fhir_2_ada-r4/mp/9.2.0/beschikbaarstellen_medicatiegegevens/ada_instance_converted/mg-mp-mg-tst-MA-Scenarioset3-3-2.xml
     [xslt] Processing /home/wim/nictiz/HL7-mappings/rep/HL7-mappings/fhir_2_ada-r4/mp/9.2.0/beschikbaarstellen_medicatiegegevens/fhir_instance/mg-mp-mg-tst-MA-Scenarioset3-3-3.xml to /home/wim/nictiz/HL7-mappings/rep/HL7-mappings/fhir_2_ada-r4/mp/9.2.0/beschikbaarstellen_medicatiegegevens/ada_instance_converted/mg-mp-mg-tst-MA-Scenarioset3-3-3.xml
     [xslt] Processing /home/wim/nictiz/HL7-mappings/rep/HL7-mappings/fhir_2_ada-r4/mp/9.2.0/beschikbaarstellen_medicatiegegevens/fhir_instance/mg-mp-mg-tst-MA-Scenarioset3-3-4optioneel.xml to /home/wim/nictiz/HL7-mappings/rep/HL7-mappings/fhir_2_ada-r4/mp/9.2.0/beschikbaarstellen_medicatiegegevens/ada_instance_converted/mg-mp-mg-tst-MA-Scenarioset3-3-4optioneel.xml
     [xslt] Processing /home/wim/nictiz/HL7-mappings/rep/HL7-mappings/fhir_2_ada-r4/mp/9.2.0/beschikbaarstellen_medicatiegegevens/fhir_instance/mg-mp-mg-tst-MA-Scenarioset4-4-1.xml to /home/wim/nictiz/HL7-mappings/rep/HL7-mappings/fhir_2_ada-r4/mp/9.2.0/beschikbaarstellen_medicatiegegevens/ada_instance_converted/mg-mp-mg-tst-MA-Scenarioset4-4-1.xml
     [xslt] Processing /home/wim/nictiz/HL7-mappings/rep/HL7-mappings/fhir_2_ada-r4/mp/9.2.0/beschikbaarstellen_medicatiegegevens/fhir_instance/mg-mp-mg-tst-MA-Scenarioset5-5-1.xml to /home/wim/nictiz/HL7-mappings/rep/HL7-mappings/fhir_2_ada-r4/mp/9.2.0/beschikbaarstellen_medicatiegegevens/ada_instance_converted/mg-mp-mg-tst-MA-Scenarioset5-5-1.xml
     [xslt] Processing /home/wim/nictiz/HL7-mappings/rep/HL7-mappings/fhir_2_ada-r4/mp/9.2.0/beschikbaarstellen_medicatiegegevens/fhir_instance/mg-mp-mg-tst-MA-Scenarioset5-5-2.xml to /home/wim/nictiz/HL7-mappings/rep/HL7-mappings/fhir_2_ada-r4/mp/9.2.0/beschikbaarstellen_medicatiegegevens/ada_instance_converted/mg-mp-mg-tst-MA-Scenarioset5-5-2.xml
     [xslt] Processing /home/wim/nictiz/HL7-mappings/rep/HL7-mappings/fhir_2_ada-r4/mp/9.2.0/beschikbaarstellen_medicatiegegevens/fhir_instance/mg-mp-mg-tst-MA-Scenarioset5-5-3.xml to /home/wim/nictiz/HL7-mappings/rep/HL7-mappings/fhir_2_ada-r4/mp/9.2.0/beschikbaarstellen_medicatiegegevens/ada_instance_converted/mg-mp-mg-tst-MA-Scenarioset5-5-3.xml
     [xslt] Processing /home/wim/nictiz/HL7-mappings/rep/HL7-mappings/fhir_2_ada-r4/mp/9.2.0/beschikbaarstellen_medicatiegegevens/fhir_instance/mg-mp-mg-tst-MA-Scenarioset5-5-4.xml to /home/wim/nictiz/HL7-mappings/rep/HL7-mappings/fhir_2_ada-r4/mp/9.2.0/beschikbaarstellen_medicatiegegevens/ada_instance_converted/mg-mp-mg-tst-MA-Scenarioset5-5-4.xml
     [xslt] Processing /home/wim/nictiz/HL7-mappings/rep/HL7-mappings/fhir_2_ada-r4/mp/9.2.0/beschikbaarstellen_medicatiegegevens/fhir_instance/mg-mp-mg-tst-MA-Scenarioset5-5-5.xml to /home/wim/nictiz/HL7-mappings/rep/HL7-mappings/fhir_2_ada-r4/mp/9.2.0/beschikbaarstellen_medicatiegegevens/ada_instance_converted/mg-mp-mg-tst-MA-Scenarioset5-5-5.xml
     [xslt] Processing /home/wim/nictiz/HL7-mappings/rep/HL7-mappings/fhir_2_ada-r4/mp/9.2.0/beschikbaarstellen_medicatiegegevens/fhir_instance/mg-mp-mg-tst-MA-Scenarioset6-6-10optioneel.xml to /home/wim/nictiz/HL7-mappings/rep/HL7-mappings/fhir_2_ada-r4/mp/9.2.0/beschikbaarstellen_medicatiegegevens/ada_instance_converted/mg-mp-mg-tst-MA-Scenarioset6-6-10optioneel.xml
     [xslt] Processing /home/wim/nictiz/HL7-mappings/rep/HL7-mappings/fhir_2_ada-r4/mp/9.2.0/beschikbaarstellen_medicatiegegevens/fhir_instance/mg-mp-mg-tst-MA-Scenarioset6-6-11optioneel.xml to /home/wim/nictiz/HL7-mappings/rep/HL7-mappings/fhir_2_ada-r4/mp/9.2.0/beschikbaarstellen_medicatiegegevens/ada_instance_converted/mg-mp-mg-tst-MA-Scenarioset6-6-11optioneel.xml
     [xslt] Processing /home/wim/nictiz/HL7-mappings/rep/HL7-mappings/fhir_2_ada-r4/mp/9.2.0/beschikbaarstellen_medicatiegegevens/fhir_instance/mg-mp-mg-tst-MA-Scenarioset6-6-12optioneel.xml to /home/wim/nictiz/HL7-mappings/rep/HL7-mappings/fhir_2_ada-r4/mp/9.2.0/beschikbaarstellen_medicatiegegevens/ada_instance_converted/mg-mp-mg-tst-MA-Scenarioset6-6-12optioneel.xml
     [xslt] Processing /home/wim/nictiz/HL7-mappings/rep/HL7-mappings/fhir_2_ada-r4/mp/9.2.0/beschikbaarstellen_medicatiegegevens/fhir_instance/mg-mp-mg-tst-MA-Scenarioset6-6-13optioneel.xml to /home/wim/nictiz/HL7-mappings/rep/HL7-mappings/fhir_2_ada-r4/mp/9.2.0/beschikbaarstellen_medicatiegegevens/ada_instance_converted/mg-mp-mg-tst-MA-Scenarioset6-6-13optioneel.xml
     [xslt] Processing /home/wim/nictiz/HL7-mappings/rep/HL7-mappings/fhir_2_ada-r4/mp/9.2.0/beschikbaarstellen_medicatiegegevens/fhir_instance/mg-mp-mg-tst-MA-Scenarioset6-6-14optioneel.xml to /home/wim/nictiz/HL7-mappings/rep/HL7-mappings/fhir_2_ada-r4/mp/9.2.0/beschikbaarstellen_medicatiegegevens/ada_instance_converted/mg-mp-mg-tst-MA-Scenarioset6-6-14optioneel.xml
     [xslt] Processing /home/wim/nictiz/HL7-mappings/rep/HL7-mappings/fhir_2_ada-r4/mp/9.2.0/beschikbaarstellen_medicatiegegevens/fhir_instance/mg-mp-mg-tst-MA-Scenarioset6-6-15.xml to /home/wim/nictiz/HL7-mappings/rep/HL7-mappings/fhir_2_ada-r4/mp/9.2.0/beschikbaarstellen_medicatiegegevens/ada_instance_converted/mg-mp-mg-tst-MA-Scenarioset6-6-15.xml
     [xslt] Processing /home/wim/nictiz/HL7-mappings/rep/HL7-mappings/fhir_2_ada-r4/mp/9.2.0/beschikbaarstellen_medicatiegegevens/fhir_instance/mg-mp-mg-tst-MA-Scenarioset6-6-1optioneel.xml to /home/wim/nictiz/HL7-mappings/rep/HL7-mappings/fhir_2_ada-r4/mp/9.2.0/beschikbaarstellen_medicatiegegevens/ada_instance_converted/mg-mp-mg-tst-MA-Scenarioset6-6-1optioneel.xml
     [xslt] Processing /home/wim/nictiz/HL7-mappings/rep/HL7-mappings/fhir_2_ada-r4/mp/9.2.0/beschikbaarstellen_medicatiegegevens/fhir_instance/mg-mp-mg-tst-MA-Scenarioset6-6-2optioneel.xml to /home/wim/nictiz/HL7-mappings/rep/HL7-mappings/fhir_2_ada-r4/mp/9.2.0/beschikbaarstellen_medicatiegegevens/ada_instance_converted/mg-mp-mg-tst-MA-Scenarioset6-6-2optioneel.xml
     [xslt] Processing /home/wim/nictiz/HL7-mappings/rep/HL7-mappings/fhir_2_ada-r4/mp/9.2.0/beschikbaarstellen_medicatiegegevens/fhir_instance/mg-mp-mg-tst-MA-Scenarioset6-6-3optioneel.xml to /home/wim/nictiz/HL7-mappings/rep/HL7-mappings/fhir_2_ada-r4/mp/9.2.0/beschikbaarstellen_medicatiegegevens/ada_instance_converted/mg-mp-mg-tst-MA-Scenarioset6-6-3optioneel.xml
     [xslt] Processing /home/wim/nictiz/HL7-mappings/rep/HL7-mappings/fhir_2_ada-r4/mp/9.2.0/beschikbaarstellen_medicatiegegevens/fhir_instance/mg-mp-mg-tst-MA-Scenarioset6-6-4optioneel.xml to /home/wim/nictiz/HL7-mappings/rep/HL7-mappings/fhir_2_ada-r4/mp/9.2.0/beschikbaarstellen_medicatiegegevens/ada_instance_converted/mg-mp-mg-tst-MA-Scenarioset6-6-4optioneel.xml
     [xslt] Processing /home/wim/nictiz/HL7-mappings/rep/HL7-mappings/fhir_2_ada-r4/mp/9.2.0/beschikbaarstellen_medicatiegegevens/fhir_instance/mg-mp-mg-tst-MA-Scenarioset6-6-5optioneel.xml to /home/wim/nictiz/HL7-mappings/rep/HL7-mappings/fhir_2_ada-r4/mp/9.2.0/beschikbaarstellen_medicatiegegevens/ada_instance_converted/mg-mp-mg-tst-MA-Scenarioset6-6-5optioneel.xml
     [xslt] Processing /home/wim/nictiz/HL7-mappings/rep/HL7-mappings/fhir_2_ada-r4/mp/9.2.0/beschikbaarstellen_medicatiegegevens/fhir_instance/mg-mp-mg-tst-MA-Scenarioset6-6-6optioneel.xml to /home/wim/nictiz/HL7-mappings/rep/HL7-mappings/fhir_2_ada-r4/mp/9.2.0/beschikbaarstellen_medicatiegegevens/ada_instance_converted/mg-mp-mg-tst-MA-Scenarioset6-6-6optioneel.xml
     [xslt] Processing /home/wim/nictiz/HL7-mappings/rep/HL7-mappings/fhir_2_ada-r4/mp/9.2.0/beschikbaarstellen_medicatiegegevens/fhir_instance/mg-mp-mg-tst-MA-Scenarioset6-6-7a.xml to /home/wim/nictiz/HL7-mappings/rep/HL7-mappings/fhir_2_ada-r4/mp/9.2.0/beschikbaarstellen_medicatiegegevens/ada_instance_converted/mg-mp-mg-tst-MA-Scenarioset6-6-7a.xml
     [xslt] Processing /home/wim/nictiz/HL7-mappings/rep/HL7-mappings/fhir_2_ada-r4/mp/9.2.0/beschikbaarstellen_medicatiegegevens/fhir_instance/mg-mp-mg-tst-MA-Scenarioset6-6-7b.xml to /home/wim/nictiz/HL7-mappings/rep/HL7-mappings/fhir_2_ada-r4/mp/9.2.0/beschikbaarstellen_medicatiegegevens/ada_instance_converted/mg-mp-mg-tst-MA-Scenarioset6-6-7b.xml
     [xslt] Processing /home/wim/nictiz/HL7-mappings/rep/HL7-mappings/fhir_2_ada-r4/mp/9.2.0/beschikbaarstellen_medicatiegegevens/fhir_instance/mg-mp-mg-tst-MA-Scenarioset6-6-8optioneel.xml to /home/wim/nictiz/HL7-mappings/rep/HL7-mappings/fhir_2_ada-r4/mp/9.2.0/beschikbaarstellen_medicatiegegevens/ada_instance_converted/mg-mp-mg-tst-MA-Scenarioset6-6-8optioneel.xml
     [xslt] Processing /home/wim/nictiz/HL7-mappings/rep/HL7-mappings/fhir_2_ada-r4/mp/9.2.0/beschikbaarstellen_medicatiegegevens/fhir_instance/mg-mp-mg-tst-MA-Scenarioset6-6-9.xml to /home/wim/nictiz/HL7-mappings/rep/HL7-mappings/fhir_2_ada-r4/mp/9.2.0/beschikbaarstellen_medicatiegegevens/ada_instance_converted/mg-mp-mg-tst-MA-Scenarioset6-6-9.xml
     [xslt] Processing /home/wim/nictiz/HL7-mappings/rep/HL7-mappings/fhir_2_ada-r4/mp/9.2.0/beschikbaarstellen_medicatiegegevens/fhir_instance/mg-mp-mg-tst-MA-Scenarioset7-7-1.xml to /home/wim/nictiz/HL7-mappings/rep/HL7-mappings/fhir_2_ada-r4/mp/9.2.0/beschikbaarstellen_medicatiegegevens/ada_instance_converted/mg-mp-mg-tst-MA-Scenarioset7-7-1.xml
     [xslt] Processing /home/wim/nictiz/HL7-mappings/rep/HL7-mappings/fhir_2_ada-r4/mp/9.2.0/beschikbaarstellen_medicatiegegevens/fhir_instance/mg-mp-mg-tst-MA-Scenarioset7-7-2.xml to /home/wim/nictiz/HL7-mappings/rep/HL7-mappings/fhir_2_ada-r4/mp/9.2.0/beschikbaarstellen_medicatiegegevens/ada_instance_converted/mg-mp-mg-tst-MA-Scenarioset7-7-2.xml
     [xslt] Processing /home/wim/nictiz/HL7-mappings/rep/HL7-mappings/fhir_2_ada-r4/mp/9.2.0/beschikbaarstellen_medicatiegegevens/fhir_instance/mg-mp-mg-tst-MA-Scenarioset7-7-3optioneel.xml to /home/wim/nictiz/HL7-mappings/rep/HL7-mappings/fhir_2_ada-r4/mp/9.2.0/beschikbaarstellen_medicatiegegevens/ada_instance_converted/mg-mp-mg-tst-MA-Scenarioset7-7-3optioneel.xml
     [xslt] Processing /home/wim/nictiz/HL7-mappings/rep/HL7-mappings/fhir_2_ada-r4/mp/9.2.0/beschikbaarstellen_medicatiegegevens/fhir_instance/mg-mp-mg-tst-MA-Scenarioset8-8-1.xml to /home/wim/nictiz/HL7-mappings/rep/HL7-mappings/fhir_2_ada-r4/mp/9.2.0/beschikbaarstellen_medicatiegegevens/ada_instance_converted/mg-mp-mg-tst-MA-Scenarioset8-8-1.xml
     [xslt] Processing /home/wim/nictiz/HL7-mappings/rep/HL7-mappings/fhir_2_ada-r4/mp/9.2.0/beschikbaarstellen_medicatiegegevens/fhir_instance/mg-mp-mg-tst-MA-Scenarioset8.0-8i-01.xml to /home/wim/nictiz/HL7-mappings/rep/HL7-mappings/fhir_2_ada-r4/mp/9.2.0/beschikbaarstellen_medicatiegegevens/ada_instance_converted/mg-mp-mg-tst-MA-Scenarioset8.0-8i-01.xml
     [xslt] Processing /home/wim/nictiz/HL7-mappings/rep/HL7-mappings/fhir_2_ada-r4/mp/9.2.0/beschikbaarstellen_medicatiegegevens/fhir_instance/mg-mp-mg-tst-MA-Scenarioset8.0-8i-02.xml to /home/wim/nictiz/HL7-mappings/rep/HL7-mappings/fhir_2_ada-r4/mp/9.2.0/beschikbaarstellen_medicatiegegevens/ada_instance_converted/mg-mp-mg-tst-MA-Scenarioset8.0-8i-02.xml
     [xslt] Processing /home/wim/nictiz/HL7-mappings/rep/HL7-mappings/fhir_2_ada-r4/mp/9.2.0/beschikbaarstellen_medicatiegegevens/fhir_instance/mg-mp-mg-tst-MA-Scenarioset8.0-8i-03.xml to /home/wim/nictiz/HL7-mappings/rep/HL7-mappings/fhir_2_ada-r4/mp/9.2.0/beschikbaarstellen_medicatiegegevens/ada_instance_converted/mg-mp-mg-tst-MA-Scenarioset8.0-8i-03.xml
     [xslt] Processing /home/wim/nictiz/HL7-mappings/rep/HL7-mappings/fhir_2_ada-r4/mp/9.2.0/beschikbaarstellen_medicatiegegevens/fhir_instance/mg-mp-mg-tst-MA-Scenarioset8.0-8i-04.xml to /home/wim/nictiz/HL7-mappings/rep/HL7-mappings/fhir_2_ada-r4/mp/9.2.0/beschikbaarstellen_medicatiegegevens/ada_instance_converted/mg-mp-mg-tst-MA-Scenarioset8.0-8i-04.xml
     [xslt] Processing /home/wim/nictiz/HL7-mappings/rep/HL7-mappings/fhir_2_ada-r4/mp/9.2.0/beschikbaarstellen_medicatiegegevens/fhir_instance/mg-mp-mg-tst-MA-Scenarioset9-9-1a.xml to /home/wim/nictiz/HL7-mappings/rep/HL7-mappings/fhir_2_ada-r4/mp/9.2.0/beschikbaarstellen_medicatiegegevens/ada_instance_converted/mg-mp-mg-tst-MA-Scenarioset9-9-1a.xml
     [xslt] Processing /home/wim/nictiz/HL7-mappings/rep/HL7-mappings/fhir_2_ada-r4/mp/9.2.0/beschikbaarstellen_medicatiegegevens/fhir_instance/mg-mp-mg-tst-MA-Scenarioset9-9-1b.xml to /home/wim/nictiz/HL7-mappings/rep/HL7-mappings/fhir_2_ada-r4/mp/9.2.0/beschikbaarstellen_medicatiegegevens/ada_instance_converted/mg-mp-mg-tst-MA-Scenarioset9-9-1b.xml
     [xslt] Processing /home/wim/nictiz/HL7-mappings/rep/HL7-mappings/fhir_2_ada-r4/mp/9.2.0/beschikbaarstellen_medicatiegegevens/fhir_instance/mg-mp-mg-tst-MA-Scenarioset9-9-1c.xml to /home/wim/nictiz/HL7-mappings/rep/HL7-mappings/fhir_2_ada-r4/mp/9.2.0/beschikbaarstellen_medicatiegegevens/ada_instance_converted/mg-mp-mg-tst-MA-Scenarioset9-9-1c.xml
     [xslt] Processing /home/wim/nictiz/HL7-mappings/rep/HL7-mappings/fhir_2_ada-r4/mp/9.2.0/beschikbaarstellen_medicatiegegevens/fhir_instance/mg-mp-mg-tst-MA-Scenarioset9-9-2.xml to /home/wim/nictiz/HL7-mappings/rep/HL7-mappings/fhir_2_ada-r4/mp/9.2.0/beschikbaarstellen_medicatiegegevens/ada_instance_converted/mg-mp-mg-tst-MA-Scenarioset9-9-2.xml
     [xslt] Processing /home/wim/nictiz/HL7-mappings/rep/HL7-mappings/fhir_2_ada-r4/mp/9.2.0/beschikbaarstellen_medicatiegegevens/fhir_instance/mg-mp-mg-tst-MA-Scenarioset9-9-3.xml to /home/wim/nictiz/HL7-mappings/rep/HL7-mappings/fhir_2_ada-r4/mp/9.2.0/beschikbaarstellen_medicatiegegevens/ada_instance_converted/mg-mp-mg-tst-MA-Scenarioset9-9-3.xml
     [xslt] Processing /home/wim/nictiz/HL7-mappings/rep/HL7-mappings/fhir_2_ada-r4/mp/9.2.0/beschikbaarstellen_medicatiegegevens/fhir_instance/mg-mp-mg-tst-MA-Scenarioset9-9-4.xml to /home/wim/nictiz/HL7-mappings/rep/HL7-mappings/fhir_2_ada-r4/mp/9.2.0/beschikbaarstellen_medicatiegegevens/ada_instance_converted/mg-mp-mg-tst-MA-Scenarioset9-9-4.xml
     [xslt] Processing /home/wim/nictiz/HL7-mappings/rep/HL7-mappings/fhir_2_ada-r4/mp/9.2.0/beschikbaarstellen_medicatiegegevens/fhir_instance/mg-mp-mg-tst-TA-Scenarioset0-0-1.xml to /home/wim/nictiz/HL7-mappings/rep/HL7-mappings/fhir_2_ada-r4/mp/9.2.0/beschikbaarstellen_medicatiegegevens/ada_instance_converted/mg-mp-mg-tst-TA-Scenarioset0-0-1.xml

BUILD SUCCESSFUL
Total time: 2 seconds
