Buildfile: C:\SourceTree\GitHub\HL7-mappings\ada_2_hl7\mp\9.0.7\_ant-buildfiles\ant-publish\build-ada2hl7-mp-907.xml

download-ivy:
     [echo] installing ivy...
      [get] Getting: https://repo1.maven.org/maven2/org/apache/ivy/ivy/2.5.0/ivy-2.5.0.jar
      [get] To: C:\SourceTree\GitHub\HL7-mappings\_ant-buildfiles\ant-include\ivy\ivy.jar
      [get] Not modified - so not downloaded

install-ivy:

fetch-imports:
[ivy:resolve] :: Apache Ivy 2.5.0 - 20191020104435 :: https://ant.apache.org/ivy/ ::
[ivy:resolve] :: loading settings :: file = C:\SourceTree\GitHub\HL7-mappings\_ant-buildfiles\ant-include\ivysettings.xml
[ivy:resolve] :: resolving dependencies :: nl.nictiz.decor#tools;working@NICT1-NB144087 [not transitive]
[ivy:resolve] 	confs: [default]
[ivy:resolve] 	found net.sf.saxon#Saxon-HE;9.9.1-7 in local-chain
[ivy:resolve] 	found xerces#xercesImpl;2.12.0 in maven
[ivy:resolve] :: resolution report :: resolve 80ms :: artifacts dl 14ms
	---------------------------------------------------------------------
	|                  |            modules            ||   artifacts   |
	|       conf       | number| search|dwnlded|evicted|| number|dwnlded|
	---------------------------------------------------------------------
	|      default     |   2   |   0   |   0   |   0   ||   6   |   0   |
	---------------------------------------------------------------------
[ivy:retrieve] :: retrieving :: nl.nictiz.decor#tools [sync]
[ivy:retrieve] 	confs: [default]
[ivy:retrieve] 	0 artifacts copied, 2 already retrieved (0kB/29ms)
[ivy:dependencytree] Dependency tree for nl.nictiz.decor-tools
[ivy:dependencytree] +- net.sf.saxon#Saxon-HE;9.9.1-7
[ivy:dependencytree] \- xerces#xercesImpl;2.12.0

convert_ada_2_hl7_mp907:

download-ivy:
     [echo] installing ivy...
      [get] Getting: https://repo1.maven.org/maven2/org/apache/ivy/ivy/2.5.0/ivy-2.5.0.jar
      [get] To: C:\SourceTree\GitHub\HL7-mappings\_ant-buildfiles\ant-include\ivy\ivy.jar
      [get] Not modified - so not downloaded

install-ivy:

fetch-imports:
[ivy:resolve] :: Apache Ivy 2.5.0 - 20191020104435 :: https://ant.apache.org/ivy/ ::
[ivy:resolve] :: loading settings :: file = C:\SourceTree\GitHub\HL7-mappings\_ant-buildfiles\ant-include\ivysettings.xml
[ivy:resolve] :: resolving dependencies :: nl.nictiz.decor#tools;working@NICT1-NB144087 [not transitive]
[ivy:resolve] 	confs: [default]
[ivy:resolve] 	found net.sf.saxon#Saxon-HE;9.9.1-7 in local-chain
[ivy:resolve] 	found xerces#xercesImpl;2.12.0 in maven
[ivy:resolve] :: resolution report :: resolve 57ms :: artifacts dl 8ms
	---------------------------------------------------------------------
	|                  |            modules            ||   artifacts   |
	|       conf       | number| search|dwnlded|evicted|| number|dwnlded|
	---------------------------------------------------------------------
	|      default     |   2   |   0   |   0   |   0   ||   6   |   0   |
	---------------------------------------------------------------------
[ivy:retrieve] :: retrieving :: nl.nictiz.decor#tools [sync]
[ivy:retrieve] 	confs: [default]
[ivy:retrieve] 	0 artifacts copied, 2 already retrieved (0kB/25ms)
[ivy:dependencytree] Dependency tree for nl.nictiz.decor-tools
[ivy:dependencytree] +- net.sf.saxon#Saxon-HE;9.9.1-7
[ivy:dependencytree] \- xerces#xercesImpl;2.12.0

convert_ada_2_hl7:

download-ivy:
     [echo] installing ivy...
      [get] Getting: https://repo1.maven.org/maven2/org/apache/ivy/ivy/2.5.0/ivy-2.5.0.jar
      [get] To: C:\SourceTree\GitHub\HL7-mappings\_ant-buildfiles\ant-include\ivy\ivy.jar
      [get] Not modified - so not downloaded

install-ivy:

fetch-imports:
[ivy:resolve] :: Apache Ivy 2.5.0 - 20191020104435 :: https://ant.apache.org/ivy/ ::
[ivy:resolve] :: loading settings :: file = C:\SourceTree\GitHub\HL7-mappings\_ant-buildfiles\ant-include\ivysettings.xml
[ivy:resolve] :: resolving dependencies :: nl.nictiz.decor#tools;working@NICT1-NB144087 [not transitive]
[ivy:resolve] 	confs: [default]
[ivy:resolve] 	found net.sf.saxon#Saxon-HE;9.9.1-7 in local-chain
[ivy:resolve] 	found xerces#xercesImpl;2.12.0 in maven
[ivy:resolve] :: resolution report :: resolve 60ms :: artifacts dl 10ms
	---------------------------------------------------------------------
	|                  |            modules            ||   artifacts   |
	|       conf       | number| search|dwnlded|evicted|| number|dwnlded|
	---------------------------------------------------------------------
	|      default     |   2   |   0   |   0   |   0   ||   6   |   0   |
	---------------------------------------------------------------------
[ivy:retrieve] :: retrieving :: nl.nictiz.decor#tools [sync]
[ivy:retrieve] 	confs: [default]
[ivy:retrieve] 	0 artifacts copied, 2 already retrieved (0kB/25ms)
[ivy:dependencytree] Dependency tree for nl.nictiz.decor-tools
[ivy:dependencytree] +- net.sf.saxon#Saxon-HE;9.9.1-7
[ivy:dependencytree] \- xerces#xercesImpl;2.12.0

convert_ada_2_hl7_sub:
     [echo] Deleting previous results, if any
     [echo] 
     [echo] ADA to HL7 ../../sturen_medicatievoorschrift/payload/sturen_medicatievoorschrift_org.xsl input dir ../../sturen_medicatievoorschrift/ada_instance
     [xslt] Processing C:\SourceTree\GitHub\HL7-mappings\ada_2_hl7\mp\9.0.7\sturen_medicatievoorschrift\ada_instance\mv-mvr-Scenarioset08-MBH_907_VVandermansMA.xml to C:\SourceTree\GitHub\HL7-mappings\ada_2_hl7\mp\9.0.7\sturen_medicatievoorschrift\hl7_instance\mv-mvr-Scenarioset08-MBH_907_VVandermansMA.xml
     [xslt] Loading stylesheet C:\SourceTree\GitHub\HL7-mappings\ada_2_hl7\mp\9.0.7\sturen_medicatievoorschrift\payload\sturen_medicatievoorschrift_org.xsl
     [xslt] Processing C:\SourceTree\GitHub\HL7-mappings\ada_2_hl7\mp\9.0.7\sturen_medicatievoorschrift\ada_instance\mv-mvr-Scenarioset08-MBH_907_onderbrekenandermansMA.xml to C:\SourceTree\GitHub\HL7-mappings\ada_2_hl7\mp\9.0.7\sturen_medicatievoorschrift\hl7_instance\mv-mvr-Scenarioset08-MBH_907_onderbrekenandermansMA.xml
     [xslt] Processing C:\SourceTree\GitHub\HL7-mappings\ada_2_hl7\mp\9.0.7\sturen_medicatievoorschrift\ada_instance\mv-mvr-Scenarioset08-MBH_907_stakenandermansMA.xml to C:\SourceTree\GitHub\HL7-mappings\ada_2_hl7\mp\9.0.7\sturen_medicatievoorschrift\hl7_instance\mv-mvr-Scenarioset08-MBH_907_stakenandermansMA.xml
     [xslt] Processing C:\SourceTree\GitHub\HL7-mappings\ada_2_hl7\mp\9.0.7\sturen_medicatievoorschrift\ada_instance\mv-mvr-Scenarioset08-MBH_907_wijzigenandermansMA.xml to C:\SourceTree\GitHub\HL7-mappings\ada_2_hl7\mp\9.0.7\sturen_medicatievoorschrift\hl7_instance\mv-mvr-Scenarioset08-MBH_907_wijzigenandermansMA.xml
     [xslt] Processing C:\SourceTree\GitHub\HL7-mappings\ada_2_hl7\mp\9.0.7\sturen_medicatievoorschrift\ada_instance\mv-mvr-Scenarioset1-MBH_907_chronisch-3.xml to C:\SourceTree\GitHub\HL7-mappings\ada_2_hl7\mp\9.0.7\sturen_medicatievoorschrift\hl7_instance\mv-mvr-Scenarioset1-MBH_907_chronisch-3.xml
     [xslt] Processing C:\SourceTree\GitHub\HL7-mappings\ada_2_hl7\mp\9.0.7\sturen_medicatievoorschrift\ada_instance\mv-mvr-Scenarioset1-MBH_907_chronisch-4.xml to C:\SourceTree\GitHub\HL7-mappings\ada_2_hl7\mp\9.0.7\sturen_medicatievoorschrift\hl7_instance\mv-mvr-Scenarioset1-MBH_907_chronisch-4.xml
     [xslt] Processing C:\SourceTree\GitHub\HL7-mappings\ada_2_hl7\mp\9.0.7\sturen_medicatievoorschrift\ada_instance\mv-mvr-Scenarioset1-MBH_907_dosis_stuks-6.xml to C:\SourceTree\GitHub\HL7-mappings\ada_2_hl7\mp\9.0.7\sturen_medicatievoorschrift\hl7_instance\mv-mvr-Scenarioset1-MBH_907_dosis_stuks-6.xml
     [xslt] Processing C:\SourceTree\GitHub\HL7-mappings\ada_2_hl7\mp\9.0.7\sturen_medicatievoorschrift\ada_instance\mv-mvr-Scenarioset1-MBH_907_start_duur-2.xml to C:\SourceTree\GitHub\HL7-mappings\ada_2_hl7\mp\9.0.7\sturen_medicatievoorschrift\hl7_instance\mv-mvr-Scenarioset1-MBH_907_start_duur-2.xml
     [xslt] Processing C:\SourceTree\GitHub\HL7-mappings\ada_2_hl7\mp\9.0.7\sturen_medicatievoorschrift\ada_instance\mv-mvr-Scenarioset1-MBH_907_start_duur2-5.xml to C:\SourceTree\GitHub\HL7-mappings\ada_2_hl7\mp\9.0.7\sturen_medicatievoorschrift\hl7_instance\mv-mvr-Scenarioset1-MBH_907_start_duur2-5.xml
     [xslt] Processing C:\SourceTree\GitHub\HL7-mappings\ada_2_hl7\mp\9.0.7\sturen_medicatievoorschrift\ada_instance\mv-mvr-Scenarioset1-MBH_907_start_eind-1.xml to C:\SourceTree\GitHub\HL7-mappings\ada_2_hl7\mp\9.0.7\sturen_medicatievoorschrift\hl7_instance\mv-mvr-Scenarioset1-MBH_907_start_eind-1.xml
     [xslt] Processing C:\SourceTree\GitHub\HL7-mappings\ada_2_hl7\mp\9.0.7\sturen_medicatievoorschrift\ada_instance\mv-mvr-Scenarioset10-MBH_907_HPKvoorschrijven-1.xml to C:\SourceTree\GitHub\HL7-mappings\ada_2_hl7\mp\9.0.7\sturen_medicatievoorschrift\hl7_instance\mv-mvr-Scenarioset10-MBH_907_HPKvoorschrijven-1.xml
     [xslt] Processing C:\SourceTree\GitHub\HL7-mappings\ada_2_hl7\mp\9.0.7\sturen_medicatievoorschrift\ada_instance\mv-mvr-Scenarioset10-MBH_907_ZINRvoorschrijven-2.xml to C:\SourceTree\GitHub\HL7-mappings\ada_2_hl7\mp\9.0.7\sturen_medicatievoorschrift\hl7_instance\mv-mvr-Scenarioset10-MBH_907_ZINRvoorschrijven-2.xml
     [xslt] Processing C:\SourceTree\GitHub\HL7-mappings\ada_2_hl7\mp\9.0.7\sturen_medicatievoorschrift\ada_instance\mv-mvr-Scenarioset2-MBH_907_aanvullendeinformatiewensen.xml to C:\SourceTree\GitHub\HL7-mappings\ada_2_hl7\mp\9.0.7\sturen_medicatievoorschrift\hl7_instance\mv-mvr-Scenarioset2-MBH_907_aanvullendeinformatiewensen.xml
     [xslt] Processing C:\SourceTree\GitHub\HL7-mappings\ada_2_hl7\mp\9.0.7\sturen_medicatievoorschrift\ada_instance\mv-mvr-Scenarioset2-MBH_907_aanvullendeinformatiewensenLOS.xml to C:\SourceTree\GitHub\HL7-mappings\ada_2_hl7\mp\9.0.7\sturen_medicatievoorschrift\hl7_instance\mv-mvr-Scenarioset2-MBH_907_aanvullendeinformatiewensenLOS.xml
     [xslt] Processing C:\SourceTree\GitHub\HL7-mappings\ada_2_hl7\mp\9.0.7\sturen_medicatievoorschrift\ada_instance\mv-mvr-Scenarioset2-MBH_907_aanvullendeinstructie-1.xml to C:\SourceTree\GitHub\HL7-mappings\ada_2_hl7\mp\9.0.7\sturen_medicatievoorschrift\hl7_instance\mv-mvr-Scenarioset2-MBH_907_aanvullendeinstructie-1.xml
     [xslt] Processing C:\SourceTree\GitHub\HL7-mappings\ada_2_hl7\mp\9.0.7\sturen_medicatievoorschrift\ada_instance\mv-mvr-Scenarioset2-MBH_907_redenvanvoorschrijven-3.xml to C:\SourceTree\GitHub\HL7-mappings\ada_2_hl7\mp\9.0.7\sturen_medicatievoorschrift\hl7_instance\mv-mvr-Scenarioset2-MBH_907_redenvanvoorschrijven-3.xml
     [xslt] Processing C:\SourceTree\GitHub\HL7-mappings\ada_2_hl7\mp\9.0.7\sturen_medicatievoorschrift\ada_instance\mv-mvr-Scenarioset2-MBH_907_toedieningswegLOS.xml to C:\SourceTree\GitHub\HL7-mappings\ada_2_hl7\mp\9.0.7\sturen_medicatievoorschrift\hl7_instance\mv-mvr-Scenarioset2-MBH_907_toedieningswegLOS.xml
     [xslt] Processing C:\SourceTree\GitHub\HL7-mappings\ada_2_hl7\mp\9.0.7\sturen_medicatievoorschrift\ada_instance\mv-mvr-Scenarioset2-MBH_907_toelichting-2.xml to C:\SourceTree\GitHub\HL7-mappings\ada_2_hl7\mp\9.0.7\sturen_medicatievoorschrift\hl7_instance\mv-mvr-Scenarioset2-MBH_907_toelichting-2.xml
     [xslt] Processing C:\SourceTree\GitHub\HL7-mappings\ada_2_hl7\mp\9.0.7\sturen_medicatievoorschrift\ada_instance\mv-mvr-Scenarioset3-MBH_907_aanvullendeinformatiewensen-4.xml to C:\SourceTree\GitHub\HL7-mappings\ada_2_hl7\mp\9.0.7\sturen_medicatievoorschrift\hl7_instance\mv-mvr-Scenarioset3-MBH_907_aanvullendeinformatiewensen-4.xml
     [xslt] Processing C:\SourceTree\GitHub\HL7-mappings\ada_2_hl7\mp\9.0.7\sturen_medicatievoorschrift\ada_instance\mv-mvr-Scenarioset3-MBH_907_aanvullendeinstructie-1.xml to C:\SourceTree\GitHub\HL7-mappings\ada_2_hl7\mp\9.0.7\sturen_medicatievoorschrift\hl7_instance\mv-mvr-Scenarioset3-MBH_907_aanvullendeinstructie-1.xml
     [xslt] Processing C:\SourceTree\GitHub\HL7-mappings\ada_2_hl7\mp\9.0.7\sturen_medicatievoorschrift\ada_instance\mv-mvr-Scenarioset3-MBH_907_redenvanvoorschrijven-3.xml to C:\SourceTree\GitHub\HL7-mappings\ada_2_hl7\mp\9.0.7\sturen_medicatievoorschrift\hl7_instance\mv-mvr-Scenarioset3-MBH_907_redenvanvoorschrijven-3.xml
     [xslt] Processing C:\SourceTree\GitHub\HL7-mappings\ada_2_hl7\mp\9.0.7\sturen_medicatievoorschrift\ada_instance\mv-mvr-Scenarioset3-MBH_907_toelichting-2.xml to C:\SourceTree\GitHub\HL7-mappings\ada_2_hl7\mp\9.0.7\sturen_medicatievoorschrift\hl7_instance\mv-mvr-Scenarioset3-MBH_907_toelichting-2.xml
     [xslt] Processing C:\SourceTree\GitHub\HL7-mappings\ada_2_hl7\mp\9.0.7\sturen_medicatievoorschrift\ada_instance\mv-mvr-Scenarioset4_a-MBH_907_Lengte_Gewicht-1.xml to C:\SourceTree\GitHub\HL7-mappings\ada_2_hl7\mp\9.0.7\sturen_medicatievoorschrift\hl7_instance\mv-mvr-Scenarioset4_a-MBH_907_Lengte_Gewicht-1.xml
     [xslt] Processing C:\SourceTree\GitHub\HL7-mappings\ada_2_hl7\mp\9.0.7\sturen_medicatievoorschrift\ada_instance\mv-mvr-Scenarioset6-MBH_907_afbouwschema-11.xml to C:\SourceTree\GitHub\HL7-mappings\ada_2_hl7\mp\9.0.7\sturen_medicatievoorschrift\hl7_instance\mv-mvr-Scenarioset6-MBH_907_afbouwschema-11.xml
     [xslt] Processing C:\SourceTree\GitHub\HL7-mappings\ada_2_hl7\mp\9.0.7\sturen_medicatievoorschrift\ada_instance\mv-mvr-Scenarioset6-MBH_907_bijzonderekeerdosis-5.xml to C:\SourceTree\GitHub\HL7-mappings\ada_2_hl7\mp\9.0.7\sturen_medicatievoorschrift\hl7_instance\mv-mvr-Scenarioset6-MBH_907_bijzonderekeerdosis-5.xml
     [xslt] Processing C:\SourceTree\GitHub\HL7-mappings\ada_2_hl7\mp\9.0.7\sturen_medicatievoorschrift\ada_instance\mv-mvr-Scenarioset6-MBH_907_cyclischschema-10.xml to C:\SourceTree\GitHub\HL7-mappings\ada_2_hl7\mp\9.0.7\sturen_medicatievoorschrift\hl7_instance\mv-mvr-Scenarioset6-MBH_907_cyclischschema-10.xml
     [xslt] Processing C:\SourceTree\GitHub\HL7-mappings\ada_2_hl7\mp\9.0.7\sturen_medicatievoorschrift\ada_instance\mv-mvr-Scenarioset6-MBH_907_dagdeel-9.xml to C:\SourceTree\GitHub\HL7-mappings\ada_2_hl7\mp\9.0.7\sturen_medicatievoorschrift\hl7_instance\mv-mvr-Scenarioset6-MBH_907_dagdeel-9.xml
     [xslt] Processing C:\SourceTree\GitHub\HL7-mappings\ada_2_hl7\mp\9.0.7\sturen_medicatievoorschrift\ada_instance\mv-mvr-Scenarioset6-MBH_907_interval-2.xml to C:\SourceTree\GitHub\HL7-mappings\ada_2_hl7\mp\9.0.7\sturen_medicatievoorschrift\hl7_instance\mv-mvr-Scenarioset6-MBH_907_interval-2.xml
     [xslt] Processing C:\SourceTree\GitHub\HL7-mappings\ada_2_hl7\mp\9.0.7\sturen_medicatievoorschrift\ada_instance\mv-mvr-Scenarioset6-MBH_907_tijdstippen-7.xml to C:\SourceTree\GitHub\HL7-mappings\ada_2_hl7\mp\9.0.7\sturen_medicatievoorschrift\hl7_instance\mv-mvr-Scenarioset6-MBH_907_tijdstippen-7.xml
     [xslt] Processing C:\SourceTree\GitHub\HL7-mappings\ada_2_hl7\mp\9.0.7\sturen_medicatievoorschrift\ada_instance\mv-mvr-Scenarioset6-MBH_907_toedieningsduur-14.xml to C:\SourceTree\GitHub\HL7-mappings\ada_2_hl7\mp\9.0.7\sturen_medicatievoorschrift\hl7_instance\mv-mvr-Scenarioset6-MBH_907_toedieningsduur-14.xml
     [xslt] Processing C:\SourceTree\GitHub\HL7-mappings\ada_2_hl7\mp\9.0.7\sturen_medicatievoorschrift\ada_instance\mv-mvr-Scenarioset6-MBH_907_toedieningssnelheid-13.xml to C:\SourceTree\GitHub\HL7-mappings\ada_2_hl7\mp\9.0.7\sturen_medicatievoorschrift\hl7_instance\mv-mvr-Scenarioset6-MBH_907_toedieningssnelheid-13.xml
     [xslt] Processing C:\SourceTree\GitHub\HL7-mappings\ada_2_hl7\mp\9.0.7\sturen_medicatievoorschrift\ada_instance\mv-mvr-Scenarioset6-MBH_907_variabelefrequentie-1.xml to C:\SourceTree\GitHub\HL7-mappings\ada_2_hl7\mp\9.0.7\sturen_medicatievoorschrift\hl7_instance\mv-mvr-Scenarioset6-MBH_907_variabelefrequentie-1.xml
     [xslt] Processing C:\SourceTree\GitHub\HL7-mappings\ada_2_hl7\mp\9.0.7\sturen_medicatievoorschrift\ada_instance\mv-mvr-Scenarioset6-MBH_907_variabelehoeveelheid-3.xml to C:\SourceTree\GitHub\HL7-mappings\ada_2_hl7\mp\9.0.7\sturen_medicatievoorschrift\hl7_instance\mv-mvr-Scenarioset6-MBH_907_variabelehoeveelheid-3.xml
     [xslt] Processing C:\SourceTree\GitHub\HL7-mappings\ada_2_hl7\mp\9.0.7\sturen_medicatievoorschrift\ada_instance\mv-mvr-Scenarioset6-MBH_907_variabelehoeveelheid2-6.xml to C:\SourceTree\GitHub\HL7-mappings\ada_2_hl7\mp\9.0.7\sturen_medicatievoorschrift\hl7_instance\mv-mvr-Scenarioset6-MBH_907_variabelehoeveelheid2-6.xml
     [xslt] Processing C:\SourceTree\GitHub\HL7-mappings\ada_2_hl7\mp\9.0.7\sturen_medicatievoorschrift\ada_instance\mv-mvr-Scenarioset6-MBH_907_variabelehoeveelheidenmaximum-12.xml to C:\SourceTree\GitHub\HL7-mappings\ada_2_hl7\mp\9.0.7\sturen_medicatievoorschrift\hl7_instance\mv-mvr-Scenarioset6-MBH_907_variabelehoeveelheidenmaximum-12.xml
     [xslt] Processing C:\SourceTree\GitHub\HL7-mappings\ada_2_hl7\mp\9.0.7\sturen_medicatievoorschrift\ada_instance\mv-mvr-Scenarioset6-MBH_907_weekdagen-8.xml to C:\SourceTree\GitHub\HL7-mappings\ada_2_hl7\mp\9.0.7\sturen_medicatievoorschrift\hl7_instance\mv-mvr-Scenarioset6-MBH_907_weekdagen-8.xml
     [xslt] Processing C:\SourceTree\GitHub\HL7-mappings\ada_2_hl7\mp\9.0.7\sturen_medicatievoorschrift\ada_instance\mv-mvr-Scenarioset6-MBH_907_zonderkeerdosis-4.xml to C:\SourceTree\GitHub\HL7-mappings\ada_2_hl7\mp\9.0.7\sturen_medicatievoorschrift\hl7_instance\mv-mvr-Scenarioset6-MBH_907_zonderkeerdosis-4.xml
     [xslt] Processing C:\SourceTree\GitHub\HL7-mappings\ada_2_hl7\mp\9.0.7\sturen_medicatievoorschrift\ada_instance\mv-mvr-Scenarioset6-MBH_907_zonodig-15.xml to C:\SourceTree\GitHub\HL7-mappings\ada_2_hl7\mp\9.0.7\sturen_medicatievoorschrift\hl7_instance\mv-mvr-Scenarioset6-MBH_907_zonodig-15.xml
     [xslt] Processing C:\SourceTree\GitHub\HL7-mappings\ada_2_hl7\mp\9.0.7\sturen_medicatievoorschrift\ada_instance\mv-mvr-Scenarioset7-MBH_907_magistraal90miljoennr-3.xml to C:\SourceTree\GitHub\HL7-mappings\ada_2_hl7\mp\9.0.7\sturen_medicatievoorschrift\hl7_instance\mv-mvr-Scenarioset7-MBH_907_magistraal90miljoennr-3.xml
     [xslt] Processing C:\SourceTree\GitHub\HL7-mappings\ada_2_hl7\mp\9.0.7\sturen_medicatievoorschrift\ada_instance\mv-mvr-Scenarioset7-MBH_907_magistraalactieveingredient-2.xml to C:\SourceTree\GitHub\HL7-mappings\ada_2_hl7\mp\9.0.7\sturen_medicatievoorschrift\hl7_instance\mv-mvr-Scenarioset7-MBH_907_magistraalactieveingredient-2.xml
     [xslt] Processing C:\SourceTree\GitHub\HL7-mappings\ada_2_hl7\mp\9.0.7\sturen_medicatievoorschrift\ada_instance\mv-mvr-Scenarioset7-MBH_907_magistraalalleingredienten-1.xml to C:\SourceTree\GitHub\HL7-mappings\ada_2_hl7\mp\9.0.7\sturen_medicatievoorschrift\hl7_instance\mv-mvr-Scenarioset7-MBH_907_magistraalalleingredienten-1.xml
     [xslt] Processing C:\SourceTree\GitHub\HL7-mappings\ada_2_hl7\mp\9.0.7\sturen_medicatievoorschrift\ada_instance\mv-mvr-Scenarioset8-MBH_907_VVandermansMA-1.xml to C:\SourceTree\GitHub\HL7-mappings\ada_2_hl7\mp\9.0.7\sturen_medicatievoorschrift\hl7_instance\mv-mvr-Scenarioset8-MBH_907_VVandermansMA-1.xml
     [xslt] Processing C:\SourceTree\GitHub\HL7-mappings\ada_2_hl7\mp\9.0.7\sturen_medicatievoorschrift\ada_instance\mv-mvr-Scenarioset8-MBH_907_onderbrekenandermansMA-3.xml to C:\SourceTree\GitHub\HL7-mappings\ada_2_hl7\mp\9.0.7\sturen_medicatievoorschrift\hl7_instance\mv-mvr-Scenarioset8-MBH_907_onderbrekenandermansMA-3.xml
     [xslt] Processing C:\SourceTree\GitHub\HL7-mappings\ada_2_hl7\mp\9.0.7\sturen_medicatievoorschrift\ada_instance\mv-mvr-Scenarioset8-MBH_907_stakenandermansMA-2.xml to C:\SourceTree\GitHub\HL7-mappings\ada_2_hl7\mp\9.0.7\sturen_medicatievoorschrift\hl7_instance\mv-mvr-Scenarioset8-MBH_907_stakenandermansMA-2.xml
     [xslt] Processing C:\SourceTree\GitHub\HL7-mappings\ada_2_hl7\mp\9.0.7\sturen_medicatievoorschrift\ada_instance\mv-mvr-Scenarioset8-MBH_907_wijzigenandermansMA-4.xml to C:\SourceTree\GitHub\HL7-mappings\ada_2_hl7\mp\9.0.7\sturen_medicatievoorschrift\hl7_instance\mv-mvr-Scenarioset8-MBH_907_wijzigenandermansMA-4.xml
     [xslt] Processing C:\SourceTree\GitHub\HL7-mappings\ada_2_hl7\mp\9.0.7\sturen_medicatievoorschrift\ada_instance\mv-mvr-Scenarioset9-MBH_907_afleverlocatie-3.xml to C:\SourceTree\GitHub\HL7-mappings\ada_2_hl7\mp\9.0.7\sturen_medicatievoorschrift\hl7_instance\mv-mvr-Scenarioset9-MBH_907_afleverlocatie-3.xml
     [xslt] Processing C:\SourceTree\GitHub\HL7-mappings\ada_2_hl7\mp\9.0.7\sturen_medicatievoorschrift\ada_instance\mv-mvr-Scenarioset9-MBH_907_herhalingen-2.xml to C:\SourceTree\GitHub\HL7-mappings\ada_2_hl7\mp\9.0.7\sturen_medicatievoorschrift\hl7_instance\mv-mvr-Scenarioset9-MBH_907_herhalingen-2.xml
     [xslt] Processing C:\SourceTree\GitHub\HL7-mappings\ada_2_hl7\mp\9.0.7\sturen_medicatievoorschrift\ada_instance\mv-mvr-Scenarioset9-MBH_907_logistiekeverbruiksperiode_duur_dagen-5.xml to C:\SourceTree\GitHub\HL7-mappings\ada_2_hl7\mp\9.0.7\sturen_medicatievoorschrift\hl7_instance\mv-mvr-Scenarioset9-MBH_907_logistiekeverbruiksperiode_duur_dagen-5.xml
     [xslt] Processing C:\SourceTree\GitHub\HL7-mappings\ada_2_hl7\mp\9.0.7\sturen_medicatievoorschrift\ada_instance\mv-mvr-Scenarioset9-MBH_907_logistiekeverbruiksperiode_eind-4.xml to C:\SourceTree\GitHub\HL7-mappings\ada_2_hl7\mp\9.0.7\sturen_medicatievoorschrift\hl7_instance\mv-mvr-Scenarioset9-MBH_907_logistiekeverbruiksperiode_eind-4.xml
     [xslt] Processing C:\SourceTree\GitHub\HL7-mappings\ada_2_hl7\mp\9.0.7\sturen_medicatievoorschrift\ada_instance\mv-mvr-Scenarioset9-MBH_907_logistiekeverbruiksperiode_start_eind-1.xml to C:\SourceTree\GitHub\HL7-mappings\ada_2_hl7\mp\9.0.7\sturen_medicatievoorschrift\hl7_instance\mv-mvr-Scenarioset9-MBH_907_logistiekeverbruiksperiode_start_eind-1.xml

download-ivy:
     [echo] installing ivy...
      [get] Getting: https://repo1.maven.org/maven2/org/apache/ivy/ivy/2.5.0/ivy-2.5.0.jar
      [get] To: C:\SourceTree\GitHub\HL7-mappings\_ant-buildfiles\ant-include\ivy\ivy.jar
      [get] Not modified - so not downloaded

install-ivy:

fetch-imports:
[ivy:resolve] :: Apache Ivy 2.5.0 - 20191020104435 :: https://ant.apache.org/ivy/ ::
[ivy:resolve] :: loading settings :: file = C:\SourceTree\GitHub\HL7-mappings\_ant-buildfiles\ant-include\ivysettings.xml
[ivy:resolve] :: resolving dependencies :: nl.nictiz.decor#tools;working@NICT1-NB144087 [not transitive]
[ivy:resolve] 	confs: [default]
[ivy:resolve] 	found net.sf.saxon#Saxon-HE;9.9.1-7 in local-chain
[ivy:resolve] 	found xerces#xercesImpl;2.12.0 in maven
[ivy:resolve] :: resolution report :: resolve 71ms :: artifacts dl 14ms
	---------------------------------------------------------------------
	|                  |            modules            ||   artifacts   |
	|       conf       | number| search|dwnlded|evicted|| number|dwnlded|
	---------------------------------------------------------------------
	|      default     |   2   |   0   |   0   |   0   ||   6   |   0   |
	---------------------------------------------------------------------
[ivy:retrieve] :: retrieving :: nl.nictiz.decor#tools [sync]
[ivy:retrieve] 	confs: [default]
[ivy:retrieve] 	0 artifacts copied, 2 already retrieved (0kB/27ms)
[ivy:dependencytree] Dependency tree for nl.nictiz.decor-tools
[ivy:dependencytree] +- net.sf.saxon#Saxon-HE;9.9.1-7
[ivy:dependencytree] \- xerces#xercesImpl;2.12.0

convert_ada_2_hl7_sub:
     [echo] Deleting previous results, if any
     [echo] 
     [echo] ADA to HL7 ../../sturen_medicatievoorschrift/../../MP90_Transform_Organizer2CDA.xsl input dir ../../sturen_medicatievoorschrift/hl7_instance
     [xslt] Processing C:\SourceTree\GitHub\HL7-mappings\ada_2_hl7\mp\9.0.7\sturen_medicatievoorschrift\hl7_instance\mv-mvr-Scenarioset08-MBH_907_VVandermansMA.xml to C:\SourceTree\GitHub\HL7-mappings\ada_2_hl7\mp\9.0.7\sturen_medicatievoorschrift\cda_instance\mv-mvr-Scenarioset08-MBH_907_VVandermansMA.xml
     [xslt] Loading stylesheet C:\SourceTree\GitHub\HL7-mappings\ada_2_hl7\mp\MP90_Transform_Organizer2CDA.xsl
     [xslt] C:\SourceTree\GitHub\HL7-mappings\ada_2_hl7\mp\MP90_Transform_Organizer2CDA.xsl:18:3: Warning! The attribute axis starting at a document node will never select anything
     [xslt] Processing C:\SourceTree\GitHub\HL7-mappings\ada_2_hl7\mp\9.0.7\sturen_medicatievoorschrift\hl7_instance\mv-mvr-Scenarioset08-MBH_907_onderbrekenandermansMA.xml to C:\SourceTree\GitHub\HL7-mappings\ada_2_hl7\mp\9.0.7\sturen_medicatievoorschrift\cda_instance\mv-mvr-Scenarioset08-MBH_907_onderbrekenandermansMA.xml
     [xslt] Processing C:\SourceTree\GitHub\HL7-mappings\ada_2_hl7\mp\9.0.7\sturen_medicatievoorschrift\hl7_instance\mv-mvr-Scenarioset08-MBH_907_stakenandermansMA.xml to C:\SourceTree\GitHub\HL7-mappings\ada_2_hl7\mp\9.0.7\sturen_medicatievoorschrift\cda_instance\mv-mvr-Scenarioset08-MBH_907_stakenandermansMA.xml
     [xslt] Processing C:\SourceTree\GitHub\HL7-mappings\ada_2_hl7\mp\9.0.7\sturen_medicatievoorschrift\hl7_instance\mv-mvr-Scenarioset08-MBH_907_wijzigenandermansMA.xml to C:\SourceTree\GitHub\HL7-mappings\ada_2_hl7\mp\9.0.7\sturen_medicatievoorschrift\cda_instance\mv-mvr-Scenarioset08-MBH_907_wijzigenandermansMA.xml
     [xslt] Processing C:\SourceTree\GitHub\HL7-mappings\ada_2_hl7\mp\9.0.7\sturen_medicatievoorschrift\hl7_instance\mv-mvr-Scenarioset1-MBH_907_chronisch-3.xml to C:\SourceTree\GitHub\HL7-mappings\ada_2_hl7\mp\9.0.7\sturen_medicatievoorschrift\cda_instance\mv-mvr-Scenarioset1-MBH_907_chronisch-3.xml
     [xslt] Processing C:\SourceTree\GitHub\HL7-mappings\ada_2_hl7\mp\9.0.7\sturen_medicatievoorschrift\hl7_instance\mv-mvr-Scenarioset1-MBH_907_chronisch-4.xml to C:\SourceTree\GitHub\HL7-mappings\ada_2_hl7\mp\9.0.7\sturen_medicatievoorschrift\cda_instance\mv-mvr-Scenarioset1-MBH_907_chronisch-4.xml
     [xslt] Processing C:\SourceTree\GitHub\HL7-mappings\ada_2_hl7\mp\9.0.7\sturen_medicatievoorschrift\hl7_instance\mv-mvr-Scenarioset1-MBH_907_dosis_stuks-6.xml to C:\SourceTree\GitHub\HL7-mappings\ada_2_hl7\mp\9.0.7\sturen_medicatievoorschrift\cda_instance\mv-mvr-Scenarioset1-MBH_907_dosis_stuks-6.xml
     [xslt] Processing C:\SourceTree\GitHub\HL7-mappings\ada_2_hl7\mp\9.0.7\sturen_medicatievoorschrift\hl7_instance\mv-mvr-Scenarioset1-MBH_907_start_duur-2.xml to C:\SourceTree\GitHub\HL7-mappings\ada_2_hl7\mp\9.0.7\sturen_medicatievoorschrift\cda_instance\mv-mvr-Scenarioset1-MBH_907_start_duur-2.xml
     [xslt] Processing C:\SourceTree\GitHub\HL7-mappings\ada_2_hl7\mp\9.0.7\sturen_medicatievoorschrift\hl7_instance\mv-mvr-Scenarioset1-MBH_907_start_duur2-5.xml to C:\SourceTree\GitHub\HL7-mappings\ada_2_hl7\mp\9.0.7\sturen_medicatievoorschrift\cda_instance\mv-mvr-Scenarioset1-MBH_907_start_duur2-5.xml
     [xslt] Processing C:\SourceTree\GitHub\HL7-mappings\ada_2_hl7\mp\9.0.7\sturen_medicatievoorschrift\hl7_instance\mv-mvr-Scenarioset1-MBH_907_start_eind-1.xml to C:\SourceTree\GitHub\HL7-mappings\ada_2_hl7\mp\9.0.7\sturen_medicatievoorschrift\cda_instance\mv-mvr-Scenarioset1-MBH_907_start_eind-1.xml
     [xslt] Processing C:\SourceTree\GitHub\HL7-mappings\ada_2_hl7\mp\9.0.7\sturen_medicatievoorschrift\hl7_instance\mv-mvr-Scenarioset10-MBH_907_HPKvoorschrijven-1.xml to C:\SourceTree\GitHub\HL7-mappings\ada_2_hl7\mp\9.0.7\sturen_medicatievoorschrift\cda_instance\mv-mvr-Scenarioset10-MBH_907_HPKvoorschrijven-1.xml
     [xslt] Processing C:\SourceTree\GitHub\HL7-mappings\ada_2_hl7\mp\9.0.7\sturen_medicatievoorschrift\hl7_instance\mv-mvr-Scenarioset10-MBH_907_ZINRvoorschrijven-2.xml to C:\SourceTree\GitHub\HL7-mappings\ada_2_hl7\mp\9.0.7\sturen_medicatievoorschrift\cda_instance\mv-mvr-Scenarioset10-MBH_907_ZINRvoorschrijven-2.xml
     [xslt] Processing C:\SourceTree\GitHub\HL7-mappings\ada_2_hl7\mp\9.0.7\sturen_medicatievoorschrift\hl7_instance\mv-mvr-Scenarioset2-MBH_907_aanvullendeinformatiewensen.xml to C:\SourceTree\GitHub\HL7-mappings\ada_2_hl7\mp\9.0.7\sturen_medicatievoorschrift\cda_instance\mv-mvr-Scenarioset2-MBH_907_aanvullendeinformatiewensen.xml
     [xslt] Processing C:\SourceTree\GitHub\HL7-mappings\ada_2_hl7\mp\9.0.7\sturen_medicatievoorschrift\hl7_instance\mv-mvr-Scenarioset2-MBH_907_aanvullendeinformatiewensenLOS.xml to C:\SourceTree\GitHub\HL7-mappings\ada_2_hl7\mp\9.0.7\sturen_medicatievoorschrift\cda_instance\mv-mvr-Scenarioset2-MBH_907_aanvullendeinformatiewensenLOS.xml
     [xslt] Processing C:\SourceTree\GitHub\HL7-mappings\ada_2_hl7\mp\9.0.7\sturen_medicatievoorschrift\hl7_instance\mv-mvr-Scenarioset2-MBH_907_aanvullendeinstructie-1.xml to C:\SourceTree\GitHub\HL7-mappings\ada_2_hl7\mp\9.0.7\sturen_medicatievoorschrift\cda_instance\mv-mvr-Scenarioset2-MBH_907_aanvullendeinstructie-1.xml
     [xslt] Processing C:\SourceTree\GitHub\HL7-mappings\ada_2_hl7\mp\9.0.7\sturen_medicatievoorschrift\hl7_instance\mv-mvr-Scenarioset2-MBH_907_redenvanvoorschrijven-3.xml to C:\SourceTree\GitHub\HL7-mappings\ada_2_hl7\mp\9.0.7\sturen_medicatievoorschrift\cda_instance\mv-mvr-Scenarioset2-MBH_907_redenvanvoorschrijven-3.xml
     [xslt] Processing C:\SourceTree\GitHub\HL7-mappings\ada_2_hl7\mp\9.0.7\sturen_medicatievoorschrift\hl7_instance\mv-mvr-Scenarioset2-MBH_907_toedieningswegLOS.xml to C:\SourceTree\GitHub\HL7-mappings\ada_2_hl7\mp\9.0.7\sturen_medicatievoorschrift\cda_instance\mv-mvr-Scenarioset2-MBH_907_toedieningswegLOS.xml
     [xslt] Processing C:\SourceTree\GitHub\HL7-mappings\ada_2_hl7\mp\9.0.7\sturen_medicatievoorschrift\hl7_instance\mv-mvr-Scenarioset2-MBH_907_toelichting-2.xml to C:\SourceTree\GitHub\HL7-mappings\ada_2_hl7\mp\9.0.7\sturen_medicatievoorschrift\cda_instance\mv-mvr-Scenarioset2-MBH_907_toelichting-2.xml
     [xslt] Processing C:\SourceTree\GitHub\HL7-mappings\ada_2_hl7\mp\9.0.7\sturen_medicatievoorschrift\hl7_instance\mv-mvr-Scenarioset3-MBH_907_aanvullendeinformatiewensen-4.xml to C:\SourceTree\GitHub\HL7-mappings\ada_2_hl7\mp\9.0.7\sturen_medicatievoorschrift\cda_instance\mv-mvr-Scenarioset3-MBH_907_aanvullendeinformatiewensen-4.xml
     [xslt] Processing C:\SourceTree\GitHub\HL7-mappings\ada_2_hl7\mp\9.0.7\sturen_medicatievoorschrift\hl7_instance\mv-mvr-Scenarioset3-MBH_907_aanvullendeinstructie-1.xml to C:\SourceTree\GitHub\HL7-mappings\ada_2_hl7\mp\9.0.7\sturen_medicatievoorschrift\cda_instance\mv-mvr-Scenarioset3-MBH_907_aanvullendeinstructie-1.xml
     [xslt] Processing C:\SourceTree\GitHub\HL7-mappings\ada_2_hl7\mp\9.0.7\sturen_medicatievoorschrift\hl7_instance\mv-mvr-Scenarioset3-MBH_907_redenvanvoorschrijven-3.xml to C:\SourceTree\GitHub\HL7-mappings\ada_2_hl7\mp\9.0.7\sturen_medicatievoorschrift\cda_instance\mv-mvr-Scenarioset3-MBH_907_redenvanvoorschrijven-3.xml
     [xslt] Processing C:\SourceTree\GitHub\HL7-mappings\ada_2_hl7\mp\9.0.7\sturen_medicatievoorschrift\hl7_instance\mv-mvr-Scenarioset3-MBH_907_toelichting-2.xml to C:\SourceTree\GitHub\HL7-mappings\ada_2_hl7\mp\9.0.7\sturen_medicatievoorschrift\cda_instance\mv-mvr-Scenarioset3-MBH_907_toelichting-2.xml
     [xslt] Processing C:\SourceTree\GitHub\HL7-mappings\ada_2_hl7\mp\9.0.7\sturen_medicatievoorschrift\hl7_instance\mv-mvr-Scenarioset4_a-MBH_907_Lengte_Gewicht-1.xml to C:\SourceTree\GitHub\HL7-mappings\ada_2_hl7\mp\9.0.7\sturen_medicatievoorschrift\cda_instance\mv-mvr-Scenarioset4_a-MBH_907_Lengte_Gewicht-1.xml
     [xslt] Processing C:\SourceTree\GitHub\HL7-mappings\ada_2_hl7\mp\9.0.7\sturen_medicatievoorschrift\hl7_instance\mv-mvr-Scenarioset6-MBH_907_afbouwschema-11.xml to C:\SourceTree\GitHub\HL7-mappings\ada_2_hl7\mp\9.0.7\sturen_medicatievoorschrift\cda_instance\mv-mvr-Scenarioset6-MBH_907_afbouwschema-11.xml
     [xslt] Processing C:\SourceTree\GitHub\HL7-mappings\ada_2_hl7\mp\9.0.7\sturen_medicatievoorschrift\hl7_instance\mv-mvr-Scenarioset6-MBH_907_bijzonderekeerdosis-5.xml to C:\SourceTree\GitHub\HL7-mappings\ada_2_hl7\mp\9.0.7\sturen_medicatievoorschrift\cda_instance\mv-mvr-Scenarioset6-MBH_907_bijzonderekeerdosis-5.xml
     [xslt] Processing C:\SourceTree\GitHub\HL7-mappings\ada_2_hl7\mp\9.0.7\sturen_medicatievoorschrift\hl7_instance\mv-mvr-Scenarioset6-MBH_907_cyclischschema-10.xml to C:\SourceTree\GitHub\HL7-mappings\ada_2_hl7\mp\9.0.7\sturen_medicatievoorschrift\cda_instance\mv-mvr-Scenarioset6-MBH_907_cyclischschema-10.xml
     [xslt] Processing C:\SourceTree\GitHub\HL7-mappings\ada_2_hl7\mp\9.0.7\sturen_medicatievoorschrift\hl7_instance\mv-mvr-Scenarioset6-MBH_907_dagdeel-9.xml to C:\SourceTree\GitHub\HL7-mappings\ada_2_hl7\mp\9.0.7\sturen_medicatievoorschrift\cda_instance\mv-mvr-Scenarioset6-MBH_907_dagdeel-9.xml
     [xslt] Processing C:\SourceTree\GitHub\HL7-mappings\ada_2_hl7\mp\9.0.7\sturen_medicatievoorschrift\hl7_instance\mv-mvr-Scenarioset6-MBH_907_interval-2.xml to C:\SourceTree\GitHub\HL7-mappings\ada_2_hl7\mp\9.0.7\sturen_medicatievoorschrift\cda_instance\mv-mvr-Scenarioset6-MBH_907_interval-2.xml
     [xslt] Processing C:\SourceTree\GitHub\HL7-mappings\ada_2_hl7\mp\9.0.7\sturen_medicatievoorschrift\hl7_instance\mv-mvr-Scenarioset6-MBH_907_tijdstippen-7.xml to C:\SourceTree\GitHub\HL7-mappings\ada_2_hl7\mp\9.0.7\sturen_medicatievoorschrift\cda_instance\mv-mvr-Scenarioset6-MBH_907_tijdstippen-7.xml
     [xslt] Processing C:\SourceTree\GitHub\HL7-mappings\ada_2_hl7\mp\9.0.7\sturen_medicatievoorschrift\hl7_instance\mv-mvr-Scenarioset6-MBH_907_toedieningsduur-14.xml to C:\SourceTree\GitHub\HL7-mappings\ada_2_hl7\mp\9.0.7\sturen_medicatievoorschrift\cda_instance\mv-mvr-Scenarioset6-MBH_907_toedieningsduur-14.xml
     [xslt] Processing C:\SourceTree\GitHub\HL7-mappings\ada_2_hl7\mp\9.0.7\sturen_medicatievoorschrift\hl7_instance\mv-mvr-Scenarioset6-MBH_907_toedieningssnelheid-13.xml to C:\SourceTree\GitHub\HL7-mappings\ada_2_hl7\mp\9.0.7\sturen_medicatievoorschrift\cda_instance\mv-mvr-Scenarioset6-MBH_907_toedieningssnelheid-13.xml
     [xslt] Processing C:\SourceTree\GitHub\HL7-mappings\ada_2_hl7\mp\9.0.7\sturen_medicatievoorschrift\hl7_instance\mv-mvr-Scenarioset6-MBH_907_variabelefrequentie-1.xml to C:\SourceTree\GitHub\HL7-mappings\ada_2_hl7\mp\9.0.7\sturen_medicatievoorschrift\cda_instance\mv-mvr-Scenarioset6-MBH_907_variabelefrequentie-1.xml
     [xslt] Processing C:\SourceTree\GitHub\HL7-mappings\ada_2_hl7\mp\9.0.7\sturen_medicatievoorschrift\hl7_instance\mv-mvr-Scenarioset6-MBH_907_variabelehoeveelheid-3.xml to C:\SourceTree\GitHub\HL7-mappings\ada_2_hl7\mp\9.0.7\sturen_medicatievoorschrift\cda_instance\mv-mvr-Scenarioset6-MBH_907_variabelehoeveelheid-3.xml
     [xslt] Processing C:\SourceTree\GitHub\HL7-mappings\ada_2_hl7\mp\9.0.7\sturen_medicatievoorschrift\hl7_instance\mv-mvr-Scenarioset6-MBH_907_variabelehoeveelheid2-6.xml to C:\SourceTree\GitHub\HL7-mappings\ada_2_hl7\mp\9.0.7\sturen_medicatievoorschrift\cda_instance\mv-mvr-Scenarioset6-MBH_907_variabelehoeveelheid2-6.xml
     [xslt] Processing C:\SourceTree\GitHub\HL7-mappings\ada_2_hl7\mp\9.0.7\sturen_medicatievoorschrift\hl7_instance\mv-mvr-Scenarioset6-MBH_907_variabelehoeveelheidenmaximum-12.xml to C:\SourceTree\GitHub\HL7-mappings\ada_2_hl7\mp\9.0.7\sturen_medicatievoorschrift\cda_instance\mv-mvr-Scenarioset6-MBH_907_variabelehoeveelheidenmaximum-12.xml
     [xslt] Processing C:\SourceTree\GitHub\HL7-mappings\ada_2_hl7\mp\9.0.7\sturen_medicatievoorschrift\hl7_instance\mv-mvr-Scenarioset6-MBH_907_weekdagen-8.xml to C:\SourceTree\GitHub\HL7-mappings\ada_2_hl7\mp\9.0.7\sturen_medicatievoorschrift\cda_instance\mv-mvr-Scenarioset6-MBH_907_weekdagen-8.xml
     [xslt] Processing C:\SourceTree\GitHub\HL7-mappings\ada_2_hl7\mp\9.0.7\sturen_medicatievoorschrift\hl7_instance\mv-mvr-Scenarioset6-MBH_907_zonderkeerdosis-4.xml to C:\SourceTree\GitHub\HL7-mappings\ada_2_hl7\mp\9.0.7\sturen_medicatievoorschrift\cda_instance\mv-mvr-Scenarioset6-MBH_907_zonderkeerdosis-4.xml
     [xslt] Processing C:\SourceTree\GitHub\HL7-mappings\ada_2_hl7\mp\9.0.7\sturen_medicatievoorschrift\hl7_instance\mv-mvr-Scenarioset6-MBH_907_zonodig-15.xml to C:\SourceTree\GitHub\HL7-mappings\ada_2_hl7\mp\9.0.7\sturen_medicatievoorschrift\cda_instance\mv-mvr-Scenarioset6-MBH_907_zonodig-15.xml
     [xslt] Processing C:\SourceTree\GitHub\HL7-mappings\ada_2_hl7\mp\9.0.7\sturen_medicatievoorschrift\hl7_instance\mv-mvr-Scenarioset7-MBH_907_magistraal90miljoennr-3.xml to C:\SourceTree\GitHub\HL7-mappings\ada_2_hl7\mp\9.0.7\sturen_medicatievoorschrift\cda_instance\mv-mvr-Scenarioset7-MBH_907_magistraal90miljoennr-3.xml
     [xslt] Processing C:\SourceTree\GitHub\HL7-mappings\ada_2_hl7\mp\9.0.7\sturen_medicatievoorschrift\hl7_instance\mv-mvr-Scenarioset7-MBH_907_magistraalactieveingredient-2.xml to C:\SourceTree\GitHub\HL7-mappings\ada_2_hl7\mp\9.0.7\sturen_medicatievoorschrift\cda_instance\mv-mvr-Scenarioset7-MBH_907_magistraalactieveingredient-2.xml
     [xslt] Processing C:\SourceTree\GitHub\HL7-mappings\ada_2_hl7\mp\9.0.7\sturen_medicatievoorschrift\hl7_instance\mv-mvr-Scenarioset7-MBH_907_magistraalalleingredienten-1.xml to C:\SourceTree\GitHub\HL7-mappings\ada_2_hl7\mp\9.0.7\sturen_medicatievoorschrift\cda_instance\mv-mvr-Scenarioset7-MBH_907_magistraalalleingredienten-1.xml
     [xslt] Processing C:\SourceTree\GitHub\HL7-mappings\ada_2_hl7\mp\9.0.7\sturen_medicatievoorschrift\hl7_instance\mv-mvr-Scenarioset8-MBH_907_VVandermansMA-1.xml to C:\SourceTree\GitHub\HL7-mappings\ada_2_hl7\mp\9.0.7\sturen_medicatievoorschrift\cda_instance\mv-mvr-Scenarioset8-MBH_907_VVandermansMA-1.xml
     [xslt] Processing C:\SourceTree\GitHub\HL7-mappings\ada_2_hl7\mp\9.0.7\sturen_medicatievoorschrift\hl7_instance\mv-mvr-Scenarioset8-MBH_907_onderbrekenandermansMA-3.xml to C:\SourceTree\GitHub\HL7-mappings\ada_2_hl7\mp\9.0.7\sturen_medicatievoorschrift\cda_instance\mv-mvr-Scenarioset8-MBH_907_onderbrekenandermansMA-3.xml
     [xslt] Processing C:\SourceTree\GitHub\HL7-mappings\ada_2_hl7\mp\9.0.7\sturen_medicatievoorschrift\hl7_instance\mv-mvr-Scenarioset8-MBH_907_stakenandermansMA-2.xml to C:\SourceTree\GitHub\HL7-mappings\ada_2_hl7\mp\9.0.7\sturen_medicatievoorschrift\cda_instance\mv-mvr-Scenarioset8-MBH_907_stakenandermansMA-2.xml
     [xslt] Processing C:\SourceTree\GitHub\HL7-mappings\ada_2_hl7\mp\9.0.7\sturen_medicatievoorschrift\hl7_instance\mv-mvr-Scenarioset8-MBH_907_wijzigenandermansMA-4.xml to C:\SourceTree\GitHub\HL7-mappings\ada_2_hl7\mp\9.0.7\sturen_medicatievoorschrift\cda_instance\mv-mvr-Scenarioset8-MBH_907_wijzigenandermansMA-4.xml
     [xslt] Processing C:\SourceTree\GitHub\HL7-mappings\ada_2_hl7\mp\9.0.7\sturen_medicatievoorschrift\hl7_instance\mv-mvr-Scenarioset9-MBH_907_afleverlocatie-3.xml to C:\SourceTree\GitHub\HL7-mappings\ada_2_hl7\mp\9.0.7\sturen_medicatievoorschrift\cda_instance\mv-mvr-Scenarioset9-MBH_907_afleverlocatie-3.xml
     [xslt] Processing C:\SourceTree\GitHub\HL7-mappings\ada_2_hl7\mp\9.0.7\sturen_medicatievoorschrift\hl7_instance\mv-mvr-Scenarioset9-MBH_907_herhalingen-2.xml to C:\SourceTree\GitHub\HL7-mappings\ada_2_hl7\mp\9.0.7\sturen_medicatievoorschrift\cda_instance\mv-mvr-Scenarioset9-MBH_907_herhalingen-2.xml
     [xslt] Processing C:\SourceTree\GitHub\HL7-mappings\ada_2_hl7\mp\9.0.7\sturen_medicatievoorschrift\hl7_instance\mv-mvr-Scenarioset9-MBH_907_logistiekeverbruiksperiode_duur_dagen-5.xml to C:\SourceTree\GitHub\HL7-mappings\ada_2_hl7\mp\9.0.7\sturen_medicatievoorschrift\cda_instance\mv-mvr-Scenarioset9-MBH_907_logistiekeverbruiksperiode_duur_dagen-5.xml
     [xslt] Processing C:\SourceTree\GitHub\HL7-mappings\ada_2_hl7\mp\9.0.7\sturen_medicatievoorschrift\hl7_instance\mv-mvr-Scenarioset9-MBH_907_logistiekeverbruiksperiode_eind-4.xml to C:\SourceTree\GitHub\HL7-mappings\ada_2_hl7\mp\9.0.7\sturen_medicatievoorschrift\cda_instance\mv-mvr-Scenarioset9-MBH_907_logistiekeverbruiksperiode_eind-4.xml
     [xslt] Processing C:\SourceTree\GitHub\HL7-mappings\ada_2_hl7\mp\9.0.7\sturen_medicatievoorschrift\hl7_instance\mv-mvr-Scenarioset9-MBH_907_logistiekeverbruiksperiode_start_eind-1.xml to C:\SourceTree\GitHub\HL7-mappings\ada_2_hl7\mp\9.0.7\sturen_medicatievoorschrift\cda_instance\mv-mvr-Scenarioset9-MBH_907_logistiekeverbruiksperiode_start_eind-1.xml

download-ivy:
     [echo] installing ivy...
      [get] Getting: https://repo1.maven.org/maven2/org/apache/ivy/ivy/2.5.0/ivy-2.5.0.jar
      [get] To: C:\SourceTree\GitHub\HL7-mappings\_ant-buildfiles\ant-include\ivy\ivy.jar
      [get] Not modified - so not downloaded

install-ivy:

fetch-imports:
[ivy:resolve] :: Apache Ivy 2.5.0 - 20191020104435 :: https://ant.apache.org/ivy/ ::
[ivy:resolve] :: loading settings :: file = C:\SourceTree\GitHub\HL7-mappings\_ant-buildfiles\ant-include\ivysettings.xml
[ivy:resolve] :: resolving dependencies :: nl.nictiz.decor#tools;working@NICT1-NB144087 [not transitive]
[ivy:resolve] 	confs: [default]
[ivy:resolve] 	found net.sf.saxon#Saxon-HE;9.9.1-7 in local-chain
[ivy:resolve] 	found xerces#xercesImpl;2.12.0 in maven
[ivy:resolve] :: resolution report :: resolve 79ms :: artifacts dl 13ms
	---------------------------------------------------------------------
	|                  |            modules            ||   artifacts   |
	|       conf       | number| search|dwnlded|evicted|| number|dwnlded|
	---------------------------------------------------------------------
	|      default     |   2   |   0   |   0   |   0   ||   6   |   0   |
	---------------------------------------------------------------------
[ivy:retrieve] :: retrieving :: nl.nictiz.decor#tools [sync]
[ivy:retrieve] 	confs: [default]
[ivy:retrieve] 	0 artifacts copied, 2 already retrieved (0kB/31ms)
[ivy:dependencytree] Dependency tree for nl.nictiz.decor-tools
[ivy:dependencytree] +- net.sf.saxon#Saxon-HE;9.9.1-7
[ivy:dependencytree] \- xerces#xercesImpl;2.12.0

convert_ada_2_hl7_sub:
     [echo] Deleting previous results, if any
     [echo] 
     [echo] ADA to HL7 ../../beschikbaarstellen_medicatiegegevens/payload/beschikbaarstellen_medicatiegegevens_org.xsl input dir ../../beschikbaarstellen_medicatiegegevens/ada_instance_MA
     [xslt] Processing C:\SourceTree\GitHub\HL7-mappings\ada_2_hl7\mp\9.0.7\beschikbaarstellen_medicatiegegevens\ada_instance_MA\mg-mgr-mg-MA-Scenarioset0-0-1.xml to C:\SourceTree\GitHub\HL7-mappings\ada_2_hl7\mp\9.0.7\beschikbaarstellen_medicatiegegevens\hl7_instance_MA\mg-mgr-mg-MA-Scenarioset0-0-1.xml
     [xslt] Loading stylesheet C:\SourceTree\GitHub\HL7-mappings\ada_2_hl7\mp\9.0.7\beschikbaarstellen_medicatiegegevens\payload\beschikbaarstellen_medicatiegegevens_org.xsl
     [xslt] Processing C:\SourceTree\GitHub\HL7-mappings\ada_2_hl7\mp\9.0.7\beschikbaarstellen_medicatiegegevens\ada_instance_MA\mg-mgr-mg-MA-Scenarioset0-0-2.xml to C:\SourceTree\GitHub\HL7-mappings\ada_2_hl7\mp\9.0.7\beschikbaarstellen_medicatiegegevens\hl7_instance_MA\mg-mgr-mg-MA-Scenarioset0-0-2.xml
     [xslt] Processing C:\SourceTree\GitHub\HL7-mappings\ada_2_hl7\mp\9.0.7\beschikbaarstellen_medicatiegegevens\ada_instance_MA\mg-mgr-mg-MA-Scenarioset0-0-3optioneel.xml to C:\SourceTree\GitHub\HL7-mappings\ada_2_hl7\mp\9.0.7\beschikbaarstellen_medicatiegegevens\hl7_instance_MA\mg-mgr-mg-MA-Scenarioset0-0-3optioneel.xml
     [xslt] Processing C:\SourceTree\GitHub\HL7-mappings\ada_2_hl7\mp\9.0.7\beschikbaarstellen_medicatiegegevens\ada_instance_MA\mg-mgr-mg-MA-Scenarioset0-0-4.xml to C:\SourceTree\GitHub\HL7-mappings\ada_2_hl7\mp\9.0.7\beschikbaarstellen_medicatiegegevens\hl7_instance_MA\mg-mgr-mg-MA-Scenarioset0-0-4.xml
     [xslt] Processing C:\SourceTree\GitHub\HL7-mappings\ada_2_hl7\mp\9.0.7\beschikbaarstellen_medicatiegegevens\ada_instance_MA\mg-mgr-mg-MA-Scenarioset0-0-5.xml to C:\SourceTree\GitHub\HL7-mappings\ada_2_hl7\mp\9.0.7\beschikbaarstellen_medicatiegegevens\hl7_instance_MA\mg-mgr-mg-MA-Scenarioset0-0-5.xml
     [xslt] Processing C:\SourceTree\GitHub\HL7-mappings\ada_2_hl7\mp\9.0.7\beschikbaarstellen_medicatiegegevens\ada_instance_MA\mg-mgr-mg-MA-Scenarioset0-0-6.xml to C:\SourceTree\GitHub\HL7-mappings\ada_2_hl7\mp\9.0.7\beschikbaarstellen_medicatiegegevens\hl7_instance_MA\mg-mgr-mg-MA-Scenarioset0-0-6.xml
     [xslt] Processing C:\SourceTree\GitHub\HL7-mappings\ada_2_hl7\mp\9.0.7\beschikbaarstellen_medicatiegegevens\ada_instance_MA\mg-mgr-mg-MA-Scenarioset0-0-7.xml to C:\SourceTree\GitHub\HL7-mappings\ada_2_hl7\mp\9.0.7\beschikbaarstellen_medicatiegegevens\hl7_instance_MA\mg-mgr-mg-MA-Scenarioset0-0-7.xml
     [xslt] Processing C:\SourceTree\GitHub\HL7-mappings\ada_2_hl7\mp\9.0.7\beschikbaarstellen_medicatiegegevens\ada_instance_MA\mg-mgr-mg-MA-Scenarioset0-0-8.xml to C:\SourceTree\GitHub\HL7-mappings\ada_2_hl7\mp\9.0.7\beschikbaarstellen_medicatiegegevens\hl7_instance_MA\mg-mgr-mg-MA-Scenarioset0-0-8.xml
     [xslt] Processing C:\SourceTree\GitHub\HL7-mappings\ada_2_hl7\mp\9.0.7\beschikbaarstellen_medicatiegegevens\ada_instance_MA\mg-mgr-mg-MA-Scenarioset1-1-1.xml to C:\SourceTree\GitHub\HL7-mappings\ada_2_hl7\mp\9.0.7\beschikbaarstellen_medicatiegegevens\hl7_instance_MA\mg-mgr-mg-MA-Scenarioset1-1-1.xml
     [xslt] Processing C:\SourceTree\GitHub\HL7-mappings\ada_2_hl7\mp\9.0.7\beschikbaarstellen_medicatiegegevens\ada_instance_MA\mg-mgr-mg-MA-Scenarioset1-1-2a.xml to C:\SourceTree\GitHub\HL7-mappings\ada_2_hl7\mp\9.0.7\beschikbaarstellen_medicatiegegevens\hl7_instance_MA\mg-mgr-mg-MA-Scenarioset1-1-2a.xml
     [xslt] Processing C:\SourceTree\GitHub\HL7-mappings\ada_2_hl7\mp\9.0.7\beschikbaarstellen_medicatiegegevens\ada_instance_MA\mg-mgr-mg-MA-Scenarioset1-1-2b.xml to C:\SourceTree\GitHub\HL7-mappings\ada_2_hl7\mp\9.0.7\beschikbaarstellen_medicatiegegevens\hl7_instance_MA\mg-mgr-mg-MA-Scenarioset1-1-2b.xml
     [xslt] Processing C:\SourceTree\GitHub\HL7-mappings\ada_2_hl7\mp\9.0.7\beschikbaarstellen_medicatiegegevens\ada_instance_MA\mg-mgr-mg-MA-Scenarioset1-1-3.xml to C:\SourceTree\GitHub\HL7-mappings\ada_2_hl7\mp\9.0.7\beschikbaarstellen_medicatiegegevens\hl7_instance_MA\mg-mgr-mg-MA-Scenarioset1-1-3.xml
     [xslt] Processing C:\SourceTree\GitHub\HL7-mappings\ada_2_hl7\mp\9.0.7\beschikbaarstellen_medicatiegegevens\ada_instance_MA\mg-mgr-mg-MA-Scenarioset1-1-4.xml to C:\SourceTree\GitHub\HL7-mappings\ada_2_hl7\mp\9.0.7\beschikbaarstellen_medicatiegegevens\hl7_instance_MA\mg-mgr-mg-MA-Scenarioset1-1-4.xml
     [xslt] Processing C:\SourceTree\GitHub\HL7-mappings\ada_2_hl7\mp\9.0.7\beschikbaarstellen_medicatiegegevens\ada_instance_MA\mg-mgr-mg-MA-Scenarioset10-10-1optioneel.xml to C:\SourceTree\GitHub\HL7-mappings\ada_2_hl7\mp\9.0.7\beschikbaarstellen_medicatiegegevens\hl7_instance_MA\mg-mgr-mg-MA-Scenarioset10-10-1optioneel.xml
     [xslt] Processing C:\SourceTree\GitHub\HL7-mappings\ada_2_hl7\mp\9.0.7\beschikbaarstellen_medicatiegegevens\ada_instance_MA\mg-mgr-mg-MA-Scenarioset10-10-2optioneel.xml to C:\SourceTree\GitHub\HL7-mappings\ada_2_hl7\mp\9.0.7\beschikbaarstellen_medicatiegegevens\hl7_instance_MA\mg-mgr-mg-MA-Scenarioset10-10-2optioneel.xml
     [xslt] Processing C:\SourceTree\GitHub\HL7-mappings\ada_2_hl7\mp\9.0.7\beschikbaarstellen_medicatiegegevens\ada_instance_MA\mg-mgr-mg-MA-Scenarioset2-2-1.xml to C:\SourceTree\GitHub\HL7-mappings\ada_2_hl7\mp\9.0.7\beschikbaarstellen_medicatiegegevens\hl7_instance_MA\mg-mgr-mg-MA-Scenarioset2-2-1.xml
     [xslt] Processing C:\SourceTree\GitHub\HL7-mappings\ada_2_hl7\mp\9.0.7\beschikbaarstellen_medicatiegegevens\ada_instance_MA\mg-mgr-mg-MA-Scenarioset2-2-2.xml to C:\SourceTree\GitHub\HL7-mappings\ada_2_hl7\mp\9.0.7\beschikbaarstellen_medicatiegegevens\hl7_instance_MA\mg-mgr-mg-MA-Scenarioset2-2-2.xml
     [xslt] Processing C:\SourceTree\GitHub\HL7-mappings\ada_2_hl7\mp\9.0.7\beschikbaarstellen_medicatiegegevens\ada_instance_MA\mg-mgr-mg-MA-Scenarioset2-2-3.xml to C:\SourceTree\GitHub\HL7-mappings\ada_2_hl7\mp\9.0.7\beschikbaarstellen_medicatiegegevens\hl7_instance_MA\mg-mgr-mg-MA-Scenarioset2-2-3.xml
     [xslt] Processing C:\SourceTree\GitHub\HL7-mappings\ada_2_hl7\mp\9.0.7\beschikbaarstellen_medicatiegegevens\ada_instance_MA\mg-mgr-mg-MA-Scenarioset2-2-4.xml to C:\SourceTree\GitHub\HL7-mappings\ada_2_hl7\mp\9.0.7\beschikbaarstellen_medicatiegegevens\hl7_instance_MA\mg-mgr-mg-MA-Scenarioset2-2-4.xml
     [xslt] Processing C:\SourceTree\GitHub\HL7-mappings\ada_2_hl7\mp\9.0.7\beschikbaarstellen_medicatiegegevens\ada_instance_MA\mg-mgr-mg-MA-Scenarioset2-2-5.xml to C:\SourceTree\GitHub\HL7-mappings\ada_2_hl7\mp\9.0.7\beschikbaarstellen_medicatiegegevens\hl7_instance_MA\mg-mgr-mg-MA-Scenarioset2-2-5.xml
     [xslt] Processing C:\SourceTree\GitHub\HL7-mappings\ada_2_hl7\mp\9.0.7\beschikbaarstellen_medicatiegegevens\ada_instance_MA\mg-mgr-mg-MA-Scenarioset3-3-1.xml to C:\SourceTree\GitHub\HL7-mappings\ada_2_hl7\mp\9.0.7\beschikbaarstellen_medicatiegegevens\hl7_instance_MA\mg-mgr-mg-MA-Scenarioset3-3-1.xml
     [xslt] Processing C:\SourceTree\GitHub\HL7-mappings\ada_2_hl7\mp\9.0.7\beschikbaarstellen_medicatiegegevens\ada_instance_MA\mg-mgr-mg-MA-Scenarioset3-3-2.xml to C:\SourceTree\GitHub\HL7-mappings\ada_2_hl7\mp\9.0.7\beschikbaarstellen_medicatiegegevens\hl7_instance_MA\mg-mgr-mg-MA-Scenarioset3-3-2.xml
     [xslt] Processing C:\SourceTree\GitHub\HL7-mappings\ada_2_hl7\mp\9.0.7\beschikbaarstellen_medicatiegegevens\ada_instance_MA\mg-mgr-mg-MA-Scenarioset3-3-3.xml to C:\SourceTree\GitHub\HL7-mappings\ada_2_hl7\mp\9.0.7\beschikbaarstellen_medicatiegegevens\hl7_instance_MA\mg-mgr-mg-MA-Scenarioset3-3-3.xml
     [xslt] Processing C:\SourceTree\GitHub\HL7-mappings\ada_2_hl7\mp\9.0.7\beschikbaarstellen_medicatiegegevens\ada_instance_MA\mg-mgr-mg-MA-Scenarioset3-3-4optioneel.xml to C:\SourceTree\GitHub\HL7-mappings\ada_2_hl7\mp\9.0.7\beschikbaarstellen_medicatiegegevens\hl7_instance_MA\mg-mgr-mg-MA-Scenarioset3-3-4optioneel.xml
     [xslt] Processing C:\SourceTree\GitHub\HL7-mappings\ada_2_hl7\mp\9.0.7\beschikbaarstellen_medicatiegegevens\ada_instance_MA\mg-mgr-mg-MA-Scenarioset4-4-1.xml to C:\SourceTree\GitHub\HL7-mappings\ada_2_hl7\mp\9.0.7\beschikbaarstellen_medicatiegegevens\hl7_instance_MA\mg-mgr-mg-MA-Scenarioset4-4-1.xml
     [xslt] Processing C:\SourceTree\GitHub\HL7-mappings\ada_2_hl7\mp\9.0.7\beschikbaarstellen_medicatiegegevens\ada_instance_MA\mg-mgr-mg-MA-Scenarioset6-6-10optioneel.xml to C:\SourceTree\GitHub\HL7-mappings\ada_2_hl7\mp\9.0.7\beschikbaarstellen_medicatiegegevens\hl7_instance_MA\mg-mgr-mg-MA-Scenarioset6-6-10optioneel.xml
     [xslt] Processing C:\SourceTree\GitHub\HL7-mappings\ada_2_hl7\mp\9.0.7\beschikbaarstellen_medicatiegegevens\ada_instance_MA\mg-mgr-mg-MA-Scenarioset6-6-11optioneel.xml to C:\SourceTree\GitHub\HL7-mappings\ada_2_hl7\mp\9.0.7\beschikbaarstellen_medicatiegegevens\hl7_instance_MA\mg-mgr-mg-MA-Scenarioset6-6-11optioneel.xml
     [xslt] Processing C:\SourceTree\GitHub\HL7-mappings\ada_2_hl7\mp\9.0.7\beschikbaarstellen_medicatiegegevens\ada_instance_MA\mg-mgr-mg-MA-Scenarioset6-6-12optioneel.xml to C:\SourceTree\GitHub\HL7-mappings\ada_2_hl7\mp\9.0.7\beschikbaarstellen_medicatiegegevens\hl7_instance_MA\mg-mgr-mg-MA-Scenarioset6-6-12optioneel.xml
     [xslt] Processing C:\SourceTree\GitHub\HL7-mappings\ada_2_hl7\mp\9.0.7\beschikbaarstellen_medicatiegegevens\ada_instance_MA\mg-mgr-mg-MA-Scenarioset6-6-13optioneel.xml to C:\SourceTree\GitHub\HL7-mappings\ada_2_hl7\mp\9.0.7\beschikbaarstellen_medicatiegegevens\hl7_instance_MA\mg-mgr-mg-MA-Scenarioset6-6-13optioneel.xml
     [xslt] Processing C:\SourceTree\GitHub\HL7-mappings\ada_2_hl7\mp\9.0.7\beschikbaarstellen_medicatiegegevens\ada_instance_MA\mg-mgr-mg-MA-Scenarioset6-6-14optioneel.xml to C:\SourceTree\GitHub\HL7-mappings\ada_2_hl7\mp\9.0.7\beschikbaarstellen_medicatiegegevens\hl7_instance_MA\mg-mgr-mg-MA-Scenarioset6-6-14optioneel.xml
     [xslt] Processing C:\SourceTree\GitHub\HL7-mappings\ada_2_hl7\mp\9.0.7\beschikbaarstellen_medicatiegegevens\ada_instance_MA\mg-mgr-mg-MA-Scenarioset6-6-15.xml to C:\SourceTree\GitHub\HL7-mappings\ada_2_hl7\mp\9.0.7\beschikbaarstellen_medicatiegegevens\hl7_instance_MA\mg-mgr-mg-MA-Scenarioset6-6-15.xml
     [xslt] Processing C:\SourceTree\GitHub\HL7-mappings\ada_2_hl7\mp\9.0.7\beschikbaarstellen_medicatiegegevens\ada_instance_MA\mg-mgr-mg-MA-Scenarioset6-6-1optioneel.xml to C:\SourceTree\GitHub\HL7-mappings\ada_2_hl7\mp\9.0.7\beschikbaarstellen_medicatiegegevens\hl7_instance_MA\mg-mgr-mg-MA-Scenarioset6-6-1optioneel.xml
     [xslt] Processing C:\SourceTree\GitHub\HL7-mappings\ada_2_hl7\mp\9.0.7\beschikbaarstellen_medicatiegegevens\ada_instance_MA\mg-mgr-mg-MA-Scenarioset6-6-2optioneel.xml to C:\SourceTree\GitHub\HL7-mappings\ada_2_hl7\mp\9.0.7\beschikbaarstellen_medicatiegegevens\hl7_instance_MA\mg-mgr-mg-MA-Scenarioset6-6-2optioneel.xml
     [xslt] Processing C:\SourceTree\GitHub\HL7-mappings\ada_2_hl7\mp\9.0.7\beschikbaarstellen_medicatiegegevens\ada_instance_MA\mg-mgr-mg-MA-Scenarioset6-6-3optioneel.xml to C:\SourceTree\GitHub\HL7-mappings\ada_2_hl7\mp\9.0.7\beschikbaarstellen_medicatiegegevens\hl7_instance_MA\mg-mgr-mg-MA-Scenarioset6-6-3optioneel.xml
     [xslt] Processing C:\SourceTree\GitHub\HL7-mappings\ada_2_hl7\mp\9.0.7\beschikbaarstellen_medicatiegegevens\ada_instance_MA\mg-mgr-mg-MA-Scenarioset6-6-4optioneel.xml to C:\SourceTree\GitHub\HL7-mappings\ada_2_hl7\mp\9.0.7\beschikbaarstellen_medicatiegegevens\hl7_instance_MA\mg-mgr-mg-MA-Scenarioset6-6-4optioneel.xml
     [xslt] Processing C:\SourceTree\GitHub\HL7-mappings\ada_2_hl7\mp\9.0.7\beschikbaarstellen_medicatiegegevens\ada_instance_MA\mg-mgr-mg-MA-Scenarioset6-6-5optioneel.xml to C:\SourceTree\GitHub\HL7-mappings\ada_2_hl7\mp\9.0.7\beschikbaarstellen_medicatiegegevens\hl7_instance_MA\mg-mgr-mg-MA-Scenarioset6-6-5optioneel.xml
     [xslt] Processing C:\SourceTree\GitHub\HL7-mappings\ada_2_hl7\mp\9.0.7\beschikbaarstellen_medicatiegegevens\ada_instance_MA\mg-mgr-mg-MA-Scenarioset6-6-6optioneel.xml to C:\SourceTree\GitHub\HL7-mappings\ada_2_hl7\mp\9.0.7\beschikbaarstellen_medicatiegegevens\hl7_instance_MA\mg-mgr-mg-MA-Scenarioset6-6-6optioneel.xml
     [xslt] Processing C:\SourceTree\GitHub\HL7-mappings\ada_2_hl7\mp\9.0.7\beschikbaarstellen_medicatiegegevens\ada_instance_MA\mg-mgr-mg-MA-Scenarioset6-6-7.xml to C:\SourceTree\GitHub\HL7-mappings\ada_2_hl7\mp\9.0.7\beschikbaarstellen_medicatiegegevens\hl7_instance_MA\mg-mgr-mg-MA-Scenarioset6-6-7.xml
     [xslt] Processing C:\SourceTree\GitHub\HL7-mappings\ada_2_hl7\mp\9.0.7\beschikbaarstellen_medicatiegegevens\ada_instance_MA\mg-mgr-mg-MA-Scenarioset6-6-8optioneel.xml to C:\SourceTree\GitHub\HL7-mappings\ada_2_hl7\mp\9.0.7\beschikbaarstellen_medicatiegegevens\hl7_instance_MA\mg-mgr-mg-MA-Scenarioset6-6-8optioneel.xml
     [xslt] Processing C:\SourceTree\GitHub\HL7-mappings\ada_2_hl7\mp\9.0.7\beschikbaarstellen_medicatiegegevens\ada_instance_MA\mg-mgr-mg-MA-Scenarioset6-6-9.xml to C:\SourceTree\GitHub\HL7-mappings\ada_2_hl7\mp\9.0.7\beschikbaarstellen_medicatiegegevens\hl7_instance_MA\mg-mgr-mg-MA-Scenarioset6-6-9.xml
     [xslt] Processing C:\SourceTree\GitHub\HL7-mappings\ada_2_hl7\mp\9.0.7\beschikbaarstellen_medicatiegegevens\ada_instance_MA\mg-mgr-mg-MA-Scenarioset7-7-1optioneel.xml to C:\SourceTree\GitHub\HL7-mappings\ada_2_hl7\mp\9.0.7\beschikbaarstellen_medicatiegegevens\hl7_instance_MA\mg-mgr-mg-MA-Scenarioset7-7-1optioneel.xml
     [xslt] Processing C:\SourceTree\GitHub\HL7-mappings\ada_2_hl7\mp\9.0.7\beschikbaarstellen_medicatiegegevens\ada_instance_MA\mg-mgr-mg-MA-Scenarioset7-7-2optioneel.xml to C:\SourceTree\GitHub\HL7-mappings\ada_2_hl7\mp\9.0.7\beschikbaarstellen_medicatiegegevens\hl7_instance_MA\mg-mgr-mg-MA-Scenarioset7-7-2optioneel.xml
     [xslt] Processing C:\SourceTree\GitHub\HL7-mappings\ada_2_hl7\mp\9.0.7\beschikbaarstellen_medicatiegegevens\ada_instance_MA\mg-mgr-mg-MA-Scenarioset7-7-3optioneel.xml to C:\SourceTree\GitHub\HL7-mappings\ada_2_hl7\mp\9.0.7\beschikbaarstellen_medicatiegegevens\hl7_instance_MA\mg-mgr-mg-MA-Scenarioset7-7-3optioneel.xml
     [xslt] Processing C:\SourceTree\GitHub\HL7-mappings\ada_2_hl7\mp\9.0.7\beschikbaarstellen_medicatiegegevens\ada_instance_MA\mg-mgr-mg-MA-Scenarioset8-8-1.xml to C:\SourceTree\GitHub\HL7-mappings\ada_2_hl7\mp\9.0.7\beschikbaarstellen_medicatiegegevens\hl7_instance_MA\mg-mgr-mg-MA-Scenarioset8-8-1.xml
     [xslt] Processing C:\SourceTree\GitHub\HL7-mappings\ada_2_hl7\mp\9.0.7\beschikbaarstellen_medicatiegegevens\ada_instance_MA\mg-mgr-mg-MA-Scenarioset8.0-8i-01.xml to C:\SourceTree\GitHub\HL7-mappings\ada_2_hl7\mp\9.0.7\beschikbaarstellen_medicatiegegevens\hl7_instance_MA\mg-mgr-mg-MA-Scenarioset8.0-8i-01.xml
     [xslt] Processing C:\SourceTree\GitHub\HL7-mappings\ada_2_hl7\mp\9.0.7\beschikbaarstellen_medicatiegegevens\ada_instance_MA\mg-mgr-mg-MA-Scenarioset8.0-8i-02.xml to C:\SourceTree\GitHub\HL7-mappings\ada_2_hl7\mp\9.0.7\beschikbaarstellen_medicatiegegevens\hl7_instance_MA\mg-mgr-mg-MA-Scenarioset8.0-8i-02.xml
     [xslt] Processing C:\SourceTree\GitHub\HL7-mappings\ada_2_hl7\mp\9.0.7\beschikbaarstellen_medicatiegegevens\ada_instance_MA\mg-mgr-mg-MA-Scenarioset8.0-8i-03.xml to C:\SourceTree\GitHub\HL7-mappings\ada_2_hl7\mp\9.0.7\beschikbaarstellen_medicatiegegevens\hl7_instance_MA\mg-mgr-mg-MA-Scenarioset8.0-8i-03.xml
     [xslt] Processing C:\SourceTree\GitHub\HL7-mappings\ada_2_hl7\mp\9.0.7\beschikbaarstellen_medicatiegegevens\ada_instance_MA\mg-mgr-mg-MA-Scenarioset8.0-8i-04.xml to C:\SourceTree\GitHub\HL7-mappings\ada_2_hl7\mp\9.0.7\beschikbaarstellen_medicatiegegevens\hl7_instance_MA\mg-mgr-mg-MA-Scenarioset8.0-8i-04.xml

download-ivy:
     [echo] installing ivy...
      [get] Getting: https://repo1.maven.org/maven2/org/apache/ivy/ivy/2.5.0/ivy-2.5.0.jar
      [get] To: C:\SourceTree\GitHub\HL7-mappings\_ant-buildfiles\ant-include\ivy\ivy.jar
      [get] Not modified - so not downloaded

install-ivy:

fetch-imports:
[ivy:resolve] :: Apache Ivy 2.5.0 - 20191020104435 :: https://ant.apache.org/ivy/ ::
[ivy:resolve] :: loading settings :: file = C:\SourceTree\GitHub\HL7-mappings\_ant-buildfiles\ant-include\ivysettings.xml
[ivy:resolve] :: resolving dependencies :: nl.nictiz.decor#tools;working@NICT1-NB144087 [not transitive]
[ivy:resolve] 	confs: [default]
[ivy:resolve] 	found net.sf.saxon#Saxon-HE;9.9.1-7 in local-chain
[ivy:resolve] 	found xerces#xercesImpl;2.12.0 in maven
[ivy:resolve] :: resolution report :: resolve 68ms :: artifacts dl 12ms
	---------------------------------------------------------------------
	|                  |            modules            ||   artifacts   |
	|       conf       | number| search|dwnlded|evicted|| number|dwnlded|
	---------------------------------------------------------------------
	|      default     |   2   |   0   |   0   |   0   ||   6   |   0   |
	---------------------------------------------------------------------
[ivy:retrieve] :: retrieving :: nl.nictiz.decor#tools [sync]
[ivy:retrieve] 	confs: [default]
[ivy:retrieve] 	0 artifacts copied, 2 already retrieved (0kB/29ms)
[ivy:dependencytree] Dependency tree for nl.nictiz.decor-tools
[ivy:dependencytree] +- net.sf.saxon#Saxon-HE;9.9.1-7
[ivy:dependencytree] \- xerces#xercesImpl;2.12.0

convert_ada_2_hl7_sub:
     [echo] Deleting previous results, if any
     [echo] 
     [echo] ADA to HL7 ../../beschikbaarstellen_medicatiegegevens/payload/beschikbaarstellen_medicatiegegevens_org.xsl input dir ../../beschikbaarstellen_medicatiegegevens/ada_instance_VV
     [xslt] Processing C:\SourceTree\GitHub\HL7-mappings\ada_2_hl7\mp\9.0.7\beschikbaarstellen_medicatiegegevens\ada_instance_VV\mg-mgr-mg-VV-Scenarioset0-0-1.xml to C:\SourceTree\GitHub\HL7-mappings\ada_2_hl7\mp\9.0.7\beschikbaarstellen_medicatiegegevens\hl7_instance_VV\mg-mgr-mg-VV-Scenarioset0-0-1.xml
     [xslt] Loading stylesheet C:\SourceTree\GitHub\HL7-mappings\ada_2_hl7\mp\9.0.7\beschikbaarstellen_medicatiegegevens\payload\beschikbaarstellen_medicatiegegevens_org.xsl
     [xslt] Processing C:\SourceTree\GitHub\HL7-mappings\ada_2_hl7\mp\9.0.7\beschikbaarstellen_medicatiegegevens\ada_instance_VV\mg-mgr-mg-VV-Scenarioset0-0-2.xml to C:\SourceTree\GitHub\HL7-mappings\ada_2_hl7\mp\9.0.7\beschikbaarstellen_medicatiegegevens\hl7_instance_VV\mg-mgr-mg-VV-Scenarioset0-0-2.xml
     [xslt] Processing C:\SourceTree\GitHub\HL7-mappings\ada_2_hl7\mp\9.0.7\beschikbaarstellen_medicatiegegevens\ada_instance_VV\mg-mgr-mg-VV-Scenarioset0-0-3optioneel.xml to C:\SourceTree\GitHub\HL7-mappings\ada_2_hl7\mp\9.0.7\beschikbaarstellen_medicatiegegevens\hl7_instance_VV\mg-mgr-mg-VV-Scenarioset0-0-3optioneel.xml
     [xslt] Processing C:\SourceTree\GitHub\HL7-mappings\ada_2_hl7\mp\9.0.7\beschikbaarstellen_medicatiegegevens\ada_instance_VV\mg-mgr-mg-VV-Scenarioset0-0-4.xml to C:\SourceTree\GitHub\HL7-mappings\ada_2_hl7\mp\9.0.7\beschikbaarstellen_medicatiegegevens\hl7_instance_VV\mg-mgr-mg-VV-Scenarioset0-0-4.xml
     [xslt] Processing C:\SourceTree\GitHub\HL7-mappings\ada_2_hl7\mp\9.0.7\beschikbaarstellen_medicatiegegevens\ada_instance_VV\mg-mgr-mg-VV-Scenarioset0-0-5.xml to C:\SourceTree\GitHub\HL7-mappings\ada_2_hl7\mp\9.0.7\beschikbaarstellen_medicatiegegevens\hl7_instance_VV\mg-mgr-mg-VV-Scenarioset0-0-5.xml
     [xslt] Processing C:\SourceTree\GitHub\HL7-mappings\ada_2_hl7\mp\9.0.7\beschikbaarstellen_medicatiegegevens\ada_instance_VV\mg-mgr-mg-VV-Scenarioset1-1-1.xml to C:\SourceTree\GitHub\HL7-mappings\ada_2_hl7\mp\9.0.7\beschikbaarstellen_medicatiegegevens\hl7_instance_VV\mg-mgr-mg-VV-Scenarioset1-1-1.xml
     [xslt] Processing C:\SourceTree\GitHub\HL7-mappings\ada_2_hl7\mp\9.0.7\beschikbaarstellen_medicatiegegevens\ada_instance_VV\mg-mgr-mg-VV-Scenarioset10-10-1optioneel.xml to C:\SourceTree\GitHub\HL7-mappings\ada_2_hl7\mp\9.0.7\beschikbaarstellen_medicatiegegevens\hl7_instance_VV\mg-mgr-mg-VV-Scenarioset10-10-1optioneel.xml
     [xslt] Processing C:\SourceTree\GitHub\HL7-mappings\ada_2_hl7\mp\9.0.7\beschikbaarstellen_medicatiegegevens\ada_instance_VV\mg-mgr-mg-VV-Scenarioset10-10-2optioneel.xml to C:\SourceTree\GitHub\HL7-mappings\ada_2_hl7\mp\9.0.7\beschikbaarstellen_medicatiegegevens\hl7_instance_VV\mg-mgr-mg-VV-Scenarioset10-10-2optioneel.xml
     [xslt] Processing C:\SourceTree\GitHub\HL7-mappings\ada_2_hl7\mp\9.0.7\beschikbaarstellen_medicatiegegevens\ada_instance_VV\mg-mgr-mg-VV-Scenarioset2-2-1.xml to C:\SourceTree\GitHub\HL7-mappings\ada_2_hl7\mp\9.0.7\beschikbaarstellen_medicatiegegevens\hl7_instance_VV\mg-mgr-mg-VV-Scenarioset2-2-1.xml
     [xslt] Processing C:\SourceTree\GitHub\HL7-mappings\ada_2_hl7\mp\9.0.7\beschikbaarstellen_medicatiegegevens\ada_instance_VV\mg-mgr-mg-VV-Scenarioset2-2-2.xml to C:\SourceTree\GitHub\HL7-mappings\ada_2_hl7\mp\9.0.7\beschikbaarstellen_medicatiegegevens\hl7_instance_VV\mg-mgr-mg-VV-Scenarioset2-2-2.xml
     [xslt] Processing C:\SourceTree\GitHub\HL7-mappings\ada_2_hl7\mp\9.0.7\beschikbaarstellen_medicatiegegevens\ada_instance_VV\mg-mgr-mg-VV-Scenarioset7-7-1optioneel.xml to C:\SourceTree\GitHub\HL7-mappings\ada_2_hl7\mp\9.0.7\beschikbaarstellen_medicatiegegevens\hl7_instance_VV\mg-mgr-mg-VV-Scenarioset7-7-1optioneel.xml
     [xslt] Processing C:\SourceTree\GitHub\HL7-mappings\ada_2_hl7\mp\9.0.7\beschikbaarstellen_medicatiegegevens\ada_instance_VV\mg-mgr-mg-VV-Scenarioset7-7-2optioneel.xml to C:\SourceTree\GitHub\HL7-mappings\ada_2_hl7\mp\9.0.7\beschikbaarstellen_medicatiegegevens\hl7_instance_VV\mg-mgr-mg-VV-Scenarioset7-7-2optioneel.xml
     [xslt] Processing C:\SourceTree\GitHub\HL7-mappings\ada_2_hl7\mp\9.0.7\beschikbaarstellen_medicatiegegevens\ada_instance_VV\mg-mgr-mg-VV-Scenarioset7-7-3optioneel.xml to C:\SourceTree\GitHub\HL7-mappings\ada_2_hl7\mp\9.0.7\beschikbaarstellen_medicatiegegevens\hl7_instance_VV\mg-mgr-mg-VV-Scenarioset7-7-3optioneel.xml
     [xslt] Processing C:\SourceTree\GitHub\HL7-mappings\ada_2_hl7\mp\9.0.7\beschikbaarstellen_medicatiegegevens\ada_instance_VV\mg-mgr-mg-VV-Scenarioset8-8-1.xml to C:\SourceTree\GitHub\HL7-mappings\ada_2_hl7\mp\9.0.7\beschikbaarstellen_medicatiegegevens\hl7_instance_VV\mg-mgr-mg-VV-Scenarioset8-8-1.xml
     [xslt] Processing C:\SourceTree\GitHub\HL7-mappings\ada_2_hl7\mp\9.0.7\beschikbaarstellen_medicatiegegevens\ada_instance_VV\mg-mgr-mg-VV-Scenarioset8.0-8i-01.xml to C:\SourceTree\GitHub\HL7-mappings\ada_2_hl7\mp\9.0.7\beschikbaarstellen_medicatiegegevens\hl7_instance_VV\mg-mgr-mg-VV-Scenarioset8.0-8i-01.xml
     [xslt] Processing C:\SourceTree\GitHub\HL7-mappings\ada_2_hl7\mp\9.0.7\beschikbaarstellen_medicatiegegevens\ada_instance_VV\mg-mgr-mg-VV-Scenarioset9-9-1aoptioneel.xml to C:\SourceTree\GitHub\HL7-mappings\ada_2_hl7\mp\9.0.7\beschikbaarstellen_medicatiegegevens\hl7_instance_VV\mg-mgr-mg-VV-Scenarioset9-9-1aoptioneel.xml
     [xslt] Processing C:\SourceTree\GitHub\HL7-mappings\ada_2_hl7\mp\9.0.7\beschikbaarstellen_medicatiegegevens\ada_instance_VV\mg-mgr-mg-VV-Scenarioset9-9-1boptioneel.xml to C:\SourceTree\GitHub\HL7-mappings\ada_2_hl7\mp\9.0.7\beschikbaarstellen_medicatiegegevens\hl7_instance_VV\mg-mgr-mg-VV-Scenarioset9-9-1boptioneel.xml
     [xslt] Processing C:\SourceTree\GitHub\HL7-mappings\ada_2_hl7\mp\9.0.7\beschikbaarstellen_medicatiegegevens\ada_instance_VV\mg-mgr-mg-VV-Scenarioset9-9-1coptioneel.xml to C:\SourceTree\GitHub\HL7-mappings\ada_2_hl7\mp\9.0.7\beschikbaarstellen_medicatiegegevens\hl7_instance_VV\mg-mgr-mg-VV-Scenarioset9-9-1coptioneel.xml
     [xslt] Processing C:\SourceTree\GitHub\HL7-mappings\ada_2_hl7\mp\9.0.7\beschikbaarstellen_medicatiegegevens\ada_instance_VV\mg-mgr-mg-VV-Scenarioset9-9-2optioneel.xml to C:\SourceTree\GitHub\HL7-mappings\ada_2_hl7\mp\9.0.7\beschikbaarstellen_medicatiegegevens\hl7_instance_VV\mg-mgr-mg-VV-Scenarioset9-9-2optioneel.xml
     [xslt] Processing C:\SourceTree\GitHub\HL7-mappings\ada_2_hl7\mp\9.0.7\beschikbaarstellen_medicatiegegevens\ada_instance_VV\mg-mgr-mg-VV-Scenarioset9-9-3optioneel.xml to C:\SourceTree\GitHub\HL7-mappings\ada_2_hl7\mp\9.0.7\beschikbaarstellen_medicatiegegevens\hl7_instance_VV\mg-mgr-mg-VV-Scenarioset9-9-3optioneel.xml

download-ivy:
     [echo] installing ivy...
      [get] Getting: https://repo1.maven.org/maven2/org/apache/ivy/ivy/2.5.0/ivy-2.5.0.jar
      [get] To: C:\SourceTree\GitHub\HL7-mappings\_ant-buildfiles\ant-include\ivy\ivy.jar
      [get] Not modified - so not downloaded

install-ivy:

fetch-imports:
[ivy:resolve] :: Apache Ivy 2.5.0 - 20191020104435 :: https://ant.apache.org/ivy/ ::
[ivy:resolve] :: loading settings :: file = C:\SourceTree\GitHub\HL7-mappings\_ant-buildfiles\ant-include\ivysettings.xml
[ivy:resolve] :: resolving dependencies :: nl.nictiz.decor#tools;working@NICT1-NB144087 [not transitive]
[ivy:resolve] 	confs: [default]
[ivy:resolve] 	found net.sf.saxon#Saxon-HE;9.9.1-7 in local-chain
[ivy:resolve] 	found xerces#xercesImpl;2.12.0 in maven
[ivy:resolve] :: resolution report :: resolve 70ms :: artifacts dl 10ms
	---------------------------------------------------------------------
	|                  |            modules            ||   artifacts   |
	|       conf       | number| search|dwnlded|evicted|| number|dwnlded|
	---------------------------------------------------------------------
	|      default     |   2   |   0   |   0   |   0   ||   6   |   0   |
	---------------------------------------------------------------------
[ivy:retrieve] :: retrieving :: nl.nictiz.decor#tools [sync]
[ivy:retrieve] 	confs: [default]
[ivy:retrieve] 	0 artifacts copied, 2 already retrieved (0kB/26ms)
[ivy:dependencytree] Dependency tree for nl.nictiz.decor-tools
[ivy:dependencytree] +- net.sf.saxon#Saxon-HE;9.9.1-7
[ivy:dependencytree] \- xerces#xercesImpl;2.12.0

convert_ada_2_hl7_sub:
     [echo] Deleting previous results, if any
     [echo] 
     [echo] ADA to HL7 ../../beschikbaarstellen_medicatieoverzicht/payload/beschikbaarstellen_medicatieoverzicht_org.xsl input dir ../../beschikbaarstellen_medicatieoverzicht/ada_instance_mp
     [xslt] Processing C:\SourceTree\GitHub\HL7-mappings\ada_2_hl7\mp\9.0.7\beschikbaarstellen_medicatieoverzicht\ada_instance_mp\mo-mor-ma-Scenario0-0-b-output.xml to C:\SourceTree\GitHub\HL7-mappings\ada_2_hl7\mp\9.0.7\beschikbaarstellen_medicatieoverzicht\hl7_instance_mp\mo-mor-ma-Scenario0-0-b-output.xml
     [xslt] Loading stylesheet C:\SourceTree\GitHub\HL7-mappings\ada_2_hl7\mp\9.0.7\beschikbaarstellen_medicatieoverzicht\payload\beschikbaarstellen_medicatieoverzicht_org.xsl
     [xslt] Processing C:\SourceTree\GitHub\HL7-mappings\ada_2_hl7\mp\9.0.7\beschikbaarstellen_medicatieoverzicht\ada_instance_mp\mo-mor-ma-Scenario1-0-b-output.xml to C:\SourceTree\GitHub\HL7-mappings\ada_2_hl7\mp\9.0.7\beschikbaarstellen_medicatieoverzicht\hl7_instance_mp\mo-mor-ma-Scenario1-0-b-output.xml
     [xslt] Processing C:\SourceTree\GitHub\HL7-mappings\ada_2_hl7\mp\9.0.7\beschikbaarstellen_medicatieoverzicht\ada_instance_mp\mo-mor-ma-Scenario2-0-b-output.xml to C:\SourceTree\GitHub\HL7-mappings\ada_2_hl7\mp\9.0.7\beschikbaarstellen_medicatieoverzicht\hl7_instance_mp\mo-mor-ma-Scenario2-0-b-output.xml
     [xslt] Processing C:\SourceTree\GitHub\HL7-mappings\ada_2_hl7\mp\9.0.7\beschikbaarstellen_medicatieoverzicht\ada_instance_mp\mo-mor-ma-Scenario3-0-b-output.xml to C:\SourceTree\GitHub\HL7-mappings\ada_2_hl7\mp\9.0.7\beschikbaarstellen_medicatieoverzicht\hl7_instance_mp\mo-mor-ma-Scenario3-0-b-output.xml
     [xslt] Processing C:\SourceTree\GitHub\HL7-mappings\ada_2_hl7\mp\9.0.7\beschikbaarstellen_medicatieoverzicht\ada_instance_mp\mo-mor-ma-Scenario3-1-b-output.xml to C:\SourceTree\GitHub\HL7-mappings\ada_2_hl7\mp\9.0.7\beschikbaarstellen_medicatieoverzicht\hl7_instance_mp\mo-mor-ma-Scenario3-1-b-output.xml

download-ivy:
     [echo] installing ivy...
      [get] Getting: https://repo1.maven.org/maven2/org/apache/ivy/ivy/2.5.0/ivy-2.5.0.jar
      [get] To: C:\SourceTree\GitHub\HL7-mappings\_ant-buildfiles\ant-include\ivy\ivy.jar
      [get] Not modified - so not downloaded

install-ivy:

fetch-imports:
[ivy:resolve] :: Apache Ivy 2.5.0 - 20191020104435 :: https://ant.apache.org/ivy/ ::
[ivy:resolve] :: loading settings :: file = C:\SourceTree\GitHub\HL7-mappings\_ant-buildfiles\ant-include\ivysettings.xml
[ivy:resolve] :: resolving dependencies :: nl.nictiz.decor#tools;working@NICT1-NB144087 [not transitive]
[ivy:resolve] 	confs: [default]
[ivy:resolve] 	found net.sf.saxon#Saxon-HE;9.9.1-7 in local-chain
[ivy:resolve] 	found xerces#xercesImpl;2.12.0 in maven
[ivy:resolve] :: resolution report :: resolve 79ms :: artifacts dl 13ms
	---------------------------------------------------------------------
	|                  |            modules            ||   artifacts   |
	|       conf       | number| search|dwnlded|evicted|| number|dwnlded|
	---------------------------------------------------------------------
	|      default     |   2   |   0   |   0   |   0   ||   6   |   0   |
	---------------------------------------------------------------------
[ivy:retrieve] :: retrieving :: nl.nictiz.decor#tools [sync]
[ivy:retrieve] 	confs: [default]
[ivy:retrieve] 	0 artifacts copied, 2 already retrieved (0kB/28ms)
[ivy:dependencytree] Dependency tree for nl.nictiz.decor-tools
[ivy:dependencytree] +- net.sf.saxon#Saxon-HE;9.9.1-7
[ivy:dependencytree] \- xerces#xercesImpl;2.12.0

convert_ada_2_hl7_sub:
     [echo] Deleting previous results, if any
     [echo] 
     [echo] ADA to HL7 ../../beschikbaarstellen_medicatieoverzicht/../../MP90_Transform_Organizer2CDA.xsl input dir ../../beschikbaarstellen_medicatieoverzicht/hl7_instance_mp
     [xslt] Processing C:\SourceTree\GitHub\HL7-mappings\ada_2_hl7\mp\9.0.7\beschikbaarstellen_medicatieoverzicht\hl7_instance_mp\mo-mor-ma-Scenario0-0-b-output.xml to C:\SourceTree\GitHub\HL7-mappings\ada_2_hl7\mp\9.0.7\beschikbaarstellen_medicatieoverzicht\cda_instance_mp\mo-mor-ma-Scenario0-0-b-output.xml
     [xslt] Loading stylesheet C:\SourceTree\GitHub\HL7-mappings\ada_2_hl7\mp\MP90_Transform_Organizer2CDA.xsl
     [xslt] C:\SourceTree\GitHub\HL7-mappings\ada_2_hl7\mp\MP90_Transform_Organizer2CDA.xsl:18:3: Warning! The attribute axis starting at a document node will never select anything
     [xslt] Processing C:\SourceTree\GitHub\HL7-mappings\ada_2_hl7\mp\9.0.7\beschikbaarstellen_medicatieoverzicht\hl7_instance_mp\mo-mor-ma-Scenario1-0-b-output.xml to C:\SourceTree\GitHub\HL7-mappings\ada_2_hl7\mp\9.0.7\beschikbaarstellen_medicatieoverzicht\cda_instance_mp\mo-mor-ma-Scenario1-0-b-output.xml
     [xslt] Processing C:\SourceTree\GitHub\HL7-mappings\ada_2_hl7\mp\9.0.7\beschikbaarstellen_medicatieoverzicht\hl7_instance_mp\mo-mor-ma-Scenario2-0-b-output.xml to C:\SourceTree\GitHub\HL7-mappings\ada_2_hl7\mp\9.0.7\beschikbaarstellen_medicatieoverzicht\cda_instance_mp\mo-mor-ma-Scenario2-0-b-output.xml
     [xslt] Processing C:\SourceTree\GitHub\HL7-mappings\ada_2_hl7\mp\9.0.7\beschikbaarstellen_medicatieoverzicht\hl7_instance_mp\mo-mor-ma-Scenario3-0-b-output.xml to C:\SourceTree\GitHub\HL7-mappings\ada_2_hl7\mp\9.0.7\beschikbaarstellen_medicatieoverzicht\cda_instance_mp\mo-mor-ma-Scenario3-0-b-output.xml
     [xslt] Processing C:\SourceTree\GitHub\HL7-mappings\ada_2_hl7\mp\9.0.7\beschikbaarstellen_medicatieoverzicht\hl7_instance_mp\mo-mor-ma-Scenario3-1-b-output.xml to C:\SourceTree\GitHub\HL7-mappings\ada_2_hl7\mp\9.0.7\beschikbaarstellen_medicatieoverzicht\cda_instance_mp\mo-mor-ma-Scenario3-1-b-output.xml

download-ivy:
     [echo] installing ivy...
      [get] Getting: https://repo1.maven.org/maven2/org/apache/ivy/ivy/2.5.0/ivy-2.5.0.jar
      [get] To: C:\SourceTree\GitHub\HL7-mappings\_ant-buildfiles\ant-include\ivy\ivy.jar
      [get] Not modified - so not downloaded

install-ivy:

fetch-imports:
[ivy:resolve] :: Apache Ivy 2.5.0 - 20191020104435 :: https://ant.apache.org/ivy/ ::
[ivy:resolve] :: loading settings :: file = C:\SourceTree\GitHub\HL7-mappings\_ant-buildfiles\ant-include\ivysettings.xml
[ivy:resolve] :: resolving dependencies :: nl.nictiz.decor#tools;working@NICT1-NB144087 [not transitive]
[ivy:resolve] 	confs: [default]
[ivy:resolve] 	found net.sf.saxon#Saxon-HE;9.9.1-7 in local-chain
[ivy:resolve] 	found xerces#xercesImpl;2.12.0 in maven
[ivy:resolve] :: resolution report :: resolve 73ms :: artifacts dl 12ms
	---------------------------------------------------------------------
	|                  |            modules            ||   artifacts   |
	|       conf       | number| search|dwnlded|evicted|| number|dwnlded|
	---------------------------------------------------------------------
	|      default     |   2   |   0   |   0   |   0   ||   6   |   0   |
	---------------------------------------------------------------------
[ivy:retrieve] :: retrieving :: nl.nictiz.decor#tools [sync]
[ivy:retrieve] 	confs: [default]
[ivy:retrieve] 	0 artifacts copied, 2 already retrieved (0kB/28ms)
[ivy:dependencytree] Dependency tree for nl.nictiz.decor-tools
[ivy:dependencytree] +- net.sf.saxon#Saxon-HE;9.9.1-7
[ivy:dependencytree] \- xerces#xercesImpl;2.12.0

convert_ada_2_hl7_examples:
     [echo] Deleting previous results, if any
     [echo] 
     [echo] ADA to HL7 ../../sturen_medicatievoorschrift/payload/sturen_medicatievoorschrift_org.xsl input dir ../../xml-voorbeelden/ada_instance
     [xslt] Processing C:\SourceTree\GitHub\HL7-mappings\ada_2_hl7\mp\9.0.7\xml-voorbeelden\ada_instance\mv-example-MBH_907_1.xml to C:\SourceTree\GitHub\HL7-mappings\ada_2_hl7\mp\9.0.7\xml-voorbeelden\hl7_instance\mv-example-MBH_907_1.xml
     [xslt] Loading stylesheet C:\SourceTree\GitHub\HL7-mappings\ada_2_hl7\mp\9.0.7\sturen_medicatievoorschrift\payload\sturen_medicatievoorschrift_org.xsl
     [echo] 
     [echo] ADA to HL7 ../../beschikbaarstellen_medicatiegegevens/payload/beschikbaarstellen_medicatiegegevens_org.xsl input dir ../../xml-voorbeelden/ada_instance
     [xslt] Processing C:\SourceTree\GitHub\HL7-mappings\ada_2_hl7\mp\9.0.7\xml-voorbeelden\ada_instance\mg-example-MBH_907_1.xml to C:\SourceTree\GitHub\HL7-mappings\ada_2_hl7\mp\9.0.7\xml-voorbeelden\hl7_instance\mg-example-MBH_907_1.xml
     [xslt] Loading stylesheet C:\SourceTree\GitHub\HL7-mappings\ada_2_hl7\mp\9.0.7\beschikbaarstellen_medicatiegegevens\payload\beschikbaarstellen_medicatiegegevens_org.xsl
     [xslt] Processing C:\SourceTree\GitHub\HL7-mappings\ada_2_hl7\mp\9.0.7\xml-voorbeelden\ada_instance\mg-example-MBH_907_2.xml to C:\SourceTree\GitHub\HL7-mappings\ada_2_hl7\mp\9.0.7\xml-voorbeelden\hl7_instance\mg-example-MBH_907_2.xml
     [xslt] Processing C:\SourceTree\GitHub\HL7-mappings\ada_2_hl7\mp\9.0.7\xml-voorbeelden\ada_instance\mg-example-MBH_907_3.xml to C:\SourceTree\GitHub\HL7-mappings\ada_2_hl7\mp\9.0.7\xml-voorbeelden\hl7_instance\mg-example-MBH_907_3.xml
     [echo] 
     [echo] ADA to HL7 ../../beschikbaarstellen_medicatieoverzicht/payload/beschikbaarstellen_medicatieoverzicht_org.xsl input dir ../../xml-voorbeelden/ada_instance
     [xslt] Processing C:\SourceTree\GitHub\HL7-mappings\ada_2_hl7\mp\9.0.7\xml-voorbeelden\ada_instance\mo-example-907_1.xml to C:\SourceTree\GitHub\HL7-mappings\ada_2_hl7\mp\9.0.7\xml-voorbeelden\hl7_instance\mo-example-907_1.xml
     [xslt] Loading stylesheet C:\SourceTree\GitHub\HL7-mappings\ada_2_hl7\mp\9.0.7\beschikbaarstellen_medicatieoverzicht\payload\beschikbaarstellen_medicatieoverzicht_org.xsl
     [echo] 
     [echo] ADA to HL7 ../../sturen_medicatiegebruik/payload/sturen_medicatiegebruik_org.xsl input dir ../../xml-voorbeelden/ada_instance
     [xslt] Processing C:\SourceTree\GitHub\HL7-mappings\ada_2_hl7\mp\9.0.7\xml-voorbeelden\ada_instance\mgb-example-MBH_907_3.xml to C:\SourceTree\GitHub\HL7-mappings\ada_2_hl7\mp\9.0.7\xml-voorbeelden\hl7_instance\mgb-example-MBH_907_3.xml
     [xslt] Loading stylesheet C:\SourceTree\GitHub\HL7-mappings\ada_2_hl7\mp\9.0.7\sturen_medicatiegebruik\payload\sturen_medicatiegebruik_org.xsl
     [echo] 
     [echo] ADA to HL7 ../../sturen_afhandeling_medicatievoorschrift/payload/sturen_afhandeling_medicatievoorschrift_org.xsl input dir ../../xml-voorbeelden/ada_instance
     [xslt] Processing C:\SourceTree\GitHub\HL7-mappings\ada_2_hl7\mp\9.0.7\xml-voorbeelden\ada_instance\av-example-MBH_907_2.xml to C:\SourceTree\GitHub\HL7-mappings\ada_2_hl7\mp\9.0.7\xml-voorbeelden\hl7_instance\av-example-MBH_907_2.xml
     [xslt] Loading stylesheet C:\SourceTree\GitHub\HL7-mappings\ada_2_hl7\mp\9.0.7\sturen_afhandeling_medicatievoorschrift\payload\sturen_afhandeling_medicatievoorschrift_org.xsl
     [echo] 
     [echo] ADA to HL7 ../../../MP90_Transform_Organizer2CDA.xsl input dir ../../xml-voorbeelden/hl7_instance
     [xslt] Processing C:\SourceTree\GitHub\HL7-mappings\ada_2_hl7\mp\9.0.7\xml-voorbeelden\hl7_instance\av-example-MBH_907_2.xml to C:\SourceTree\GitHub\HL7-mappings\ada_2_hl7\mp\9.0.7\xml-voorbeelden\cda_instance\av-example-MBH_907_2.xml
     [xslt] Loading stylesheet C:\SourceTree\GitHub\HL7-mappings\ada_2_hl7\mp\MP90_Transform_Organizer2CDA.xsl
     [xslt] C:\SourceTree\GitHub\HL7-mappings\ada_2_hl7\mp\MP90_Transform_Organizer2CDA.xsl:18:3: Warning! The attribute axis starting at a document node will never select anything
     [xslt] Processing C:\SourceTree\GitHub\HL7-mappings\ada_2_hl7\mp\9.0.7\xml-voorbeelden\hl7_instance\mg-example-MBH_907_1.xml to C:\SourceTree\GitHub\HL7-mappings\ada_2_hl7\mp\9.0.7\xml-voorbeelden\cda_instance\mg-example-MBH_907_1.xml
     [xslt] Processing C:\SourceTree\GitHub\HL7-mappings\ada_2_hl7\mp\9.0.7\xml-voorbeelden\hl7_instance\mg-example-MBH_907_2.xml to C:\SourceTree\GitHub\HL7-mappings\ada_2_hl7\mp\9.0.7\xml-voorbeelden\cda_instance\mg-example-MBH_907_2.xml
     [xslt] Processing C:\SourceTree\GitHub\HL7-mappings\ada_2_hl7\mp\9.0.7\xml-voorbeelden\hl7_instance\mg-example-MBH_907_3.xml to C:\SourceTree\GitHub\HL7-mappings\ada_2_hl7\mp\9.0.7\xml-voorbeelden\cda_instance\mg-example-MBH_907_3.xml
     [xslt] Processing C:\SourceTree\GitHub\HL7-mappings\ada_2_hl7\mp\9.0.7\xml-voorbeelden\hl7_instance\mgb-example-MBH_907_3.xml to C:\SourceTree\GitHub\HL7-mappings\ada_2_hl7\mp\9.0.7\xml-voorbeelden\cda_instance\mgb-example-MBH_907_3.xml
     [xslt] Processing C:\SourceTree\GitHub\HL7-mappings\ada_2_hl7\mp\9.0.7\xml-voorbeelden\hl7_instance\mo-example-907_1.xml to C:\SourceTree\GitHub\HL7-mappings\ada_2_hl7\mp\9.0.7\xml-voorbeelden\cda_instance\mo-example-907_1.xml
     [xslt] Processing C:\SourceTree\GitHub\HL7-mappings\ada_2_hl7\mp\9.0.7\xml-voorbeelden\hl7_instance\mv-example-MBH_907_1.xml to C:\SourceTree\GitHub\HL7-mappings\ada_2_hl7\mp\9.0.7\xml-voorbeelden\cda_instance\mv-example-MBH_907_1.xml
     [echo] 
     [echo] ADA to HL7 ../../xml-voorbeelden/bouwstenen_transacties/bouwstenen_transacties_org.xsl input files in ../../xml-voorbeelden/ada_instance
     [xslt] Processing C:\SourceTree\GitHub\HL7-mappings\ada_2_hl7\mp\9.0.7\xml-voorbeelden\bouwstenen_transacties\dummy.xml to C:\SourceTree\GitHub\HL7-mappings\ada_2_hl7\mp\9.0.7\xml-voorbeelden\bouwstenen_transacties\dummy-out.xml
     [xslt] Loading stylesheet C:\SourceTree\GitHub\HL7-mappings\ada_2_hl7\mp\9.0.7\xml-voorbeelden\bouwstenen_transacties\bouwstenen_transacties_org.xsl
     [xslt] C:\SourceTree\GitHub\HL7-mappings\ada_2_hl7\mp\9.0.7\xml-voorbeelden\bouwstenen_transacties\bouwstenen_transacties_org.xsl:16:56: Fatal Error! I/O error reported by XML parser processing file:/C:/SourceTree/GitHub/HL7-mappings/ada_2_hl7/mp/9.0.7/2_hl7_mp_include_920.xsl: C:\SourceTree\GitHub\HL7-mappings\ada_2_hl7\mp\9.0.7\2_hl7_mp_include_920.xsl (Het systeem kan het opgegeven bestand niet vinden) Cause: java.io.FileNotFoundException: C:\SourceTree\GitHub\HL7-mappings\ada_2_hl7\mp\9.0.7\2_hl7_mp_include_920.xsl (Het systeem kan het opgegeven bestand niet vinden)
     [xslt] C:\SourceTree\GitHub\HL7-mappings\ada_2_hl7\mp\9.0.7\xml-voorbeelden\bouwstenen_transacties\bouwstenen_transacties_org.xsl:16:56: Fatal Error! I/O error reported by XML parser processing file:/C:/SourceTree/GitHub/HL7-mappings/ada_2_hl7/mp/9.0.7/2_hl7_mp_include_920.xsl: C:\SourceTree\GitHub\HL7-mappings\ada_2_hl7\mp\9.0.7\2_hl7_mp_include_920.xsl (Het systeem kan het opgegeven bestand niet vinden) Cause: java.io.FileNotFoundException: C:\SourceTree\GitHub\HL7-mappings\ada_2_hl7\mp\9.0.7\2_hl7_mp_include_920.xsl (Het systeem kan het opgegeven bestand niet vinden)
     [xslt] C:\SourceTree\GitHub\HL7-mappings\ada_2_hl7\mp\9.0.7\xml-voorbeelden\bouwstenen_transacties\bouwstenen_transacties_org.xsl:16:56: Fatal Error! I/O error reported by XML parser processing file:/C:/SourceTree/GitHub/HL7-mappings/ada_2_hl7/mp/9.0.7/2_hl7_mp_include_920.xsl: C:\SourceTree\GitHub\HL7-mappings\ada_2_hl7\mp\9.0.7\2_hl7_mp_include_920.xsl (Het systeem kan het opgegeven bestand niet vinden) Cause: java.io.FileNotFoundException: C:\SourceTree\GitHub\HL7-mappings\ada_2_hl7\mp\9.0.7\2_hl7_mp_include_920.xsl (Het systeem kan het opgegeven bestand niet vinden)
     [xslt] Failed to process C:\SourceTree\GitHub\HL7-mappings\ada_2_hl7\mp\9.0.7\xml-voorbeelden\bouwstenen_transacties\dummy.xml
