Buildfile: C:\SourceTree\GitHub\HL7-mappings\ada_2_hl7\mp\9.1.0\_ant-buildfiles\ant-publish\build-ada2hl7-mp-910.xml

download-ivy:
     [echo] installing ivy...
      [get] Getting: https://repo1.maven.org/maven2/org/apache/ivy/ivy/2.5.0/ivy-2.5.0.jar
      [get] To: C:\SourceTree\GitHub\HL7-mappings\_ant-buildfiles\ant-include\ivy\ivy.jar
      [get] Not modified - so not downloaded

install-ivy:

fetch-imports:
[ivy:resolve] :: Apache Ivy 2.5.0 - 20191020104435 :: https://ant.apache.org/ivy/ ::
[ivy:resolve] :: loading settings :: file = C:\SourceTree\GitHub\HL7-mappings\_ant-buildfiles\ant-include\ivysettings.xml
[ivy:resolve] :: resolving dependencies :: nl.nictiz.decor#tools;working@NICT1-NB144087 [not transitive]
[ivy:resolve] 	confs: [default]
[ivy:resolve] 	found net.sf.saxon#Saxon-HE;9.8.0-15 in maven
[ivy:resolve] 	found xerces#xercesImpl;2.12.0 in maven
[ivy:resolve] :: resolution report :: resolve 192ms :: artifacts dl 26ms
	---------------------------------------------------------------------
	|                  |            modules            ||   artifacts   |
	|       conf       | number| search|dwnlded|evicted|| number|dwnlded|
	---------------------------------------------------------------------
	|      default     |   2   |   0   |   0   |   0   ||   6   |   0   |
	---------------------------------------------------------------------
[ivy:retrieve] :: retrieving :: nl.nictiz.decor#tools [sync]
[ivy:retrieve] 	confs: [default]
[ivy:retrieve] 	0 artifacts copied, 2 already retrieved (0kB/19ms)
[ivy:dependencytree] Dependency tree for nl.nictiz.decor-tools
[ivy:dependencytree] +- net.sf.saxon#Saxon-HE;9.8.0-15
[ivy:dependencytree] \- xerces#xercesImpl;2.12.0

convert_ada_2_hl7:

download-ivy:
     [echo] installing ivy...
      [get] Getting: https://repo1.maven.org/maven2/org/apache/ivy/ivy/2.5.0/ivy-2.5.0.jar
      [get] To: C:\SourceTree\GitHub\HL7-mappings\_ant-buildfiles\ant-include\ivy\ivy.jar
      [get] Not modified - so not downloaded

install-ivy:

fetch-imports:
[ivy:resolve] :: Apache Ivy 2.5.0 - 20191020104435 :: https://ant.apache.org/ivy/ ::
[ivy:resolve] :: loading settings :: file = C:\SourceTree\GitHub\HL7-mappings\_ant-buildfiles\ant-include\ivysettings.xml
[ivy:resolve] :: resolving dependencies :: nl.nictiz.decor#tools;working@NICT1-NB144087 [not transitive]
[ivy:resolve] 	confs: [default]
[ivy:resolve] 	found net.sf.saxon#Saxon-HE;9.8.0-15 in maven
[ivy:resolve] 	found xerces#xercesImpl;2.12.0 in maven
[ivy:resolve] :: resolution report :: resolve 118ms :: artifacts dl 25ms
	---------------------------------------------------------------------
	|                  |            modules            ||   artifacts   |
	|       conf       | number| search|dwnlded|evicted|| number|dwnlded|
	---------------------------------------------------------------------
	|      default     |   2   |   0   |   0   |   0   ||   6   |   0   |
	---------------------------------------------------------------------
[ivy:retrieve] :: retrieving :: nl.nictiz.decor#tools [sync]
[ivy:retrieve] 	confs: [default]
[ivy:retrieve] 	0 artifacts copied, 2 already retrieved (0kB/10ms)
[ivy:dependencytree] Dependency tree for nl.nictiz.decor-tools
[ivy:dependencytree] +- net.sf.saxon#Saxon-HE;9.8.0-15
[ivy:dependencytree] \- xerces#xercesImpl;2.12.0

convert_ada_2_hl7_sub:
     [echo] Deleting previous results, if any
     [echo] 
     [echo] ADA to HL7 ../../sturen_medicatievoorschrift/payload/sturen_medicatievoorschrift_org.xsl input dir ../../sturen_medicatievoorschrift/ada_instance
     [xslt] Processing C:\SourceTree\GitHub\HL7-mappings\ada_2_hl7\mp\9.1.0\sturen_medicatievoorschrift\ada_instance\mv-mvr-Scenarioset1-MBH_910_chronisch-3.xml to C:\SourceTree\GitHub\HL7-mappings\ada_2_hl7\mp\9.1.0\sturen_medicatievoorschrift\hl7_instance\mv-mvr-Scenarioset1-MBH_910_chronisch-3.xml
     [xslt] Loading stylesheet C:\SourceTree\GitHub\HL7-mappings\ada_2_hl7\mp\9.1.0\sturen_medicatievoorschrift\payload\sturen_medicatievoorschrift_org.xsl
     [xslt] Processing C:\SourceTree\GitHub\HL7-mappings\ada_2_hl7\mp\9.1.0\sturen_medicatievoorschrift\ada_instance\mv-mvr-Scenarioset1-MBH_910_chronisch-4.xml to C:\SourceTree\GitHub\HL7-mappings\ada_2_hl7\mp\9.1.0\sturen_medicatievoorschrift\hl7_instance\mv-mvr-Scenarioset1-MBH_910_chronisch-4.xml
     [xslt] Processing C:\SourceTree\GitHub\HL7-mappings\ada_2_hl7\mp\9.1.0\sturen_medicatievoorschrift\ada_instance\mv-mvr-Scenarioset1-MBH_910_dosis_stuks-6.xml to C:\SourceTree\GitHub\HL7-mappings\ada_2_hl7\mp\9.1.0\sturen_medicatievoorschrift\hl7_instance\mv-mvr-Scenarioset1-MBH_910_dosis_stuks-6.xml
     [xslt] Processing C:\SourceTree\GitHub\HL7-mappings\ada_2_hl7\mp\9.1.0\sturen_medicatievoorschrift\ada_instance\mv-mvr-Scenarioset1-MBH_910_start_duur-2.xml to C:\SourceTree\GitHub\HL7-mappings\ada_2_hl7\mp\9.1.0\sturen_medicatievoorschrift\hl7_instance\mv-mvr-Scenarioset1-MBH_910_start_duur-2.xml
     [xslt] Processing C:\SourceTree\GitHub\HL7-mappings\ada_2_hl7\mp\9.1.0\sturen_medicatievoorschrift\ada_instance\mv-mvr-Scenarioset1-MBH_910_start_duur2-5.xml to C:\SourceTree\GitHub\HL7-mappings\ada_2_hl7\mp\9.1.0\sturen_medicatievoorschrift\hl7_instance\mv-mvr-Scenarioset1-MBH_910_start_duur2-5.xml
     [xslt] Processing C:\SourceTree\GitHub\HL7-mappings\ada_2_hl7\mp\9.1.0\sturen_medicatievoorschrift\ada_instance\mv-mvr-Scenarioset1-MBH_910_start_eind-1.xml to C:\SourceTree\GitHub\HL7-mappings\ada_2_hl7\mp\9.1.0\sturen_medicatievoorschrift\hl7_instance\mv-mvr-Scenarioset1-MBH_910_start_eind-1.xml
     [xslt] Processing C:\SourceTree\GitHub\HL7-mappings\ada_2_hl7\mp\9.1.0\sturen_medicatievoorschrift\ada_instance\mv-mvr-Scenarioset10-MBH_910_HPKvoorschrijven-1.xml to C:\SourceTree\GitHub\HL7-mappings\ada_2_hl7\mp\9.1.0\sturen_medicatievoorschrift\hl7_instance\mv-mvr-Scenarioset10-MBH_910_HPKvoorschrijven-1.xml
     [xslt] Processing C:\SourceTree\GitHub\HL7-mappings\ada_2_hl7\mp\9.1.0\sturen_medicatievoorschrift\ada_instance\mv-mvr-Scenarioset10-MBH_910_ZINRvoorschrijven-2.xml to C:\SourceTree\GitHub\HL7-mappings\ada_2_hl7\mp\9.1.0\sturen_medicatievoorschrift\hl7_instance\mv-mvr-Scenarioset10-MBH_910_ZINRvoorschrijven-2.xml
     [xslt] Processing C:\SourceTree\GitHub\HL7-mappings\ada_2_hl7\mp\9.1.0\sturen_medicatievoorschrift\ada_instance\mv-mvr-Scenarioset2-MBH_910_aanvullendeinformatiewensen-4.xml to C:\SourceTree\GitHub\HL7-mappings\ada_2_hl7\mp\9.1.0\sturen_medicatievoorschrift\hl7_instance\mv-mvr-Scenarioset2-MBH_910_aanvullendeinformatiewensen-4.xml
     [xslt] Processing C:\SourceTree\GitHub\HL7-mappings\ada_2_hl7\mp\9.1.0\sturen_medicatievoorschrift\ada_instance\mv-mvr-Scenarioset2-MBH_910_aanvullendeinstructie-1.xml to C:\SourceTree\GitHub\HL7-mappings\ada_2_hl7\mp\9.1.0\sturen_medicatievoorschrift\hl7_instance\mv-mvr-Scenarioset2-MBH_910_aanvullendeinstructie-1.xml
     [xslt] Processing C:\SourceTree\GitHub\HL7-mappings\ada_2_hl7\mp\9.1.0\sturen_medicatievoorschrift\ada_instance\mv-mvr-Scenarioset2-MBH_910_redenvanvoorschrijven-3.xml to C:\SourceTree\GitHub\HL7-mappings\ada_2_hl7\mp\9.1.0\sturen_medicatievoorschrift\hl7_instance\mv-mvr-Scenarioset2-MBH_910_redenvanvoorschrijven-3.xml
     [xslt] Processing C:\SourceTree\GitHub\HL7-mappings\ada_2_hl7\mp\9.1.0\sturen_medicatievoorschrift\ada_instance\mv-mvr-Scenarioset2-MBH_910_toelichting-2.xml to C:\SourceTree\GitHub\HL7-mappings\ada_2_hl7\mp\9.1.0\sturen_medicatievoorschrift\hl7_instance\mv-mvr-Scenarioset2-MBH_910_toelichting-2.xml
     [xslt] Processing C:\SourceTree\GitHub\HL7-mappings\ada_2_hl7\mp\9.1.0\sturen_medicatievoorschrift\ada_instance\mv-mvr-Scenarioset3-MBH_910_aanvullendeinformatiewensen-4.xml to C:\SourceTree\GitHub\HL7-mappings\ada_2_hl7\mp\9.1.0\sturen_medicatievoorschrift\hl7_instance\mv-mvr-Scenarioset3-MBH_910_aanvullendeinformatiewensen-4.xml
     [xslt] Processing C:\SourceTree\GitHub\HL7-mappings\ada_2_hl7\mp\9.1.0\sturen_medicatievoorschrift\ada_instance\mv-mvr-Scenarioset3-MBH_910_aanvullendeinstructie-1.xml to C:\SourceTree\GitHub\HL7-mappings\ada_2_hl7\mp\9.1.0\sturen_medicatievoorschrift\hl7_instance\mv-mvr-Scenarioset3-MBH_910_aanvullendeinstructie-1.xml
     [xslt] Processing C:\SourceTree\GitHub\HL7-mappings\ada_2_hl7\mp\9.1.0\sturen_medicatievoorschrift\ada_instance\mv-mvr-Scenarioset3-MBH_910_redenvanvoorschrijven-3.xml to C:\SourceTree\GitHub\HL7-mappings\ada_2_hl7\mp\9.1.0\sturen_medicatievoorschrift\hl7_instance\mv-mvr-Scenarioset3-MBH_910_redenvanvoorschrijven-3.xml
     [xslt] Processing C:\SourceTree\GitHub\HL7-mappings\ada_2_hl7\mp\9.1.0\sturen_medicatievoorschrift\ada_instance\mv-mvr-Scenarioset3-MBH_910_toelichting-2.xml to C:\SourceTree\GitHub\HL7-mappings\ada_2_hl7\mp\9.1.0\sturen_medicatievoorschrift\hl7_instance\mv-mvr-Scenarioset3-MBH_910_toelichting-2.xml
     [xslt] Processing C:\SourceTree\GitHub\HL7-mappings\ada_2_hl7\mp\9.1.0\sturen_medicatievoorschrift\ada_instance\mv-mvr-Scenarioset4_a-MBH_910_Lengte_Gewicht-1.xml to C:\SourceTree\GitHub\HL7-mappings\ada_2_hl7\mp\9.1.0\sturen_medicatievoorschrift\hl7_instance\mv-mvr-Scenarioset4_a-MBH_910_Lengte_Gewicht-1.xml
     [xslt] Processing C:\SourceTree\GitHub\HL7-mappings\ada_2_hl7\mp\9.1.0\sturen_medicatievoorschrift\ada_instance\mv-mvr-Scenarioset4_b-MBH_910_Lengte_Gewicht_Persistent-1.xml to C:\SourceTree\GitHub\HL7-mappings\ada_2_hl7\mp\9.1.0\sturen_medicatievoorschrift\hl7_instance\mv-mvr-Scenarioset4_b-MBH_910_Lengte_Gewicht_Persistent-1.xml
     [xslt] Processing C:\SourceTree\GitHub\HL7-mappings\ada_2_hl7\mp\9.1.0\sturen_medicatievoorschrift\ada_instance\mv-mvr-Scenarioset5_a-MBH_910_Nierfunctie-1.xml to C:\SourceTree\GitHub\HL7-mappings\ada_2_hl7\mp\9.1.0\sturen_medicatievoorschrift\hl7_instance\mv-mvr-Scenarioset5_a-MBH_910_Nierfunctie-1.xml
     [xslt] Processing C:\SourceTree\GitHub\HL7-mappings\ada_2_hl7\mp\9.1.0\sturen_medicatievoorschrift\ada_instance\mv-mvr-Scenarioset5_b-MBH_910_Nierfunctie_Persistent-1.xml to C:\SourceTree\GitHub\HL7-mappings\ada_2_hl7\mp\9.1.0\sturen_medicatievoorschrift\hl7_instance\mv-mvr-Scenarioset5_b-MBH_910_Nierfunctie_Persistent-1.xml
     [xslt] Processing C:\SourceTree\GitHub\HL7-mappings\ada_2_hl7\mp\9.1.0\sturen_medicatievoorschrift\ada_instance\mv-mvr-Scenarioset6-MBH_910_afbouwschema-11.xml to C:\SourceTree\GitHub\HL7-mappings\ada_2_hl7\mp\9.1.0\sturen_medicatievoorschrift\hl7_instance\mv-mvr-Scenarioset6-MBH_910_afbouwschema-11.xml
     [xslt] Processing C:\SourceTree\GitHub\HL7-mappings\ada_2_hl7\mp\9.1.0\sturen_medicatievoorschrift\ada_instance\mv-mvr-Scenarioset6-MBH_910_bijzonderekeerdosis-5.xml to C:\SourceTree\GitHub\HL7-mappings\ada_2_hl7\mp\9.1.0\sturen_medicatievoorschrift\hl7_instance\mv-mvr-Scenarioset6-MBH_910_bijzonderekeerdosis-5.xml
     [xslt] Processing C:\SourceTree\GitHub\HL7-mappings\ada_2_hl7\mp\9.1.0\sturen_medicatievoorschrift\ada_instance\mv-mvr-Scenarioset6-MBH_910_cyclischschema-10.xml to C:\SourceTree\GitHub\HL7-mappings\ada_2_hl7\mp\9.1.0\sturen_medicatievoorschrift\hl7_instance\mv-mvr-Scenarioset6-MBH_910_cyclischschema-10.xml
     [xslt] Processing C:\SourceTree\GitHub\HL7-mappings\ada_2_hl7\mp\9.1.0\sturen_medicatievoorschrift\ada_instance\mv-mvr-Scenarioset6-MBH_910_dagdeel-9.xml to C:\SourceTree\GitHub\HL7-mappings\ada_2_hl7\mp\9.1.0\sturen_medicatievoorschrift\hl7_instance\mv-mvr-Scenarioset6-MBH_910_dagdeel-9.xml
     [xslt] Processing C:\SourceTree\GitHub\HL7-mappings\ada_2_hl7\mp\9.1.0\sturen_medicatievoorschrift\ada_instance\mv-mvr-Scenarioset6-MBH_910_interval-2.xml to C:\SourceTree\GitHub\HL7-mappings\ada_2_hl7\mp\9.1.0\sturen_medicatievoorschrift\hl7_instance\mv-mvr-Scenarioset6-MBH_910_interval-2.xml
     [xslt] Processing C:\SourceTree\GitHub\HL7-mappings\ada_2_hl7\mp\9.1.0\sturen_medicatievoorschrift\ada_instance\mv-mvr-Scenarioset6-MBH_910_tijdstippen-7.xml to C:\SourceTree\GitHub\HL7-mappings\ada_2_hl7\mp\9.1.0\sturen_medicatievoorschrift\hl7_instance\mv-mvr-Scenarioset6-MBH_910_tijdstippen-7.xml
     [xslt] Processing C:\SourceTree\GitHub\HL7-mappings\ada_2_hl7\mp\9.1.0\sturen_medicatievoorschrift\ada_instance\mv-mvr-Scenarioset6-MBH_910_tijdstippenExact-16.xml to C:\SourceTree\GitHub\HL7-mappings\ada_2_hl7\mp\9.1.0\sturen_medicatievoorschrift\hl7_instance\mv-mvr-Scenarioset6-MBH_910_tijdstippenExact-16.xml
     [xslt] Processing C:\SourceTree\GitHub\HL7-mappings\ada_2_hl7\mp\9.1.0\sturen_medicatievoorschrift\ada_instance\mv-mvr-Scenarioset6-MBH_910_toedieningsduur-14.xml to C:\SourceTree\GitHub\HL7-mappings\ada_2_hl7\mp\9.1.0\sturen_medicatievoorschrift\hl7_instance\mv-mvr-Scenarioset6-MBH_910_toedieningsduur-14.xml
     [xslt] Processing C:\SourceTree\GitHub\HL7-mappings\ada_2_hl7\mp\9.1.0\sturen_medicatievoorschrift\ada_instance\mv-mvr-Scenarioset6-MBH_910_toedieningssnelheid-13.xml to C:\SourceTree\GitHub\HL7-mappings\ada_2_hl7\mp\9.1.0\sturen_medicatievoorschrift\hl7_instance\mv-mvr-Scenarioset6-MBH_910_toedieningssnelheid-13.xml
     [xslt] Processing C:\SourceTree\GitHub\HL7-mappings\ada_2_hl7\mp\9.1.0\sturen_medicatievoorschrift\ada_instance\mv-mvr-Scenarioset6-MBH_910_variabelefrequentie-1.xml to C:\SourceTree\GitHub\HL7-mappings\ada_2_hl7\mp\9.1.0\sturen_medicatievoorschrift\hl7_instance\mv-mvr-Scenarioset6-MBH_910_variabelefrequentie-1.xml
     [xslt] Processing C:\SourceTree\GitHub\HL7-mappings\ada_2_hl7\mp\9.1.0\sturen_medicatievoorschrift\ada_instance\mv-mvr-Scenarioset6-MBH_910_variabelehoeveelheid-3.xml to C:\SourceTree\GitHub\HL7-mappings\ada_2_hl7\mp\9.1.0\sturen_medicatievoorschrift\hl7_instance\mv-mvr-Scenarioset6-MBH_910_variabelehoeveelheid-3.xml
     [xslt] Processing C:\SourceTree\GitHub\HL7-mappings\ada_2_hl7\mp\9.1.0\sturen_medicatievoorschrift\ada_instance\mv-mvr-Scenarioset6-MBH_910_variabelehoeveelheid2-6.xml to C:\SourceTree\GitHub\HL7-mappings\ada_2_hl7\mp\9.1.0\sturen_medicatievoorschrift\hl7_instance\mv-mvr-Scenarioset6-MBH_910_variabelehoeveelheid2-6.xml
     [xslt] Processing C:\SourceTree\GitHub\HL7-mappings\ada_2_hl7\mp\9.1.0\sturen_medicatievoorschrift\ada_instance\mv-mvr-Scenarioset6-MBH_910_variabelehoeveelheidenmaximum-12.xml to C:\SourceTree\GitHub\HL7-mappings\ada_2_hl7\mp\9.1.0\sturen_medicatievoorschrift\hl7_instance\mv-mvr-Scenarioset6-MBH_910_variabelehoeveelheidenmaximum-12.xml
     [xslt] Processing C:\SourceTree\GitHub\HL7-mappings\ada_2_hl7\mp\9.1.0\sturen_medicatievoorschrift\ada_instance\mv-mvr-Scenarioset6-MBH_910_weekdagen-8.xml to C:\SourceTree\GitHub\HL7-mappings\ada_2_hl7\mp\9.1.0\sturen_medicatievoorschrift\hl7_instance\mv-mvr-Scenarioset6-MBH_910_weekdagen-8.xml
     [xslt] Processing C:\SourceTree\GitHub\HL7-mappings\ada_2_hl7\mp\9.1.0\sturen_medicatievoorschrift\ada_instance\mv-mvr-Scenarioset6-MBH_910_zonderkeerdosis-4.xml to C:\SourceTree\GitHub\HL7-mappings\ada_2_hl7\mp\9.1.0\sturen_medicatievoorschrift\hl7_instance\mv-mvr-Scenarioset6-MBH_910_zonderkeerdosis-4.xml
     [xslt] Processing C:\SourceTree\GitHub\HL7-mappings\ada_2_hl7\mp\9.1.0\sturen_medicatievoorschrift\ada_instance\mv-mvr-Scenarioset6-MBH_910_zonodig-15.xml to C:\SourceTree\GitHub\HL7-mappings\ada_2_hl7\mp\9.1.0\sturen_medicatievoorschrift\hl7_instance\mv-mvr-Scenarioset6-MBH_910_zonodig-15.xml
     [xslt] Processing C:\SourceTree\GitHub\HL7-mappings\ada_2_hl7\mp\9.1.0\sturen_medicatievoorschrift\ada_instance\mv-mvr-Scenarioset7-MBH_910_magistraal90miljoennr-3.xml to C:\SourceTree\GitHub\HL7-mappings\ada_2_hl7\mp\9.1.0\sturen_medicatievoorschrift\hl7_instance\mv-mvr-Scenarioset7-MBH_910_magistraal90miljoennr-3.xml
     [xslt] Processing C:\SourceTree\GitHub\HL7-mappings\ada_2_hl7\mp\9.1.0\sturen_medicatievoorschrift\ada_instance\mv-mvr-Scenarioset7-MBH_910_magistraalactieveingredient-2.xml to C:\SourceTree\GitHub\HL7-mappings\ada_2_hl7\mp\9.1.0\sturen_medicatievoorschrift\hl7_instance\mv-mvr-Scenarioset7-MBH_910_magistraalactieveingredient-2.xml
     [xslt] Processing C:\SourceTree\GitHub\HL7-mappings\ada_2_hl7\mp\9.1.0\sturen_medicatievoorschrift\ada_instance\mv-mvr-Scenarioset7-MBH_910_magistraalalleingredienten-1.xml to C:\SourceTree\GitHub\HL7-mappings\ada_2_hl7\mp\9.1.0\sturen_medicatievoorschrift\hl7_instance\mv-mvr-Scenarioset7-MBH_910_magistraalalleingredienten-1.xml
     [xslt] Processing C:\SourceTree\GitHub\HL7-mappings\ada_2_hl7\mp\9.1.0\sturen_medicatievoorschrift\ada_instance\mv-mvr-Scenarioset8-MBH_910_VVandermansMA-1.xml to C:\SourceTree\GitHub\HL7-mappings\ada_2_hl7\mp\9.1.0\sturen_medicatievoorschrift\hl7_instance\mv-mvr-Scenarioset8-MBH_910_VVandermansMA-1.xml
     [xslt] Processing C:\SourceTree\GitHub\HL7-mappings\ada_2_hl7\mp\9.1.0\sturen_medicatievoorschrift\ada_instance\mv-mvr-Scenarioset8-MBH_910_onderbrekenandermansMA-3.xml to C:\SourceTree\GitHub\HL7-mappings\ada_2_hl7\mp\9.1.0\sturen_medicatievoorschrift\hl7_instance\mv-mvr-Scenarioset8-MBH_910_onderbrekenandermansMA-3.xml
     [xslt] Processing C:\SourceTree\GitHub\HL7-mappings\ada_2_hl7\mp\9.1.0\sturen_medicatievoorschrift\ada_instance\mv-mvr-Scenarioset8-MBH_910_stakenandermansMA-2.xml to C:\SourceTree\GitHub\HL7-mappings\ada_2_hl7\mp\9.1.0\sturen_medicatievoorschrift\hl7_instance\mv-mvr-Scenarioset8-MBH_910_stakenandermansMA-2.xml
     [xslt] Processing C:\SourceTree\GitHub\HL7-mappings\ada_2_hl7\mp\9.1.0\sturen_medicatievoorschrift\ada_instance\mv-mvr-Scenarioset8-MBH_910_wijzigenandermansMA-4.xml to C:\SourceTree\GitHub\HL7-mappings\ada_2_hl7\mp\9.1.0\sturen_medicatievoorschrift\hl7_instance\mv-mvr-Scenarioset8-MBH_910_wijzigenandermansMA-4.xml
     [xslt] Processing C:\SourceTree\GitHub\HL7-mappings\ada_2_hl7\mp\9.1.0\sturen_medicatievoorschrift\ada_instance\mv-mvr-Scenarioset9-MBH_910_afleverlocatie-3.xml to C:\SourceTree\GitHub\HL7-mappings\ada_2_hl7\mp\9.1.0\sturen_medicatievoorschrift\hl7_instance\mv-mvr-Scenarioset9-MBH_910_afleverlocatie-3.xml
     [xslt] Processing C:\SourceTree\GitHub\HL7-mappings\ada_2_hl7\mp\9.1.0\sturen_medicatievoorschrift\ada_instance\mv-mvr-Scenarioset9-MBH_910_herhalingen-2.xml to C:\SourceTree\GitHub\HL7-mappings\ada_2_hl7\mp\9.1.0\sturen_medicatievoorschrift\hl7_instance\mv-mvr-Scenarioset9-MBH_910_herhalingen-2.xml
     [xslt] Processing C:\SourceTree\GitHub\HL7-mappings\ada_2_hl7\mp\9.1.0\sturen_medicatievoorschrift\ada_instance\mv-mvr-Scenarioset9-MBH_910_logistiekeverbruiksperiode_duur_dagen-5.xml to C:\SourceTree\GitHub\HL7-mappings\ada_2_hl7\mp\9.1.0\sturen_medicatievoorschrift\hl7_instance\mv-mvr-Scenarioset9-MBH_910_logistiekeverbruiksperiode_duur_dagen-5.xml
     [xslt] Processing C:\SourceTree\GitHub\HL7-mappings\ada_2_hl7\mp\9.1.0\sturen_medicatievoorschrift\ada_instance\mv-mvr-Scenarioset9-MBH_910_logistiekeverbruiksperiode_eind-4.xml to C:\SourceTree\GitHub\HL7-mappings\ada_2_hl7\mp\9.1.0\sturen_medicatievoorschrift\hl7_instance\mv-mvr-Scenarioset9-MBH_910_logistiekeverbruiksperiode_eind-4.xml
     [xslt] Processing C:\SourceTree\GitHub\HL7-mappings\ada_2_hl7\mp\9.1.0\sturen_medicatievoorschrift\ada_instance\mv-mvr-Scenarioset9-MBH_910_logistiekeverbruiksperiode_start_eind-1.xml to C:\SourceTree\GitHub\HL7-mappings\ada_2_hl7\mp\9.1.0\sturen_medicatievoorschrift\hl7_instance\mv-mvr-Scenarioset9-MBH_910_logistiekeverbruiksperiode_start_eind-1.xml

download-ivy:
     [echo] installing ivy...
      [get] Getting: https://repo1.maven.org/maven2/org/apache/ivy/ivy/2.5.0/ivy-2.5.0.jar
      [get] To: C:\SourceTree\GitHub\HL7-mappings\_ant-buildfiles\ant-include\ivy\ivy.jar
      [get] Not modified - so not downloaded

install-ivy:

fetch-imports:
[ivy:resolve] :: Apache Ivy 2.5.0 - 20191020104435 :: https://ant.apache.org/ivy/ ::
[ivy:resolve] :: loading settings :: file = C:\SourceTree\GitHub\HL7-mappings\_ant-buildfiles\ant-include\ivysettings.xml
[ivy:resolve] :: resolving dependencies :: nl.nictiz.decor#tools;working@NICT1-NB144087 [not transitive]
[ivy:resolve] 	confs: [default]
[ivy:resolve] 	found net.sf.saxon#Saxon-HE;9.8.0-15 in maven
[ivy:resolve] 	found xerces#xercesImpl;2.12.0 in maven
[ivy:resolve] :: resolution report :: resolve 130ms :: artifacts dl 21ms
	---------------------------------------------------------------------
	|                  |            modules            ||   artifacts   |
	|       conf       | number| search|dwnlded|evicted|| number|dwnlded|
	---------------------------------------------------------------------
	|      default     |   2   |   0   |   0   |   0   ||   6   |   0   |
	---------------------------------------------------------------------
[ivy:retrieve] :: retrieving :: nl.nictiz.decor#tools [sync]
[ivy:retrieve] 	confs: [default]
[ivy:retrieve] 	0 artifacts copied, 2 already retrieved (0kB/9ms)
[ivy:dependencytree] Dependency tree for nl.nictiz.decor-tools
[ivy:dependencytree] +- net.sf.saxon#Saxon-HE;9.8.0-15
[ivy:dependencytree] \- xerces#xercesImpl;2.12.0

convert_ada_2_hl7_sub:
     [echo] Deleting previous results, if any
     [echo] 
     [echo] ADA to HL7 ../../sturen_medicatievoorschrift/../../MP90_Transform_Organizer2CDA.xsl input dir ../../sturen_medicatievoorschrift/hl7_instance
     [xslt] Processing C:\SourceTree\GitHub\HL7-mappings\ada_2_hl7\mp\9.1.0\sturen_medicatievoorschrift\hl7_instance\mv-mvr-Scenarioset1-MBH_910_chronisch-3.xml to C:\SourceTree\GitHub\HL7-mappings\ada_2_hl7\mp\9.1.0\sturen_medicatievoorschrift\cda_instance\mv-mvr-Scenarioset1-MBH_910_chronisch-3.xml
     [xslt] Loading stylesheet C:\SourceTree\GitHub\HL7-mappings\ada_2_hl7\mp\MP90_Transform_Organizer2CDA.xsl
     [xslt] Processing C:\SourceTree\GitHub\HL7-mappings\ada_2_hl7\mp\9.1.0\sturen_medicatievoorschrift\hl7_instance\mv-mvr-Scenarioset1-MBH_910_chronisch-4.xml to C:\SourceTree\GitHub\HL7-mappings\ada_2_hl7\mp\9.1.0\sturen_medicatievoorschrift\cda_instance\mv-mvr-Scenarioset1-MBH_910_chronisch-4.xml
     [xslt] Processing C:\SourceTree\GitHub\HL7-mappings\ada_2_hl7\mp\9.1.0\sturen_medicatievoorschrift\hl7_instance\mv-mvr-Scenarioset1-MBH_910_dosis_stuks-6.xml to C:\SourceTree\GitHub\HL7-mappings\ada_2_hl7\mp\9.1.0\sturen_medicatievoorschrift\cda_instance\mv-mvr-Scenarioset1-MBH_910_dosis_stuks-6.xml
     [xslt] Processing C:\SourceTree\GitHub\HL7-mappings\ada_2_hl7\mp\9.1.0\sturen_medicatievoorschrift\hl7_instance\mv-mvr-Scenarioset1-MBH_910_start_duur-2.xml to C:\SourceTree\GitHub\HL7-mappings\ada_2_hl7\mp\9.1.0\sturen_medicatievoorschrift\cda_instance\mv-mvr-Scenarioset1-MBH_910_start_duur-2.xml
     [xslt] Processing C:\SourceTree\GitHub\HL7-mappings\ada_2_hl7\mp\9.1.0\sturen_medicatievoorschrift\hl7_instance\mv-mvr-Scenarioset1-MBH_910_start_duur2-5.xml to C:\SourceTree\GitHub\HL7-mappings\ada_2_hl7\mp\9.1.0\sturen_medicatievoorschrift\cda_instance\mv-mvr-Scenarioset1-MBH_910_start_duur2-5.xml
     [xslt] Processing C:\SourceTree\GitHub\HL7-mappings\ada_2_hl7\mp\9.1.0\sturen_medicatievoorschrift\hl7_instance\mv-mvr-Scenarioset1-MBH_910_start_eind-1.xml to C:\SourceTree\GitHub\HL7-mappings\ada_2_hl7\mp\9.1.0\sturen_medicatievoorschrift\cda_instance\mv-mvr-Scenarioset1-MBH_910_start_eind-1.xml
     [xslt] Processing C:\SourceTree\GitHub\HL7-mappings\ada_2_hl7\mp\9.1.0\sturen_medicatievoorschrift\hl7_instance\mv-mvr-Scenarioset10-MBH_910_HPKvoorschrijven-1.xml to C:\SourceTree\GitHub\HL7-mappings\ada_2_hl7\mp\9.1.0\sturen_medicatievoorschrift\cda_instance\mv-mvr-Scenarioset10-MBH_910_HPKvoorschrijven-1.xml
     [xslt] Processing C:\SourceTree\GitHub\HL7-mappings\ada_2_hl7\mp\9.1.0\sturen_medicatievoorschrift\hl7_instance\mv-mvr-Scenarioset10-MBH_910_ZINRvoorschrijven-2.xml to C:\SourceTree\GitHub\HL7-mappings\ada_2_hl7\mp\9.1.0\sturen_medicatievoorschrift\cda_instance\mv-mvr-Scenarioset10-MBH_910_ZINRvoorschrijven-2.xml
     [xslt] Processing C:\SourceTree\GitHub\HL7-mappings\ada_2_hl7\mp\9.1.0\sturen_medicatievoorschrift\hl7_instance\mv-mvr-Scenarioset2-MBH_910_aanvullendeinformatiewensen-4.xml to C:\SourceTree\GitHub\HL7-mappings\ada_2_hl7\mp\9.1.0\sturen_medicatievoorschrift\cda_instance\mv-mvr-Scenarioset2-MBH_910_aanvullendeinformatiewensen-4.xml
     [xslt] Processing C:\SourceTree\GitHub\HL7-mappings\ada_2_hl7\mp\9.1.0\sturen_medicatievoorschrift\hl7_instance\mv-mvr-Scenarioset2-MBH_910_aanvullendeinstructie-1.xml to C:\SourceTree\GitHub\HL7-mappings\ada_2_hl7\mp\9.1.0\sturen_medicatievoorschrift\cda_instance\mv-mvr-Scenarioset2-MBH_910_aanvullendeinstructie-1.xml
     [xslt] Processing C:\SourceTree\GitHub\HL7-mappings\ada_2_hl7\mp\9.1.0\sturen_medicatievoorschrift\hl7_instance\mv-mvr-Scenarioset2-MBH_910_redenvanvoorschrijven-3.xml to C:\SourceTree\GitHub\HL7-mappings\ada_2_hl7\mp\9.1.0\sturen_medicatievoorschrift\cda_instance\mv-mvr-Scenarioset2-MBH_910_redenvanvoorschrijven-3.xml
     [xslt] Processing C:\SourceTree\GitHub\HL7-mappings\ada_2_hl7\mp\9.1.0\sturen_medicatievoorschrift\hl7_instance\mv-mvr-Scenarioset2-MBH_910_toelichting-2.xml to C:\SourceTree\GitHub\HL7-mappings\ada_2_hl7\mp\9.1.0\sturen_medicatievoorschrift\cda_instance\mv-mvr-Scenarioset2-MBH_910_toelichting-2.xml
     [xslt] Processing C:\SourceTree\GitHub\HL7-mappings\ada_2_hl7\mp\9.1.0\sturen_medicatievoorschrift\hl7_instance\mv-mvr-Scenarioset3-MBH_910_aanvullendeinformatiewensen-4.xml to C:\SourceTree\GitHub\HL7-mappings\ada_2_hl7\mp\9.1.0\sturen_medicatievoorschrift\cda_instance\mv-mvr-Scenarioset3-MBH_910_aanvullendeinformatiewensen-4.xml
     [xslt] Processing C:\SourceTree\GitHub\HL7-mappings\ada_2_hl7\mp\9.1.0\sturen_medicatievoorschrift\hl7_instance\mv-mvr-Scenarioset3-MBH_910_aanvullendeinstructie-1.xml to C:\SourceTree\GitHub\HL7-mappings\ada_2_hl7\mp\9.1.0\sturen_medicatievoorschrift\cda_instance\mv-mvr-Scenarioset3-MBH_910_aanvullendeinstructie-1.xml
     [xslt] Processing C:\SourceTree\GitHub\HL7-mappings\ada_2_hl7\mp\9.1.0\sturen_medicatievoorschrift\hl7_instance\mv-mvr-Scenarioset3-MBH_910_redenvanvoorschrijven-3.xml to C:\SourceTree\GitHub\HL7-mappings\ada_2_hl7\mp\9.1.0\sturen_medicatievoorschrift\cda_instance\mv-mvr-Scenarioset3-MBH_910_redenvanvoorschrijven-3.xml
     [xslt] Processing C:\SourceTree\GitHub\HL7-mappings\ada_2_hl7\mp\9.1.0\sturen_medicatievoorschrift\hl7_instance\mv-mvr-Scenarioset3-MBH_910_toelichting-2.xml to C:\SourceTree\GitHub\HL7-mappings\ada_2_hl7\mp\9.1.0\sturen_medicatievoorschrift\cda_instance\mv-mvr-Scenarioset3-MBH_910_toelichting-2.xml
     [xslt] Processing C:\SourceTree\GitHub\HL7-mappings\ada_2_hl7\mp\9.1.0\sturen_medicatievoorschrift\hl7_instance\mv-mvr-Scenarioset4_a-MBH_910_Lengte_Gewicht-1.xml to C:\SourceTree\GitHub\HL7-mappings\ada_2_hl7\mp\9.1.0\sturen_medicatievoorschrift\cda_instance\mv-mvr-Scenarioset4_a-MBH_910_Lengte_Gewicht-1.xml
     [xslt] Processing C:\SourceTree\GitHub\HL7-mappings\ada_2_hl7\mp\9.1.0\sturen_medicatievoorschrift\hl7_instance\mv-mvr-Scenarioset4_b-MBH_910_Lengte_Gewicht_Persistent-1.xml to C:\SourceTree\GitHub\HL7-mappings\ada_2_hl7\mp\9.1.0\sturen_medicatievoorschrift\cda_instance\mv-mvr-Scenarioset4_b-MBH_910_Lengte_Gewicht_Persistent-1.xml
     [xslt] Processing C:\SourceTree\GitHub\HL7-mappings\ada_2_hl7\mp\9.1.0\sturen_medicatievoorschrift\hl7_instance\mv-mvr-Scenarioset5_a-MBH_910_Nierfunctie-1.xml to C:\SourceTree\GitHub\HL7-mappings\ada_2_hl7\mp\9.1.0\sturen_medicatievoorschrift\cda_instance\mv-mvr-Scenarioset5_a-MBH_910_Nierfunctie-1.xml
     [xslt] Processing C:\SourceTree\GitHub\HL7-mappings\ada_2_hl7\mp\9.1.0\sturen_medicatievoorschrift\hl7_instance\mv-mvr-Scenarioset5_b-MBH_910_Nierfunctie_Persistent-1.xml to C:\SourceTree\GitHub\HL7-mappings\ada_2_hl7\mp\9.1.0\sturen_medicatievoorschrift\cda_instance\mv-mvr-Scenarioset5_b-MBH_910_Nierfunctie_Persistent-1.xml
     [xslt] Processing C:\SourceTree\GitHub\HL7-mappings\ada_2_hl7\mp\9.1.0\sturen_medicatievoorschrift\hl7_instance\mv-mvr-Scenarioset6-MBH_910_afbouwschema-11.xml to C:\SourceTree\GitHub\HL7-mappings\ada_2_hl7\mp\9.1.0\sturen_medicatievoorschrift\cda_instance\mv-mvr-Scenarioset6-MBH_910_afbouwschema-11.xml
     [xslt] Processing C:\SourceTree\GitHub\HL7-mappings\ada_2_hl7\mp\9.1.0\sturen_medicatievoorschrift\hl7_instance\mv-mvr-Scenarioset6-MBH_910_bijzonderekeerdosis-5.xml to C:\SourceTree\GitHub\HL7-mappings\ada_2_hl7\mp\9.1.0\sturen_medicatievoorschrift\cda_instance\mv-mvr-Scenarioset6-MBH_910_bijzonderekeerdosis-5.xml
     [xslt] Processing C:\SourceTree\GitHub\HL7-mappings\ada_2_hl7\mp\9.1.0\sturen_medicatievoorschrift\hl7_instance\mv-mvr-Scenarioset6-MBH_910_cyclischschema-10.xml to C:\SourceTree\GitHub\HL7-mappings\ada_2_hl7\mp\9.1.0\sturen_medicatievoorschrift\cda_instance\mv-mvr-Scenarioset6-MBH_910_cyclischschema-10.xml
     [xslt] Processing C:\SourceTree\GitHub\HL7-mappings\ada_2_hl7\mp\9.1.0\sturen_medicatievoorschrift\hl7_instance\mv-mvr-Scenarioset6-MBH_910_dagdeel-9.xml to C:\SourceTree\GitHub\HL7-mappings\ada_2_hl7\mp\9.1.0\sturen_medicatievoorschrift\cda_instance\mv-mvr-Scenarioset6-MBH_910_dagdeel-9.xml
     [xslt] Processing C:\SourceTree\GitHub\HL7-mappings\ada_2_hl7\mp\9.1.0\sturen_medicatievoorschrift\hl7_instance\mv-mvr-Scenarioset6-MBH_910_interval-2.xml to C:\SourceTree\GitHub\HL7-mappings\ada_2_hl7\mp\9.1.0\sturen_medicatievoorschrift\cda_instance\mv-mvr-Scenarioset6-MBH_910_interval-2.xml
     [xslt] Processing C:\SourceTree\GitHub\HL7-mappings\ada_2_hl7\mp\9.1.0\sturen_medicatievoorschrift\hl7_instance\mv-mvr-Scenarioset6-MBH_910_tijdstippen-7.xml to C:\SourceTree\GitHub\HL7-mappings\ada_2_hl7\mp\9.1.0\sturen_medicatievoorschrift\cda_instance\mv-mvr-Scenarioset6-MBH_910_tijdstippen-7.xml
     [xslt] Processing C:\SourceTree\GitHub\HL7-mappings\ada_2_hl7\mp\9.1.0\sturen_medicatievoorschrift\hl7_instance\mv-mvr-Scenarioset6-MBH_910_tijdstippenExact-16.xml to C:\SourceTree\GitHub\HL7-mappings\ada_2_hl7\mp\9.1.0\sturen_medicatievoorschrift\cda_instance\mv-mvr-Scenarioset6-MBH_910_tijdstippenExact-16.xml
     [xslt] Processing C:\SourceTree\GitHub\HL7-mappings\ada_2_hl7\mp\9.1.0\sturen_medicatievoorschrift\hl7_instance\mv-mvr-Scenarioset6-MBH_910_toedieningsduur-14.xml to C:\SourceTree\GitHub\HL7-mappings\ada_2_hl7\mp\9.1.0\sturen_medicatievoorschrift\cda_instance\mv-mvr-Scenarioset6-MBH_910_toedieningsduur-14.xml
     [xslt] Processing C:\SourceTree\GitHub\HL7-mappings\ada_2_hl7\mp\9.1.0\sturen_medicatievoorschrift\hl7_instance\mv-mvr-Scenarioset6-MBH_910_toedieningssnelheid-13.xml to C:\SourceTree\GitHub\HL7-mappings\ada_2_hl7\mp\9.1.0\sturen_medicatievoorschrift\cda_instance\mv-mvr-Scenarioset6-MBH_910_toedieningssnelheid-13.xml
     [xslt] Processing C:\SourceTree\GitHub\HL7-mappings\ada_2_hl7\mp\9.1.0\sturen_medicatievoorschrift\hl7_instance\mv-mvr-Scenarioset6-MBH_910_variabelefrequentie-1.xml to C:\SourceTree\GitHub\HL7-mappings\ada_2_hl7\mp\9.1.0\sturen_medicatievoorschrift\cda_instance\mv-mvr-Scenarioset6-MBH_910_variabelefrequentie-1.xml
     [xslt] Processing C:\SourceTree\GitHub\HL7-mappings\ada_2_hl7\mp\9.1.0\sturen_medicatievoorschrift\hl7_instance\mv-mvr-Scenarioset6-MBH_910_variabelehoeveelheid-3.xml to C:\SourceTree\GitHub\HL7-mappings\ada_2_hl7\mp\9.1.0\sturen_medicatievoorschrift\cda_instance\mv-mvr-Scenarioset6-MBH_910_variabelehoeveelheid-3.xml
     [xslt] Processing C:\SourceTree\GitHub\HL7-mappings\ada_2_hl7\mp\9.1.0\sturen_medicatievoorschrift\hl7_instance\mv-mvr-Scenarioset6-MBH_910_variabelehoeveelheid2-6.xml to C:\SourceTree\GitHub\HL7-mappings\ada_2_hl7\mp\9.1.0\sturen_medicatievoorschrift\cda_instance\mv-mvr-Scenarioset6-MBH_910_variabelehoeveelheid2-6.xml
     [xslt] Processing C:\SourceTree\GitHub\HL7-mappings\ada_2_hl7\mp\9.1.0\sturen_medicatievoorschrift\hl7_instance\mv-mvr-Scenarioset6-MBH_910_variabelehoeveelheidenmaximum-12.xml to C:\SourceTree\GitHub\HL7-mappings\ada_2_hl7\mp\9.1.0\sturen_medicatievoorschrift\cda_instance\mv-mvr-Scenarioset6-MBH_910_variabelehoeveelheidenmaximum-12.xml
     [xslt] Processing C:\SourceTree\GitHub\HL7-mappings\ada_2_hl7\mp\9.1.0\sturen_medicatievoorschrift\hl7_instance\mv-mvr-Scenarioset6-MBH_910_weekdagen-8.xml to C:\SourceTree\GitHub\HL7-mappings\ada_2_hl7\mp\9.1.0\sturen_medicatievoorschrift\cda_instance\mv-mvr-Scenarioset6-MBH_910_weekdagen-8.xml
     [xslt] Processing C:\SourceTree\GitHub\HL7-mappings\ada_2_hl7\mp\9.1.0\sturen_medicatievoorschrift\hl7_instance\mv-mvr-Scenarioset6-MBH_910_zonderkeerdosis-4.xml to C:\SourceTree\GitHub\HL7-mappings\ada_2_hl7\mp\9.1.0\sturen_medicatievoorschrift\cda_instance\mv-mvr-Scenarioset6-MBH_910_zonderkeerdosis-4.xml
     [xslt] Processing C:\SourceTree\GitHub\HL7-mappings\ada_2_hl7\mp\9.1.0\sturen_medicatievoorschrift\hl7_instance\mv-mvr-Scenarioset6-MBH_910_zonodig-15.xml to C:\SourceTree\GitHub\HL7-mappings\ada_2_hl7\mp\9.1.0\sturen_medicatievoorschrift\cda_instance\mv-mvr-Scenarioset6-MBH_910_zonodig-15.xml
     [xslt] Processing C:\SourceTree\GitHub\HL7-mappings\ada_2_hl7\mp\9.1.0\sturen_medicatievoorschrift\hl7_instance\mv-mvr-Scenarioset7-MBH_910_magistraal90miljoennr-3.xml to C:\SourceTree\GitHub\HL7-mappings\ada_2_hl7\mp\9.1.0\sturen_medicatievoorschrift\cda_instance\mv-mvr-Scenarioset7-MBH_910_magistraal90miljoennr-3.xml
     [xslt] Processing C:\SourceTree\GitHub\HL7-mappings\ada_2_hl7\mp\9.1.0\sturen_medicatievoorschrift\hl7_instance\mv-mvr-Scenarioset7-MBH_910_magistraalactieveingredient-2.xml to C:\SourceTree\GitHub\HL7-mappings\ada_2_hl7\mp\9.1.0\sturen_medicatievoorschrift\cda_instance\mv-mvr-Scenarioset7-MBH_910_magistraalactieveingredient-2.xml
     [xslt] Processing C:\SourceTree\GitHub\HL7-mappings\ada_2_hl7\mp\9.1.0\sturen_medicatievoorschrift\hl7_instance\mv-mvr-Scenarioset7-MBH_910_magistraalalleingredienten-1.xml to C:\SourceTree\GitHub\HL7-mappings\ada_2_hl7\mp\9.1.0\sturen_medicatievoorschrift\cda_instance\mv-mvr-Scenarioset7-MBH_910_magistraalalleingredienten-1.xml
     [xslt] Processing C:\SourceTree\GitHub\HL7-mappings\ada_2_hl7\mp\9.1.0\sturen_medicatievoorschrift\hl7_instance\mv-mvr-Scenarioset8-MBH_910_VVandermansMA-1.xml to C:\SourceTree\GitHub\HL7-mappings\ada_2_hl7\mp\9.1.0\sturen_medicatievoorschrift\cda_instance\mv-mvr-Scenarioset8-MBH_910_VVandermansMA-1.xml
     [xslt] Processing C:\SourceTree\GitHub\HL7-mappings\ada_2_hl7\mp\9.1.0\sturen_medicatievoorschrift\hl7_instance\mv-mvr-Scenarioset8-MBH_910_onderbrekenandermansMA-3.xml to C:\SourceTree\GitHub\HL7-mappings\ada_2_hl7\mp\9.1.0\sturen_medicatievoorschrift\cda_instance\mv-mvr-Scenarioset8-MBH_910_onderbrekenandermansMA-3.xml
     [xslt] Processing C:\SourceTree\GitHub\HL7-mappings\ada_2_hl7\mp\9.1.0\sturen_medicatievoorschrift\hl7_instance\mv-mvr-Scenarioset8-MBH_910_stakenandermansMA-2.xml to C:\SourceTree\GitHub\HL7-mappings\ada_2_hl7\mp\9.1.0\sturen_medicatievoorschrift\cda_instance\mv-mvr-Scenarioset8-MBH_910_stakenandermansMA-2.xml
     [xslt] Processing C:\SourceTree\GitHub\HL7-mappings\ada_2_hl7\mp\9.1.0\sturen_medicatievoorschrift\hl7_instance\mv-mvr-Scenarioset8-MBH_910_wijzigenandermansMA-4.xml to C:\SourceTree\GitHub\HL7-mappings\ada_2_hl7\mp\9.1.0\sturen_medicatievoorschrift\cda_instance\mv-mvr-Scenarioset8-MBH_910_wijzigenandermansMA-4.xml
     [xslt] Processing C:\SourceTree\GitHub\HL7-mappings\ada_2_hl7\mp\9.1.0\sturen_medicatievoorschrift\hl7_instance\mv-mvr-Scenarioset9-MBH_910_afleverlocatie-3.xml to C:\SourceTree\GitHub\HL7-mappings\ada_2_hl7\mp\9.1.0\sturen_medicatievoorschrift\cda_instance\mv-mvr-Scenarioset9-MBH_910_afleverlocatie-3.xml
     [xslt] Processing C:\SourceTree\GitHub\HL7-mappings\ada_2_hl7\mp\9.1.0\sturen_medicatievoorschrift\hl7_instance\mv-mvr-Scenarioset9-MBH_910_herhalingen-2.xml to C:\SourceTree\GitHub\HL7-mappings\ada_2_hl7\mp\9.1.0\sturen_medicatievoorschrift\cda_instance\mv-mvr-Scenarioset9-MBH_910_herhalingen-2.xml
     [xslt] Processing C:\SourceTree\GitHub\HL7-mappings\ada_2_hl7\mp\9.1.0\sturen_medicatievoorschrift\hl7_instance\mv-mvr-Scenarioset9-MBH_910_logistiekeverbruiksperiode_duur_dagen-5.xml to C:\SourceTree\GitHub\HL7-mappings\ada_2_hl7\mp\9.1.0\sturen_medicatievoorschrift\cda_instance\mv-mvr-Scenarioset9-MBH_910_logistiekeverbruiksperiode_duur_dagen-5.xml
     [xslt] Processing C:\SourceTree\GitHub\HL7-mappings\ada_2_hl7\mp\9.1.0\sturen_medicatievoorschrift\hl7_instance\mv-mvr-Scenarioset9-MBH_910_logistiekeverbruiksperiode_eind-4.xml to C:\SourceTree\GitHub\HL7-mappings\ada_2_hl7\mp\9.1.0\sturen_medicatievoorschrift\cda_instance\mv-mvr-Scenarioset9-MBH_910_logistiekeverbruiksperiode_eind-4.xml
     [xslt] Processing C:\SourceTree\GitHub\HL7-mappings\ada_2_hl7\mp\9.1.0\sturen_medicatievoorschrift\hl7_instance\mv-mvr-Scenarioset9-MBH_910_logistiekeverbruiksperiode_start_eind-1.xml to C:\SourceTree\GitHub\HL7-mappings\ada_2_hl7\mp\9.1.0\sturen_medicatievoorschrift\cda_instance\mv-mvr-Scenarioset9-MBH_910_logistiekeverbruiksperiode_start_eind-1.xml

download-ivy:
     [echo] installing ivy...
      [get] Getting: https://repo1.maven.org/maven2/org/apache/ivy/ivy/2.5.0/ivy-2.5.0.jar
      [get] To: C:\SourceTree\GitHub\HL7-mappings\_ant-buildfiles\ant-include\ivy\ivy.jar
      [get] Not modified - so not downloaded

install-ivy:

fetch-imports:
[ivy:resolve] :: Apache Ivy 2.5.0 - 20191020104435 :: https://ant.apache.org/ivy/ ::
[ivy:resolve] :: loading settings :: file = C:\SourceTree\GitHub\HL7-mappings\_ant-buildfiles\ant-include\ivysettings.xml
[ivy:resolve] :: resolving dependencies :: nl.nictiz.decor#tools;working@NICT1-NB144087 [not transitive]
[ivy:resolve] 	confs: [default]
[ivy:resolve] 	found net.sf.saxon#Saxon-HE;9.8.0-15 in maven
[ivy:resolve] 	found xerces#xercesImpl;2.12.0 in maven
[ivy:resolve] :: resolution report :: resolve 97ms :: artifacts dl 16ms
	---------------------------------------------------------------------
	|                  |            modules            ||   artifacts   |
	|       conf       | number| search|dwnlded|evicted|| number|dwnlded|
	---------------------------------------------------------------------
	|      default     |   2   |   0   |   0   |   0   ||   6   |   0   |
	---------------------------------------------------------------------
[ivy:retrieve] :: retrieving :: nl.nictiz.decor#tools [sync]
[ivy:retrieve] 	confs: [default]
[ivy:retrieve] 	0 artifacts copied, 2 already retrieved (0kB/7ms)
[ivy:dependencytree] Dependency tree for nl.nictiz.decor-tools
[ivy:dependencytree] +- net.sf.saxon#Saxon-HE;9.8.0-15
[ivy:dependencytree] \- xerces#xercesImpl;2.12.0

convert_ada_2_hl7_sub:
     [echo] Deleting previous results, if any
