Buildfile: C:\Users\Arianne\Documents\SourceTree\GitHub\HL7-mappings-dev\ada_2_hl7\mp\9.1.0\_ant-buildfiles\ant-publish\build-ada2hl7-mp-910.xml

download-ivy:
     [echo] installing ivy...
      [get] Getting: https://repo1.maven.org/maven2/org/apache/ivy/ivy/2.4.0/ivy-2.4.0.jar
      [get] To: C:\Users\Arianne\Documents\SourceTree\GitHub\HL7-mappings-dev\_ant-buildfiles\ant-include\ivy\ivy.jar
      [get] Not modified - so not downloaded

install-ivy:

fetch-imports:
[ivy:resolve] :: Apache Ivy 2.4.0 - 20141213170938 :: http://ant.apache.org/ivy/ ::
[ivy:resolve] :: loading settings :: file = C:\Users\Arianne\Documents\SourceTree\GitHub\HL7-mappings-dev\_ant-buildfiles\ant-include\ivysettings.xml
[ivy:resolve] :: resolving dependencies :: nl.nictiz.decor#tools;working@Unmanaged-NB1 [not transitive]
[ivy:resolve] 	confs: [default]
[ivy:resolve] 	found net.sf.saxon#Saxon-HE;9.5.1-5 in maven
[ivy:resolve] :: resolution report :: resolve 90ms :: artifacts dl 5ms
	---------------------------------------------------------------------
	|                  |            modules            ||   artifacts   |
	|       conf       | number| search|dwnlded|evicted|| number|dwnlded|
	---------------------------------------------------------------------
	|      default     |   1   |   0   |   0   |   0   ||   3   |   0   |
	---------------------------------------------------------------------
[ivy:retrieve] :: retrieving :: nl.nictiz.decor#tools [sync]
[ivy:retrieve] 	confs: [default]
[ivy:retrieve] 	0 artifacts copied, 1 already retrieved (0kB/8ms)
[ivy:dependencytree] Dependency tree for nl.nictiz.decor-tools
[ivy:dependencytree] \- net.sf.saxon#Saxon-HE;9.5.1-5

setup:

download-ivy:
     [echo] installing ivy...
      [get] Getting: https://repo1.maven.org/maven2/org/apache/ivy/ivy/2.4.0/ivy-2.4.0.jar
      [get] To: C:\Users\Arianne\Documents\SourceTree\GitHub\HL7-mappings-dev\_ant-buildfiles\ant-include\ivy\ivy.jar
      [get] Not modified - so not downloaded

install-ivy:

fetch-imports:
[ivy:resolve] :: Apache Ivy 2.4.0 - 20141213170938 :: http://ant.apache.org/ivy/ ::
[ivy:resolve] :: loading settings :: file = C:\Users\Arianne\Documents\SourceTree\GitHub\HL7-mappings-dev\_ant-buildfiles\ant-include\ivysettings.xml
[ivy:resolve] :: resolving dependencies :: nl.nictiz.decor#tools;working@Unmanaged-NB1 [not transitive]
[ivy:resolve] 	confs: [default]
[ivy:resolve] 	found net.sf.saxon#Saxon-HE;9.5.1-5 in maven
[ivy:resolve] :: resolution report :: resolve 82ms :: artifacts dl 8ms
	---------------------------------------------------------------------
	|                  |            modules            ||   artifacts   |
	|       conf       | number| search|dwnlded|evicted|| number|dwnlded|
	---------------------------------------------------------------------
	|      default     |   1   |   0   |   0   |   0   ||   3   |   0   |
	---------------------------------------------------------------------
[ivy:retrieve] :: retrieving :: nl.nictiz.decor#tools [sync]
[ivy:retrieve] 	confs: [default]
[ivy:retrieve] 	0 artifacts copied, 1 already retrieved (0kB/6ms)
[ivy:dependencytree] Dependency tree for nl.nictiz.decor-tools
[ivy:dependencytree] \- net.sf.saxon#Saxon-HE;9.5.1-5

setup_sub:

download-ivy:
     [echo] installing ivy...
      [get] Getting: https://repo1.maven.org/maven2/org/apache/ivy/ivy/2.4.0/ivy-2.4.0.jar
      [get] To: C:\Users\Arianne\Documents\SourceTree\GitHub\HL7-mappings-dev\_ant-buildfiles\ant-include\ivy\ivy.jar
      [get] Not modified - so not downloaded

install-ivy:

fetch-imports:
[ivy:resolve] :: Apache Ivy 2.4.0 - 20141213170938 :: http://ant.apache.org/ivy/ ::
[ivy:resolve] :: loading settings :: file = C:\Users\Arianne\Documents\SourceTree\GitHub\HL7-mappings-dev\_ant-buildfiles\ant-include\ivysettings.xml
[ivy:resolve] :: resolving dependencies :: nl.nictiz.decor#tools;working@Unmanaged-NB1 [not transitive]
[ivy:resolve] 	confs: [default]
[ivy:resolve] 	found net.sf.saxon#Saxon-HE;9.5.1-5 in maven
[ivy:resolve] :: resolution report :: resolve 81ms :: artifacts dl 6ms
	---------------------------------------------------------------------
	|                  |            modules            ||   artifacts   |
	|       conf       | number| search|dwnlded|evicted|| number|dwnlded|
	---------------------------------------------------------------------
	|      default     |   1   |   0   |   0   |   0   ||   3   |   0   |
	---------------------------------------------------------------------
[ivy:retrieve] :: retrieving :: nl.nictiz.decor#tools [sync]
[ivy:retrieve] 	confs: [default]
[ivy:retrieve] 	0 artifacts copied, 1 already retrieved (0kB/8ms)
[ivy:dependencytree] Dependency tree for nl.nictiz.decor-tools
[ivy:dependencytree] \- net.sf.saxon#Saxon-HE;9.5.1-5

setup_sub_schemas:
   [delete] Deleting directory C:\Users\Arianne\Documents\SourceTree\GitHub\HL7-mappings-dev\ada_2_hl7\mp\9.1.0\sturen_medicatievoorschrift\ada_schemas
     [copy] Copying 5 files to C:\Users\Arianne\Documents\SourceTree\GitHub\HL7-mappings-dev\ada_2_hl7\mp\9.1.0\sturen_medicatievoorschrift\ada_schemas

download-ivy:
     [echo] installing ivy...
      [get] Getting: https://repo1.maven.org/maven2/org/apache/ivy/ivy/2.4.0/ivy-2.4.0.jar
      [get] To: C:\Users\Arianne\Documents\SourceTree\GitHub\HL7-mappings-dev\_ant-buildfiles\ant-include\ivy\ivy.jar
      [get] Not modified - so not downloaded

install-ivy:

fetch-imports:
[ivy:resolve] :: Apache Ivy 2.4.0 - 20141213170938 :: http://ant.apache.org/ivy/ ::
[ivy:resolve] :: loading settings :: file = C:\Users\Arianne\Documents\SourceTree\GitHub\HL7-mappings-dev\_ant-buildfiles\ant-include\ivysettings.xml
[ivy:resolve] :: resolving dependencies :: nl.nictiz.decor#tools;working@Unmanaged-NB1 [not transitive]
[ivy:resolve] 	confs: [default]
[ivy:resolve] 	found net.sf.saxon#Saxon-HE;9.5.1-5 in maven
[ivy:resolve] :: resolution report :: resolve 63ms :: artifacts dl 7ms
	---------------------------------------------------------------------
	|                  |            modules            ||   artifacts   |
	|       conf       | number| search|dwnlded|evicted|| number|dwnlded|
	---------------------------------------------------------------------
	|      default     |   1   |   0   |   0   |   0   ||   3   |   0   |
	---------------------------------------------------------------------
[ivy:retrieve] :: retrieving :: nl.nictiz.decor#tools [sync]
[ivy:retrieve] 	confs: [default]
[ivy:retrieve] 	0 artifacts copied, 1 already retrieved (0kB/5ms)
[ivy:dependencytree] Dependency tree for nl.nictiz.decor-tools
[ivy:dependencytree] \- net.sf.saxon#Saxon-HE;9.5.1-5

setup_sub_instances:
     [echo] Copying ADA instances from C:\SVN\art_decor\trunk\ada-data\adarefs2ada\mp\9.1.0/sturen_medicatievoorschrift/ada_instance to ./sturen_medicatievoorschrift/ada_instance
   [delete] Deleting directory C:\Users\Arianne\Documents\SourceTree\GitHub\HL7-mappings-dev\ada_2_hl7\mp\9.1.0\sturen_medicatievoorschrift\ada_instance
     [copy] Copying 48 files to C:\Users\Arianne\Documents\SourceTree\GitHub\HL7-mappings-dev\ada_2_hl7\mp\9.1.0\sturen_medicatievoorschrift\ada_instance

download-ivy:
     [echo] installing ivy...
      [get] Getting: https://repo1.maven.org/maven2/org/apache/ivy/ivy/2.4.0/ivy-2.4.0.jar
      [get] To: C:\Users\Arianne\Documents\SourceTree\GitHub\HL7-mappings-dev\_ant-buildfiles\ant-include\ivy\ivy.jar
      [get] Not modified - so not downloaded

install-ivy:

fetch-imports:
[ivy:resolve] :: Apache Ivy 2.4.0 - 20141213170938 :: http://ant.apache.org/ivy/ ::
[ivy:resolve] :: loading settings :: file = C:\Users\Arianne\Documents\SourceTree\GitHub\HL7-mappings-dev\_ant-buildfiles\ant-include\ivysettings.xml
[ivy:resolve] :: resolving dependencies :: nl.nictiz.decor#tools;working@Unmanaged-NB1 [not transitive]
[ivy:resolve] 	confs: [default]
[ivy:resolve] 	found net.sf.saxon#Saxon-HE;9.5.1-5 in maven
[ivy:resolve] :: resolution report :: resolve 63ms :: artifacts dl 5ms
	---------------------------------------------------------------------
	|                  |            modules            ||   artifacts   |
	|       conf       | number| search|dwnlded|evicted|| number|dwnlded|
	---------------------------------------------------------------------
	|      default     |   1   |   0   |   0   |   0   ||   3   |   0   |
	---------------------------------------------------------------------
[ivy:retrieve] :: retrieving :: nl.nictiz.decor#tools [sync]
[ivy:retrieve] 	confs: [default]
[ivy:retrieve] 	0 artifacts copied, 1 already retrieved (0kB/5ms)
[ivy:dependencytree] Dependency tree for nl.nictiz.decor-tools
[ivy:dependencytree] \- net.sf.saxon#Saxon-HE;9.5.1-5

convert_ada_2_hl7:

download-ivy:
     [echo] installing ivy...
      [get] Getting: https://repo1.maven.org/maven2/org/apache/ivy/ivy/2.4.0/ivy-2.4.0.jar
      [get] To: C:\Users\Arianne\Documents\SourceTree\GitHub\HL7-mappings-dev\_ant-buildfiles\ant-include\ivy\ivy.jar
      [get] Not modified - so not downloaded

install-ivy:

fetch-imports:
[ivy:resolve] :: Apache Ivy 2.4.0 - 20141213170938 :: http://ant.apache.org/ivy/ ::
[ivy:resolve] :: loading settings :: file = C:\Users\Arianne\Documents\SourceTree\GitHub\HL7-mappings-dev\_ant-buildfiles\ant-include\ivysettings.xml
[ivy:resolve] :: resolving dependencies :: nl.nictiz.decor#tools;working@Unmanaged-NB1 [not transitive]
[ivy:resolve] 	confs: [default]
[ivy:resolve] 	found net.sf.saxon#Saxon-HE;9.5.1-5 in maven
[ivy:resolve] :: resolution report :: resolve 91ms :: artifacts dl 4ms
	---------------------------------------------------------------------
	|                  |            modules            ||   artifacts   |
	|       conf       | number| search|dwnlded|evicted|| number|dwnlded|
	---------------------------------------------------------------------
	|      default     |   1   |   0   |   0   |   0   ||   3   |   0   |
	---------------------------------------------------------------------
[ivy:retrieve] :: retrieving :: nl.nictiz.decor#tools [sync]
[ivy:retrieve] 	confs: [default]
[ivy:retrieve] 	0 artifacts copied, 1 already retrieved (0kB/6ms)
[ivy:dependencytree] Dependency tree for nl.nictiz.decor-tools
[ivy:dependencytree] \- net.sf.saxon#Saxon-HE;9.5.1-5

convert_ada_2_fhir_sub:
     [echo] Deleting previous results, if any
     [echo] 
     [echo] ADA to HL7v3 sturen_medicatievoorschrift/payload/sturen_medicatievoorschrift_org.xsl
     [xslt] Processing C:\Users\Arianne\Documents\SourceTree\GitHub\HL7-mappings-dev\ada_2_hl7\mp\9.1.0\sturen_medicatievoorschrift\ada_instance\mv-mvr-Scenarioset1-MBH_910_chronisch-3.xml to C:\Users\Arianne\Documents\SourceTree\GitHub\HL7-mappings-dev\ada_2_hl7\mp\9.1.0\sturen_medicatievoorschrift\hl7_instance\mv-mvr-Scenarioset1-MBH_910_chronisch-3.xml
     [xslt] Loading stylesheet C:\Users\Arianne\Documents\SourceTree\GitHub\HL7-mappings-dev\ada_2_hl7\mp\9.1.0\sturen_medicatievoorschrift\payload\sturen_medicatievoorschrift_org.xsl
     [xslt] Processing C:\Users\Arianne\Documents\SourceTree\GitHub\HL7-mappings-dev\ada_2_hl7\mp\9.1.0\sturen_medicatievoorschrift\ada_instance\mv-mvr-Scenarioset1-MBH_910_chronisch-4.xml to C:\Users\Arianne\Documents\SourceTree\GitHub\HL7-mappings-dev\ada_2_hl7\mp\9.1.0\sturen_medicatievoorschrift\hl7_instance\mv-mvr-Scenarioset1-MBH_910_chronisch-4.xml
     [xslt] Processing C:\Users\Arianne\Documents\SourceTree\GitHub\HL7-mappings-dev\ada_2_hl7\mp\9.1.0\sturen_medicatievoorschrift\ada_instance\mv-mvr-Scenarioset1-MBH_910_dosis_stuks-6.xml to C:\Users\Arianne\Documents\SourceTree\GitHub\HL7-mappings-dev\ada_2_hl7\mp\9.1.0\sturen_medicatievoorschrift\hl7_instance\mv-mvr-Scenarioset1-MBH_910_dosis_stuks-6.xml
     [xslt] Processing C:\Users\Arianne\Documents\SourceTree\GitHub\HL7-mappings-dev\ada_2_hl7\mp\9.1.0\sturen_medicatievoorschrift\ada_instance\mv-mvr-Scenarioset1-MBH_910_start_duur-2.xml to C:\Users\Arianne\Documents\SourceTree\GitHub\HL7-mappings-dev\ada_2_hl7\mp\9.1.0\sturen_medicatievoorschrift\hl7_instance\mv-mvr-Scenarioset1-MBH_910_start_duur-2.xml
     [xslt] Processing C:\Users\Arianne\Documents\SourceTree\GitHub\HL7-mappings-dev\ada_2_hl7\mp\9.1.0\sturen_medicatievoorschrift\ada_instance\mv-mvr-Scenarioset1-MBH_910_start_duur2-5.xml to C:\Users\Arianne\Documents\SourceTree\GitHub\HL7-mappings-dev\ada_2_hl7\mp\9.1.0\sturen_medicatievoorschrift\hl7_instance\mv-mvr-Scenarioset1-MBH_910_start_duur2-5.xml
     [xslt] Processing C:\Users\Arianne\Documents\SourceTree\GitHub\HL7-mappings-dev\ada_2_hl7\mp\9.1.0\sturen_medicatievoorschrift\ada_instance\mv-mvr-Scenarioset1-MBH_910_start_eind-1.xml to C:\Users\Arianne\Documents\SourceTree\GitHub\HL7-mappings-dev\ada_2_hl7\mp\9.1.0\sturen_medicatievoorschrift\hl7_instance\mv-mvr-Scenarioset1-MBH_910_start_eind-1.xml
     [xslt] Processing C:\Users\Arianne\Documents\SourceTree\GitHub\HL7-mappings-dev\ada_2_hl7\mp\9.1.0\sturen_medicatievoorschrift\ada_instance\mv-mvr-Scenarioset10-MBH_910_HPKvoorschrijven-1.xml to C:\Users\Arianne\Documents\SourceTree\GitHub\HL7-mappings-dev\ada_2_hl7\mp\9.1.0\sturen_medicatievoorschrift\hl7_instance\mv-mvr-Scenarioset10-MBH_910_HPKvoorschrijven-1.xml
     [xslt] Processing C:\Users\Arianne\Documents\SourceTree\GitHub\HL7-mappings-dev\ada_2_hl7\mp\9.1.0\sturen_medicatievoorschrift\ada_instance\mv-mvr-Scenarioset10-MBH_910_ZINRvoorschrijven-2.xml to C:\Users\Arianne\Documents\SourceTree\GitHub\HL7-mappings-dev\ada_2_hl7\mp\9.1.0\sturen_medicatievoorschrift\hl7_instance\mv-mvr-Scenarioset10-MBH_910_ZINRvoorschrijven-2.xml
     [xslt] Processing C:\Users\Arianne\Documents\SourceTree\GitHub\HL7-mappings-dev\ada_2_hl7\mp\9.1.0\sturen_medicatievoorschrift\ada_instance\mv-mvr-Scenarioset2-MBH_910_aanvullendeinformatiewensen-4.xml to C:\Users\Arianne\Documents\SourceTree\GitHub\HL7-mappings-dev\ada_2_hl7\mp\9.1.0\sturen_medicatievoorschrift\hl7_instance\mv-mvr-Scenarioset2-MBH_910_aanvullendeinformatiewensen-4.xml
     [xslt] Processing C:\Users\Arianne\Documents\SourceTree\GitHub\HL7-mappings-dev\ada_2_hl7\mp\9.1.0\sturen_medicatievoorschrift\ada_instance\mv-mvr-Scenarioset2-MBH_910_aanvullendeinstructie-1.xml to C:\Users\Arianne\Documents\SourceTree\GitHub\HL7-mappings-dev\ada_2_hl7\mp\9.1.0\sturen_medicatievoorschrift\hl7_instance\mv-mvr-Scenarioset2-MBH_910_aanvullendeinstructie-1.xml
     [xslt] Processing C:\Users\Arianne\Documents\SourceTree\GitHub\HL7-mappings-dev\ada_2_hl7\mp\9.1.0\sturen_medicatievoorschrift\ada_instance\mv-mvr-Scenarioset2-MBH_910_redenvanvoorschrijven-3.xml to C:\Users\Arianne\Documents\SourceTree\GitHub\HL7-mappings-dev\ada_2_hl7\mp\9.1.0\sturen_medicatievoorschrift\hl7_instance\mv-mvr-Scenarioset2-MBH_910_redenvanvoorschrijven-3.xml
     [xslt] Processing C:\Users\Arianne\Documents\SourceTree\GitHub\HL7-mappings-dev\ada_2_hl7\mp\9.1.0\sturen_medicatievoorschrift\ada_instance\mv-mvr-Scenarioset2-MBH_910_toelichting-2.xml to C:\Users\Arianne\Documents\SourceTree\GitHub\HL7-mappings-dev\ada_2_hl7\mp\9.1.0\sturen_medicatievoorschrift\hl7_instance\mv-mvr-Scenarioset2-MBH_910_toelichting-2.xml
     [xslt] Processing C:\Users\Arianne\Documents\SourceTree\GitHub\HL7-mappings-dev\ada_2_hl7\mp\9.1.0\sturen_medicatievoorschrift\ada_instance\mv-mvr-Scenarioset3-MBH_910_aanvullendeinformatiewensen-4.xml to C:\Users\Arianne\Documents\SourceTree\GitHub\HL7-mappings-dev\ada_2_hl7\mp\9.1.0\sturen_medicatievoorschrift\hl7_instance\mv-mvr-Scenarioset3-MBH_910_aanvullendeinformatiewensen-4.xml
     [xslt] Processing C:\Users\Arianne\Documents\SourceTree\GitHub\HL7-mappings-dev\ada_2_hl7\mp\9.1.0\sturen_medicatievoorschrift\ada_instance\mv-mvr-Scenarioset3-MBH_910_aanvullendeinstructie-1.xml to C:\Users\Arianne\Documents\SourceTree\GitHub\HL7-mappings-dev\ada_2_hl7\mp\9.1.0\sturen_medicatievoorschrift\hl7_instance\mv-mvr-Scenarioset3-MBH_910_aanvullendeinstructie-1.xml
     [xslt] Processing C:\Users\Arianne\Documents\SourceTree\GitHub\HL7-mappings-dev\ada_2_hl7\mp\9.1.0\sturen_medicatievoorschrift\ada_instance\mv-mvr-Scenarioset3-MBH_910_redenvanvoorschrijven-3.xml to C:\Users\Arianne\Documents\SourceTree\GitHub\HL7-mappings-dev\ada_2_hl7\mp\9.1.0\sturen_medicatievoorschrift\hl7_instance\mv-mvr-Scenarioset3-MBH_910_redenvanvoorschrijven-3.xml
     [xslt] Processing C:\Users\Arianne\Documents\SourceTree\GitHub\HL7-mappings-dev\ada_2_hl7\mp\9.1.0\sturen_medicatievoorschrift\ada_instance\mv-mvr-Scenarioset3-MBH_910_toelichting-2.xml to C:\Users\Arianne\Documents\SourceTree\GitHub\HL7-mappings-dev\ada_2_hl7\mp\9.1.0\sturen_medicatievoorschrift\hl7_instance\mv-mvr-Scenarioset3-MBH_910_toelichting-2.xml
     [xslt] Processing C:\Users\Arianne\Documents\SourceTree\GitHub\HL7-mappings-dev\ada_2_hl7\mp\9.1.0\sturen_medicatievoorschrift\ada_instance\mv-mvr-Scenarioset4_a-MBH_910_Lengte_Gewicht-1.xml to C:\Users\Arianne\Documents\SourceTree\GitHub\HL7-mappings-dev\ada_2_hl7\mp\9.1.0\sturen_medicatievoorschrift\hl7_instance\mv-mvr-Scenarioset4_a-MBH_910_Lengte_Gewicht-1.xml
     [xslt] Processing C:\Users\Arianne\Documents\SourceTree\GitHub\HL7-mappings-dev\ada_2_hl7\mp\9.1.0\sturen_medicatievoorschrift\ada_instance\mv-mvr-Scenarioset4_b-MBH_910_Lengte_Gewicht_Persistent-1.xml to C:\Users\Arianne\Documents\SourceTree\GitHub\HL7-mappings-dev\ada_2_hl7\mp\9.1.0\sturen_medicatievoorschrift\hl7_instance\mv-mvr-Scenarioset4_b-MBH_910_Lengte_Gewicht_Persistent-1.xml
     [xslt] Processing C:\Users\Arianne\Documents\SourceTree\GitHub\HL7-mappings-dev\ada_2_hl7\mp\9.1.0\sturen_medicatievoorschrift\ada_instance\mv-mvr-Scenarioset5_a-MBH_910_Nierfunctie-1.xml to C:\Users\Arianne\Documents\SourceTree\GitHub\HL7-mappings-dev\ada_2_hl7\mp\9.1.0\sturen_medicatievoorschrift\hl7_instance\mv-mvr-Scenarioset5_a-MBH_910_Nierfunctie-1.xml
     [xslt] Processing C:\Users\Arianne\Documents\SourceTree\GitHub\HL7-mappings-dev\ada_2_hl7\mp\9.1.0\sturen_medicatievoorschrift\ada_instance\mv-mvr-Scenarioset5_b-MBH_910_Nierfunctie_Persistent-1.xml to C:\Users\Arianne\Documents\SourceTree\GitHub\HL7-mappings-dev\ada_2_hl7\mp\9.1.0\sturen_medicatievoorschrift\hl7_instance\mv-mvr-Scenarioset5_b-MBH_910_Nierfunctie_Persistent-1.xml
     [xslt] Processing C:\Users\Arianne\Documents\SourceTree\GitHub\HL7-mappings-dev\ada_2_hl7\mp\9.1.0\sturen_medicatievoorschrift\ada_instance\mv-mvr-Scenarioset6-MBH_910_afbouwschema-11.xml to C:\Users\Arianne\Documents\SourceTree\GitHub\HL7-mappings-dev\ada_2_hl7\mp\9.1.0\sturen_medicatievoorschrift\hl7_instance\mv-mvr-Scenarioset6-MBH_910_afbouwschema-11.xml
     [xslt] Processing C:\Users\Arianne\Documents\SourceTree\GitHub\HL7-mappings-dev\ada_2_hl7\mp\9.1.0\sturen_medicatievoorschrift\ada_instance\mv-mvr-Scenarioset6-MBH_910_bijzonderekeerdosis-5.xml to C:\Users\Arianne\Documents\SourceTree\GitHub\HL7-mappings-dev\ada_2_hl7\mp\9.1.0\sturen_medicatievoorschrift\hl7_instance\mv-mvr-Scenarioset6-MBH_910_bijzonderekeerdosis-5.xml
     [xslt] Processing C:\Users\Arianne\Documents\SourceTree\GitHub\HL7-mappings-dev\ada_2_hl7\mp\9.1.0\sturen_medicatievoorschrift\ada_instance\mv-mvr-Scenarioset6-MBH_910_cyclischschema-10.xml to C:\Users\Arianne\Documents\SourceTree\GitHub\HL7-mappings-dev\ada_2_hl7\mp\9.1.0\sturen_medicatievoorschrift\hl7_instance\mv-mvr-Scenarioset6-MBH_910_cyclischschema-10.xml
     [xslt] Processing C:\Users\Arianne\Documents\SourceTree\GitHub\HL7-mappings-dev\ada_2_hl7\mp\9.1.0\sturen_medicatievoorschrift\ada_instance\mv-mvr-Scenarioset6-MBH_910_dagdeel-9.xml to C:\Users\Arianne\Documents\SourceTree\GitHub\HL7-mappings-dev\ada_2_hl7\mp\9.1.0\sturen_medicatievoorschrift\hl7_instance\mv-mvr-Scenarioset6-MBH_910_dagdeel-9.xml
     [xslt] Processing C:\Users\Arianne\Documents\SourceTree\GitHub\HL7-mappings-dev\ada_2_hl7\mp\9.1.0\sturen_medicatievoorschrift\ada_instance\mv-mvr-Scenarioset6-MBH_910_interval-2.xml to C:\Users\Arianne\Documents\SourceTree\GitHub\HL7-mappings-dev\ada_2_hl7\mp\9.1.0\sturen_medicatievoorschrift\hl7_instance\mv-mvr-Scenarioset6-MBH_910_interval-2.xml
     [xslt] Processing C:\Users\Arianne\Documents\SourceTree\GitHub\HL7-mappings-dev\ada_2_hl7\mp\9.1.0\sturen_medicatievoorschrift\ada_instance\mv-mvr-Scenarioset6-MBH_910_tijdstippen-7.xml to C:\Users\Arianne\Documents\SourceTree\GitHub\HL7-mappings-dev\ada_2_hl7\mp\9.1.0\sturen_medicatievoorschrift\hl7_instance\mv-mvr-Scenarioset6-MBH_910_tijdstippen-7.xml
     [xslt] Processing C:\Users\Arianne\Documents\SourceTree\GitHub\HL7-mappings-dev\ada_2_hl7\mp\9.1.0\sturen_medicatievoorschrift\ada_instance\mv-mvr-Scenarioset6-MBH_910_tijdstippenExact-16.xml to C:\Users\Arianne\Documents\SourceTree\GitHub\HL7-mappings-dev\ada_2_hl7\mp\9.1.0\sturen_medicatievoorschrift\hl7_instance\mv-mvr-Scenarioset6-MBH_910_tijdstippenExact-16.xml
     [xslt] Processing C:\Users\Arianne\Documents\SourceTree\GitHub\HL7-mappings-dev\ada_2_hl7\mp\9.1.0\sturen_medicatievoorschrift\ada_instance\mv-mvr-Scenarioset6-MBH_910_toedieningsduur-14.xml to C:\Users\Arianne\Documents\SourceTree\GitHub\HL7-mappings-dev\ada_2_hl7\mp\9.1.0\sturen_medicatievoorschrift\hl7_instance\mv-mvr-Scenarioset6-MBH_910_toedieningsduur-14.xml
     [xslt] Processing C:\Users\Arianne\Documents\SourceTree\GitHub\HL7-mappings-dev\ada_2_hl7\mp\9.1.0\sturen_medicatievoorschrift\ada_instance\mv-mvr-Scenarioset6-MBH_910_toedieningssnelheid-13.xml to C:\Users\Arianne\Documents\SourceTree\GitHub\HL7-mappings-dev\ada_2_hl7\mp\9.1.0\sturen_medicatievoorschrift\hl7_instance\mv-mvr-Scenarioset6-MBH_910_toedieningssnelheid-13.xml
     [xslt] Processing C:\Users\Arianne\Documents\SourceTree\GitHub\HL7-mappings-dev\ada_2_hl7\mp\9.1.0\sturen_medicatievoorschrift\ada_instance\mv-mvr-Scenarioset6-MBH_910_variabelefrequentie-1.xml to C:\Users\Arianne\Documents\SourceTree\GitHub\HL7-mappings-dev\ada_2_hl7\mp\9.1.0\sturen_medicatievoorschrift\hl7_instance\mv-mvr-Scenarioset6-MBH_910_variabelefrequentie-1.xml
     [xslt] Processing C:\Users\Arianne\Documents\SourceTree\GitHub\HL7-mappings-dev\ada_2_hl7\mp\9.1.0\sturen_medicatievoorschrift\ada_instance\mv-mvr-Scenarioset6-MBH_910_variabelehoeveelheid-3.xml to C:\Users\Arianne\Documents\SourceTree\GitHub\HL7-mappings-dev\ada_2_hl7\mp\9.1.0\sturen_medicatievoorschrift\hl7_instance\mv-mvr-Scenarioset6-MBH_910_variabelehoeveelheid-3.xml
     [xslt] Processing C:\Users\Arianne\Documents\SourceTree\GitHub\HL7-mappings-dev\ada_2_hl7\mp\9.1.0\sturen_medicatievoorschrift\ada_instance\mv-mvr-Scenarioset6-MBH_910_variabelehoeveelheid2-6.xml to C:\Users\Arianne\Documents\SourceTree\GitHub\HL7-mappings-dev\ada_2_hl7\mp\9.1.0\sturen_medicatievoorschrift\hl7_instance\mv-mvr-Scenarioset6-MBH_910_variabelehoeveelheid2-6.xml
     [xslt] Processing C:\Users\Arianne\Documents\SourceTree\GitHub\HL7-mappings-dev\ada_2_hl7\mp\9.1.0\sturen_medicatievoorschrift\ada_instance\mv-mvr-Scenarioset6-MBH_910_variabelehoeveelheidenmaximum-12.xml to C:\Users\Arianne\Documents\SourceTree\GitHub\HL7-mappings-dev\ada_2_hl7\mp\9.1.0\sturen_medicatievoorschrift\hl7_instance\mv-mvr-Scenarioset6-MBH_910_variabelehoeveelheidenmaximum-12.xml
     [xslt] Processing C:\Users\Arianne\Documents\SourceTree\GitHub\HL7-mappings-dev\ada_2_hl7\mp\9.1.0\sturen_medicatievoorschrift\ada_instance\mv-mvr-Scenarioset6-MBH_910_weekdagen-8.xml to C:\Users\Arianne\Documents\SourceTree\GitHub\HL7-mappings-dev\ada_2_hl7\mp\9.1.0\sturen_medicatievoorschrift\hl7_instance\mv-mvr-Scenarioset6-MBH_910_weekdagen-8.xml
     [xslt] Processing C:\Users\Arianne\Documents\SourceTree\GitHub\HL7-mappings-dev\ada_2_hl7\mp\9.1.0\sturen_medicatievoorschrift\ada_instance\mv-mvr-Scenarioset6-MBH_910_zonderkeerdosis-4.xml to C:\Users\Arianne\Documents\SourceTree\GitHub\HL7-mappings-dev\ada_2_hl7\mp\9.1.0\sturen_medicatievoorschrift\hl7_instance\mv-mvr-Scenarioset6-MBH_910_zonderkeerdosis-4.xml
     [xslt] Processing C:\Users\Arianne\Documents\SourceTree\GitHub\HL7-mappings-dev\ada_2_hl7\mp\9.1.0\sturen_medicatievoorschrift\ada_instance\mv-mvr-Scenarioset6-MBH_910_zonodig-15.xml to C:\Users\Arianne\Documents\SourceTree\GitHub\HL7-mappings-dev\ada_2_hl7\mp\9.1.0\sturen_medicatievoorschrift\hl7_instance\mv-mvr-Scenarioset6-MBH_910_zonodig-15.xml
     [xslt] Processing C:\Users\Arianne\Documents\SourceTree\GitHub\HL7-mappings-dev\ada_2_hl7\mp\9.1.0\sturen_medicatievoorschrift\ada_instance\mv-mvr-Scenarioset7-MBH_910_magistraal90miljoennr-3.xml to C:\Users\Arianne\Documents\SourceTree\GitHub\HL7-mappings-dev\ada_2_hl7\mp\9.1.0\sturen_medicatievoorschrift\hl7_instance\mv-mvr-Scenarioset7-MBH_910_magistraal90miljoennr-3.xml
     [xslt] Processing C:\Users\Arianne\Documents\SourceTree\GitHub\HL7-mappings-dev\ada_2_hl7\mp\9.1.0\sturen_medicatievoorschrift\ada_instance\mv-mvr-Scenarioset7-MBH_910_magistraalactieveingredient-2.xml to C:\Users\Arianne\Documents\SourceTree\GitHub\HL7-mappings-dev\ada_2_hl7\mp\9.1.0\sturen_medicatievoorschrift\hl7_instance\mv-mvr-Scenarioset7-MBH_910_magistraalactieveingredient-2.xml
     [xslt] Processing C:\Users\Arianne\Documents\SourceTree\GitHub\HL7-mappings-dev\ada_2_hl7\mp\9.1.0\sturen_medicatievoorschrift\ada_instance\mv-mvr-Scenarioset7-MBH_910_magistraalalleingredienten-1.xml to C:\Users\Arianne\Documents\SourceTree\GitHub\HL7-mappings-dev\ada_2_hl7\mp\9.1.0\sturen_medicatievoorschrift\hl7_instance\mv-mvr-Scenarioset7-MBH_910_magistraalalleingredienten-1.xml
     [xslt] Processing C:\Users\Arianne\Documents\SourceTree\GitHub\HL7-mappings-dev\ada_2_hl7\mp\9.1.0\sturen_medicatievoorschrift\ada_instance\mv-mvr-Scenarioset8-MBH_910_VVandermansMA-1.xml to C:\Users\Arianne\Documents\SourceTree\GitHub\HL7-mappings-dev\ada_2_hl7\mp\9.1.0\sturen_medicatievoorschrift\hl7_instance\mv-mvr-Scenarioset8-MBH_910_VVandermansMA-1.xml
     [xslt] Processing C:\Users\Arianne\Documents\SourceTree\GitHub\HL7-mappings-dev\ada_2_hl7\mp\9.1.0\sturen_medicatievoorschrift\ada_instance\mv-mvr-Scenarioset8-MBH_910_onderbrekenandermansMA-3.xml to C:\Users\Arianne\Documents\SourceTree\GitHub\HL7-mappings-dev\ada_2_hl7\mp\9.1.0\sturen_medicatievoorschrift\hl7_instance\mv-mvr-Scenarioset8-MBH_910_onderbrekenandermansMA-3.xml
     [xslt] Processing C:\Users\Arianne\Documents\SourceTree\GitHub\HL7-mappings-dev\ada_2_hl7\mp\9.1.0\sturen_medicatievoorschrift\ada_instance\mv-mvr-Scenarioset8-MBH_910_stakenandermansMA-2.xml to C:\Users\Arianne\Documents\SourceTree\GitHub\HL7-mappings-dev\ada_2_hl7\mp\9.1.0\sturen_medicatievoorschrift\hl7_instance\mv-mvr-Scenarioset8-MBH_910_stakenandermansMA-2.xml
     [xslt] Processing C:\Users\Arianne\Documents\SourceTree\GitHub\HL7-mappings-dev\ada_2_hl7\mp\9.1.0\sturen_medicatievoorschrift\ada_instance\mv-mvr-Scenarioset8-MBH_910_wijzigenandermansMA-4.xml to C:\Users\Arianne\Documents\SourceTree\GitHub\HL7-mappings-dev\ada_2_hl7\mp\9.1.0\sturen_medicatievoorschrift\hl7_instance\mv-mvr-Scenarioset8-MBH_910_wijzigenandermansMA-4.xml
     [xslt] Processing C:\Users\Arianne\Documents\SourceTree\GitHub\HL7-mappings-dev\ada_2_hl7\mp\9.1.0\sturen_medicatievoorschrift\ada_instance\mv-mvr-Scenarioset9-MBH_910_afleverlocatie-3.xml to C:\Users\Arianne\Documents\SourceTree\GitHub\HL7-mappings-dev\ada_2_hl7\mp\9.1.0\sturen_medicatievoorschrift\hl7_instance\mv-mvr-Scenarioset9-MBH_910_afleverlocatie-3.xml
     [xslt] Processing C:\Users\Arianne\Documents\SourceTree\GitHub\HL7-mappings-dev\ada_2_hl7\mp\9.1.0\sturen_medicatievoorschrift\ada_instance\mv-mvr-Scenarioset9-MBH_910_herhalingen-2.xml to C:\Users\Arianne\Documents\SourceTree\GitHub\HL7-mappings-dev\ada_2_hl7\mp\9.1.0\sturen_medicatievoorschrift\hl7_instance\mv-mvr-Scenarioset9-MBH_910_herhalingen-2.xml
     [xslt] Processing C:\Users\Arianne\Documents\SourceTree\GitHub\HL7-mappings-dev\ada_2_hl7\mp\9.1.0\sturen_medicatievoorschrift\ada_instance\mv-mvr-Scenarioset9-MBH_910_logistiekeverbruiksperiode_duur_dagen-5.xml to C:\Users\Arianne\Documents\SourceTree\GitHub\HL7-mappings-dev\ada_2_hl7\mp\9.1.0\sturen_medicatievoorschrift\hl7_instance\mv-mvr-Scenarioset9-MBH_910_logistiekeverbruiksperiode_duur_dagen-5.xml
     [xslt] Processing C:\Users\Arianne\Documents\SourceTree\GitHub\HL7-mappings-dev\ada_2_hl7\mp\9.1.0\sturen_medicatievoorschrift\ada_instance\mv-mvr-Scenarioset9-MBH_910_logistiekeverbruiksperiode_eind-4.xml to C:\Users\Arianne\Documents\SourceTree\GitHub\HL7-mappings-dev\ada_2_hl7\mp\9.1.0\sturen_medicatievoorschrift\hl7_instance\mv-mvr-Scenarioset9-MBH_910_logistiekeverbruiksperiode_eind-4.xml
     [xslt] Processing C:\Users\Arianne\Documents\SourceTree\GitHub\HL7-mappings-dev\ada_2_hl7\mp\9.1.0\sturen_medicatievoorschrift\ada_instance\mv-mvr-Scenarioset9-MBH_910_logistiekeverbruiksperiode_start_eind-1.xml to C:\Users\Arianne\Documents\SourceTree\GitHub\HL7-mappings-dev\ada_2_hl7\mp\9.1.0\sturen_medicatievoorschrift\hl7_instance\mv-mvr-Scenarioset9-MBH_910_logistiekeverbruiksperiode_start_eind-1.xml

BUILD SUCCESSFUL
Total time: 7 seconds
