Buildfile: C:\SourceTree\GitHub\HL7-mappings\hl7_2_ada\mp\9.1.0\_ant-buildfiles\ant-publish\build-hl72ada-mp-910.xml

download-ivy:
     [echo] installing ivy...
      [get] Getting: https://repo1.maven.org/maven2/org/apache/ivy/ivy/2.5.0/ivy-2.5.0.jar
      [get] To: C:\SourceTree\GitHub\HL7-mappings\_ant-buildfiles\ant-include\ivy\ivy.jar
      [get] Not modified - so not downloaded

install-ivy:

fetch-imports:
[ivy:resolve] :: Apache Ivy 2.5.0 - 20191020104435 :: https://ant.apache.org/ivy/ ::
[ivy:resolve] :: loading settings :: file = C:\SourceTree\GitHub\HL7-mappings\_ant-buildfiles\ant-include\ivysettings.xml
[ivy:resolve] :: resolving dependencies :: nl.nictiz.decor#tools;working@NICT1-NB144087 [not transitive]
[ivy:resolve] 	confs: [default]
[ivy:resolve] 	found net.sf.saxon#Saxon-HE;9.8.0-15 in maven
[ivy:resolve] 	found xerces#xercesImpl;2.12.0 in maven
[ivy:resolve] :: resolution report :: resolve 86ms :: artifacts dl 12ms
	---------------------------------------------------------------------
	|                  |            modules            ||   artifacts   |
	|       conf       | number| search|dwnlded|evicted|| number|dwnlded|
	---------------------------------------------------------------------
	|      default     |   2   |   0   |   0   |   0   ||   6   |   0   |
	---------------------------------------------------------------------
[ivy:retrieve] :: retrieving :: nl.nictiz.decor#tools [sync]
[ivy:retrieve] 	confs: [default]
[ivy:retrieve] 	0 artifacts copied, 2 already retrieved (0kB/8ms)
[ivy:dependencytree] Dependency tree for nl.nictiz.decor-tools
[ivy:dependencytree] +- net.sf.saxon#Saxon-HE;9.8.0-15
[ivy:dependencytree] \- xerces#xercesImpl;2.12.0

convert_hl7_2_ada:

download-ivy:
     [echo] installing ivy...
      [get] Getting: https://repo1.maven.org/maven2/org/apache/ivy/ivy/2.5.0/ivy-2.5.0.jar
      [get] To: C:\SourceTree\GitHub\HL7-mappings\_ant-buildfiles\ant-include\ivy\ivy.jar
      [get] Not modified - so not downloaded

install-ivy:

fetch-imports:
[ivy:resolve] :: Apache Ivy 2.5.0 - 20191020104435 :: https://ant.apache.org/ivy/ ::
[ivy:resolve] :: loading settings :: file = C:\SourceTree\GitHub\HL7-mappings\_ant-buildfiles\ant-include\ivysettings.xml
[ivy:resolve] :: resolving dependencies :: nl.nictiz.decor#tools;working@NICT1-NB144087 [not transitive]
[ivy:resolve] 	confs: [default]
[ivy:resolve] 	found net.sf.saxon#Saxon-HE;9.8.0-15 in maven
[ivy:resolve] 	found xerces#xercesImpl;2.12.0 in maven
[ivy:resolve] :: resolution report :: resolve 62ms :: artifacts dl 11ms
	---------------------------------------------------------------------
	|                  |            modules            ||   artifacts   |
	|       conf       | number| search|dwnlded|evicted|| number|dwnlded|
	---------------------------------------------------------------------
	|      default     |   2   |   0   |   0   |   0   ||   6   |   0   |
	---------------------------------------------------------------------
[ivy:retrieve] :: retrieving :: nl.nictiz.decor#tools [sync]
[ivy:retrieve] 	confs: [default]
[ivy:retrieve] 	0 artifacts copied, 2 already retrieved (0kB/6ms)
[ivy:dependencytree] Dependency tree for nl.nictiz.decor-tools
[ivy:dependencytree] +- net.sf.saxon#Saxon-HE;9.8.0-15
[ivy:dependencytree] \- xerces#xercesImpl;2.12.0

convert_hl7_2_ada_sub:
     [echo] Deleting previous results, if any
     [echo] 
     [echo] ADA to HL7 ../../beschikbaarstellen_medicatiegegevens/payload/beschikbaarstellen_medicatiegegevens_hl7_2_ada.xsl input dir ../../beschikbaarstellen_medicatiegegevens/hl7_instance
     [xslt] Processing C:\SourceTree\GitHub\HL7-mappings\hl7_2_ada\mp\9.1.0\beschikbaarstellen_medicatiegegevens\hl7_instance\XXX_Amaya-910.xml to C:\SourceTree\GitHub\HL7-mappings\hl7_2_ada\mp\9.1.0\beschikbaarstellen_medicatiegegevens\ada_instance\XXX_Amaya-910.xml
     [xslt] Loading stylesheet C:\SourceTree\GitHub\HL7-mappings\hl7_2_ada\mp\9.1.0\beschikbaarstellen_medicatiegegevens\payload\beschikbaarstellen_medicatiegegevens_hl7_2_ada.xsl
     [xslt] Processing C:\SourceTree\GitHub\HL7-mappings\hl7_2_ada\mp\9.1.0\beschikbaarstellen_medicatiegegevens\hl7_instance\mg-mgr-mg-MA-Scenarioset0-0-1.xml to C:\SourceTree\GitHub\HL7-mappings\hl7_2_ada\mp\9.1.0\beschikbaarstellen_medicatiegegevens\ada_instance\mg-mgr-mg-MA-Scenarioset0-0-1.xml
     [xslt] Processing C:\SourceTree\GitHub\HL7-mappings\hl7_2_ada\mp\9.1.0\beschikbaarstellen_medicatiegegevens\hl7_instance\mg-mgr-mg-MA-Scenarioset0-0-2.xml to C:\SourceTree\GitHub\HL7-mappings\hl7_2_ada\mp\9.1.0\beschikbaarstellen_medicatiegegevens\ada_instance\mg-mgr-mg-MA-Scenarioset0-0-2.xml
     [xslt] Processing C:\SourceTree\GitHub\HL7-mappings\hl7_2_ada\mp\9.1.0\beschikbaarstellen_medicatiegegevens\hl7_instance\mg-mgr-mg-MA-Scenarioset0-0-3optioneel.xml to C:\SourceTree\GitHub\HL7-mappings\hl7_2_ada\mp\9.1.0\beschikbaarstellen_medicatiegegevens\ada_instance\mg-mgr-mg-MA-Scenarioset0-0-3optioneel.xml
     [xslt] Processing C:\SourceTree\GitHub\HL7-mappings\hl7_2_ada\mp\9.1.0\beschikbaarstellen_medicatiegegevens\hl7_instance\mg-mgr-mg-MA-Scenarioset0-0-4.xml to C:\SourceTree\GitHub\HL7-mappings\hl7_2_ada\mp\9.1.0\beschikbaarstellen_medicatiegegevens\ada_instance\mg-mgr-mg-MA-Scenarioset0-0-4.xml
     [xslt] Processing C:\SourceTree\GitHub\HL7-mappings\hl7_2_ada\mp\9.1.0\beschikbaarstellen_medicatiegegevens\hl7_instance\mg-mgr-mg-MA-Scenarioset0-0-5.xml to C:\SourceTree\GitHub\HL7-mappings\hl7_2_ada\mp\9.1.0\beschikbaarstellen_medicatiegegevens\ada_instance\mg-mgr-mg-MA-Scenarioset0-0-5.xml
     [xslt] Processing C:\SourceTree\GitHub\HL7-mappings\hl7_2_ada\mp\9.1.0\beschikbaarstellen_medicatiegegevens\hl7_instance\mg-mgr-mg-MA-Scenarioset0-0-6.xml to C:\SourceTree\GitHub\HL7-mappings\hl7_2_ada\mp\9.1.0\beschikbaarstellen_medicatiegegevens\ada_instance\mg-mgr-mg-MA-Scenarioset0-0-6.xml
     [xslt] Processing C:\SourceTree\GitHub\HL7-mappings\hl7_2_ada\mp\9.1.0\beschikbaarstellen_medicatiegegevens\hl7_instance\mg-mgr-mg-MA-Scenarioset0-0-7.xml to C:\SourceTree\GitHub\HL7-mappings\hl7_2_ada\mp\9.1.0\beschikbaarstellen_medicatiegegevens\ada_instance\mg-mgr-mg-MA-Scenarioset0-0-7.xml
     [xslt] Processing C:\SourceTree\GitHub\HL7-mappings\hl7_2_ada\mp\9.1.0\beschikbaarstellen_medicatiegegevens\hl7_instance\mg-mgr-mg-MA-Scenarioset0-0-8.xml to C:\SourceTree\GitHub\HL7-mappings\hl7_2_ada\mp\9.1.0\beschikbaarstellen_medicatiegegevens\ada_instance\mg-mgr-mg-MA-Scenarioset0-0-8.xml
     [xslt] Processing C:\SourceTree\GitHub\HL7-mappings\hl7_2_ada\mp\9.1.0\beschikbaarstellen_medicatiegegevens\hl7_instance\mg-mgr-mg-MA-Scenarioset1-1-1.xml to C:\SourceTree\GitHub\HL7-mappings\hl7_2_ada\mp\9.1.0\beschikbaarstellen_medicatiegegevens\ada_instance\mg-mgr-mg-MA-Scenarioset1-1-1.xml
     [xslt] Processing C:\SourceTree\GitHub\HL7-mappings\hl7_2_ada\mp\9.1.0\beschikbaarstellen_medicatiegegevens\hl7_instance\mg-mgr-mg-MA-Scenarioset1-1-2aoptioneel.xml to C:\SourceTree\GitHub\HL7-mappings\hl7_2_ada\mp\9.1.0\beschikbaarstellen_medicatiegegevens\ada_instance\mg-mgr-mg-MA-Scenarioset1-1-2aoptioneel.xml
     [xslt] Processing C:\SourceTree\GitHub\HL7-mappings\hl7_2_ada\mp\9.1.0\beschikbaarstellen_medicatiegegevens\hl7_instance\mg-mgr-mg-MA-Scenarioset1-1-2boptioneel.xml to C:\SourceTree\GitHub\HL7-mappings\hl7_2_ada\mp\9.1.0\beschikbaarstellen_medicatiegegevens\ada_instance\mg-mgr-mg-MA-Scenarioset1-1-2boptioneel.xml
     [xslt] Processing C:\SourceTree\GitHub\HL7-mappings\hl7_2_ada\mp\9.1.0\beschikbaarstellen_medicatiegegevens\hl7_instance\mg-mgr-mg-MA-Scenarioset1-1-3.xml to C:\SourceTree\GitHub\HL7-mappings\hl7_2_ada\mp\9.1.0\beschikbaarstellen_medicatiegegevens\ada_instance\mg-mgr-mg-MA-Scenarioset1-1-3.xml
     [xslt] Processing C:\SourceTree\GitHub\HL7-mappings\hl7_2_ada\mp\9.1.0\beschikbaarstellen_medicatiegegevens\hl7_instance\mg-mgr-mg-MA-Scenarioset1-1-4.xml to C:\SourceTree\GitHub\HL7-mappings\hl7_2_ada\mp\9.1.0\beschikbaarstellen_medicatiegegevens\ada_instance\mg-mgr-mg-MA-Scenarioset1-1-4.xml
     [xslt] Processing C:\SourceTree\GitHub\HL7-mappings\hl7_2_ada\mp\9.1.0\beschikbaarstellen_medicatiegegevens\hl7_instance\mg-mgr-mg-MA-Scenarioset10-10-1optioneel.xml to C:\SourceTree\GitHub\HL7-mappings\hl7_2_ada\mp\9.1.0\beschikbaarstellen_medicatiegegevens\ada_instance\mg-mgr-mg-MA-Scenarioset10-10-1optioneel.xml
     [xslt] Processing C:\SourceTree\GitHub\HL7-mappings\hl7_2_ada\mp\9.1.0\beschikbaarstellen_medicatiegegevens\hl7_instance\mg-mgr-mg-MA-Scenarioset10-10-2optioneel.xml to C:\SourceTree\GitHub\HL7-mappings\hl7_2_ada\mp\9.1.0\beschikbaarstellen_medicatiegegevens\ada_instance\mg-mgr-mg-MA-Scenarioset10-10-2optioneel.xml
     [xslt] Processing C:\SourceTree\GitHub\HL7-mappings\hl7_2_ada\mp\9.1.0\beschikbaarstellen_medicatiegegevens\hl7_instance\mg-mgr-mg-MA-Scenarioset2-2-1.xml to C:\SourceTree\GitHub\HL7-mappings\hl7_2_ada\mp\9.1.0\beschikbaarstellen_medicatiegegevens\ada_instance\mg-mgr-mg-MA-Scenarioset2-2-1.xml
     [xslt] Processing C:\SourceTree\GitHub\HL7-mappings\hl7_2_ada\mp\9.1.0\beschikbaarstellen_medicatiegegevens\hl7_instance\mg-mgr-mg-MA-Scenarioset2-2-2.xml to C:\SourceTree\GitHub\HL7-mappings\hl7_2_ada\mp\9.1.0\beschikbaarstellen_medicatiegegevens\ada_instance\mg-mgr-mg-MA-Scenarioset2-2-2.xml
     [xslt] Processing C:\SourceTree\GitHub\HL7-mappings\hl7_2_ada\mp\9.1.0\beschikbaarstellen_medicatiegegevens\hl7_instance\mg-mgr-mg-MA-Scenarioset2-2-3.xml to C:\SourceTree\GitHub\HL7-mappings\hl7_2_ada\mp\9.1.0\beschikbaarstellen_medicatiegegevens\ada_instance\mg-mgr-mg-MA-Scenarioset2-2-3.xml
     [xslt] Processing C:\SourceTree\GitHub\HL7-mappings\hl7_2_ada\mp\9.1.0\beschikbaarstellen_medicatiegegevens\hl7_instance\mg-mgr-mg-MA-Scenarioset2-2-4.xml to C:\SourceTree\GitHub\HL7-mappings\hl7_2_ada\mp\9.1.0\beschikbaarstellen_medicatiegegevens\ada_instance\mg-mgr-mg-MA-Scenarioset2-2-4.xml
     [xslt] Processing C:\SourceTree\GitHub\HL7-mappings\hl7_2_ada\mp\9.1.0\beschikbaarstellen_medicatiegegevens\hl7_instance\mg-mgr-mg-MA-Scenarioset2-2-5.xml to C:\SourceTree\GitHub\HL7-mappings\hl7_2_ada\mp\9.1.0\beschikbaarstellen_medicatiegegevens\ada_instance\mg-mgr-mg-MA-Scenarioset2-2-5.xml
     [xslt] Processing C:\SourceTree\GitHub\HL7-mappings\hl7_2_ada\mp\9.1.0\beschikbaarstellen_medicatiegegevens\hl7_instance\mg-mgr-mg-MA-Scenarioset3-3-1.xml to C:\SourceTree\GitHub\HL7-mappings\hl7_2_ada\mp\9.1.0\beschikbaarstellen_medicatiegegevens\ada_instance\mg-mgr-mg-MA-Scenarioset3-3-1.xml
     [xslt] Processing C:\SourceTree\GitHub\HL7-mappings\hl7_2_ada\mp\9.1.0\beschikbaarstellen_medicatiegegevens\hl7_instance\mg-mgr-mg-MA-Scenarioset3-3-2.xml to C:\SourceTree\GitHub\HL7-mappings\hl7_2_ada\mp\9.1.0\beschikbaarstellen_medicatiegegevens\ada_instance\mg-mgr-mg-MA-Scenarioset3-3-2.xml
     [xslt] Processing C:\SourceTree\GitHub\HL7-mappings\hl7_2_ada\mp\9.1.0\beschikbaarstellen_medicatiegegevens\hl7_instance\mg-mgr-mg-MA-Scenarioset3-3-3.xml to C:\SourceTree\GitHub\HL7-mappings\hl7_2_ada\mp\9.1.0\beschikbaarstellen_medicatiegegevens\ada_instance\mg-mgr-mg-MA-Scenarioset3-3-3.xml
     [xslt] Processing C:\SourceTree\GitHub\HL7-mappings\hl7_2_ada\mp\9.1.0\beschikbaarstellen_medicatiegegevens\hl7_instance\mg-mgr-mg-MA-Scenarioset3-3-4optioneel.xml to C:\SourceTree\GitHub\HL7-mappings\hl7_2_ada\mp\9.1.0\beschikbaarstellen_medicatiegegevens\ada_instance\mg-mgr-mg-MA-Scenarioset3-3-4optioneel.xml
     [xslt] Processing C:\SourceTree\GitHub\HL7-mappings\hl7_2_ada\mp\9.1.0\beschikbaarstellen_medicatiegegevens\hl7_instance\mg-mgr-mg-MA-Scenarioset6-6-10optioneel.xml to C:\SourceTree\GitHub\HL7-mappings\hl7_2_ada\mp\9.1.0\beschikbaarstellen_medicatiegegevens\ada_instance\mg-mgr-mg-MA-Scenarioset6-6-10optioneel.xml
     [xslt] Processing C:\SourceTree\GitHub\HL7-mappings\hl7_2_ada\mp\9.1.0\beschikbaarstellen_medicatiegegevens\hl7_instance\mg-mgr-mg-MA-Scenarioset6-6-11optioneel.xml to C:\SourceTree\GitHub\HL7-mappings\hl7_2_ada\mp\9.1.0\beschikbaarstellen_medicatiegegevens\ada_instance\mg-mgr-mg-MA-Scenarioset6-6-11optioneel.xml
     [xslt] Processing C:\SourceTree\GitHub\HL7-mappings\hl7_2_ada\mp\9.1.0\beschikbaarstellen_medicatiegegevens\hl7_instance\mg-mgr-mg-MA-Scenarioset6-6-12optioneel.xml to C:\SourceTree\GitHub\HL7-mappings\hl7_2_ada\mp\9.1.0\beschikbaarstellen_medicatiegegevens\ada_instance\mg-mgr-mg-MA-Scenarioset6-6-12optioneel.xml
     [xslt] Processing C:\SourceTree\GitHub\HL7-mappings\hl7_2_ada\mp\9.1.0\beschikbaarstellen_medicatiegegevens\hl7_instance\mg-mgr-mg-MA-Scenarioset6-6-13optioneel.xml to C:\SourceTree\GitHub\HL7-mappings\hl7_2_ada\mp\9.1.0\beschikbaarstellen_medicatiegegevens\ada_instance\mg-mgr-mg-MA-Scenarioset6-6-13optioneel.xml
     [xslt] Processing C:\SourceTree\GitHub\HL7-mappings\hl7_2_ada\mp\9.1.0\beschikbaarstellen_medicatiegegevens\hl7_instance\mg-mgr-mg-MA-Scenarioset6-6-14optioneel.xml to C:\SourceTree\GitHub\HL7-mappings\hl7_2_ada\mp\9.1.0\beschikbaarstellen_medicatiegegevens\ada_instance\mg-mgr-mg-MA-Scenarioset6-6-14optioneel.xml
     [xslt] Processing C:\SourceTree\GitHub\HL7-mappings\hl7_2_ada\mp\9.1.0\beschikbaarstellen_medicatiegegevens\hl7_instance\mg-mgr-mg-MA-Scenarioset6-6-15.xml to C:\SourceTree\GitHub\HL7-mappings\hl7_2_ada\mp\9.1.0\beschikbaarstellen_medicatiegegevens\ada_instance\mg-mgr-mg-MA-Scenarioset6-6-15.xml
     [xslt] Processing C:\SourceTree\GitHub\HL7-mappings\hl7_2_ada\mp\9.1.0\beschikbaarstellen_medicatiegegevens\hl7_instance\mg-mgr-mg-MA-Scenarioset6-6-1optioneel.xml to C:\SourceTree\GitHub\HL7-mappings\hl7_2_ada\mp\9.1.0\beschikbaarstellen_medicatiegegevens\ada_instance\mg-mgr-mg-MA-Scenarioset6-6-1optioneel.xml
     [xslt] Processing C:\SourceTree\GitHub\HL7-mappings\hl7_2_ada\mp\9.1.0\beschikbaarstellen_medicatiegegevens\hl7_instance\mg-mgr-mg-MA-Scenarioset6-6-2optioneel.xml to C:\SourceTree\GitHub\HL7-mappings\hl7_2_ada\mp\9.1.0\beschikbaarstellen_medicatiegegevens\ada_instance\mg-mgr-mg-MA-Scenarioset6-6-2optioneel.xml
     [xslt] Processing C:\SourceTree\GitHub\HL7-mappings\hl7_2_ada\mp\9.1.0\beschikbaarstellen_medicatiegegevens\hl7_instance\mg-mgr-mg-MA-Scenarioset6-6-3optioneel.xml to C:\SourceTree\GitHub\HL7-mappings\hl7_2_ada\mp\9.1.0\beschikbaarstellen_medicatiegegevens\ada_instance\mg-mgr-mg-MA-Scenarioset6-6-3optioneel.xml
     [xslt] Processing C:\SourceTree\GitHub\HL7-mappings\hl7_2_ada\mp\9.1.0\beschikbaarstellen_medicatiegegevens\hl7_instance\mg-mgr-mg-MA-Scenarioset6-6-4optioneel.xml to C:\SourceTree\GitHub\HL7-mappings\hl7_2_ada\mp\9.1.0\beschikbaarstellen_medicatiegegevens\ada_instance\mg-mgr-mg-MA-Scenarioset6-6-4optioneel.xml
     [xslt] Processing C:\SourceTree\GitHub\HL7-mappings\hl7_2_ada\mp\9.1.0\beschikbaarstellen_medicatiegegevens\hl7_instance\mg-mgr-mg-MA-Scenarioset6-6-5optioneel.xml to C:\SourceTree\GitHub\HL7-mappings\hl7_2_ada\mp\9.1.0\beschikbaarstellen_medicatiegegevens\ada_instance\mg-mgr-mg-MA-Scenarioset6-6-5optioneel.xml
     [xslt] Processing C:\SourceTree\GitHub\HL7-mappings\hl7_2_ada\mp\9.1.0\beschikbaarstellen_medicatiegegevens\hl7_instance\mg-mgr-mg-MA-Scenarioset6-6-6optioneel.xml to C:\SourceTree\GitHub\HL7-mappings\hl7_2_ada\mp\9.1.0\beschikbaarstellen_medicatiegegevens\ada_instance\mg-mgr-mg-MA-Scenarioset6-6-6optioneel.xml
     [xslt] Processing C:\SourceTree\GitHub\HL7-mappings\hl7_2_ada\mp\9.1.0\beschikbaarstellen_medicatiegegevens\hl7_instance\mg-mgr-mg-MA-Scenarioset6-6-7a.xml to C:\SourceTree\GitHub\HL7-mappings\hl7_2_ada\mp\9.1.0\beschikbaarstellen_medicatiegegevens\ada_instance\mg-mgr-mg-MA-Scenarioset6-6-7a.xml
     [xslt] Processing C:\SourceTree\GitHub\HL7-mappings\hl7_2_ada\mp\9.1.0\beschikbaarstellen_medicatiegegevens\hl7_instance\mg-mgr-mg-MA-Scenarioset6-6-7b.xml to C:\SourceTree\GitHub\HL7-mappings\hl7_2_ada\mp\9.1.0\beschikbaarstellen_medicatiegegevens\ada_instance\mg-mgr-mg-MA-Scenarioset6-6-7b.xml
     [xslt] Processing C:\SourceTree\GitHub\HL7-mappings\hl7_2_ada\mp\9.1.0\beschikbaarstellen_medicatiegegevens\hl7_instance\mg-mgr-mg-MA-Scenarioset6-6-8optioneel.xml to C:\SourceTree\GitHub\HL7-mappings\hl7_2_ada\mp\9.1.0\beschikbaarstellen_medicatiegegevens\ada_instance\mg-mgr-mg-MA-Scenarioset6-6-8optioneel.xml
     [xslt] Processing C:\SourceTree\GitHub\HL7-mappings\hl7_2_ada\mp\9.1.0\beschikbaarstellen_medicatiegegevens\hl7_instance\mg-mgr-mg-MA-Scenarioset6-6-9.xml to C:\SourceTree\GitHub\HL7-mappings\hl7_2_ada\mp\9.1.0\beschikbaarstellen_medicatiegegevens\ada_instance\mg-mgr-mg-MA-Scenarioset6-6-9.xml
     [xslt] Processing C:\SourceTree\GitHub\HL7-mappings\hl7_2_ada\mp\9.1.0\beschikbaarstellen_medicatiegegevens\hl7_instance\mg-mgr-mg-MA-Scenarioset7-7-1optioneel.xml to C:\SourceTree\GitHub\HL7-mappings\hl7_2_ada\mp\9.1.0\beschikbaarstellen_medicatiegegevens\ada_instance\mg-mgr-mg-MA-Scenarioset7-7-1optioneel.xml
     [xslt] Processing C:\SourceTree\GitHub\HL7-mappings\hl7_2_ada\mp\9.1.0\beschikbaarstellen_medicatiegegevens\hl7_instance\mg-mgr-mg-MA-Scenarioset7-7-2optioneel.xml to C:\SourceTree\GitHub\HL7-mappings\hl7_2_ada\mp\9.1.0\beschikbaarstellen_medicatiegegevens\ada_instance\mg-mgr-mg-MA-Scenarioset7-7-2optioneel.xml
     [xslt] Processing C:\SourceTree\GitHub\HL7-mappings\hl7_2_ada\mp\9.1.0\beschikbaarstellen_medicatiegegevens\hl7_instance\mg-mgr-mg-MA-Scenarioset7-7-3optioneel.xml to C:\SourceTree\GitHub\HL7-mappings\hl7_2_ada\mp\9.1.0\beschikbaarstellen_medicatiegegevens\ada_instance\mg-mgr-mg-MA-Scenarioset7-7-3optioneel.xml
     [xslt] Processing C:\SourceTree\GitHub\HL7-mappings\hl7_2_ada\mp\9.1.0\beschikbaarstellen_medicatiegegevens\hl7_instance\mg-mgr-mg-MA-Scenarioset8-8-1.xml to C:\SourceTree\GitHub\HL7-mappings\hl7_2_ada\mp\9.1.0\beschikbaarstellen_medicatiegegevens\ada_instance\mg-mgr-mg-MA-Scenarioset8-8-1.xml
     [xslt] Processing C:\SourceTree\GitHub\HL7-mappings\hl7_2_ada\mp\9.1.0\beschikbaarstellen_medicatiegegevens\hl7_instance\mg-mgr-mg-VV-Scenarioset0-0-1.xml to C:\SourceTree\GitHub\HL7-mappings\hl7_2_ada\mp\9.1.0\beschikbaarstellen_medicatiegegevens\ada_instance\mg-mgr-mg-VV-Scenarioset0-0-1.xml
     [xslt] Processing C:\SourceTree\GitHub\HL7-mappings\hl7_2_ada\mp\9.1.0\beschikbaarstellen_medicatiegegevens\hl7_instance\mg-mgr-mg-VV-Scenarioset0-0-2.xml to C:\SourceTree\GitHub\HL7-mappings\hl7_2_ada\mp\9.1.0\beschikbaarstellen_medicatiegegevens\ada_instance\mg-mgr-mg-VV-Scenarioset0-0-2.xml
     [xslt] Processing C:\SourceTree\GitHub\HL7-mappings\hl7_2_ada\mp\9.1.0\beschikbaarstellen_medicatiegegevens\hl7_instance\mg-mgr-mg-VV-Scenarioset0-0-3optioneel.xml to C:\SourceTree\GitHub\HL7-mappings\hl7_2_ada\mp\9.1.0\beschikbaarstellen_medicatiegegevens\ada_instance\mg-mgr-mg-VV-Scenarioset0-0-3optioneel.xml
     [xslt] Processing C:\SourceTree\GitHub\HL7-mappings\hl7_2_ada\mp\9.1.0\beschikbaarstellen_medicatiegegevens\hl7_instance\mg-mgr-mg-VV-Scenarioset0-0-4.xml to C:\SourceTree\GitHub\HL7-mappings\hl7_2_ada\mp\9.1.0\beschikbaarstellen_medicatiegegevens\ada_instance\mg-mgr-mg-VV-Scenarioset0-0-4.xml
     [xslt] Processing C:\SourceTree\GitHub\HL7-mappings\hl7_2_ada\mp\9.1.0\beschikbaarstellen_medicatiegegevens\hl7_instance\mg-mgr-mg-VV-Scenarioset0-0-5.xml to C:\SourceTree\GitHub\HL7-mappings\hl7_2_ada\mp\9.1.0\beschikbaarstellen_medicatiegegevens\ada_instance\mg-mgr-mg-VV-Scenarioset0-0-5.xml
     [xslt] Processing C:\SourceTree\GitHub\HL7-mappings\hl7_2_ada\mp\9.1.0\beschikbaarstellen_medicatiegegevens\hl7_instance\mg-mgr-mg-VV-Scenarioset1-1-1.xml to C:\SourceTree\GitHub\HL7-mappings\hl7_2_ada\mp\9.1.0\beschikbaarstellen_medicatiegegevens\ada_instance\mg-mgr-mg-VV-Scenarioset1-1-1.xml
     [xslt] Processing C:\SourceTree\GitHub\HL7-mappings\hl7_2_ada\mp\9.1.0\beschikbaarstellen_medicatiegegevens\hl7_instance\mg-mgr-mg-VV-Scenarioset10-10-1optioneel.xml to C:\SourceTree\GitHub\HL7-mappings\hl7_2_ada\mp\9.1.0\beschikbaarstellen_medicatiegegevens\ada_instance\mg-mgr-mg-VV-Scenarioset10-10-1optioneel.xml
     [xslt] Processing C:\SourceTree\GitHub\HL7-mappings\hl7_2_ada\mp\9.1.0\beschikbaarstellen_medicatiegegevens\hl7_instance\mg-mgr-mg-VV-Scenarioset10-10-2optioneel.xml to C:\SourceTree\GitHub\HL7-mappings\hl7_2_ada\mp\9.1.0\beschikbaarstellen_medicatiegegevens\ada_instance\mg-mgr-mg-VV-Scenarioset10-10-2optioneel.xml
     [xslt] Processing C:\SourceTree\GitHub\HL7-mappings\hl7_2_ada\mp\9.1.0\beschikbaarstellen_medicatiegegevens\hl7_instance\mg-mgr-mg-VV-Scenarioset2-2-1.xml to C:\SourceTree\GitHub\HL7-mappings\hl7_2_ada\mp\9.1.0\beschikbaarstellen_medicatiegegevens\ada_instance\mg-mgr-mg-VV-Scenarioset2-2-1.xml
     [xslt] Processing C:\SourceTree\GitHub\HL7-mappings\hl7_2_ada\mp\9.1.0\beschikbaarstellen_medicatiegegevens\hl7_instance\mg-mgr-mg-VV-Scenarioset2-2-2.xml to C:\SourceTree\GitHub\HL7-mappings\hl7_2_ada\mp\9.1.0\beschikbaarstellen_medicatiegegevens\ada_instance\mg-mgr-mg-VV-Scenarioset2-2-2.xml
     [xslt] Processing C:\SourceTree\GitHub\HL7-mappings\hl7_2_ada\mp\9.1.0\beschikbaarstellen_medicatiegegevens\hl7_instance\mg-mgr-mg-VV-Scenarioset7-7-1optioneel.xml to C:\SourceTree\GitHub\HL7-mappings\hl7_2_ada\mp\9.1.0\beschikbaarstellen_medicatiegegevens\ada_instance\mg-mgr-mg-VV-Scenarioset7-7-1optioneel.xml
     [xslt] Processing C:\SourceTree\GitHub\HL7-mappings\hl7_2_ada\mp\9.1.0\beschikbaarstellen_medicatiegegevens\hl7_instance\mg-mgr-mg-VV-Scenarioset7-7-2optioneel.xml to C:\SourceTree\GitHub\HL7-mappings\hl7_2_ada\mp\9.1.0\beschikbaarstellen_medicatiegegevens\ada_instance\mg-mgr-mg-VV-Scenarioset7-7-2optioneel.xml
     [xslt] Processing C:\SourceTree\GitHub\HL7-mappings\hl7_2_ada\mp\9.1.0\beschikbaarstellen_medicatiegegevens\hl7_instance\mg-mgr-mg-VV-Scenarioset7-7-3optioneel.xml to C:\SourceTree\GitHub\HL7-mappings\hl7_2_ada\mp\9.1.0\beschikbaarstellen_medicatiegegevens\ada_instance\mg-mgr-mg-VV-Scenarioset7-7-3optioneel.xml
     [xslt] Processing C:\SourceTree\GitHub\HL7-mappings\hl7_2_ada\mp\9.1.0\beschikbaarstellen_medicatiegegevens\hl7_instance\mg-mgr-mg-VV-Scenarioset8-8-1.xml to C:\SourceTree\GitHub\HL7-mappings\hl7_2_ada\mp\9.1.0\beschikbaarstellen_medicatiegegevens\ada_instance\mg-mgr-mg-VV-Scenarioset8-8-1.xml
     [xslt] Processing C:\SourceTree\GitHub\HL7-mappings\hl7_2_ada\mp\9.1.0\beschikbaarstellen_medicatiegegevens\hl7_instance\mg-mgr-mg-VV-Scenarioset9-9-1aoptioneel.xml to C:\SourceTree\GitHub\HL7-mappings\hl7_2_ada\mp\9.1.0\beschikbaarstellen_medicatiegegevens\ada_instance\mg-mgr-mg-VV-Scenarioset9-9-1aoptioneel.xml
     [xslt] Processing C:\SourceTree\GitHub\HL7-mappings\hl7_2_ada\mp\9.1.0\beschikbaarstellen_medicatiegegevens\hl7_instance\mg-mgr-mg-VV-Scenarioset9-9-1boptioneel.xml to C:\SourceTree\GitHub\HL7-mappings\hl7_2_ada\mp\9.1.0\beschikbaarstellen_medicatiegegevens\ada_instance\mg-mgr-mg-VV-Scenarioset9-9-1boptioneel.xml
     [xslt] Processing C:\SourceTree\GitHub\HL7-mappings\hl7_2_ada\mp\9.1.0\beschikbaarstellen_medicatiegegevens\hl7_instance\mg-mgr-mg-VV-Scenarioset9-9-1coptioneel.xml to C:\SourceTree\GitHub\HL7-mappings\hl7_2_ada\mp\9.1.0\beschikbaarstellen_medicatiegegevens\ada_instance\mg-mgr-mg-VV-Scenarioset9-9-1coptioneel.xml
     [xslt] Processing C:\SourceTree\GitHub\HL7-mappings\hl7_2_ada\mp\9.1.0\beschikbaarstellen_medicatiegegevens\hl7_instance\mg-mgr-mg-VV-Scenarioset9-9-2optioneel.xml to C:\SourceTree\GitHub\HL7-mappings\hl7_2_ada\mp\9.1.0\beschikbaarstellen_medicatiegegevens\ada_instance\mg-mgr-mg-VV-Scenarioset9-9-2optioneel.xml
     [xslt] Processing C:\SourceTree\GitHub\HL7-mappings\hl7_2_ada\mp\9.1.0\beschikbaarstellen_medicatiegegevens\hl7_instance\mg-mgr-mg-VV-Scenarioset9-9-3optioneel.xml to C:\SourceTree\GitHub\HL7-mappings\hl7_2_ada\mp\9.1.0\beschikbaarstellen_medicatiegegevens\ada_instance\mg-mgr-mg-VV-Scenarioset9-9-3optioneel.xml

BUILD SUCCESSFUL
Total time: 5 seconds
