Buildfile: C:\SourceTree\GitHub\HL7-mappings\ada_2_fhir\mp\9.0.7\_ant-buildfiles\ant-publish\build-ada2fhir-mp-907.xml

download-ivy:
     [echo] installing ivy...
      [get] Getting: https://repo1.maven.org/maven2/org/apache/ivy/ivy/2.5.0/ivy-2.5.0.jar
      [get] To: C:\SourceTree\GitHub\HL7-mappings\_ant-buildfiles\ant-include\ivy\ivy.jar
      [get] Not modified - so not downloaded

install-ivy:

fetch-imports:
[ivy:resolve] :: Apache Ivy 2.5.0 - 20191020104435 :: https://ant.apache.org/ivy/ ::
[ivy:resolve] :: loading settings :: file = C:\SourceTree\GitHub\HL7-mappings\_ant-buildfiles\ant-include\ivysettings.xml
[ivy:resolve] :: resolving dependencies :: nl.nictiz.decor#tools;working@NICT1-NB144087 [not transitive]
[ivy:resolve] 	confs: [default]
[ivy:resolve] 	found net.sf.saxon#Saxon-HE;9.9.1-7 in local-chain
[ivy:resolve] 	found xerces#xercesImpl;2.12.0 in maven
[ivy:resolve] :: resolution report :: resolve 90ms :: artifacts dl 14ms
	---------------------------------------------------------------------
	|                  |            modules            ||   artifacts   |
	|       conf       | number| search|dwnlded|evicted|| number|dwnlded|
	---------------------------------------------------------------------
	|      default     |   2   |   0   |   0   |   0   ||   6   |   0   |
	---------------------------------------------------------------------
[ivy:retrieve] :: retrieving :: nl.nictiz.decor#tools [sync]
[ivy:retrieve] 	confs: [default]
[ivy:retrieve] 	0 artifacts copied, 2 already retrieved (0kB/38ms)
[ivy:dependencytree] Dependency tree for nl.nictiz.decor-tools
[ivy:dependencytree] +- net.sf.saxon#Saxon-HE;9.9.1-7
[ivy:dependencytree] \- xerces#xercesImpl;2.12.0

convert_ada_2_fhir_907:
     [echo] convert_ada_2_fhir_907. The generic MP stuff for convert_ada_2_fhir

download-ivy:
     [echo] installing ivy...
      [get] Getting: https://repo1.maven.org/maven2/org/apache/ivy/ivy/2.5.0/ivy-2.5.0.jar
      [get] To: C:\SourceTree\GitHub\HL7-mappings\_ant-buildfiles\ant-include\ivy\ivy.jar
      [get] Not modified - so not downloaded

install-ivy:

fetch-imports:
[ivy:resolve] :: Apache Ivy 2.5.0 - 20191020104435 :: https://ant.apache.org/ivy/ ::
[ivy:resolve] :: loading settings :: file = C:\SourceTree\GitHub\HL7-mappings\_ant-buildfiles\ant-include\ivysettings.xml
[ivy:resolve] :: resolving dependencies :: nl.nictiz.decor#tools;working@NICT1-NB144087 [not transitive]
[ivy:resolve] 	confs: [default]
[ivy:resolve] 	found net.sf.saxon#Saxon-HE;9.9.1-7 in local-chain
[ivy:resolve] 	found xerces#xercesImpl;2.12.0 in maven
[ivy:resolve] :: resolution report :: resolve 68ms :: artifacts dl 13ms
	---------------------------------------------------------------------
	|                  |            modules            ||   artifacts   |
	|       conf       | number| search|dwnlded|evicted|| number|dwnlded|
	---------------------------------------------------------------------
	|      default     |   2   |   0   |   0   |   0   ||   6   |   0   |
	---------------------------------------------------------------------
[ivy:retrieve] :: retrieving :: nl.nictiz.decor#tools [sync]
[ivy:retrieve] 	confs: [default]
[ivy:retrieve] 	0 artifacts copied, 2 already retrieved (0kB/33ms)
[ivy:dependencytree] Dependency tree for nl.nictiz.decor-tools
[ivy:dependencytree] +- net.sf.saxon#Saxon-HE;9.9.1-7
[ivy:dependencytree] \- xerces#xercesImpl;2.12.0

convert_ada_2_fhir:

download-ivy:
     [echo] installing ivy...
      [get] Getting: https://repo1.maven.org/maven2/org/apache/ivy/ivy/2.5.0/ivy-2.5.0.jar
      [get] To: C:\SourceTree\GitHub\HL7-mappings\_ant-buildfiles\ant-include\ivy\ivy.jar
      [get] Not modified - so not downloaded

install-ivy:

fetch-imports:
[ivy:resolve] :: Apache Ivy 2.5.0 - 20191020104435 :: https://ant.apache.org/ivy/ ::
[ivy:resolve] :: loading settings :: file = C:\SourceTree\GitHub\HL7-mappings\_ant-buildfiles\ant-include\ivysettings.xml
[ivy:resolve] :: resolving dependencies :: nl.nictiz.decor#tools;working@NICT1-NB144087 [not transitive]
[ivy:resolve] 	confs: [default]
[ivy:resolve] 	found net.sf.saxon#Saxon-HE;9.9.1-7 in local-chain
[ivy:resolve] 	found xerces#xercesImpl;2.12.0 in maven
[ivy:resolve] :: resolution report :: resolve 64ms :: artifacts dl 11ms
	---------------------------------------------------------------------
	|                  |            modules            ||   artifacts   |
	|       conf       | number| search|dwnlded|evicted|| number|dwnlded|
	---------------------------------------------------------------------
	|      default     |   2   |   0   |   0   |   0   ||   6   |   0   |
	---------------------------------------------------------------------
[ivy:retrieve] :: retrieving :: nl.nictiz.decor#tools [sync]
[ivy:retrieve] 	confs: [default]
[ivy:retrieve] 	0 artifacts copied, 2 already retrieved (0kB/37ms)
[ivy:dependencytree] Dependency tree for nl.nictiz.decor-tools
[ivy:dependencytree] +- net.sf.saxon#Saxon-HE;9.9.1-7
[ivy:dependencytree] \- xerces#xercesImpl;2.12.0

convert_ada_2_fhir_sub_mp:
     [echo] Deleting previous results, if any
     [echo] 
     [echo] ADA to FHIR input files ../../beschikbaarstellen_medicatiegegevens/ada_instance_MA, to be converted with: ../../beschikbaarstellen_medicatiegegevens/payload/beschikbaarstellen_medicatiegegevens_2_fhir_resources.xsl
     [xslt] Processing C:\SourceTree\GitHub\HL7-mappings\ada_2_fhir\mp\9.0.7\beschikbaarstellen_medicatiegegevens\ada_instance_MA\mg-mgr-mg-MA-Scenarioset0-0-1.xml to C:\SourceTree\GitHub\HL7-mappings\ada_2_fhir\mp\9.0.7\beschikbaarstellen_medicatiegegevens\fhir_instance_MA\mg-mgr-mg-MA-Scenarioset0-0-1.xml
     [xslt] Loading stylesheet C:\SourceTree\GitHub\HL7-mappings\ada_2_fhir\mp\9.0.7\beschikbaarstellen_medicatiegegevens\payload\beschikbaarstellen_medicatiegegevens_2_fhir_resources.xsl
     [xslt] Processing C:\SourceTree\GitHub\HL7-mappings\ada_2_fhir\mp\9.0.7\beschikbaarstellen_medicatiegegevens\ada_instance_MA\mg-mgr-mg-MA-Scenarioset0-0-2.xml to C:\SourceTree\GitHub\HL7-mappings\ada_2_fhir\mp\9.0.7\beschikbaarstellen_medicatiegegevens\fhir_instance_MA\mg-mgr-mg-MA-Scenarioset0-0-2.xml
     [xslt] Processing C:\SourceTree\GitHub\HL7-mappings\ada_2_fhir\mp\9.0.7\beschikbaarstellen_medicatiegegevens\ada_instance_MA\mg-mgr-mg-MA-Scenarioset0-0-3optioneel.xml to C:\SourceTree\GitHub\HL7-mappings\ada_2_fhir\mp\9.0.7\beschikbaarstellen_medicatiegegevens\fhir_instance_MA\mg-mgr-mg-MA-Scenarioset0-0-3optioneel.xml
     [xslt] Processing C:\SourceTree\GitHub\HL7-mappings\ada_2_fhir\mp\9.0.7\beschikbaarstellen_medicatiegegevens\ada_instance_MA\mg-mgr-mg-MA-Scenarioset0-0-4.xml to C:\SourceTree\GitHub\HL7-mappings\ada_2_fhir\mp\9.0.7\beschikbaarstellen_medicatiegegevens\fhir_instance_MA\mg-mgr-mg-MA-Scenarioset0-0-4.xml
     [xslt] Processing C:\SourceTree\GitHub\HL7-mappings\ada_2_fhir\mp\9.0.7\beschikbaarstellen_medicatiegegevens\ada_instance_MA\mg-mgr-mg-MA-Scenarioset0-0-5.xml to C:\SourceTree\GitHub\HL7-mappings\ada_2_fhir\mp\9.0.7\beschikbaarstellen_medicatiegegevens\fhir_instance_MA\mg-mgr-mg-MA-Scenarioset0-0-5.xml
     [xslt] Processing C:\SourceTree\GitHub\HL7-mappings\ada_2_fhir\mp\9.0.7\beschikbaarstellen_medicatiegegevens\ada_instance_MA\mg-mgr-mg-MA-Scenarioset0-0-6.xml to C:\SourceTree\GitHub\HL7-mappings\ada_2_fhir\mp\9.0.7\beschikbaarstellen_medicatiegegevens\fhir_instance_MA\mg-mgr-mg-MA-Scenarioset0-0-6.xml
     [xslt] Processing C:\SourceTree\GitHub\HL7-mappings\ada_2_fhir\mp\9.0.7\beschikbaarstellen_medicatiegegevens\ada_instance_MA\mg-mgr-mg-MA-Scenarioset0-0-7.xml to C:\SourceTree\GitHub\HL7-mappings\ada_2_fhir\mp\9.0.7\beschikbaarstellen_medicatiegegevens\fhir_instance_MA\mg-mgr-mg-MA-Scenarioset0-0-7.xml
     [xslt] Processing C:\SourceTree\GitHub\HL7-mappings\ada_2_fhir\mp\9.0.7\beschikbaarstellen_medicatiegegevens\ada_instance_MA\mg-mgr-mg-MA-Scenarioset0-0-8.xml to C:\SourceTree\GitHub\HL7-mappings\ada_2_fhir\mp\9.0.7\beschikbaarstellen_medicatiegegevens\fhir_instance_MA\mg-mgr-mg-MA-Scenarioset0-0-8.xml
     [xslt] Processing C:\SourceTree\GitHub\HL7-mappings\ada_2_fhir\mp\9.0.7\beschikbaarstellen_medicatiegegevens\ada_instance_MA\mg-mgr-mg-MA-Scenarioset1-1-1.xml to C:\SourceTree\GitHub\HL7-mappings\ada_2_fhir\mp\9.0.7\beschikbaarstellen_medicatiegegevens\fhir_instance_MA\mg-mgr-mg-MA-Scenarioset1-1-1.xml
     [xslt] Processing C:\SourceTree\GitHub\HL7-mappings\ada_2_fhir\mp\9.0.7\beschikbaarstellen_medicatiegegevens\ada_instance_MA\mg-mgr-mg-MA-Scenarioset1-1-2a.xml to C:\SourceTree\GitHub\HL7-mappings\ada_2_fhir\mp\9.0.7\beschikbaarstellen_medicatiegegevens\fhir_instance_MA\mg-mgr-mg-MA-Scenarioset1-1-2a.xml
     [xslt] Processing C:\SourceTree\GitHub\HL7-mappings\ada_2_fhir\mp\9.0.7\beschikbaarstellen_medicatiegegevens\ada_instance_MA\mg-mgr-mg-MA-Scenarioset1-1-2b.xml to C:\SourceTree\GitHub\HL7-mappings\ada_2_fhir\mp\9.0.7\beschikbaarstellen_medicatiegegevens\fhir_instance_MA\mg-mgr-mg-MA-Scenarioset1-1-2b.xml
     [xslt] Processing C:\SourceTree\GitHub\HL7-mappings\ada_2_fhir\mp\9.0.7\beschikbaarstellen_medicatiegegevens\ada_instance_MA\mg-mgr-mg-MA-Scenarioset1-1-3.xml to C:\SourceTree\GitHub\HL7-mappings\ada_2_fhir\mp\9.0.7\beschikbaarstellen_medicatiegegevens\fhir_instance_MA\mg-mgr-mg-MA-Scenarioset1-1-3.xml
     [xslt] Processing C:\SourceTree\GitHub\HL7-mappings\ada_2_fhir\mp\9.0.7\beschikbaarstellen_medicatiegegevens\ada_instance_MA\mg-mgr-mg-MA-Scenarioset1-1-4.xml to C:\SourceTree\GitHub\HL7-mappings\ada_2_fhir\mp\9.0.7\beschikbaarstellen_medicatiegegevens\fhir_instance_MA\mg-mgr-mg-MA-Scenarioset1-1-4.xml
     [xslt] Processing C:\SourceTree\GitHub\HL7-mappings\ada_2_fhir\mp\9.0.7\beschikbaarstellen_medicatiegegevens\ada_instance_MA\mg-mgr-mg-MA-Scenarioset10-10-1optioneel.xml to C:\SourceTree\GitHub\HL7-mappings\ada_2_fhir\mp\9.0.7\beschikbaarstellen_medicatiegegevens\fhir_instance_MA\mg-mgr-mg-MA-Scenarioset10-10-1optioneel.xml
     [xslt] Processing C:\SourceTree\GitHub\HL7-mappings\ada_2_fhir\mp\9.0.7\beschikbaarstellen_medicatiegegevens\ada_instance_MA\mg-mgr-mg-MA-Scenarioset10-10-2optioneel.xml to C:\SourceTree\GitHub\HL7-mappings\ada_2_fhir\mp\9.0.7\beschikbaarstellen_medicatiegegevens\fhir_instance_MA\mg-mgr-mg-MA-Scenarioset10-10-2optioneel.xml
     [xslt] Processing C:\SourceTree\GitHub\HL7-mappings\ada_2_fhir\mp\9.0.7\beschikbaarstellen_medicatiegegevens\ada_instance_MA\mg-mgr-mg-MA-Scenarioset2-2-1.xml to C:\SourceTree\GitHub\HL7-mappings\ada_2_fhir\mp\9.0.7\beschikbaarstellen_medicatiegegevens\fhir_instance_MA\mg-mgr-mg-MA-Scenarioset2-2-1.xml
     [xslt] Processing C:\SourceTree\GitHub\HL7-mappings\ada_2_fhir\mp\9.0.7\beschikbaarstellen_medicatiegegevens\ada_instance_MA\mg-mgr-mg-MA-Scenarioset2-2-2.xml to C:\SourceTree\GitHub\HL7-mappings\ada_2_fhir\mp\9.0.7\beschikbaarstellen_medicatiegegevens\fhir_instance_MA\mg-mgr-mg-MA-Scenarioset2-2-2.xml
     [xslt] Processing C:\SourceTree\GitHub\HL7-mappings\ada_2_fhir\mp\9.0.7\beschikbaarstellen_medicatiegegevens\ada_instance_MA\mg-mgr-mg-MA-Scenarioset2-2-3.xml to C:\SourceTree\GitHub\HL7-mappings\ada_2_fhir\mp\9.0.7\beschikbaarstellen_medicatiegegevens\fhir_instance_MA\mg-mgr-mg-MA-Scenarioset2-2-3.xml
     [xslt] Processing C:\SourceTree\GitHub\HL7-mappings\ada_2_fhir\mp\9.0.7\beschikbaarstellen_medicatiegegevens\ada_instance_MA\mg-mgr-mg-MA-Scenarioset2-2-4.xml to C:\SourceTree\GitHub\HL7-mappings\ada_2_fhir\mp\9.0.7\beschikbaarstellen_medicatiegegevens\fhir_instance_MA\mg-mgr-mg-MA-Scenarioset2-2-4.xml
     [xslt] WARN   : We have encountered an id (zib-MedicationAgreement-MBH-907-aanvullendeinformatiewensen-MA-VNK) longer than 64 characters, we are truncating it, but it should be looked at.
     [xslt] Processing C:\SourceTree\GitHub\HL7-mappings\ada_2_fhir\mp\9.0.7\beschikbaarstellen_medicatiegegevens\ada_instance_MA\mg-mgr-mg-MA-Scenarioset2-2-5.xml to C:\SourceTree\GitHub\HL7-mappings\ada_2_fhir\mp\9.0.7\beschikbaarstellen_medicatiegegevens\fhir_instance_MA\mg-mgr-mg-MA-Scenarioset2-2-5.xml
     [xslt] Processing C:\SourceTree\GitHub\HL7-mappings\ada_2_fhir\mp\9.0.7\beschikbaarstellen_medicatiegegevens\ada_instance_MA\mg-mgr-mg-MA-Scenarioset3-3-1.xml to C:\SourceTree\GitHub\HL7-mappings\ada_2_fhir\mp\9.0.7\beschikbaarstellen_medicatiegegevens\fhir_instance_MA\mg-mgr-mg-MA-Scenarioset3-3-1.xml
     [xslt] WARN   : We have encountered an id (zib-MedicationAgreement-MBH-907-aanvullendeinstructie-MA-staken-VNK) longer than 64 characters, we are truncating it, but it should be looked at.
     [xslt] Processing C:\SourceTree\GitHub\HL7-mappings\ada_2_fhir\mp\9.0.7\beschikbaarstellen_medicatiegegevens\ada_instance_MA\mg-mgr-mg-MA-Scenarioset3-3-2.xml to C:\SourceTree\GitHub\HL7-mappings\ada_2_fhir\mp\9.0.7\beschikbaarstellen_medicatiegegevens\fhir_instance_MA\mg-mgr-mg-MA-Scenarioset3-3-2.xml
     [xslt] WARN   : We have encountered an id (zib-MedicationAgreement-MBH-907-toelichting-MA-wijzigingmetVV-VNK) longer than 64 characters, we are truncating it, but it should be looked at.
     [xslt] Processing C:\SourceTree\GitHub\HL7-mappings\ada_2_fhir\mp\9.0.7\beschikbaarstellen_medicatiegegevens\ada_instance_MA\mg-mgr-mg-MA-Scenarioset3-3-3.xml to C:\SourceTree\GitHub\HL7-mappings\ada_2_fhir\mp\9.0.7\beschikbaarstellen_medicatiegegevens\fhir_instance_MA\mg-mgr-mg-MA-Scenarioset3-3-3.xml
     [xslt] WARN   : We have encountered an id (zib-MedicationAgreement-MBH-907-redenvanvoorschrijven-MA-wijzigingzonderVV-VNK) longer than 64 characters, we are truncating it, but it should be looked at.
     [xslt] WARN   : We have encountered an id (zib-MedicationAgreement-MBH-907-redenvanvoorschrijven-MA-techstaken-VNK) longer than 64 characters, we are truncating it, but it should be looked at.
     [xslt] Processing C:\SourceTree\GitHub\HL7-mappings\ada_2_fhir\mp\9.0.7\beschikbaarstellen_medicatiegegevens\ada_instance_MA\mg-mgr-mg-MA-Scenarioset3-3-4optioneel.xml to C:\SourceTree\GitHub\HL7-mappings\ada_2_fhir\mp\9.0.7\beschikbaarstellen_medicatiegegevens\fhir_instance_MA\mg-mgr-mg-MA-Scenarioset3-3-4optioneel.xml
     [xslt] WARN   : We have encountered an id (zib-MedicationAgreement-MBH-907-aanvullendeinformatiewensen-MA-onderbreken-VNK) longer than 64 characters, we are truncating it, but it should be looked at.
     [xslt] Processing C:\SourceTree\GitHub\HL7-mappings\ada_2_fhir\mp\9.0.7\beschikbaarstellen_medicatiegegevens\ada_instance_MA\mg-mgr-mg-MA-Scenarioset4-4-1.xml to C:\SourceTree\GitHub\HL7-mappings\ada_2_fhir\mp\9.0.7\beschikbaarstellen_medicatiegegevens\fhir_instance_MA\mg-mgr-mg-MA-Scenarioset4-4-1.xml
     [xslt] Processing C:\SourceTree\GitHub\HL7-mappings\ada_2_fhir\mp\9.0.7\beschikbaarstellen_medicatiegegevens\ada_instance_MA\mg-mgr-mg-MA-Scenarioset6-6-10optioneel.xml to C:\SourceTree\GitHub\HL7-mappings\ada_2_fhir\mp\9.0.7\beschikbaarstellen_medicatiegegevens\fhir_instance_MA\mg-mgr-mg-MA-Scenarioset6-6-10optioneel.xml
     [xslt] Processing C:\SourceTree\GitHub\HL7-mappings\ada_2_fhir\mp\9.0.7\beschikbaarstellen_medicatiegegevens\ada_instance_MA\mg-mgr-mg-MA-Scenarioset6-6-11optioneel.xml to C:\SourceTree\GitHub\HL7-mappings\ada_2_fhir\mp\9.0.7\beschikbaarstellen_medicatiegegevens\fhir_instance_MA\mg-mgr-mg-MA-Scenarioset6-6-11optioneel.xml
     [xslt] Processing C:\SourceTree\GitHub\HL7-mappings\ada_2_fhir\mp\9.0.7\beschikbaarstellen_medicatiegegevens\ada_instance_MA\mg-mgr-mg-MA-Scenarioset6-6-12optioneel.xml to C:\SourceTree\GitHub\HL7-mappings\ada_2_fhir\mp\9.0.7\beschikbaarstellen_medicatiegegevens\fhir_instance_MA\mg-mgr-mg-MA-Scenarioset6-6-12optioneel.xml
     [xslt] WARN   : We have encountered an id (zib-MedicationAgreement-MBH-907-variabelehoeveelheidenmaximum-MA-MSZ) longer than 64 characters, we are truncating it, but it should be looked at.
     [xslt] Processing C:\SourceTree\GitHub\HL7-mappings\ada_2_fhir\mp\9.0.7\beschikbaarstellen_medicatiegegevens\ada_instance_MA\mg-mgr-mg-MA-Scenarioset6-6-13optioneel.xml to C:\SourceTree\GitHub\HL7-mappings\ada_2_fhir\mp\9.0.7\beschikbaarstellen_medicatiegegevens\fhir_instance_MA\mg-mgr-mg-MA-Scenarioset6-6-13optioneel.xml
     [xslt] Processing C:\SourceTree\GitHub\HL7-mappings\ada_2_fhir\mp\9.0.7\beschikbaarstellen_medicatiegegevens\ada_instance_MA\mg-mgr-mg-MA-Scenarioset6-6-14optioneel.xml to C:\SourceTree\GitHub\HL7-mappings\ada_2_fhir\mp\9.0.7\beschikbaarstellen_medicatiegegevens\fhir_instance_MA\mg-mgr-mg-MA-Scenarioset6-6-14optioneel.xml
     [xslt] Processing C:\SourceTree\GitHub\HL7-mappings\ada_2_fhir\mp\9.0.7\beschikbaarstellen_medicatiegegevens\ada_instance_MA\mg-mgr-mg-MA-Scenarioset6-6-15.xml to C:\SourceTree\GitHub\HL7-mappings\ada_2_fhir\mp\9.0.7\beschikbaarstellen_medicatiegegevens\fhir_instance_MA\mg-mgr-mg-MA-Scenarioset6-6-15.xml
     [xslt] Processing C:\SourceTree\GitHub\HL7-mappings\ada_2_fhir\mp\9.0.7\beschikbaarstellen_medicatiegegevens\ada_instance_MA\mg-mgr-mg-MA-Scenarioset6-6-1optioneel.xml to C:\SourceTree\GitHub\HL7-mappings\ada_2_fhir\mp\9.0.7\beschikbaarstellen_medicatiegegevens\fhir_instance_MA\mg-mgr-mg-MA-Scenarioset6-6-1optioneel.xml
     [xslt] Processing C:\SourceTree\GitHub\HL7-mappings\ada_2_fhir\mp\9.0.7\beschikbaarstellen_medicatiegegevens\ada_instance_MA\mg-mgr-mg-MA-Scenarioset6-6-2optioneel.xml to C:\SourceTree\GitHub\HL7-mappings\ada_2_fhir\mp\9.0.7\beschikbaarstellen_medicatiegegevens\fhir_instance_MA\mg-mgr-mg-MA-Scenarioset6-6-2optioneel.xml
     [xslt] Processing C:\SourceTree\GitHub\HL7-mappings\ada_2_fhir\mp\9.0.7\beschikbaarstellen_medicatiegegevens\ada_instance_MA\mg-mgr-mg-MA-Scenarioset6-6-3optioneel.xml to C:\SourceTree\GitHub\HL7-mappings\ada_2_fhir\mp\9.0.7\beschikbaarstellen_medicatiegegevens\fhir_instance_MA\mg-mgr-mg-MA-Scenarioset6-6-3optioneel.xml
     [xslt] Processing C:\SourceTree\GitHub\HL7-mappings\ada_2_fhir\mp\9.0.7\beschikbaarstellen_medicatiegegevens\ada_instance_MA\mg-mgr-mg-MA-Scenarioset6-6-4optioneel.xml to C:\SourceTree\GitHub\HL7-mappings\ada_2_fhir\mp\9.0.7\beschikbaarstellen_medicatiegegevens\fhir_instance_MA\mg-mgr-mg-MA-Scenarioset6-6-4optioneel.xml
     [xslt] Processing C:\SourceTree\GitHub\HL7-mappings\ada_2_fhir\mp\9.0.7\beschikbaarstellen_medicatiegegevens\ada_instance_MA\mg-mgr-mg-MA-Scenarioset6-6-5optioneel.xml to C:\SourceTree\GitHub\HL7-mappings\ada_2_fhir\mp\9.0.7\beschikbaarstellen_medicatiegegevens\fhir_instance_MA\mg-mgr-mg-MA-Scenarioset6-6-5optioneel.xml
     [xslt] Processing C:\SourceTree\GitHub\HL7-mappings\ada_2_fhir\mp\9.0.7\beschikbaarstellen_medicatiegegevens\ada_instance_MA\mg-mgr-mg-MA-Scenarioset6-6-6optioneel.xml to C:\SourceTree\GitHub\HL7-mappings\ada_2_fhir\mp\9.0.7\beschikbaarstellen_medicatiegegevens\fhir_instance_MA\mg-mgr-mg-MA-Scenarioset6-6-6optioneel.xml
     [xslt] Processing C:\SourceTree\GitHub\HL7-mappings\ada_2_fhir\mp\9.0.7\beschikbaarstellen_medicatiegegevens\ada_instance_MA\mg-mgr-mg-MA-Scenarioset6-6-7.xml to C:\SourceTree\GitHub\HL7-mappings\ada_2_fhir\mp\9.0.7\beschikbaarstellen_medicatiegegevens\fhir_instance_MA\mg-mgr-mg-MA-Scenarioset6-6-7.xml
     [xslt] Processing C:\SourceTree\GitHub\HL7-mappings\ada_2_fhir\mp\9.0.7\beschikbaarstellen_medicatiegegevens\ada_instance_MA\mg-mgr-mg-MA-Scenarioset6-6-8optioneel.xml to C:\SourceTree\GitHub\HL7-mappings\ada_2_fhir\mp\9.0.7\beschikbaarstellen_medicatiegegevens\fhir_instance_MA\mg-mgr-mg-MA-Scenarioset6-6-8optioneel.xml
     [xslt] Processing C:\SourceTree\GitHub\HL7-mappings\ada_2_fhir\mp\9.0.7\beschikbaarstellen_medicatiegegevens\ada_instance_MA\mg-mgr-mg-MA-Scenarioset6-6-9.xml to C:\SourceTree\GitHub\HL7-mappings\ada_2_fhir\mp\9.0.7\beschikbaarstellen_medicatiegegevens\fhir_instance_MA\mg-mgr-mg-MA-Scenarioset6-6-9.xml
     [xslt] Processing C:\SourceTree\GitHub\HL7-mappings\ada_2_fhir\mp\9.0.7\beschikbaarstellen_medicatiegegevens\ada_instance_MA\mg-mgr-mg-MA-Scenarioset7-7-1optioneel.xml to C:\SourceTree\GitHub\HL7-mappings\ada_2_fhir\mp\9.0.7\beschikbaarstellen_medicatiegegevens\fhir_instance_MA\mg-mgr-mg-MA-Scenarioset7-7-1optioneel.xml
     [xslt] WARN   : We have encountered an id (zib-MedicationAgreement-MBH-907-magistraalalleingredienten-MA-TST) longer than 64 characters, we are truncating it, but it should be looked at.
     [xslt] Processing C:\SourceTree\GitHub\HL7-mappings\ada_2_fhir\mp\9.0.7\beschikbaarstellen_medicatiegegevens\ada_instance_MA\mg-mgr-mg-MA-Scenarioset7-7-2optioneel.xml to C:\SourceTree\GitHub\HL7-mappings\ada_2_fhir\mp\9.0.7\beschikbaarstellen_medicatiegegevens\fhir_instance_MA\mg-mgr-mg-MA-Scenarioset7-7-2optioneel.xml
     [xslt] WARN   : We have encountered an id (zib-MedicationAgreement-MBH-907-magistraalactieveingredient-MA-TST) longer than 64 characters, we are truncating it, but it should be looked at.
     [xslt] Processing C:\SourceTree\GitHub\HL7-mappings\ada_2_fhir\mp\9.0.7\beschikbaarstellen_medicatiegegevens\ada_instance_MA\mg-mgr-mg-MA-Scenarioset7-7-3optioneel.xml to C:\SourceTree\GitHub\HL7-mappings\ada_2_fhir\mp\9.0.7\beschikbaarstellen_medicatiegegevens\fhir_instance_MA\mg-mgr-mg-MA-Scenarioset7-7-3optioneel.xml
     [xslt] WARN   : We have encountered an id (zib-Product-90000001-2-16-840-1-113883-2-4-3-11-9999-77-90000000-1-1111) longer than 64 characters, we are truncating it, but it should be looked at.
     [xslt] Processing C:\SourceTree\GitHub\HL7-mappings\ada_2_fhir\mp\9.0.7\beschikbaarstellen_medicatiegegevens\ada_instance_MA\mg-mgr-mg-MA-Scenarioset8-8-1.xml to C:\SourceTree\GitHub\HL7-mappings\ada_2_fhir\mp\9.0.7\beschikbaarstellen_medicatiegegevens\fhir_instance_MA\mg-mgr-mg-MA-Scenarioset8-8-1.xml
     [echo] 
     [echo] ADA to FHIR input files ../../beschikbaarstellen_medicatiegegevens/ada_instance_MA, to be converted with: ../../beschikbaarstellen_medicatiegegevens/payload/beschikbaarstellen_medicatiegegevens_2_fhir.xsl
     [xslt] Processing C:\SourceTree\GitHub\HL7-mappings\ada_2_fhir\mp\9.0.7\beschikbaarstellen_medicatiegegevens\ada_instance_MA\mg-mgr-mg-MA-Scenarioset0-0-1.xml to C:\SourceTree\GitHub\HL7-mappings\ada_2_fhir\mp\9.0.7\beschikbaarstellen_medicatiegegevens\fhir_instance_MA\mg-mgr-mg-MA-Scenarioset0-0-1.xml
     [xslt] Loading stylesheet C:\SourceTree\GitHub\HL7-mappings\ada_2_fhir\mp\9.0.7\beschikbaarstellen_medicatiegegevens\payload\beschikbaarstellen_medicatiegegevens_2_fhir.xsl
     [xslt] Processing C:\SourceTree\GitHub\HL7-mappings\ada_2_fhir\mp\9.0.7\beschikbaarstellen_medicatiegegevens\ada_instance_MA\mg-mgr-mg-MA-Scenarioset0-0-2.xml to C:\SourceTree\GitHub\HL7-mappings\ada_2_fhir\mp\9.0.7\beschikbaarstellen_medicatiegegevens\fhir_instance_MA\mg-mgr-mg-MA-Scenarioset0-0-2.xml
     [xslt] Processing C:\SourceTree\GitHub\HL7-mappings\ada_2_fhir\mp\9.0.7\beschikbaarstellen_medicatiegegevens\ada_instance_MA\mg-mgr-mg-MA-Scenarioset0-0-3optioneel.xml to C:\SourceTree\GitHub\HL7-mappings\ada_2_fhir\mp\9.0.7\beschikbaarstellen_medicatiegegevens\fhir_instance_MA\mg-mgr-mg-MA-Scenarioset0-0-3optioneel.xml
     [xslt] Processing C:\SourceTree\GitHub\HL7-mappings\ada_2_fhir\mp\9.0.7\beschikbaarstellen_medicatiegegevens\ada_instance_MA\mg-mgr-mg-MA-Scenarioset0-0-4.xml to C:\SourceTree\GitHub\HL7-mappings\ada_2_fhir\mp\9.0.7\beschikbaarstellen_medicatiegegevens\fhir_instance_MA\mg-mgr-mg-MA-Scenarioset0-0-4.xml
     [xslt] Processing C:\SourceTree\GitHub\HL7-mappings\ada_2_fhir\mp\9.0.7\beschikbaarstellen_medicatiegegevens\ada_instance_MA\mg-mgr-mg-MA-Scenarioset0-0-5.xml to C:\SourceTree\GitHub\HL7-mappings\ada_2_fhir\mp\9.0.7\beschikbaarstellen_medicatiegegevens\fhir_instance_MA\mg-mgr-mg-MA-Scenarioset0-0-5.xml
     [xslt] Processing C:\SourceTree\GitHub\HL7-mappings\ada_2_fhir\mp\9.0.7\beschikbaarstellen_medicatiegegevens\ada_instance_MA\mg-mgr-mg-MA-Scenarioset0-0-6.xml to C:\SourceTree\GitHub\HL7-mappings\ada_2_fhir\mp\9.0.7\beschikbaarstellen_medicatiegegevens\fhir_instance_MA\mg-mgr-mg-MA-Scenarioset0-0-6.xml
     [xslt] Processing C:\SourceTree\GitHub\HL7-mappings\ada_2_fhir\mp\9.0.7\beschikbaarstellen_medicatiegegevens\ada_instance_MA\mg-mgr-mg-MA-Scenarioset0-0-7.xml to C:\SourceTree\GitHub\HL7-mappings\ada_2_fhir\mp\9.0.7\beschikbaarstellen_medicatiegegevens\fhir_instance_MA\mg-mgr-mg-MA-Scenarioset0-0-7.xml
     [xslt] Processing C:\SourceTree\GitHub\HL7-mappings\ada_2_fhir\mp\9.0.7\beschikbaarstellen_medicatiegegevens\ada_instance_MA\mg-mgr-mg-MA-Scenarioset0-0-8.xml to C:\SourceTree\GitHub\HL7-mappings\ada_2_fhir\mp\9.0.7\beschikbaarstellen_medicatiegegevens\fhir_instance_MA\mg-mgr-mg-MA-Scenarioset0-0-8.xml
     [xslt] Processing C:\SourceTree\GitHub\HL7-mappings\ada_2_fhir\mp\9.0.7\beschikbaarstellen_medicatiegegevens\ada_instance_MA\mg-mgr-mg-MA-Scenarioset1-1-1.xml to C:\SourceTree\GitHub\HL7-mappings\ada_2_fhir\mp\9.0.7\beschikbaarstellen_medicatiegegevens\fhir_instance_MA\mg-mgr-mg-MA-Scenarioset1-1-1.xml
     [xslt] Processing C:\SourceTree\GitHub\HL7-mappings\ada_2_fhir\mp\9.0.7\beschikbaarstellen_medicatiegegevens\ada_instance_MA\mg-mgr-mg-MA-Scenarioset1-1-2a.xml to C:\SourceTree\GitHub\HL7-mappings\ada_2_fhir\mp\9.0.7\beschikbaarstellen_medicatiegegevens\fhir_instance_MA\mg-mgr-mg-MA-Scenarioset1-1-2a.xml
     [xslt] Processing C:\SourceTree\GitHub\HL7-mappings\ada_2_fhir\mp\9.0.7\beschikbaarstellen_medicatiegegevens\ada_instance_MA\mg-mgr-mg-MA-Scenarioset1-1-2b.xml to C:\SourceTree\GitHub\HL7-mappings\ada_2_fhir\mp\9.0.7\beschikbaarstellen_medicatiegegevens\fhir_instance_MA\mg-mgr-mg-MA-Scenarioset1-1-2b.xml
     [xslt] Processing C:\SourceTree\GitHub\HL7-mappings\ada_2_fhir\mp\9.0.7\beschikbaarstellen_medicatiegegevens\ada_instance_MA\mg-mgr-mg-MA-Scenarioset1-1-3.xml to C:\SourceTree\GitHub\HL7-mappings\ada_2_fhir\mp\9.0.7\beschikbaarstellen_medicatiegegevens\fhir_instance_MA\mg-mgr-mg-MA-Scenarioset1-1-3.xml
     [xslt] Processing C:\SourceTree\GitHub\HL7-mappings\ada_2_fhir\mp\9.0.7\beschikbaarstellen_medicatiegegevens\ada_instance_MA\mg-mgr-mg-MA-Scenarioset1-1-4.xml to C:\SourceTree\GitHub\HL7-mappings\ada_2_fhir\mp\9.0.7\beschikbaarstellen_medicatiegegevens\fhir_instance_MA\mg-mgr-mg-MA-Scenarioset1-1-4.xml
     [xslt] Processing C:\SourceTree\GitHub\HL7-mappings\ada_2_fhir\mp\9.0.7\beschikbaarstellen_medicatiegegevens\ada_instance_MA\mg-mgr-mg-MA-Scenarioset10-10-1optioneel.xml to C:\SourceTree\GitHub\HL7-mappings\ada_2_fhir\mp\9.0.7\beschikbaarstellen_medicatiegegevens\fhir_instance_MA\mg-mgr-mg-MA-Scenarioset10-10-1optioneel.xml
     [xslt] Processing C:\SourceTree\GitHub\HL7-mappings\ada_2_fhir\mp\9.0.7\beschikbaarstellen_medicatiegegevens\ada_instance_MA\mg-mgr-mg-MA-Scenarioset10-10-2optioneel.xml to C:\SourceTree\GitHub\HL7-mappings\ada_2_fhir\mp\9.0.7\beschikbaarstellen_medicatiegegevens\fhir_instance_MA\mg-mgr-mg-MA-Scenarioset10-10-2optioneel.xml
     [xslt] Processing C:\SourceTree\GitHub\HL7-mappings\ada_2_fhir\mp\9.0.7\beschikbaarstellen_medicatiegegevens\ada_instance_MA\mg-mgr-mg-MA-Scenarioset2-2-1.xml to C:\SourceTree\GitHub\HL7-mappings\ada_2_fhir\mp\9.0.7\beschikbaarstellen_medicatiegegevens\fhir_instance_MA\mg-mgr-mg-MA-Scenarioset2-2-1.xml
     [xslt] Processing C:\SourceTree\GitHub\HL7-mappings\ada_2_fhir\mp\9.0.7\beschikbaarstellen_medicatiegegevens\ada_instance_MA\mg-mgr-mg-MA-Scenarioset2-2-2.xml to C:\SourceTree\GitHub\HL7-mappings\ada_2_fhir\mp\9.0.7\beschikbaarstellen_medicatiegegevens\fhir_instance_MA\mg-mgr-mg-MA-Scenarioset2-2-2.xml
     [xslt] Processing C:\SourceTree\GitHub\HL7-mappings\ada_2_fhir\mp\9.0.7\beschikbaarstellen_medicatiegegevens\ada_instance_MA\mg-mgr-mg-MA-Scenarioset2-2-3.xml to C:\SourceTree\GitHub\HL7-mappings\ada_2_fhir\mp\9.0.7\beschikbaarstellen_medicatiegegevens\fhir_instance_MA\mg-mgr-mg-MA-Scenarioset2-2-3.xml
     [xslt] Processing C:\SourceTree\GitHub\HL7-mappings\ada_2_fhir\mp\9.0.7\beschikbaarstellen_medicatiegegevens\ada_instance_MA\mg-mgr-mg-MA-Scenarioset2-2-4.xml to C:\SourceTree\GitHub\HL7-mappings\ada_2_fhir\mp\9.0.7\beschikbaarstellen_medicatiegegevens\fhir_instance_MA\mg-mgr-mg-MA-Scenarioset2-2-4.xml
     [xslt] Processing C:\SourceTree\GitHub\HL7-mappings\ada_2_fhir\mp\9.0.7\beschikbaarstellen_medicatiegegevens\ada_instance_MA\mg-mgr-mg-MA-Scenarioset2-2-5.xml to C:\SourceTree\GitHub\HL7-mappings\ada_2_fhir\mp\9.0.7\beschikbaarstellen_medicatiegegevens\fhir_instance_MA\mg-mgr-mg-MA-Scenarioset2-2-5.xml
     [xslt] Processing C:\SourceTree\GitHub\HL7-mappings\ada_2_fhir\mp\9.0.7\beschikbaarstellen_medicatiegegevens\ada_instance_MA\mg-mgr-mg-MA-Scenarioset3-3-1.xml to C:\SourceTree\GitHub\HL7-mappings\ada_2_fhir\mp\9.0.7\beschikbaarstellen_medicatiegegevens\fhir_instance_MA\mg-mgr-mg-MA-Scenarioset3-3-1.xml
     [xslt] Processing C:\SourceTree\GitHub\HL7-mappings\ada_2_fhir\mp\9.0.7\beschikbaarstellen_medicatiegegevens\ada_instance_MA\mg-mgr-mg-MA-Scenarioset3-3-2.xml to C:\SourceTree\GitHub\HL7-mappings\ada_2_fhir\mp\9.0.7\beschikbaarstellen_medicatiegegevens\fhir_instance_MA\mg-mgr-mg-MA-Scenarioset3-3-2.xml
     [xslt] Processing C:\SourceTree\GitHub\HL7-mappings\ada_2_fhir\mp\9.0.7\beschikbaarstellen_medicatiegegevens\ada_instance_MA\mg-mgr-mg-MA-Scenarioset3-3-3.xml to C:\SourceTree\GitHub\HL7-mappings\ada_2_fhir\mp\9.0.7\beschikbaarstellen_medicatiegegevens\fhir_instance_MA\mg-mgr-mg-MA-Scenarioset3-3-3.xml
     [xslt] Processing C:\SourceTree\GitHub\HL7-mappings\ada_2_fhir\mp\9.0.7\beschikbaarstellen_medicatiegegevens\ada_instance_MA\mg-mgr-mg-MA-Scenarioset3-3-4optioneel.xml to C:\SourceTree\GitHub\HL7-mappings\ada_2_fhir\mp\9.0.7\beschikbaarstellen_medicatiegegevens\fhir_instance_MA\mg-mgr-mg-MA-Scenarioset3-3-4optioneel.xml
     [xslt] Processing C:\SourceTree\GitHub\HL7-mappings\ada_2_fhir\mp\9.0.7\beschikbaarstellen_medicatiegegevens\ada_instance_MA\mg-mgr-mg-MA-Scenarioset4-4-1.xml to C:\SourceTree\GitHub\HL7-mappings\ada_2_fhir\mp\9.0.7\beschikbaarstellen_medicatiegegevens\fhir_instance_MA\mg-mgr-mg-MA-Scenarioset4-4-1.xml
     [xslt] Processing C:\SourceTree\GitHub\HL7-mappings\ada_2_fhir\mp\9.0.7\beschikbaarstellen_medicatiegegevens\ada_instance_MA\mg-mgr-mg-MA-Scenarioset6-6-10optioneel.xml to C:\SourceTree\GitHub\HL7-mappings\ada_2_fhir\mp\9.0.7\beschikbaarstellen_medicatiegegevens\fhir_instance_MA\mg-mgr-mg-MA-Scenarioset6-6-10optioneel.xml
     [xslt] Processing C:\SourceTree\GitHub\HL7-mappings\ada_2_fhir\mp\9.0.7\beschikbaarstellen_medicatiegegevens\ada_instance_MA\mg-mgr-mg-MA-Scenarioset6-6-11optioneel.xml to C:\SourceTree\GitHub\HL7-mappings\ada_2_fhir\mp\9.0.7\beschikbaarstellen_medicatiegegevens\fhir_instance_MA\mg-mgr-mg-MA-Scenarioset6-6-11optioneel.xml
     [xslt] Processing C:\SourceTree\GitHub\HL7-mappings\ada_2_fhir\mp\9.0.7\beschikbaarstellen_medicatiegegevens\ada_instance_MA\mg-mgr-mg-MA-Scenarioset6-6-12optioneel.xml to C:\SourceTree\GitHub\HL7-mappings\ada_2_fhir\mp\9.0.7\beschikbaarstellen_medicatiegegevens\fhir_instance_MA\mg-mgr-mg-MA-Scenarioset6-6-12optioneel.xml
     [xslt] Processing C:\SourceTree\GitHub\HL7-mappings\ada_2_fhir\mp\9.0.7\beschikbaarstellen_medicatiegegevens\ada_instance_MA\mg-mgr-mg-MA-Scenarioset6-6-13optioneel.xml to C:\SourceTree\GitHub\HL7-mappings\ada_2_fhir\mp\9.0.7\beschikbaarstellen_medicatiegegevens\fhir_instance_MA\mg-mgr-mg-MA-Scenarioset6-6-13optioneel.xml
     [xslt] Processing C:\SourceTree\GitHub\HL7-mappings\ada_2_fhir\mp\9.0.7\beschikbaarstellen_medicatiegegevens\ada_instance_MA\mg-mgr-mg-MA-Scenarioset6-6-14optioneel.xml to C:\SourceTree\GitHub\HL7-mappings\ada_2_fhir\mp\9.0.7\beschikbaarstellen_medicatiegegevens\fhir_instance_MA\mg-mgr-mg-MA-Scenarioset6-6-14optioneel.xml
     [xslt] Processing C:\SourceTree\GitHub\HL7-mappings\ada_2_fhir\mp\9.0.7\beschikbaarstellen_medicatiegegevens\ada_instance_MA\mg-mgr-mg-MA-Scenarioset6-6-15.xml to C:\SourceTree\GitHub\HL7-mappings\ada_2_fhir\mp\9.0.7\beschikbaarstellen_medicatiegegevens\fhir_instance_MA\mg-mgr-mg-MA-Scenarioset6-6-15.xml
     [xslt] Processing C:\SourceTree\GitHub\HL7-mappings\ada_2_fhir\mp\9.0.7\beschikbaarstellen_medicatiegegevens\ada_instance_MA\mg-mgr-mg-MA-Scenarioset6-6-1optioneel.xml to C:\SourceTree\GitHub\HL7-mappings\ada_2_fhir\mp\9.0.7\beschikbaarstellen_medicatiegegevens\fhir_instance_MA\mg-mgr-mg-MA-Scenarioset6-6-1optioneel.xml
     [xslt] Processing C:\SourceTree\GitHub\HL7-mappings\ada_2_fhir\mp\9.0.7\beschikbaarstellen_medicatiegegevens\ada_instance_MA\mg-mgr-mg-MA-Scenarioset6-6-2optioneel.xml to C:\SourceTree\GitHub\HL7-mappings\ada_2_fhir\mp\9.0.7\beschikbaarstellen_medicatiegegevens\fhir_instance_MA\mg-mgr-mg-MA-Scenarioset6-6-2optioneel.xml
     [xslt] Processing C:\SourceTree\GitHub\HL7-mappings\ada_2_fhir\mp\9.0.7\beschikbaarstellen_medicatiegegevens\ada_instance_MA\mg-mgr-mg-MA-Scenarioset6-6-3optioneel.xml to C:\SourceTree\GitHub\HL7-mappings\ada_2_fhir\mp\9.0.7\beschikbaarstellen_medicatiegegevens\fhir_instance_MA\mg-mgr-mg-MA-Scenarioset6-6-3optioneel.xml
     [xslt] Processing C:\SourceTree\GitHub\HL7-mappings\ada_2_fhir\mp\9.0.7\beschikbaarstellen_medicatiegegevens\ada_instance_MA\mg-mgr-mg-MA-Scenarioset6-6-4optioneel.xml to C:\SourceTree\GitHub\HL7-mappings\ada_2_fhir\mp\9.0.7\beschikbaarstellen_medicatiegegevens\fhir_instance_MA\mg-mgr-mg-MA-Scenarioset6-6-4optioneel.xml
     [xslt] Processing C:\SourceTree\GitHub\HL7-mappings\ada_2_fhir\mp\9.0.7\beschikbaarstellen_medicatiegegevens\ada_instance_MA\mg-mgr-mg-MA-Scenarioset6-6-5optioneel.xml to C:\SourceTree\GitHub\HL7-mappings\ada_2_fhir\mp\9.0.7\beschikbaarstellen_medicatiegegevens\fhir_instance_MA\mg-mgr-mg-MA-Scenarioset6-6-5optioneel.xml
     [xslt] Processing C:\SourceTree\GitHub\HL7-mappings\ada_2_fhir\mp\9.0.7\beschikbaarstellen_medicatiegegevens\ada_instance_MA\mg-mgr-mg-MA-Scenarioset6-6-6optioneel.xml to C:\SourceTree\GitHub\HL7-mappings\ada_2_fhir\mp\9.0.7\beschikbaarstellen_medicatiegegevens\fhir_instance_MA\mg-mgr-mg-MA-Scenarioset6-6-6optioneel.xml
     [xslt] Processing C:\SourceTree\GitHub\HL7-mappings\ada_2_fhir\mp\9.0.7\beschikbaarstellen_medicatiegegevens\ada_instance_MA\mg-mgr-mg-MA-Scenarioset6-6-7.xml to C:\SourceTree\GitHub\HL7-mappings\ada_2_fhir\mp\9.0.7\beschikbaarstellen_medicatiegegevens\fhir_instance_MA\mg-mgr-mg-MA-Scenarioset6-6-7.xml
     [xslt] Processing C:\SourceTree\GitHub\HL7-mappings\ada_2_fhir\mp\9.0.7\beschikbaarstellen_medicatiegegevens\ada_instance_MA\mg-mgr-mg-MA-Scenarioset6-6-8optioneel.xml to C:\SourceTree\GitHub\HL7-mappings\ada_2_fhir\mp\9.0.7\beschikbaarstellen_medicatiegegevens\fhir_instance_MA\mg-mgr-mg-MA-Scenarioset6-6-8optioneel.xml
     [xslt] Processing C:\SourceTree\GitHub\HL7-mappings\ada_2_fhir\mp\9.0.7\beschikbaarstellen_medicatiegegevens\ada_instance_MA\mg-mgr-mg-MA-Scenarioset6-6-9.xml to C:\SourceTree\GitHub\HL7-mappings\ada_2_fhir\mp\9.0.7\beschikbaarstellen_medicatiegegevens\fhir_instance_MA\mg-mgr-mg-MA-Scenarioset6-6-9.xml
     [xslt] Processing C:\SourceTree\GitHub\HL7-mappings\ada_2_fhir\mp\9.0.7\beschikbaarstellen_medicatiegegevens\ada_instance_MA\mg-mgr-mg-MA-Scenarioset7-7-1optioneel.xml to C:\SourceTree\GitHub\HL7-mappings\ada_2_fhir\mp\9.0.7\beschikbaarstellen_medicatiegegevens\fhir_instance_MA\mg-mgr-mg-MA-Scenarioset7-7-1optioneel.xml
     [xslt] Processing C:\SourceTree\GitHub\HL7-mappings\ada_2_fhir\mp\9.0.7\beschikbaarstellen_medicatiegegevens\ada_instance_MA\mg-mgr-mg-MA-Scenarioset7-7-2optioneel.xml to C:\SourceTree\GitHub\HL7-mappings\ada_2_fhir\mp\9.0.7\beschikbaarstellen_medicatiegegevens\fhir_instance_MA\mg-mgr-mg-MA-Scenarioset7-7-2optioneel.xml
     [xslt] Processing C:\SourceTree\GitHub\HL7-mappings\ada_2_fhir\mp\9.0.7\beschikbaarstellen_medicatiegegevens\ada_instance_MA\mg-mgr-mg-MA-Scenarioset7-7-3optioneel.xml to C:\SourceTree\GitHub\HL7-mappings\ada_2_fhir\mp\9.0.7\beschikbaarstellen_medicatiegegevens\fhir_instance_MA\mg-mgr-mg-MA-Scenarioset7-7-3optioneel.xml
     [xslt] Processing C:\SourceTree\GitHub\HL7-mappings\ada_2_fhir\mp\9.0.7\beschikbaarstellen_medicatiegegevens\ada_instance_MA\mg-mgr-mg-MA-Scenarioset8-8-1.xml to C:\SourceTree\GitHub\HL7-mappings\ada_2_fhir\mp\9.0.7\beschikbaarstellen_medicatiegegevens\fhir_instance_MA\mg-mgr-mg-MA-Scenarioset8-8-1.xml

download-ivy:
     [echo] installing ivy...
      [get] Getting: https://repo1.maven.org/maven2/org/apache/ivy/ivy/2.5.0/ivy-2.5.0.jar
      [get] To: C:\SourceTree\GitHub\HL7-mappings\_ant-buildfiles\ant-include\ivy\ivy.jar
      [get] Not modified - so not downloaded

install-ivy:

fetch-imports:
[ivy:resolve] :: Apache Ivy 2.5.0 - 20191020104435 :: https://ant.apache.org/ivy/ ::
[ivy:resolve] :: loading settings :: file = C:\SourceTree\GitHub\HL7-mappings\_ant-buildfiles\ant-include\ivysettings.xml
[ivy:resolve] :: resolving dependencies :: nl.nictiz.decor#tools;working@NICT1-NB144087 [not transitive]
[ivy:resolve] 	confs: [default]
[ivy:resolve] 	found net.sf.saxon#Saxon-HE;9.9.1-7 in local-chain
[ivy:resolve] 	found xerces#xercesImpl;2.12.0 in maven
[ivy:resolve] :: resolution report :: resolve 75ms :: artifacts dl 10ms
	---------------------------------------------------------------------
	|                  |            modules            ||   artifacts   |
	|       conf       | number| search|dwnlded|evicted|| number|dwnlded|
	---------------------------------------------------------------------
	|      default     |   2   |   0   |   0   |   0   ||   6   |   0   |
	---------------------------------------------------------------------
[ivy:retrieve] :: retrieving :: nl.nictiz.decor#tools [sync]
[ivy:retrieve] 	confs: [default]
[ivy:retrieve] 	0 artifacts copied, 2 already retrieved (0kB/43ms)
[ivy:dependencytree] Dependency tree for nl.nictiz.decor-tools
[ivy:dependencytree] +- net.sf.saxon#Saxon-HE;9.9.1-7
[ivy:dependencytree] \- xerces#xercesImpl;2.12.0

convert_ada_2_fhir_sub_mp:
     [echo] Deleting previous results, if any
     [echo] 
     [echo] ADA to FHIR input files ../../beschikbaarstellen_medicatiegegevens/ada_instance_VV, to be converted with: ../../beschikbaarstellen_medicatiegegevens/payload/beschikbaarstellen_medicatiegegevens_2_fhir_resources.xsl
     [xslt] Processing C:\SourceTree\GitHub\HL7-mappings\ada_2_fhir\mp\9.0.7\beschikbaarstellen_medicatiegegevens\ada_instance_VV\mg-mgr-mg-VV-Scenarioset0-0-1.xml to C:\SourceTree\GitHub\HL7-mappings\ada_2_fhir\mp\9.0.7\beschikbaarstellen_medicatiegegevens\fhir_instance_VV\mg-mgr-mg-VV-Scenarioset0-0-1.xml
     [xslt] Loading stylesheet C:\SourceTree\GitHub\HL7-mappings\ada_2_fhir\mp\9.0.7\beschikbaarstellen_medicatiegegevens\payload\beschikbaarstellen_medicatiegegevens_2_fhir_resources.xsl
     [xslt] Processing C:\SourceTree\GitHub\HL7-mappings\ada_2_fhir\mp\9.0.7\beschikbaarstellen_medicatiegegevens\ada_instance_VV\mg-mgr-mg-VV-Scenarioset0-0-2.xml to C:\SourceTree\GitHub\HL7-mappings\ada_2_fhir\mp\9.0.7\beschikbaarstellen_medicatiegegevens\fhir_instance_VV\mg-mgr-mg-VV-Scenarioset0-0-2.xml
     [xslt] Processing C:\SourceTree\GitHub\HL7-mappings\ada_2_fhir\mp\9.0.7\beschikbaarstellen_medicatiegegevens\ada_instance_VV\mg-mgr-mg-VV-Scenarioset0-0-3optioneel.xml to C:\SourceTree\GitHub\HL7-mappings\ada_2_fhir\mp\9.0.7\beschikbaarstellen_medicatiegegevens\fhir_instance_VV\mg-mgr-mg-VV-Scenarioset0-0-3optioneel.xml
     [xslt] Processing C:\SourceTree\GitHub\HL7-mappings\ada_2_fhir\mp\9.0.7\beschikbaarstellen_medicatiegegevens\ada_instance_VV\mg-mgr-mg-VV-Scenarioset0-0-4.xml to C:\SourceTree\GitHub\HL7-mappings\ada_2_fhir\mp\9.0.7\beschikbaarstellen_medicatiegegevens\fhir_instance_VV\mg-mgr-mg-VV-Scenarioset0-0-4.xml
     [xslt] Processing C:\SourceTree\GitHub\HL7-mappings\ada_2_fhir\mp\9.0.7\beschikbaarstellen_medicatiegegevens\ada_instance_VV\mg-mgr-mg-VV-Scenarioset0-0-5.xml to C:\SourceTree\GitHub\HL7-mappings\ada_2_fhir\mp\9.0.7\beschikbaarstellen_medicatiegegevens\fhir_instance_VV\mg-mgr-mg-VV-Scenarioset0-0-5.xml
     [xslt] Processing C:\SourceTree\GitHub\HL7-mappings\ada_2_fhir\mp\9.0.7\beschikbaarstellen_medicatiegegevens\ada_instance_VV\mg-mgr-mg-VV-Scenarioset1-1-1.xml to C:\SourceTree\GitHub\HL7-mappings\ada_2_fhir\mp\9.0.7\beschikbaarstellen_medicatiegegevens\fhir_instance_VV\mg-mgr-mg-VV-Scenarioset1-1-1.xml
     [xslt] Processing C:\SourceTree\GitHub\HL7-mappings\ada_2_fhir\mp\9.0.7\beschikbaarstellen_medicatiegegevens\ada_instance_VV\mg-mgr-mg-VV-Scenarioset10-10-1optioneel.xml to C:\SourceTree\GitHub\HL7-mappings\ada_2_fhir\mp\9.0.7\beschikbaarstellen_medicatiegegevens\fhir_instance_VV\mg-mgr-mg-VV-Scenarioset10-10-1optioneel.xml
     [xslt] Processing C:\SourceTree\GitHub\HL7-mappings\ada_2_fhir\mp\9.0.7\beschikbaarstellen_medicatiegegevens\ada_instance_VV\mg-mgr-mg-VV-Scenarioset10-10-2optioneel.xml to C:\SourceTree\GitHub\HL7-mappings\ada_2_fhir\mp\9.0.7\beschikbaarstellen_medicatiegegevens\fhir_instance_VV\mg-mgr-mg-VV-Scenarioset10-10-2optioneel.xml
     [xslt] Processing C:\SourceTree\GitHub\HL7-mappings\ada_2_fhir\mp\9.0.7\beschikbaarstellen_medicatiegegevens\ada_instance_VV\mg-mgr-mg-VV-Scenarioset2-2-1.xml to C:\SourceTree\GitHub\HL7-mappings\ada_2_fhir\mp\9.0.7\beschikbaarstellen_medicatiegegevens\fhir_instance_VV\mg-mgr-mg-VV-Scenarioset2-2-1.xml
     [xslt] Processing C:\SourceTree\GitHub\HL7-mappings\ada_2_fhir\mp\9.0.7\beschikbaarstellen_medicatiegegevens\ada_instance_VV\mg-mgr-mg-VV-Scenarioset2-2-2.xml to C:\SourceTree\GitHub\HL7-mappings\ada_2_fhir\mp\9.0.7\beschikbaarstellen_medicatiegegevens\fhir_instance_VV\mg-mgr-mg-VV-Scenarioset2-2-2.xml
     [xslt] Processing C:\SourceTree\GitHub\HL7-mappings\ada_2_fhir\mp\9.0.7\beschikbaarstellen_medicatiegegevens\ada_instance_VV\mg-mgr-mg-VV-Scenarioset7-7-1optioneel.xml to C:\SourceTree\GitHub\HL7-mappings\ada_2_fhir\mp\9.0.7\beschikbaarstellen_medicatiegegevens\fhir_instance_VV\mg-mgr-mg-VV-Scenarioset7-7-1optioneel.xml
     [xslt] Processing C:\SourceTree\GitHub\HL7-mappings\ada_2_fhir\mp\9.0.7\beschikbaarstellen_medicatiegegevens\ada_instance_VV\mg-mgr-mg-VV-Scenarioset7-7-2optioneel.xml to C:\SourceTree\GitHub\HL7-mappings\ada_2_fhir\mp\9.0.7\beschikbaarstellen_medicatiegegevens\fhir_instance_VV\mg-mgr-mg-VV-Scenarioset7-7-2optioneel.xml
     [xslt] Processing C:\SourceTree\GitHub\HL7-mappings\ada_2_fhir\mp\9.0.7\beschikbaarstellen_medicatiegegevens\ada_instance_VV\mg-mgr-mg-VV-Scenarioset7-7-3optioneel.xml to C:\SourceTree\GitHub\HL7-mappings\ada_2_fhir\mp\9.0.7\beschikbaarstellen_medicatiegegevens\fhir_instance_VV\mg-mgr-mg-VV-Scenarioset7-7-3optioneel.xml
     [xslt] WARN   : We have encountered an id (zib-Product-90000001-2-16-840-1-113883-2-4-3-11-9999-77-90000000-1-1111) longer than 64 characters, we are truncating it, but it should be looked at.
     [xslt] Processing C:\SourceTree\GitHub\HL7-mappings\ada_2_fhir\mp\9.0.7\beschikbaarstellen_medicatiegegevens\ada_instance_VV\mg-mgr-mg-VV-Scenarioset8-8-1.xml to C:\SourceTree\GitHub\HL7-mappings\ada_2_fhir\mp\9.0.7\beschikbaarstellen_medicatiegegevens\fhir_instance_VV\mg-mgr-mg-VV-Scenarioset8-8-1.xml
     [xslt] Processing C:\SourceTree\GitHub\HL7-mappings\ada_2_fhir\mp\9.0.7\beschikbaarstellen_medicatiegegevens\ada_instance_VV\mg-mgr-mg-VV-Scenarioset9-9-1aoptioneel.xml to C:\SourceTree\GitHub\HL7-mappings\ada_2_fhir\mp\9.0.7\beschikbaarstellen_medicatiegegevens\fhir_instance_VV\mg-mgr-mg-VV-Scenarioset9-9-1aoptioneel.xml
     [xslt] WARN   : We have encountered an id (zib-DispenseRequest-MBH-907-logistiekeverbruiksperiode-start-eind-VV-NCD) longer than 64 characters, we are truncating it, but it should be looked at.
     [xslt] Processing C:\SourceTree\GitHub\HL7-mappings\ada_2_fhir\mp\9.0.7\beschikbaarstellen_medicatiegegevens\ada_instance_VV\mg-mgr-mg-VV-Scenarioset9-9-1boptioneel.xml to C:\SourceTree\GitHub\HL7-mappings\ada_2_fhir\mp\9.0.7\beschikbaarstellen_medicatiegegevens\fhir_instance_VV\mg-mgr-mg-VV-Scenarioset9-9-1boptioneel.xml
     [xslt] WARN   : We have encountered an id (zib-DispenseRequest-MBH-907-logistiekeverbruiksperiode-eind-VV-NCD) longer than 64 characters, we are truncating it, but it should be looked at.
     [xslt] Processing C:\SourceTree\GitHub\HL7-mappings\ada_2_fhir\mp\9.0.7\beschikbaarstellen_medicatiegegevens\ada_instance_VV\mg-mgr-mg-VV-Scenarioset9-9-1coptioneel.xml to C:\SourceTree\GitHub\HL7-mappings\ada_2_fhir\mp\9.0.7\beschikbaarstellen_medicatiegegevens\fhir_instance_VV\mg-mgr-mg-VV-Scenarioset9-9-1coptioneel.xml
     [xslt] WARN   : We have encountered an id (zib-DispenseRequest-MBH-907-logistiekeverbruiksperiode-duur-dagen-VV-NCD) longer than 64 characters, we are truncating it, but it should be looked at.
     [xslt] Processing C:\SourceTree\GitHub\HL7-mappings\ada_2_fhir\mp\9.0.7\beschikbaarstellen_medicatiegegevens\ada_instance_VV\mg-mgr-mg-VV-Scenarioset9-9-2optioneel.xml to C:\SourceTree\GitHub\HL7-mappings\ada_2_fhir\mp\9.0.7\beschikbaarstellen_medicatiegegevens\fhir_instance_VV\mg-mgr-mg-VV-Scenarioset9-9-2optioneel.xml
     [xslt] Processing C:\SourceTree\GitHub\HL7-mappings\ada_2_fhir\mp\9.0.7\beschikbaarstellen_medicatiegegevens\ada_instance_VV\mg-mgr-mg-VV-Scenarioset9-9-3optioneel.xml to C:\SourceTree\GitHub\HL7-mappings\ada_2_fhir\mp\9.0.7\beschikbaarstellen_medicatiegegevens\fhir_instance_VV\mg-mgr-mg-VV-Scenarioset9-9-3optioneel.xml
     [echo] 
     [echo] ADA to FHIR input files ../../beschikbaarstellen_medicatiegegevens/ada_instance_VV, to be converted with: ../../beschikbaarstellen_medicatiegegevens/payload/beschikbaarstellen_medicatiegegevens_2_fhir.xsl
     [xslt] Processing C:\SourceTree\GitHub\HL7-mappings\ada_2_fhir\mp\9.0.7\beschikbaarstellen_medicatiegegevens\ada_instance_VV\mg-mgr-mg-VV-Scenarioset0-0-1.xml to C:\SourceTree\GitHub\HL7-mappings\ada_2_fhir\mp\9.0.7\beschikbaarstellen_medicatiegegevens\fhir_instance_VV\mg-mgr-mg-VV-Scenarioset0-0-1.xml
     [xslt] Loading stylesheet C:\SourceTree\GitHub\HL7-mappings\ada_2_fhir\mp\9.0.7\beschikbaarstellen_medicatiegegevens\payload\beschikbaarstellen_medicatiegegevens_2_fhir.xsl
     [xslt] Processing C:\SourceTree\GitHub\HL7-mappings\ada_2_fhir\mp\9.0.7\beschikbaarstellen_medicatiegegevens\ada_instance_VV\mg-mgr-mg-VV-Scenarioset0-0-2.xml to C:\SourceTree\GitHub\HL7-mappings\ada_2_fhir\mp\9.0.7\beschikbaarstellen_medicatiegegevens\fhir_instance_VV\mg-mgr-mg-VV-Scenarioset0-0-2.xml
     [xslt] Processing C:\SourceTree\GitHub\HL7-mappings\ada_2_fhir\mp\9.0.7\beschikbaarstellen_medicatiegegevens\ada_instance_VV\mg-mgr-mg-VV-Scenarioset0-0-3optioneel.xml to C:\SourceTree\GitHub\HL7-mappings\ada_2_fhir\mp\9.0.7\beschikbaarstellen_medicatiegegevens\fhir_instance_VV\mg-mgr-mg-VV-Scenarioset0-0-3optioneel.xml
     [xslt] Processing C:\SourceTree\GitHub\HL7-mappings\ada_2_fhir\mp\9.0.7\beschikbaarstellen_medicatiegegevens\ada_instance_VV\mg-mgr-mg-VV-Scenarioset0-0-4.xml to C:\SourceTree\GitHub\HL7-mappings\ada_2_fhir\mp\9.0.7\beschikbaarstellen_medicatiegegevens\fhir_instance_VV\mg-mgr-mg-VV-Scenarioset0-0-4.xml
     [xslt] Processing C:\SourceTree\GitHub\HL7-mappings\ada_2_fhir\mp\9.0.7\beschikbaarstellen_medicatiegegevens\ada_instance_VV\mg-mgr-mg-VV-Scenarioset0-0-5.xml to C:\SourceTree\GitHub\HL7-mappings\ada_2_fhir\mp\9.0.7\beschikbaarstellen_medicatiegegevens\fhir_instance_VV\mg-mgr-mg-VV-Scenarioset0-0-5.xml
     [xslt] Processing C:\SourceTree\GitHub\HL7-mappings\ada_2_fhir\mp\9.0.7\beschikbaarstellen_medicatiegegevens\ada_instance_VV\mg-mgr-mg-VV-Scenarioset1-1-1.xml to C:\SourceTree\GitHub\HL7-mappings\ada_2_fhir\mp\9.0.7\beschikbaarstellen_medicatiegegevens\fhir_instance_VV\mg-mgr-mg-VV-Scenarioset1-1-1.xml
     [xslt] Processing C:\SourceTree\GitHub\HL7-mappings\ada_2_fhir\mp\9.0.7\beschikbaarstellen_medicatiegegevens\ada_instance_VV\mg-mgr-mg-VV-Scenarioset10-10-1optioneel.xml to C:\SourceTree\GitHub\HL7-mappings\ada_2_fhir\mp\9.0.7\beschikbaarstellen_medicatiegegevens\fhir_instance_VV\mg-mgr-mg-VV-Scenarioset10-10-1optioneel.xml
     [xslt] Processing C:\SourceTree\GitHub\HL7-mappings\ada_2_fhir\mp\9.0.7\beschikbaarstellen_medicatiegegevens\ada_instance_VV\mg-mgr-mg-VV-Scenarioset10-10-2optioneel.xml to C:\SourceTree\GitHub\HL7-mappings\ada_2_fhir\mp\9.0.7\beschikbaarstellen_medicatiegegevens\fhir_instance_VV\mg-mgr-mg-VV-Scenarioset10-10-2optioneel.xml
     [xslt] Processing C:\SourceTree\GitHub\HL7-mappings\ada_2_fhir\mp\9.0.7\beschikbaarstellen_medicatiegegevens\ada_instance_VV\mg-mgr-mg-VV-Scenarioset2-2-1.xml to C:\SourceTree\GitHub\HL7-mappings\ada_2_fhir\mp\9.0.7\beschikbaarstellen_medicatiegegevens\fhir_instance_VV\mg-mgr-mg-VV-Scenarioset2-2-1.xml
     [xslt] Processing C:\SourceTree\GitHub\HL7-mappings\ada_2_fhir\mp\9.0.7\beschikbaarstellen_medicatiegegevens\ada_instance_VV\mg-mgr-mg-VV-Scenarioset2-2-2.xml to C:\SourceTree\GitHub\HL7-mappings\ada_2_fhir\mp\9.0.7\beschikbaarstellen_medicatiegegevens\fhir_instance_VV\mg-mgr-mg-VV-Scenarioset2-2-2.xml
     [xslt] Processing C:\SourceTree\GitHub\HL7-mappings\ada_2_fhir\mp\9.0.7\beschikbaarstellen_medicatiegegevens\ada_instance_VV\mg-mgr-mg-VV-Scenarioset7-7-1optioneel.xml to C:\SourceTree\GitHub\HL7-mappings\ada_2_fhir\mp\9.0.7\beschikbaarstellen_medicatiegegevens\fhir_instance_VV\mg-mgr-mg-VV-Scenarioset7-7-1optioneel.xml
     [xslt] Processing C:\SourceTree\GitHub\HL7-mappings\ada_2_fhir\mp\9.0.7\beschikbaarstellen_medicatiegegevens\ada_instance_VV\mg-mgr-mg-VV-Scenarioset7-7-2optioneel.xml to C:\SourceTree\GitHub\HL7-mappings\ada_2_fhir\mp\9.0.7\beschikbaarstellen_medicatiegegevens\fhir_instance_VV\mg-mgr-mg-VV-Scenarioset7-7-2optioneel.xml
     [xslt] Processing C:\SourceTree\GitHub\HL7-mappings\ada_2_fhir\mp\9.0.7\beschikbaarstellen_medicatiegegevens\ada_instance_VV\mg-mgr-mg-VV-Scenarioset7-7-3optioneel.xml to C:\SourceTree\GitHub\HL7-mappings\ada_2_fhir\mp\9.0.7\beschikbaarstellen_medicatiegegevens\fhir_instance_VV\mg-mgr-mg-VV-Scenarioset7-7-3optioneel.xml
     [xslt] Processing C:\SourceTree\GitHub\HL7-mappings\ada_2_fhir\mp\9.0.7\beschikbaarstellen_medicatiegegevens\ada_instance_VV\mg-mgr-mg-VV-Scenarioset8-8-1.xml to C:\SourceTree\GitHub\HL7-mappings\ada_2_fhir\mp\9.0.7\beschikbaarstellen_medicatiegegevens\fhir_instance_VV\mg-mgr-mg-VV-Scenarioset8-8-1.xml
     [xslt] Processing C:\SourceTree\GitHub\HL7-mappings\ada_2_fhir\mp\9.0.7\beschikbaarstellen_medicatiegegevens\ada_instance_VV\mg-mgr-mg-VV-Scenarioset9-9-1aoptioneel.xml to C:\SourceTree\GitHub\HL7-mappings\ada_2_fhir\mp\9.0.7\beschikbaarstellen_medicatiegegevens\fhir_instance_VV\mg-mgr-mg-VV-Scenarioset9-9-1aoptioneel.xml
     [xslt] Processing C:\SourceTree\GitHub\HL7-mappings\ada_2_fhir\mp\9.0.7\beschikbaarstellen_medicatiegegevens\ada_instance_VV\mg-mgr-mg-VV-Scenarioset9-9-1boptioneel.xml to C:\SourceTree\GitHub\HL7-mappings\ada_2_fhir\mp\9.0.7\beschikbaarstellen_medicatiegegevens\fhir_instance_VV\mg-mgr-mg-VV-Scenarioset9-9-1boptioneel.xml
     [xslt] Processing C:\SourceTree\GitHub\HL7-mappings\ada_2_fhir\mp\9.0.7\beschikbaarstellen_medicatiegegevens\ada_instance_VV\mg-mgr-mg-VV-Scenarioset9-9-1coptioneel.xml to C:\SourceTree\GitHub\HL7-mappings\ada_2_fhir\mp\9.0.7\beschikbaarstellen_medicatiegegevens\fhir_instance_VV\mg-mgr-mg-VV-Scenarioset9-9-1coptioneel.xml
     [xslt] Processing C:\SourceTree\GitHub\HL7-mappings\ada_2_fhir\mp\9.0.7\beschikbaarstellen_medicatiegegevens\ada_instance_VV\mg-mgr-mg-VV-Scenarioset9-9-2optioneel.xml to C:\SourceTree\GitHub\HL7-mappings\ada_2_fhir\mp\9.0.7\beschikbaarstellen_medicatiegegevens\fhir_instance_VV\mg-mgr-mg-VV-Scenarioset9-9-2optioneel.xml
     [xslt] Processing C:\SourceTree\GitHub\HL7-mappings\ada_2_fhir\mp\9.0.7\beschikbaarstellen_medicatiegegevens\ada_instance_VV\mg-mgr-mg-VV-Scenarioset9-9-3optioneel.xml to C:\SourceTree\GitHub\HL7-mappings\ada_2_fhir\mp\9.0.7\beschikbaarstellen_medicatiegegevens\fhir_instance_VV\mg-mgr-mg-VV-Scenarioset9-9-3optioneel.xml

download-ivy:
     [echo] installing ivy...
      [get] Getting: https://repo1.maven.org/maven2/org/apache/ivy/ivy/2.5.0/ivy-2.5.0.jar
      [get] To: C:\SourceTree\GitHub\HL7-mappings\_ant-buildfiles\ant-include\ivy\ivy.jar
      [get] Not modified - so not downloaded

install-ivy:

fetch-imports:
[ivy:resolve] :: Apache Ivy 2.5.0 - 20191020104435 :: https://ant.apache.org/ivy/ ::
[ivy:resolve] :: loading settings :: file = C:\SourceTree\GitHub\HL7-mappings\_ant-buildfiles\ant-include\ivysettings.xml
[ivy:resolve] :: resolving dependencies :: nl.nictiz.decor#tools;working@NICT1-NB144087 [not transitive]
[ivy:resolve] 	confs: [default]
[ivy:resolve] 	found net.sf.saxon#Saxon-HE;9.9.1-7 in local-chain
[ivy:resolve] 	found xerces#xercesImpl;2.12.0 in maven
[ivy:resolve] :: resolution report :: resolve 80ms :: artifacts dl 11ms
	---------------------------------------------------------------------
	|                  |            modules            ||   artifacts   |
	|       conf       | number| search|dwnlded|evicted|| number|dwnlded|
	---------------------------------------------------------------------
	|      default     |   2   |   0   |   0   |   0   ||   6   |   0   |
	---------------------------------------------------------------------
[ivy:retrieve] :: retrieving :: nl.nictiz.decor#tools [sync]
[ivy:retrieve] 	confs: [default]
[ivy:retrieve] 	0 artifacts copied, 2 already retrieved (0kB/37ms)
[ivy:dependencytree] Dependency tree for nl.nictiz.decor-tools
[ivy:dependencytree] +- net.sf.saxon#Saxon-HE;9.9.1-7
[ivy:dependencytree] \- xerces#xercesImpl;2.12.0

convert_ada_2_fhir_sub_mp:
     [echo] Deleting previous results, if any
     [echo] 
     [echo] ADA to FHIR input files ../../beschikbaarstellen_medicatieoverzicht/ada_instance_mp, to be converted with: ../../beschikbaarstellen_medicatieoverzicht/payload/beschikbaarstellen_medicatieoverzicht_2_fhir_resources.xsl
     [xslt] Processing C:\SourceTree\GitHub\HL7-mappings\ada_2_fhir\mp\9.0.7\beschikbaarstellen_medicatieoverzicht\ada_instance_mp\mo-mor-ma-Scenario0-0-b-output.xml to C:\SourceTree\GitHub\HL7-mappings\ada_2_fhir\mp\9.0.7\beschikbaarstellen_medicatieoverzicht\fhir_instance_mp\mo-mor-ma-Scenario0-0-b-output.xml
     [xslt] Loading stylesheet C:\SourceTree\GitHub\HL7-mappings\ada_2_fhir\mp\9.0.7\beschikbaarstellen_medicatieoverzicht\payload\beschikbaarstellen_medicatieoverzicht_2_fhir_resources.xsl
     [xslt] Processing C:\SourceTree\GitHub\HL7-mappings\ada_2_fhir\mp\9.0.7\beschikbaarstellen_medicatieoverzicht\ada_instance_mp\mo-mor-ma-Scenario1-0-b-output.xml to C:\SourceTree\GitHub\HL7-mappings\ada_2_fhir\mp\9.0.7\beschikbaarstellen_medicatieoverzicht\fhir_instance_mp\mo-mor-ma-Scenario1-0-b-output.xml
     [xslt] Processing C:\SourceTree\GitHub\HL7-mappings\ada_2_fhir\mp\9.0.7\beschikbaarstellen_medicatieoverzicht\ada_instance_mp\mo-mor-ma-Scenario2-0-b-output.xml to C:\SourceTree\GitHub\HL7-mappings\ada_2_fhir\mp\9.0.7\beschikbaarstellen_medicatieoverzicht\fhir_instance_mp\mo-mor-ma-Scenario2-0-b-output.xml
     [xslt] WARN   : We have encountered an id (zib-MedicationAgreement-MBH-907-aanvullendeinstructie-MA-staken-KLK) longer than 64 characters, we are truncating it, but it should be looked at.
     [xslt] WARN   : We have encountered an id (zib-MedicationAgreement-MBH-907-toelichting-MA-wijzigingmetVV-KLK) longer than 64 characters, we are truncating it, but it should be looked at.
     [xslt] WARN   : We have encountered an id (zib-MedicationAgreement-MBH-907-redenvanvoorschrijven-MA-wijzigingzonderVV-KLK) longer than 64 characters, we are truncating it, but it should be looked at.
     [xslt] WARN   : We have encountered an id (zib-MedicationAgreement-MBH-907-logistiekeverbruiksperiode-start-eind-MA-KLK) longer than 64 characters, we are truncating it, but it should be looked at.
     [xslt] WARN   : We have encountered an id (zib-MedicationAgreement-MBH-907-logistiekeverbruiksperiode-start-eind-MA-1-KLK) longer than 64 characters, we are truncating it, but it should be looked at.
     [xslt] Processing C:\SourceTree\GitHub\HL7-mappings\ada_2_fhir\mp\9.0.7\beschikbaarstellen_medicatieoverzicht\ada_instance_mp\mo-mor-ma-Scenario3-0-b-output.xml to C:\SourceTree\GitHub\HL7-mappings\ada_2_fhir\mp\9.0.7\beschikbaarstellen_medicatieoverzicht\fhir_instance_mp\mo-mor-ma-Scenario3-0-b-output.xml
     [xslt] WARN   : We have encountered an id (zib-MedicationAgreement-MBH-907-aanvullendeinformatiewensen-MA-onderbreken-HRW) longer than 64 characters, we are truncating it, but it should be looked at.
     [xslt] Processing C:\SourceTree\GitHub\HL7-mappings\ada_2_fhir\mp\9.0.7\beschikbaarstellen_medicatieoverzicht\ada_instance_mp\mo-mor-ma-Scenario3-1-b-output.xml to C:\SourceTree\GitHub\HL7-mappings\ada_2_fhir\mp\9.0.7\beschikbaarstellen_medicatieoverzicht\fhir_instance_mp\mo-mor-ma-Scenario3-1-b-output.xml
     [echo] 
     [echo] ADA to FHIR input files ../../beschikbaarstellen_medicatieoverzicht/ada_instance_mp, to be converted with: ../../beschikbaarstellen_medicatieoverzicht/payload/beschikbaarstellen_medicatieoverzicht_2_fhir.xsl
     [xslt] Processing C:\SourceTree\GitHub\HL7-mappings\ada_2_fhir\mp\9.0.7\beschikbaarstellen_medicatieoverzicht\ada_instance_mp\mo-mor-ma-Scenario0-0-b-output.xml to C:\SourceTree\GitHub\HL7-mappings\ada_2_fhir\mp\9.0.7\beschikbaarstellen_medicatieoverzicht\fhir_instance_mp\mo-mor-ma-Scenario0-0-b-output.xml
     [xslt] Loading stylesheet C:\SourceTree\GitHub\HL7-mappings\ada_2_fhir\mp\9.0.7\beschikbaarstellen_medicatieoverzicht\payload\beschikbaarstellen_medicatieoverzicht_2_fhir.xsl
     [xslt] Processing C:\SourceTree\GitHub\HL7-mappings\ada_2_fhir\mp\9.0.7\beschikbaarstellen_medicatieoverzicht\ada_instance_mp\mo-mor-ma-Scenario1-0-b-output.xml to C:\SourceTree\GitHub\HL7-mappings\ada_2_fhir\mp\9.0.7\beschikbaarstellen_medicatieoverzicht\fhir_instance_mp\mo-mor-ma-Scenario1-0-b-output.xml
     [xslt] Processing C:\SourceTree\GitHub\HL7-mappings\ada_2_fhir\mp\9.0.7\beschikbaarstellen_medicatieoverzicht\ada_instance_mp\mo-mor-ma-Scenario2-0-b-output.xml to C:\SourceTree\GitHub\HL7-mappings\ada_2_fhir\mp\9.0.7\beschikbaarstellen_medicatieoverzicht\fhir_instance_mp\mo-mor-ma-Scenario2-0-b-output.xml
     [xslt] Processing C:\SourceTree\GitHub\HL7-mappings\ada_2_fhir\mp\9.0.7\beschikbaarstellen_medicatieoverzicht\ada_instance_mp\mo-mor-ma-Scenario3-0-b-output.xml to C:\SourceTree\GitHub\HL7-mappings\ada_2_fhir\mp\9.0.7\beschikbaarstellen_medicatieoverzicht\fhir_instance_mp\mo-mor-ma-Scenario3-0-b-output.xml
     [xslt] Processing C:\SourceTree\GitHub\HL7-mappings\ada_2_fhir\mp\9.0.7\beschikbaarstellen_medicatieoverzicht\ada_instance_mp\mo-mor-ma-Scenario3-1-b-output.xml to C:\SourceTree\GitHub\HL7-mappings\ada_2_fhir\mp\9.0.7\beschikbaarstellen_medicatieoverzicht\fhir_instance_mp\mo-mor-ma-Scenario3-1-b-output.xml

download-ivy:
     [echo] installing ivy...
      [get] Getting: https://repo1.maven.org/maven2/org/apache/ivy/ivy/2.5.0/ivy-2.5.0.jar
      [get] To: C:\SourceTree\GitHub\HL7-mappings\_ant-buildfiles\ant-include\ivy\ivy.jar
      [get] Not modified - so not downloaded

install-ivy:

fetch-imports:
[ivy:resolve] :: Apache Ivy 2.5.0 - 20191020104435 :: https://ant.apache.org/ivy/ ::
[ivy:resolve] :: loading settings :: file = C:\SourceTree\GitHub\HL7-mappings\_ant-buildfiles\ant-include\ivysettings.xml
[ivy:resolve] :: resolving dependencies :: nl.nictiz.decor#tools;working@NICT1-NB144087 [not transitive]
[ivy:resolve] 	confs: [default]
[ivy:resolve] 	found net.sf.saxon#Saxon-HE;9.9.1-7 in local-chain
[ivy:resolve] 	found xerces#xercesImpl;2.12.0 in maven
[ivy:resolve] :: resolution report :: resolve 73ms :: artifacts dl 13ms
	---------------------------------------------------------------------
	|                  |            modules            ||   artifacts   |
	|       conf       | number| search|dwnlded|evicted|| number|dwnlded|
	---------------------------------------------------------------------
	|      default     |   2   |   0   |   0   |   0   ||   6   |   0   |
	---------------------------------------------------------------------
[ivy:retrieve] :: retrieving :: nl.nictiz.decor#tools [sync]
[ivy:retrieve] 	confs: [default]
[ivy:retrieve] 	0 artifacts copied, 2 already retrieved (0kB/36ms)
[ivy:dependencytree] Dependency tree for nl.nictiz.decor-tools
[ivy:dependencytree] +- net.sf.saxon#Saxon-HE;9.9.1-7
[ivy:dependencytree] \- xerces#xercesImpl;2.12.0

convert_ada_2_fhir_examples:
     [echo] Deleting previous results, if any
     [echo] 
     [echo] ADA to FHIR input files ../../xml-voorbeelden/ada_instance, to be converted with: ../../beschikbaarstellen_medicatiegegevens/payload/beschikbaarstellen_medicatiegegevens_2_fhir_resources.xsl
     [xslt] Processing C:\SourceTree\GitHub\HL7-mappings\ada_2_fhir\mp\9.0.7\xml-voorbeelden\ada_instance\mg-example-MBH_907_1.xml to C:\SourceTree\GitHub\HL7-mappings\ada_2_fhir\mp\9.0.7\xml-voorbeelden\fhir_instance\mg-example-MBH_907_1.xml
     [xslt] Loading stylesheet C:\SourceTree\GitHub\HL7-mappings\ada_2_fhir\mp\9.0.7\beschikbaarstellen_medicatiegegevens\payload\beschikbaarstellen_medicatiegegevens_2_fhir_resources.xsl
     [xslt] WARN   : We have encountered an id (nl-core-location-LETOPWERKAANDEWEG-OMLEIDINGSTAATAANGEGEVEN-PRIKSTRAAT12AMSTERDAM) longer than 64 characters, we are truncating it, but it should be looked at.
     [xslt] Processing C:\SourceTree\GitHub\HL7-mappings\ada_2_fhir\mp\9.0.7\xml-voorbeelden\ada_instance\mg-example-MBH_907_2.xml to C:\SourceTree\GitHub\HL7-mappings\ada_2_fhir\mp\9.0.7\xml-voorbeelden\fhir_instance\mg-example-MBH_907_2.xml
     [xslt] Processing C:\SourceTree\GitHub\HL7-mappings\ada_2_fhir\mp\9.0.7\xml-voorbeelden\ada_instance\mg-example-MBH_907_3.xml to C:\SourceTree\GitHub\HL7-mappings\ada_2_fhir\mp\9.0.7\xml-voorbeelden\fhir_instance\mg-example-MBH_907_3.xml
     [echo] 
     [echo] ADA to FHIR input files ../../xml-voorbeelden/ada_instance, to be converted with: ../../beschikbaarstellen_medicatiegegevens/payload/beschikbaarstellen_medicatiegegevens_2_fhir.xsl
     [xslt] Processing C:\SourceTree\GitHub\HL7-mappings\ada_2_fhir\mp\9.0.7\xml-voorbeelden\ada_instance\mg-example-MBH_907_1.xml to C:\SourceTree\GitHub\HL7-mappings\ada_2_fhir\mp\9.0.7\xml-voorbeelden\fhir_instance\mg-example-MBH_907_1.xml
     [xslt] Loading stylesheet C:\SourceTree\GitHub\HL7-mappings\ada_2_fhir\mp\9.0.7\beschikbaarstellen_medicatiegegevens\payload\beschikbaarstellen_medicatiegegevens_2_fhir.xsl
     [xslt] Processing C:\SourceTree\GitHub\HL7-mappings\ada_2_fhir\mp\9.0.7\xml-voorbeelden\ada_instance\mg-example-MBH_907_2.xml to C:\SourceTree\GitHub\HL7-mappings\ada_2_fhir\mp\9.0.7\xml-voorbeelden\fhir_instance\mg-example-MBH_907_2.xml
     [xslt] Processing C:\SourceTree\GitHub\HL7-mappings\ada_2_fhir\mp\9.0.7\xml-voorbeelden\ada_instance\mg-example-MBH_907_3.xml to C:\SourceTree\GitHub\HL7-mappings\ada_2_fhir\mp\9.0.7\xml-voorbeelden\fhir_instance\mg-example-MBH_907_3.xml
     [echo] 
     [echo] ADA to FHIR ../../beschikbaarstellen_medicatieoverzicht/payload/beschikbaarstellen_medicatieoverzicht_2_fhir_resources.xsl input dir ../../xml-voorbeelden/ada_instance
     [xslt] Processing C:\SourceTree\GitHub\HL7-mappings\ada_2_fhir\mp\9.0.7\xml-voorbeelden\ada_instance\mo-example-907_1.xml to C:\SourceTree\GitHub\HL7-mappings\ada_2_fhir\mp\9.0.7\xml-voorbeelden\fhir_instance\mo-example-907_1.xml
     [xslt] Loading stylesheet C:\SourceTree\GitHub\HL7-mappings\ada_2_fhir\mp\9.0.7\beschikbaarstellen_medicatieoverzicht\payload\beschikbaarstellen_medicatieoverzicht_2_fhir_resources.xsl
     [echo] 
     [echo] ADA to FHIR input files ../../xml-voorbeelden/ada_instance, to be converted with: ../../beschikbaarstellen_medicatieoverzicht/payload/beschikbaarstellen_medicatieoverzicht_2_fhir.xsl
     [xslt] Processing C:\SourceTree\GitHub\HL7-mappings\ada_2_fhir\mp\9.0.7\xml-voorbeelden\ada_instance\mo-example-907_1.xml to C:\SourceTree\GitHub\HL7-mappings\ada_2_fhir\mp\9.0.7\xml-voorbeelden\fhir_instance\mo-example-907_1.xml
     [xslt] Loading stylesheet C:\SourceTree\GitHub\HL7-mappings\ada_2_fhir\mp\9.0.7\beschikbaarstellen_medicatieoverzicht\payload\beschikbaarstellen_medicatieoverzicht_2_fhir.xsl

download-ivy:
     [echo] installing ivy...
      [get] Getting: https://repo1.maven.org/maven2/org/apache/ivy/ivy/2.5.0/ivy-2.5.0.jar
      [get] To: C:\SourceTree\GitHub\HL7-mappings\_ant-buildfiles\ant-include\ivy\ivy.jar
      [get] Not modified - so not downloaded

install-ivy:

fetch-imports:
[ivy:resolve] :: Apache Ivy 2.5.0 - 20191020104435 :: https://ant.apache.org/ivy/ ::
[ivy:resolve] :: loading settings :: file = C:\SourceTree\GitHub\HL7-mappings\_ant-buildfiles\ant-include\ivysettings.xml
[ivy:resolve] :: resolving dependencies :: nl.nictiz.decor#tools;working@NICT1-NB144087 [not transitive]
[ivy:resolve] 	confs: [default]
[ivy:resolve] 	found net.sf.saxon#Saxon-HE;9.9.1-7 in local-chain
[ivy:resolve] 	found xerces#xercesImpl;2.12.0 in maven
[ivy:resolve] :: resolution report :: resolve 83ms :: artifacts dl 16ms
	---------------------------------------------------------------------
	|                  |            modules            ||   artifacts   |
	|       conf       | number| search|dwnlded|evicted|| number|dwnlded|
	---------------------------------------------------------------------
	|      default     |   2   |   0   |   0   |   0   ||   6   |   0   |
	---------------------------------------------------------------------
[ivy:retrieve] :: retrieving :: nl.nictiz.decor#tools [sync]
[ivy:retrieve] 	confs: [default]
[ivy:retrieve] 	0 artifacts copied, 2 already retrieved (0kB/53ms)
[ivy:dependencytree] Dependency tree for nl.nictiz.decor-tools
[ivy:dependencytree] +- net.sf.saxon#Saxon-HE;9.9.1-7
[ivy:dependencytree] \- xerces#xercesImpl;2.12.0

convert_ada_2_fhir_sub:
     [echo] Deleting previous results, if any
     [echo] 
     [echo] ADA to FHIR input files ../../beschikbaarstellen_verstrekkingenvertaling/ada_instance, to be converted with: ../../beschikbaarstellen_verstrekkingenvertaling/payload/beschikbaarstellen_verstrekkingenvertaling_2_fhir_resources.xsl
     [xslt] Processing C:\SourceTree\GitHub\HL7-mappings\ada_2_fhir\mp\9.0.7\beschikbaarstellen_verstrekkingenvertaling\ada_instance\QURX_EX990113NL_01_555555112_RP.xml to C:\SourceTree\GitHub\HL7-mappings\ada_2_fhir\mp\9.0.7\beschikbaarstellen_verstrekkingenvertaling\fhir_instance\QURX_EX990113NL_01_555555112_RP.xml
     [xslt] Loading stylesheet C:\SourceTree\GitHub\HL7-mappings\ada_2_fhir\mp\9.0.7\beschikbaarstellen_verstrekkingenvertaling\payload\beschikbaarstellen_verstrekkingenvertaling_2_fhir_resources.xsl
     [xslt] WARN   : We have encountered an id (mp612-DispenseToFHIRConversion-AdministrationAgreement-38129f10-100a-11e5-b939-0800200c9a66) longer than 64 characters, we are truncating it, but it should be looked at.
     [xslt] WARN   : We have encountered an id (mp612-DispenseToFHIRConversion-Product-14234785-2-16-840-1-113883-2-4-4-8) longer than 64 characters, we are truncating it, but it should be looked at.
     [xslt] WARN   : We have encountered an id (mp612-DispenseToFHIRConversion-Organization-012345672-16-528-1-1007-3-3) longer than 64 characters, we are truncating it, but it should be looked at.
     [xslt] WARN   : We have encountered an id (mp612-DispenseToFHIRConversion-Dispense-38129f10-100a-11e5-b939-0800200c9a66) longer than 64 characters, we are truncating it, but it should be looked at.
     [xslt] Processing C:\SourceTree\GitHub\HL7-mappings\ada_2_fhir\mp\9.0.7\beschikbaarstellen_verstrekkingenvertaling\ada_instance\QURX_EX990113NL_02a_999999060_RP.xml to C:\SourceTree\GitHub\HL7-mappings\ada_2_fhir\mp\9.0.7\beschikbaarstellen_verstrekkingenvertaling\fhir_instance\QURX_EX990113NL_02a_999999060_RP.xml
     [xslt] WARN   : We have encountered an id (mp612-DispenseToFHIRConversion-AdministrationAgreement-1f5eebe0-100a-11e5-b939-0800200c9a66) longer than 64 characters, we are truncating it, but it should be looked at.
     [xslt] WARN   : We have encountered an id (mp612-DispenseToFHIRConversion-Product-14303841-2-16-840-1-113883-2-4-4-8) longer than 64 characters, we are truncating it, but it should be looked at.
     [xslt] WARN   : We have encountered an id (mp612-DispenseToFHIRConversion-Product-14565277-2-16-840-1-113883-2-4-4-8) longer than 64 characters, we are truncating it, but it should be looked at.
     [xslt] WARN   : We have encountered an id (mp612-DispenseToFHIRConversion-Product-15654486-2-16-840-1-113883-2-4-4-8) longer than 64 characters, we are truncating it, but it should be looked at.
     [xslt] WARN   : We have encountered an id (mp612-DispenseToFHIRConversion-Product-14765233-2-16-840-1-113883-2-4-4-8) longer than 64 characters, we are truncating it, but it should be looked at.
     [xslt] WARN   : We have encountered an id (mp612-DispenseToFHIRConversion-Product-12128198-2-16-840-1-113883-2-4-4-8) longer than 64 characters, we are truncating it, but it should be looked at.
     [xslt] WARN   : We have encountered an id (mp612-DispenseToFHIRConversion-Product-13906550-2-16-840-1-113883-2-4-4-8) longer than 64 characters, we are truncating it, but it should be looked at.
     [xslt] WARN   : We have encountered an id (mp612-DispenseToFHIRConversion-Product-13650203-2-16-840-1-113883-2-4-4-8) longer than 64 characters, we are truncating it, but it should be looked at.
     [xslt] WARN   : We have encountered an id (mp612-DispenseToFHIRConversion-Product-14039303-2-16-840-1-113883-2-4-4-8) longer than 64 characters, we are truncating it, but it should be looked at.
     [xslt] WARN   : We have encountered an id (mp612-DispenseToFHIRConversion-Product-13878956-2-16-840-1-113883-2-4-4-8) longer than 64 characters, we are truncating it, but it should be looked at.
     [xslt] WARN   : We have encountered an id (mp612-DispenseToFHIRConversion-Product-14933349-2-16-840-1-113883-2-4-4-8) longer than 64 characters, we are truncating it, but it should be looked at.
     [xslt] WARN   : We have encountered an id (mp612-DispenseToFHIRConversion-Product-13908790-2-16-840-1-113883-2-4-4-8) longer than 64 characters, we are truncating it, but it should be looked at.
     [xslt] WARN   : We have encountered an id (mp612-DispenseToFHIRConversion-Organization-012345672-16-528-1-1007-3-3) longer than 64 characters, we are truncating it, but it should be looked at.
     [xslt] WARN   : We have encountered an id (mp612-DispenseToFHIRConversion-AdministrationAgreement-47f39010-100a-11e5-b939-0800200c9a66) longer than 64 characters, we are truncating it, but it should be looked at.
     [xslt] WARN   : We have encountered an id (mp612-DispenseToFHIRConversion-AdministrationAgreement-4d5128b0-100a-11e5-b939-0800200c9a66) longer than 64 characters, we are truncating it, but it should be looked at.
     [xslt] WARN   : We have encountered an id (mp612-DispenseToFHIRConversion-AdministrationAgreement-52c41e10-100a-11e5-b939-0800200c9a66) longer than 64 characters, we are truncating it, but it should be looked at.
     [xslt] WARN   : We have encountered an id (mp612-DispenseToFHIRConversion-AdministrationAgreement-59df4530-100a-11e5-b939-0800200c9a66) longer than 64 characters, we are truncating it, but it should be looked at.
     [xslt] WARN   : We have encountered an id (mp612-DispenseToFHIRConversion-AdministrationAgreement-5ed2f870-100a-11e5-b939-0800200c9a66) longer than 64 characters, we are truncating it, but it should be looked at.
     [xslt] WARN   : We have encountered an id (mp612-DispenseToFHIRConversion-AdministrationAgreement-63c23ee0-100a-11e5-b939-0800200c9a66) longer than 64 characters, we are truncating it, but it should be looked at.
     [xslt] WARN   : We have encountered an id (mp612-DispenseToFHIRConversion-AdministrationAgreement-6898f440-100a-11e5-b939-0800200c9a66) longer than 64 characters, we are truncating it, but it should be looked at.
     [xslt] WARN   : We have encountered an id (mp612-DispenseToFHIRConversion-AdministrationAgreement-6da7a990-100a-11e5-b939-0800200c9a66) longer than 64 characters, we are truncating it, but it should be looked at.
     [xslt] WARN   : We have encountered an id (mp612-DispenseToFHIRConversion-AdministrationAgreement-721def70-100a-11e5-b939-0800200c9a66) longer than 64 characters, we are truncating it, but it should be looked at.
     [xslt] WARN   : We have encountered an id (mp612-DispenseToFHIRConversion-AdministrationAgreement-78074d50-100a-11e5-b939-0800200c9a66) longer than 64 characters, we are truncating it, but it should be looked at.
     [xslt] WARN   : We have encountered an id (mp612-DispenseToFHIRConversion-Dispense-1f5eebe0-100a-11e5-b939-0800200c9a66) longer than 64 characters, we are truncating it, but it should be looked at.
     [xslt] WARN   : We have encountered an id (mp612-DispenseToFHIRConversion-Dispense-47f39010-100a-11e5-b939-0800200c9a66) longer than 64 characters, we are truncating it, but it should be looked at.
     [xslt] WARN   : We have encountered an id (mp612-DispenseToFHIRConversion-Dispense-4d5128b0-100a-11e5-b939-0800200c9a66) longer than 64 characters, we are truncating it, but it should be looked at.
     [xslt] WARN   : We have encountered an id (mp612-DispenseToFHIRConversion-Dispense-52c41e10-100a-11e5-b939-0800200c9a66) longer than 64 characters, we are truncating it, but it should be looked at.
     [xslt] WARN   : We have encountered an id (mp612-DispenseToFHIRConversion-Dispense-59df4530-100a-11e5-b939-0800200c9a66) longer than 64 characters, we are truncating it, but it should be looked at.
     [xslt] WARN   : We have encountered an id (mp612-DispenseToFHIRConversion-Dispense-5ed2f870-100a-11e5-b939-0800200c9a66) longer than 64 characters, we are truncating it, but it should be looked at.
     [xslt] WARN   : We have encountered an id (mp612-DispenseToFHIRConversion-Dispense-63c23ee0-100a-11e5-b939-0800200c9a66) longer than 64 characters, we are truncating it, but it should be looked at.
     [xslt] WARN   : We have encountered an id (mp612-DispenseToFHIRConversion-Dispense-6898f440-100a-11e5-b939-0800200c9a66) longer than 64 characters, we are truncating it, but it should be looked at.
     [xslt] WARN   : We have encountered an id (mp612-DispenseToFHIRConversion-Dispense-6da7a990-100a-11e5-b939-0800200c9a66) longer than 64 characters, we are truncating it, but it should be looked at.
     [xslt] WARN   : We have encountered an id (mp612-DispenseToFHIRConversion-Dispense-721def70-100a-11e5-b939-0800200c9a66) longer than 64 characters, we are truncating it, but it should be looked at.
     [xslt] WARN   : We have encountered an id (mp612-DispenseToFHIRConversion-Dispense-78074d50-100a-11e5-b939-0800200c9a66) longer than 64 characters, we are truncating it, but it should be looked at.
     [xslt] Processing C:\SourceTree\GitHub\HL7-mappings\ada_2_fhir\mp\9.0.7\beschikbaarstellen_verstrekkingenvertaling\ada_instance\QURX_EX990113NL_02b_555555914_RP.xml to C:\SourceTree\GitHub\HL7-mappings\ada_2_fhir\mp\9.0.7\beschikbaarstellen_verstrekkingenvertaling\fhir_instance\QURX_EX990113NL_02b_555555914_RP.xml
     [xslt] WARN   : We have encountered an id (mp612-DispenseToFHIRConversion-AdministrationAgreement-d4d03380-100a-11e5-b939-0800200c9a66) longer than 64 characters, we are truncating it, but it should be looked at.
     [xslt] WARN   : We have encountered an id (mp612-DispenseToFHIRConversion-Product-14305054-2-16-840-1-113883-2-4-4-8) longer than 64 characters, we are truncating it, but it should be looked at.
     [xslt] WARN   : We have encountered an id (mp612-DispenseToFHIRConversion-Product-14165635-2-16-840-1-113883-2-4-4-8) longer than 64 characters, we are truncating it, but it should be looked at.
     [xslt] WARN   : We have encountered an id (mp612-DispenseToFHIRConversion-Product-14344491-2-16-840-1-113883-2-4-4-8) longer than 64 characters, we are truncating it, but it should be looked at.
     [xslt] WARN   : We have encountered an id (mp612-DispenseToFHIRConversion-Product-14750406-2-16-840-1-113883-2-4-4-8) longer than 64 characters, we are truncating it, but it should be looked at.
     [xslt] WARN   : We have encountered an id (mp612-DispenseToFHIRConversion-Product-12323047-2-16-840-1-113883-2-4-4-8) longer than 64 characters, we are truncating it, but it should be looked at.
     [xslt] WARN   : We have encountered an id (mp612-DispenseToFHIRConversion-Product-15061078-2-16-840-1-113883-2-4-4-8) longer than 64 characters, we are truncating it, but it should be looked at.
     [xslt] WARN   : We have encountered an id (mp612-DispenseToFHIRConversion-Product-14815982-2-16-840-1-113883-2-4-4-8) longer than 64 characters, we are truncating it, but it should be looked at.
     [xslt] WARN   : We have encountered an id (mp612-DispenseToFHIRConversion-Product-13966383-2-16-840-1-113883-2-4-4-8) longer than 64 characters, we are truncating it, but it should be looked at.
     [xslt] WARN   : We have encountered an id (mp612-DispenseToFHIRConversion-Product-15838234-2-16-840-1-113883-2-4-4-8) longer than 64 characters, we are truncating it, but it should be looked at.
     [xslt] WARN   : We have encountered an id (mp612-DispenseToFHIRConversion-Product-13550055-2-16-840-1-113883-2-4-4-8) longer than 64 characters, we are truncating it, but it should be looked at.
     [xslt] WARN   : We have encountered an id (mp612-DispenseToFHIRConversion-Product-14279762-2-16-840-1-113883-2-4-4-8) longer than 64 characters, we are truncating it, but it should be looked at.
     [xslt] WARN   : We have encountered an id (mp612-DispenseToFHIRConversion-Organization-012345672-16-528-1-1007-3-3) longer than 64 characters, we are truncating it, but it should be looked at.
     [xslt] WARN   : We have encountered an id (mp612-DispenseToFHIRConversion-AdministrationAgreement-9b4c3b90-100a-11e5-b939-0800200c9a66) longer than 64 characters, we are truncating it, but it should be looked at.
     [xslt] WARN   : We have encountered an id (mp612-DispenseToFHIRConversion-AdministrationAgreement-a378f9c0-100a-11e5-b939-0800200c9a66) longer than 64 characters, we are truncating it, but it should be looked at.
     [xslt] WARN   : We have encountered an id (mp612-DispenseToFHIRConversion-AdministrationAgreement-a7e331b0-100a-11e5-b939-0800200c9a66) longer than 64 characters, we are truncating it, but it should be looked at.
     [xslt] WARN   : We have encountered an id (mp612-DispenseToFHIRConversion-AdministrationAgreement-ac8c4760-100a-11e5-b939-0800200c9a66) longer than 64 characters, we are truncating it, but it should be looked at.
     [xslt] WARN   : We have encountered an id (mp612-DispenseToFHIRConversion-AdministrationAgreement-b1730250-100a-11e5-b939-0800200c9a66) longer than 64 characters, we are truncating it, but it should be looked at.
     [xslt] WARN   : We have encountered an id (mp612-DispenseToFHIRConversion-AdministrationAgreement-b6d9e9c0-100a-11e5-b939-0800200c9a66) longer than 64 characters, we are truncating it, but it should be looked at.
     [xslt] WARN   : We have encountered an id (mp612-DispenseToFHIRConversion-AdministrationAgreement-bb7ee0c0-100a-11e5-b939-0800200c9a66) longer than 64 characters, we are truncating it, but it should be looked at.
     [xslt] WARN   : We have encountered an id (mp612-DispenseToFHIRConversion-AdministrationAgreement-c635f350-100a-11e5-b939-0800200c9a66) longer than 64 characters, we are truncating it, but it should be looked at.
     [xslt] WARN   : We have encountered an id (mp612-DispenseToFHIRConversion-AdministrationAgreement-cbb37000-100a-11e5-b939-0800200c9a66) longer than 64 characters, we are truncating it, but it should be looked at.
     [xslt] WARN   : We have encountered an id (mp612-DispenseToFHIRConversion-AdministrationAgreement-fbaecc50-4bec-11e5-b970-0800200c9a66) longer than 64 characters, we are truncating it, but it should be looked at.
     [xslt] WARN   : We have encountered an id (mp612-DispenseToFHIRConversion-Dispense-d4d03380-100a-11e5-b939-0800200c9a66) longer than 64 characters, we are truncating it, but it should be looked at.
     [xslt] WARN   : We have encountered an id (mp612-DispenseToFHIRConversion-Dispense-9b4c3b90-100a-11e5-b939-0800200c9a66) longer than 64 characters, we are truncating it, but it should be looked at.
     [xslt] WARN   : We have encountered an id (mp612-DispenseToFHIRConversion-Dispense-a378f9c0-100a-11e5-b939-0800200c9a66) longer than 64 characters, we are truncating it, but it should be looked at.
     [xslt] WARN   : We have encountered an id (mp612-DispenseToFHIRConversion-Dispense-a7e331b0-100a-11e5-b939-0800200c9a66) longer than 64 characters, we are truncating it, but it should be looked at.
     [xslt] WARN   : We have encountered an id (mp612-DispenseToFHIRConversion-Dispense-ac8c4760-100a-11e5-b939-0800200c9a66) longer than 64 characters, we are truncating it, but it should be looked at.
     [xslt] WARN   : We have encountered an id (mp612-DispenseToFHIRConversion-Dispense-b1730250-100a-11e5-b939-0800200c9a66) longer than 64 characters, we are truncating it, but it should be looked at.
     [xslt] WARN   : We have encountered an id (mp612-DispenseToFHIRConversion-Dispense-b6d9e9c0-100a-11e5-b939-0800200c9a66) longer than 64 characters, we are truncating it, but it should be looked at.
     [xslt] WARN   : We have encountered an id (mp612-DispenseToFHIRConversion-Dispense-bb7ee0c0-100a-11e5-b939-0800200c9a66) longer than 64 characters, we are truncating it, but it should be looked at.
     [xslt] WARN   : We have encountered an id (mp612-DispenseToFHIRConversion-Dispense-c635f350-100a-11e5-b939-0800200c9a66) longer than 64 characters, we are truncating it, but it should be looked at.
     [xslt] WARN   : We have encountered an id (mp612-DispenseToFHIRConversion-Dispense-cbb37000-100a-11e5-b939-0800200c9a66) longer than 64 characters, we are truncating it, but it should be looked at.
     [xslt] WARN   : We have encountered an id (mp612-DispenseToFHIRConversion-Dispense-fbaecc50-4bec-11e5-b970-0800200c9a66) longer than 64 characters, we are truncating it, but it should be looked at.
     [xslt] Processing C:\SourceTree\GitHub\HL7-mappings\ada_2_fhir\mp\9.0.7\beschikbaarstellen_verstrekkingenvertaling\ada_instance\QURX_EX990113NL_02c_999911715.xml to C:\SourceTree\GitHub\HL7-mappings\ada_2_fhir\mp\9.0.7\beschikbaarstellen_verstrekkingenvertaling\fhir_instance\QURX_EX990113NL_02c_999911715.xml
     [xslt] WARN   : We have encountered an id (mp612-DispenseToFHIRConversion-AdministrationAgreement-14606290-2dbd-11e8-b566-0800200c9a66) longer than 64 characters, we are truncating it, but it should be looked at.
     [xslt] WARN   : We have encountered an id (mp612-DispenseToFHIRConversion-Product-15401367-2-16-840-1-113883-2-4-4-8) longer than 64 characters, we are truncating it, but it should be looked at.
     [xslt] WARN   : We have encountered an id (mp612-DispenseToFHIRConversion-Organization-012345672-16-528-1-1007-3-3) longer than 64 characters, we are truncating it, but it should be looked at.
     [xslt] WARN   : We have encountered an id (mp612-DispenseToFHIRConversion-AdministrationAgreement-13438b70-2dbe-11e8-b566-0800200c9a66) longer than 64 characters, we are truncating it, but it should be looked at.
     [xslt] WARN   : We have encountered an id (mp612-DispenseToFHIRConversion-AdministrationAgreement-a083ca80-5772-11e8-b566-0800200c9a66) longer than 64 characters, we are truncating it, but it should be looked at.
     [xslt] WARN   : We have encountered an id (mp612-DispenseToFHIRConversion-Dispense-14606290-2dbd-11e8-b566-0800200c9a66) longer than 64 characters, we are truncating it, but it should be looked at.
     [xslt] WARN   : We have encountered an id (mp612-DispenseToFHIRConversion-Dispense-13438b70-2dbe-11e8-b566-0800200c9a66) longer than 64 characters, we are truncating it, but it should be looked at.
     [xslt] WARN   : We have encountered an id (mp612-DispenseToFHIRConversion-Dispense-a083ca80-5772-11e8-b566-0800200c9a66) longer than 64 characters, we are truncating it, but it should be looked at.
     [xslt] Processing C:\SourceTree\GitHub\HL7-mappings\ada_2_fhir\mp\9.0.7\beschikbaarstellen_verstrekkingenvertaling\ada_instance\QURX_EX990113NL_MVS_3_filtering.xml to C:\SourceTree\GitHub\HL7-mappings\ada_2_fhir\mp\9.0.7\beschikbaarstellen_verstrekkingenvertaling\fhir_instance\QURX_EX990113NL_MVS_3_filtering.xml
     [xslt] WARN   : We have encountered an id (mp612-DispenseToFHIRConversion-AdministrationAgreement-9b084780-9401-11e9-b475-0800200c9a66) longer than 64 characters, we are truncating it, but it should be looked at.
     [xslt] WARN   : We have encountered an id (mp612-DispenseToFHIRConversion-Product-13550055-2-16-840-1-113883-2-4-4-8) longer than 64 characters, we are truncating it, but it should be looked at.
     [xslt] WARN   : We have encountered an id (mp612-DispenseToFHIRConversion-Product-12159220-2-16-840-1-113883-2-4-4-8) longer than 64 characters, we are truncating it, but it should be looked at.
     [xslt] WARN   : We have encountered an id (mp612-DispenseToFHIRConversion-Product-13659847-2-16-840-1-113883-2-4-4-8) longer than 64 characters, we are truncating it, but it should be looked at.
     [xslt] WARN   : We have encountered an id (mp612-DispenseToFHIRConversion-Product-13849247-2-16-840-1-113883-2-4-4-8) longer than 64 characters, we are truncating it, but it should be looked at.
     [xslt] WARN   : We have encountered an id (mp612-DispenseToFHIRConversion-Product-13918419-2-16-840-1-113883-2-4-4-8) longer than 64 characters, we are truncating it, but it should be looked at.
     [xslt] WARN   : We have encountered an id (mp612-DispenseToFHIRConversion-Product-14243091-2-16-840-1-113883-2-4-4-8) longer than 64 characters, we are truncating it, but it should be looked at.
     [xslt] WARN   : We have encountered an id (mp612-DispenseToFHIRConversion-Organization-012345672-16-528-1-1007-3-3) longer than 64 characters, we are truncating it, but it should be looked at.
     [xslt] WARN   : We have encountered an id (mp612-DispenseToFHIRConversion-AdministrationAgreement-f77406a0-ef17-11e4-b80c-0800200c9a66) longer than 64 characters, we are truncating it, but it should be looked at.
     [xslt] WARN   : We have encountered an id (mp612-DispenseToFHIRConversion-AdministrationAgreement-fc93abe0-ef17-11e4-b80c-0800200ic9a66) longer than 64 characters, we are truncating it, but it should be looked at.
     [xslt] WARN   : We have encountered an id (mp612-DispenseToFHIRConversion-AdministrationAgreement-0443e710-ef18-11e4-b80c-0800200c9a66) longer than 64 characters, we are truncating it, but it should be looked at.
     [xslt] WARN   : We have encountered an id (mp612-DispenseToFHIRConversion-AdministrationAgreement-08c37bc0-ef18-11e4-b80c-0800200c9a66) longer than 64 characters, we are truncating it, but it should be looked at.
     [xslt] WARN   : We have encountered an id (mp612-DispenseToFHIRConversion-AdministrationAgreement-0caac810-ef18-11e4-b80c-0800200c9a66) longer than 64 characters, we are truncating it, but it should be looked at.
     [xslt] WARN   : We have encountered an id (mp612-DispenseToFHIRConversion-Dispense-9b084780-9401-11e9-b475-0800200c9a66) longer than 64 characters, we are truncating it, but it should be looked at.
     [xslt] WARN   : We have encountered an id (mp612-DispenseToFHIRConversion-Dispense-f77406a0-ef17-11e4-b80c-0800200c9a66) longer than 64 characters, we are truncating it, but it should be looked at.
     [xslt] WARN   : We have encountered an id (mp612-DispenseToFHIRConversion-Dispense-fc93abe0-ef17-11e4-b80c-0800200ic9a66) longer than 64 characters, we are truncating it, but it should be looked at.
     [xslt] WARN   : We have encountered an id (mp612-DispenseToFHIRConversion-Dispense-0443e710-ef18-11e4-b80c-0800200c9a66) longer than 64 characters, we are truncating it, but it should be looked at.
     [xslt] WARN   : We have encountered an id (mp612-DispenseToFHIRConversion-Dispense-08c37bc0-ef18-11e4-b80c-0800200c9a66) longer than 64 characters, we are truncating it, but it should be looked at.
     [xslt] WARN   : We have encountered an id (mp612-DispenseToFHIRConversion-Dispense-0caac810-ef18-11e4-b80c-0800200c9a66) longer than 64 characters, we are truncating it, but it should be looked at.
     [echo] 
     [echo] ADA to FHIR input files ../../beschikbaarstellen_verstrekkingenvertaling/ada_instance, to be converted with: ../../beschikbaarstellen_verstrekkingenvertaling/payload/beschikbaarstellen_verstrekkingenvertaling_2_fhir.xsl
     [xslt] Processing C:\SourceTree\GitHub\HL7-mappings\ada_2_fhir\mp\9.0.7\beschikbaarstellen_verstrekkingenvertaling\ada_instance\QURX_EX990113NL_01_555555112_RP.xml to C:\SourceTree\GitHub\HL7-mappings\ada_2_fhir\mp\9.0.7\beschikbaarstellen_verstrekkingenvertaling\fhir_instance\QURX_EX990113NL_01_555555112_RP.xml
     [xslt] Loading stylesheet C:\SourceTree\GitHub\HL7-mappings\ada_2_fhir\mp\9.0.7\beschikbaarstellen_verstrekkingenvertaling\payload\beschikbaarstellen_verstrekkingenvertaling_2_fhir.xsl
     [xslt] Processing C:\SourceTree\GitHub\HL7-mappings\ada_2_fhir\mp\9.0.7\beschikbaarstellen_verstrekkingenvertaling\ada_instance\QURX_EX990113NL_02a_999999060_RP.xml to C:\SourceTree\GitHub\HL7-mappings\ada_2_fhir\mp\9.0.7\beschikbaarstellen_verstrekkingenvertaling\fhir_instance\QURX_EX990113NL_02a_999999060_RP.xml
     [xslt] Processing C:\SourceTree\GitHub\HL7-mappings\ada_2_fhir\mp\9.0.7\beschikbaarstellen_verstrekkingenvertaling\ada_instance\QURX_EX990113NL_02b_555555914_RP.xml to C:\SourceTree\GitHub\HL7-mappings\ada_2_fhir\mp\9.0.7\beschikbaarstellen_verstrekkingenvertaling\fhir_instance\QURX_EX990113NL_02b_555555914_RP.xml
     [xslt] Processing C:\SourceTree\GitHub\HL7-mappings\ada_2_fhir\mp\9.0.7\beschikbaarstellen_verstrekkingenvertaling\ada_instance\QURX_EX990113NL_02c_999911715.xml to C:\SourceTree\GitHub\HL7-mappings\ada_2_fhir\mp\9.0.7\beschikbaarstellen_verstrekkingenvertaling\fhir_instance\QURX_EX990113NL_02c_999911715.xml
     [xslt] Processing C:\SourceTree\GitHub\HL7-mappings\ada_2_fhir\mp\9.0.7\beschikbaarstellen_verstrekkingenvertaling\ada_instance\QURX_EX990113NL_MVS_3_filtering.xml to C:\SourceTree\GitHub\HL7-mappings\ada_2_fhir\mp\9.0.7\beschikbaarstellen_verstrekkingenvertaling\fhir_instance\QURX_EX990113NL_MVS_3_filtering.xml
     [echo] 
     [echo] ADA to FHIR ../../beschikbaarstellen_verstrekkingenvertaling/payload/beschikbaarstellen_verstrekkingenvertaling_2_fhir_resources.xsl input dir ../../xml-voorbeelden/ada_instance
     [xslt] Processing C:\SourceTree\GitHub\HL7-mappings\ada_2_fhir\mp\9.0.7\xml-voorbeelden\ada_instance\vv-example-907_1.xml to C:\SourceTree\GitHub\HL7-mappings\ada_2_fhir\mp\9.0.7\xml-voorbeelden\fhir_instance\vv-example-907_1.xml
     [xslt] Loading stylesheet C:\SourceTree\GitHub\HL7-mappings\ada_2_fhir\mp\9.0.7\beschikbaarstellen_verstrekkingenvertaling\payload\beschikbaarstellen_verstrekkingenvertaling_2_fhir_resources.xsl
     [xslt] WARN   : We have encountered an id (mp612-DispenseToFHIRConversion-AdministrationAgreement-vv-example-907-1) longer than 64 characters, we are truncating it, but it should be looked at.
     [xslt] WARN   : We have encountered an id (mp612-DispenseToFHIRConversion-Product-15401367-2-16-840-1-113883-2-4-4-8) longer than 64 characters, we are truncating it, but it should be looked at.
     [xslt] WARN   : We have encountered an id (mp612-DispenseToFHIRConversion-Organization-012345672-16-528-1-1007-3-3) longer than 64 characters, we are truncating it, but it should be looked at.
     [echo] 
     [echo] ADA to FHIR input files ../../xml-voorbeelden/ada_instance, to be converted with: ../../beschikbaarstellen_verstrekkingenvertaling/payload/beschikbaarstellen_verstrekkingenvertaling_2_fhir.xsl
     [xslt] Processing C:\SourceTree\GitHub\HL7-mappings\ada_2_fhir\mp\9.0.7\xml-voorbeelden\ada_instance\vv-example-907_1.xml to C:\SourceTree\GitHub\HL7-mappings\ada_2_fhir\mp\9.0.7\xml-voorbeelden\fhir_instance\vv-example-907_1.xml
     [xslt] Loading stylesheet C:\SourceTree\GitHub\HL7-mappings\ada_2_fhir\mp\9.0.7\beschikbaarstellen_verstrekkingenvertaling\payload\beschikbaarstellen_verstrekkingenvertaling_2_fhir.xsl
     [echo] the MP specific stuff for version 9.0.7
     [echo] 
     [echo] MedMij stuff beschikbaarstellen_medicatiegegevens

download-ivy:
     [echo] installing ivy...
      [get] Getting: https://repo1.maven.org/maven2/org/apache/ivy/ivy/2.5.0/ivy-2.5.0.jar
      [get] To: C:\SourceTree\GitHub\HL7-mappings\_ant-buildfiles\ant-include\ivy\ivy.jar
      [get] Not modified - so not downloaded

install-ivy:

fetch-imports:
[ivy:resolve] :: Apache Ivy 2.5.0 - 20191020104435 :: https://ant.apache.org/ivy/ ::
[ivy:resolve] :: loading settings :: file = C:\SourceTree\GitHub\HL7-mappings\_ant-buildfiles\ant-include\ivysettings.xml
[ivy:resolve] :: resolving dependencies :: nl.nictiz.decor#tools;working@NICT1-NB144087 [not transitive]
[ivy:resolve] 	confs: [default]
[ivy:resolve] 	found net.sf.saxon#Saxon-HE;9.9.1-7 in local-chain
[ivy:resolve] 	found xerces#xercesImpl;2.12.0 in maven
[ivy:resolve] :: resolution report :: resolve 78ms :: artifacts dl 12ms
	---------------------------------------------------------------------
	|                  |            modules            ||   artifacts   |
	|       conf       | number| search|dwnlded|evicted|| number|dwnlded|
	---------------------------------------------------------------------
	|      default     |   2   |   0   |   0   |   0   ||   6   |   0   |
	---------------------------------------------------------------------
[ivy:retrieve] :: retrieving :: nl.nictiz.decor#tools [sync]
[ivy:retrieve] 	confs: [default]
[ivy:retrieve] 	0 artifacts copied, 2 already retrieved (0kB/40ms)
[ivy:dependencytree] Dependency tree for nl.nictiz.decor-tools
[ivy:dependencytree] +- net.sf.saxon#Saxon-HE;9.9.1-7
[ivy:dependencytree] \- xerces#xercesImpl;2.12.0

convert_ada_2_fhir_sub:
     [echo] Deleting previous results, if any
     [echo] 
     [echo] ADA to FHIR input files ../../beschikbaarstellen_medicatiegegevens/ada_instance, to be converted with: ../../beschikbaarstellen_medicatiegegevens/payload/beschikbaarstellen_medicatiegegevens_2_fhir_resources.xsl
     [xslt] Processing C:\SourceTree\GitHub\HL7-mappings\ada_2_fhir\mp\9.0.7\beschikbaarstellen_medicatiegegevens\ada_instance\XXX_Amaya-907.xml to C:\SourceTree\GitHub\HL7-mappings\ada_2_fhir\mp\9.0.7\beschikbaarstellen_medicatiegegevens\fhir_instance\XXX_Amaya-907.xml
     [xslt] Loading stylesheet C:\SourceTree\GitHub\HL7-mappings\ada_2_fhir\mp\9.0.7\beschikbaarstellen_medicatiegegevens\payload\beschikbaarstellen_medicatiegegevens_2_fhir_resources.xsl
     [xslt] Processing C:\SourceTree\GitHub\HL7-mappings\ada_2_fhir\mp\9.0.7\beschikbaarstellen_medicatiegegevens\ada_instance\XXX_Bourgonje-907.xml to C:\SourceTree\GitHub\HL7-mappings\ada_2_fhir\mp\9.0.7\beschikbaarstellen_medicatiegegevens\fhir_instance\XXX_Bourgonje-907.xml
     [xslt] Processing C:\SourceTree\GitHub\HL7-mappings\ada_2_fhir\mp\9.0.7\beschikbaarstellen_medicatiegegevens\ada_instance\XXX_Cnossen-907.xml to C:\SourceTree\GitHub\HL7-mappings\ada_2_fhir\mp\9.0.7\beschikbaarstellen_medicatiegegevens\fhir_instance\XXX_Cnossen-907.xml
     [xslt] Processing C:\SourceTree\GitHub\HL7-mappings\ada_2_fhir\mp\9.0.7\beschikbaarstellen_medicatiegegevens\ada_instance\XXX_Dirksz-907.xml to C:\SourceTree\GitHub\HL7-mappings\ada_2_fhir\mp\9.0.7\beschikbaarstellen_medicatiegegevens\fhir_instance\XXX_Dirksz-907.xml
     [xslt] Processing C:\SourceTree\GitHub\HL7-mappings\ada_2_fhir\mp\9.0.7\beschikbaarstellen_medicatiegegevens\ada_instance\XXX_Gobee-907.xml to C:\SourceTree\GitHub\HL7-mappings\ada_2_fhir\mp\9.0.7\beschikbaarstellen_medicatiegegevens\fhir_instance\XXX_Gobee-907.xml
     [xslt] Processing C:\SourceTree\GitHub\HL7-mappings\ada_2_fhir\mp\9.0.7\beschikbaarstellen_medicatiegegevens\ada_instance\XXX_Kilkenny-907.xml to C:\SourceTree\GitHub\HL7-mappings\ada_2_fhir\mp\9.0.7\beschikbaarstellen_medicatiegegevens\fhir_instance\XXX_Kilkenny-907.xml
     [xslt] Processing C:\SourceTree\GitHub\HL7-mappings\ada_2_fhir\mp\9.0.7\beschikbaarstellen_medicatiegegevens\ada_instance\XXX_Ruys-907.xml to C:\SourceTree\GitHub\HL7-mappings\ada_2_fhir\mp\9.0.7\beschikbaarstellen_medicatiegegevens\fhir_instance\XXX_Ruys-907.xml
     [xslt] Processing C:\SourceTree\GitHub\HL7-mappings\ada_2_fhir\mp\9.0.7\beschikbaarstellen_medicatiegegevens\ada_instance\XXX_Strengersz-907.xml to C:\SourceTree\GitHub\HL7-mappings\ada_2_fhir\mp\9.0.7\beschikbaarstellen_medicatiegegevens\fhir_instance\XXX_Strengersz-907.xml
     [echo] 
     [echo] ADA to FHIR input files ../../beschikbaarstellen_medicatiegegevens/ada_instance, to be converted with: ../../beschikbaarstellen_medicatiegegevens/payload/beschikbaarstellen_medicatiegegevens_2_fhir.xsl
     [xslt] Processing C:\SourceTree\GitHub\HL7-mappings\ada_2_fhir\mp\9.0.7\beschikbaarstellen_medicatiegegevens\ada_instance\XXX_Amaya-907.xml to C:\SourceTree\GitHub\HL7-mappings\ada_2_fhir\mp\9.0.7\beschikbaarstellen_medicatiegegevens\fhir_instance\XXX_Amaya-907.xml
     [xslt] Loading stylesheet C:\SourceTree\GitHub\HL7-mappings\ada_2_fhir\mp\9.0.7\beschikbaarstellen_medicatiegegevens\payload\beschikbaarstellen_medicatiegegevens_2_fhir.xsl
     [xslt] Processing C:\SourceTree\GitHub\HL7-mappings\ada_2_fhir\mp\9.0.7\beschikbaarstellen_medicatiegegevens\ada_instance\XXX_Bourgonje-907.xml to C:\SourceTree\GitHub\HL7-mappings\ada_2_fhir\mp\9.0.7\beschikbaarstellen_medicatiegegevens\fhir_instance\XXX_Bourgonje-907.xml
     [xslt] Processing C:\SourceTree\GitHub\HL7-mappings\ada_2_fhir\mp\9.0.7\beschikbaarstellen_medicatiegegevens\ada_instance\XXX_Cnossen-907.xml to C:\SourceTree\GitHub\HL7-mappings\ada_2_fhir\mp\9.0.7\beschikbaarstellen_medicatiegegevens\fhir_instance\XXX_Cnossen-907.xml
     [xslt] Processing C:\SourceTree\GitHub\HL7-mappings\ada_2_fhir\mp\9.0.7\beschikbaarstellen_medicatiegegevens\ada_instance\XXX_Dirksz-907.xml to C:\SourceTree\GitHub\HL7-mappings\ada_2_fhir\mp\9.0.7\beschikbaarstellen_medicatiegegevens\fhir_instance\XXX_Dirksz-907.xml
     [xslt] Processing C:\SourceTree\GitHub\HL7-mappings\ada_2_fhir\mp\9.0.7\beschikbaarstellen_medicatiegegevens\ada_instance\XXX_Gobee-907.xml to C:\SourceTree\GitHub\HL7-mappings\ada_2_fhir\mp\9.0.7\beschikbaarstellen_medicatiegegevens\fhir_instance\XXX_Gobee-907.xml
     [xslt] Processing C:\SourceTree\GitHub\HL7-mappings\ada_2_fhir\mp\9.0.7\beschikbaarstellen_medicatiegegevens\ada_instance\XXX_Kilkenny-907.xml to C:\SourceTree\GitHub\HL7-mappings\ada_2_fhir\mp\9.0.7\beschikbaarstellen_medicatiegegevens\fhir_instance\XXX_Kilkenny-907.xml
     [xslt] Processing C:\SourceTree\GitHub\HL7-mappings\ada_2_fhir\mp\9.0.7\beschikbaarstellen_medicatiegegevens\ada_instance\XXX_Ruys-907.xml to C:\SourceTree\GitHub\HL7-mappings\ada_2_fhir\mp\9.0.7\beschikbaarstellen_medicatiegegevens\fhir_instance\XXX_Ruys-907.xml
     [xslt] Processing C:\SourceTree\GitHub\HL7-mappings\ada_2_fhir\mp\9.0.7\beschikbaarstellen_medicatiegegevens\ada_instance\XXX_Strengersz-907.xml to C:\SourceTree\GitHub\HL7-mappings\ada_2_fhir\mp\9.0.7\beschikbaarstellen_medicatiegegevens\fhir_instance\XXX_Strengersz-907.xml
     [echo] copy the appropriate fhir instances for Touchstone to a separate folder
     [copy] Copying 171 files to C:\SourceTree\GitHub\HL7-mappings\ada_2_fhir\mp\9.0.7\4TouchstoneMPServe

BUILD SUCCESSFUL
Total time: 27 seconds
