Buildfile: C:\git\nictiz-hl7-mappings\ada_2_fhir\mp\9.0.7\_ant-buildfiles\ant-publish\build-ada2fhir-mp-907.xml

download-ivy:
     [echo] installing ivy...
      [get] Getting: https://repo1.maven.org/maven2/org/apache/ivy/ivy/2.5.0/ivy-2.5.0.jar
      [get] To: C:\git\nictiz-hl7-mappings\_ant-buildfiles\ant-include\ivy\ivy.jar
      [get] Not modified - so not downloaded

install-ivy:

fetch-imports:
[ivy:resolve] :: Apache Ivy 2.5.0 - 20191020104435 :: https://ant.apache.org/ivy/ ::
[ivy:resolve] :: loading settings :: file = C:\git\nictiz-hl7-mappings\_ant-buildfiles\ant-include\ivysettings.xml
[ivy:resolve] :: resolving dependencies :: nl.nictiz.decor#tools;working@Argideen [not transitive]
[ivy:resolve] 	confs: [default]
[ivy:resolve] 	found net.sf.saxon#Saxon-HE;9.9.1-7 in local-chain
[ivy:resolve] 	found xerces#xercesImpl;2.12.0 in maven
[ivy:resolve] :: resolution report :: resolve 98ms :: artifacts dl 14ms
	---------------------------------------------------------------------
	|                  |            modules            ||   artifacts   |
	|       conf       | number| search|dwnlded|evicted|| number|dwnlded|
	---------------------------------------------------------------------
	|      default     |   2   |   0   |   0   |   0   ||   6   |   0   |
	---------------------------------------------------------------------
[ivy:retrieve] :: retrieving :: nl.nictiz.decor#tools [sync]
[ivy:retrieve] 	confs: [default]
[ivy:retrieve] 	0 artifacts copied, 2 already retrieved (0kB/17ms)
[ivy:dependencytree] Dependency tree for nl.nictiz.decor-tools
[ivy:dependencytree] +- net.sf.saxon#Saxon-HE;9.9.1-7
[ivy:dependencytree] \- xerces#xercesImpl;2.12.0

setup_907:

download-ivy:
     [echo] installing ivy...
      [get] Getting: https://repo1.maven.org/maven2/org/apache/ivy/ivy/2.5.0/ivy-2.5.0.jar
      [get] To: C:\git\nictiz-hl7-mappings\_ant-buildfiles\ant-include\ivy\ivy.jar
      [get] Not modified - so not downloaded

install-ivy:

fetch-imports:
[ivy:resolve] :: Apache Ivy 2.5.0 - 20191020104435 :: https://ant.apache.org/ivy/ ::
[ivy:resolve] :: loading settings :: file = C:\git\nictiz-hl7-mappings\_ant-buildfiles\ant-include\ivysettings.xml
[ivy:resolve] :: resolving dependencies :: nl.nictiz.decor#tools;working@Argideen [not transitive]
[ivy:resolve] 	confs: [default]
[ivy:resolve] 	found net.sf.saxon#Saxon-HE;9.9.1-7 in local-chain
[ivy:resolve] 	found xerces#xercesImpl;2.12.0 in maven
[ivy:resolve] :: resolution report :: resolve 63ms :: artifacts dl 11ms
	---------------------------------------------------------------------
	|                  |            modules            ||   artifacts   |
	|       conf       | number| search|dwnlded|evicted|| number|dwnlded|
	---------------------------------------------------------------------
	|      default     |   2   |   0   |   0   |   0   ||   6   |   0   |
	---------------------------------------------------------------------
[ivy:retrieve] :: retrieving :: nl.nictiz.decor#tools [sync]
[ivy:retrieve] 	confs: [default]
[ivy:retrieve] 	0 artifacts copied, 2 already retrieved (0kB/6ms)
[ivy:dependencytree] Dependency tree for nl.nictiz.decor-tools
[ivy:dependencytree] +- net.sf.saxon#Saxon-HE;9.9.1-7
[ivy:dependencytree] \- xerces#xercesImpl;2.12.0

setup:

download-ivy:
     [echo] installing ivy...
      [get] Getting: https://repo1.maven.org/maven2/org/apache/ivy/ivy/2.5.0/ivy-2.5.0.jar
      [get] To: C:\git\nictiz-hl7-mappings\_ant-buildfiles\ant-include\ivy\ivy.jar
      [get] Not modified - so not downloaded

install-ivy:

fetch-imports:
[ivy:resolve] :: Apache Ivy 2.5.0 - 20191020104435 :: https://ant.apache.org/ivy/ ::
[ivy:resolve] :: loading settings :: file = C:\git\nictiz-hl7-mappings\_ant-buildfiles\ant-include\ivysettings.xml
[ivy:resolve] :: resolving dependencies :: nl.nictiz.decor#tools;working@Argideen [not transitive]
[ivy:resolve] 	confs: [default]
[ivy:resolve] 	found net.sf.saxon#Saxon-HE;9.9.1-7 in local-chain
[ivy:resolve] 	found xerces#xercesImpl;2.12.0 in maven
[ivy:resolve] :: resolution report :: resolve 90ms :: artifacts dl 13ms
	---------------------------------------------------------------------
	|                  |            modules            ||   artifacts   |
	|       conf       | number| search|dwnlded|evicted|| number|dwnlded|
	---------------------------------------------------------------------
	|      default     |   2   |   0   |   0   |   0   ||   6   |   0   |
	---------------------------------------------------------------------
[ivy:retrieve] :: retrieving :: nl.nictiz.decor#tools [sync]
[ivy:retrieve] 	confs: [default]
[ivy:retrieve] 	0 artifacts copied, 2 already retrieved (0kB/11ms)
[ivy:dependencytree] Dependency tree for nl.nictiz.decor-tools
[ivy:dependencytree] +- net.sf.saxon#Saxon-HE;9.9.1-7
[ivy:dependencytree] \- xerces#xercesImpl;2.12.0

setup_sub:

download-ivy:
     [echo] installing ivy...
      [get] Getting: https://repo1.maven.org/maven2/org/apache/ivy/ivy/2.5.0/ivy-2.5.0.jar
      [get] To: C:\git\nictiz-hl7-mappings\_ant-buildfiles\ant-include\ivy\ivy.jar
      [get] Not modified - so not downloaded

install-ivy:

fetch-imports:
[ivy:resolve] :: Apache Ivy 2.5.0 - 20191020104435 :: https://ant.apache.org/ivy/ ::
[ivy:resolve] :: loading settings :: file = C:\git\nictiz-hl7-mappings\_ant-buildfiles\ant-include\ivysettings.xml
[ivy:resolve] :: resolving dependencies :: nl.nictiz.decor#tools;working@Argideen [not transitive]
[ivy:resolve] 	confs: [default]
[ivy:resolve] 	found net.sf.saxon#Saxon-HE;9.9.1-7 in local-chain
[ivy:resolve] 	found xerces#xercesImpl;2.12.0 in maven
[ivy:resolve] :: resolution report :: resolve 69ms :: artifacts dl 9ms
	---------------------------------------------------------------------
	|                  |            modules            ||   artifacts   |
	|       conf       | number| search|dwnlded|evicted|| number|dwnlded|
	---------------------------------------------------------------------
	|      default     |   2   |   0   |   0   |   0   ||   6   |   0   |
	---------------------------------------------------------------------
[ivy:retrieve] :: retrieving :: nl.nictiz.decor#tools [sync]
[ivy:retrieve] 	confs: [default]
[ivy:retrieve] 	0 artifacts copied, 2 already retrieved (0kB/6ms)
[ivy:dependencytree] Dependency tree for nl.nictiz.decor-tools
[ivy:dependencytree] +- net.sf.saxon#Saxon-HE;9.9.1-7
[ivy:dependencytree] \- xerces#xercesImpl;2.12.0

setup_sub_schemas:
     [echo] 
     [echo] Setup ../../beschikbaarstellen_medicatiegegevens/ada_schemas containing refreshed ada schemas (*beschikbaarstellen_medicatiegegevens*)
