Buildfile: C:\SourceTree\GitHub\HL7-mappings-gz\ada_2_fhir\cio\1.0.0-2020.01\_ant-buildfiles\ant-publish\build-ada2fhir-cio-100.xml

download-ivy:
     [echo] installing ivy...
      [get] Getting: https://repo1.maven.org/maven2/org/apache/ivy/ivy/2.5.0/ivy-2.5.0.jar
      [get] To: C:\SourceTree\GitHub\HL7-mappings-gz\_ant-buildfiles\ant-include\ivy\ivy.jar
      [get] Not modified - so not downloaded

install-ivy:

fetch-imports:
[ivy:resolve] :: Apache Ivy 2.5.0 - 20191020104435 :: https://ant.apache.org/ivy/ ::
[ivy:resolve] :: loading settings :: file = C:\SourceTree\GitHub\HL7-mappings-gz\_ant-buildfiles\ant-include\ivysettings.xml
[ivy:resolve] :: resolving dependencies :: nl.nictiz.decor#tools;working@NICT1-NB144087 [not transitive]
[ivy:resolve] 	confs: [default]
[ivy:resolve] 	found net.sf.saxon#Saxon-HE;9.9.1-7 in local-chain
[ivy:resolve] 	found xerces#xercesImpl;2.12.0 in maven
[ivy:resolve] :: resolution report :: resolve 91ms :: artifacts dl 13ms
	---------------------------------------------------------------------
	|                  |            modules            ||   artifacts   |
	|       conf       | number| search|dwnlded|evicted|| number|dwnlded|
	---------------------------------------------------------------------
	|      default     |   2   |   0   |   0   |   0   ||   6   |   0   |
	---------------------------------------------------------------------
[ivy:retrieve] :: retrieving :: nl.nictiz.decor#tools [sync]
[ivy:retrieve] 	confs: [default]
[ivy:retrieve] 	0 artifacts copied, 2 already retrieved (0kB/34ms)
[ivy:dependencytree] Dependency tree for nl.nictiz.decor-tools
[ivy:dependencytree] +- net.sf.saxon#Saxon-HE;9.9.1-7
[ivy:dependencytree] \- xerces#xercesImpl;2.12.0

convert_ada_2_fhir:

download-ivy:
     [echo] installing ivy...
      [get] Getting: https://repo1.maven.org/maven2/org/apache/ivy/ivy/2.5.0/ivy-2.5.0.jar
      [get] To: C:\SourceTree\GitHub\HL7-mappings-gz\_ant-buildfiles\ant-include\ivy\ivy.jar
      [get] Not modified - so not downloaded

install-ivy:

fetch-imports:
[ivy:resolve] :: Apache Ivy 2.5.0 - 20191020104435 :: https://ant.apache.org/ivy/ ::
[ivy:resolve] :: loading settings :: file = C:\SourceTree\GitHub\HL7-mappings-gz\_ant-buildfiles\ant-include\ivysettings.xml
[ivy:resolve] :: resolving dependencies :: nl.nictiz.decor#tools;working@NICT1-NB144087 [not transitive]
[ivy:resolve] 	confs: [default]
[ivy:resolve] 	found net.sf.saxon#Saxon-HE;9.9.1-7 in local-chain
[ivy:resolve] 	found xerces#xercesImpl;2.12.0 in maven
[ivy:resolve] :: resolution report :: resolve 60ms :: artifacts dl 10ms
	---------------------------------------------------------------------
	|                  |            modules            ||   artifacts   |
	|       conf       | number| search|dwnlded|evicted|| number|dwnlded|
	---------------------------------------------------------------------
	|      default     |   2   |   0   |   0   |   0   ||   6   |   0   |
	---------------------------------------------------------------------
[ivy:retrieve] :: retrieving :: nl.nictiz.decor#tools [sync]
[ivy:retrieve] 	confs: [default]
[ivy:retrieve] 	0 artifacts copied, 2 already retrieved (0kB/33ms)
[ivy:dependencytree] Dependency tree for nl.nictiz.decor-tools
[ivy:dependencytree] +- net.sf.saxon#Saxon-HE;9.9.1-7
[ivy:dependencytree] \- xerces#xercesImpl;2.12.0

convert_ada_2_fhir_sub:
     [echo] Deleting previous results, if any
     [echo] 
     [echo] ADA to FHIR beschikbaarstellen_allergie_intolerantie/payload/beschikbaarstellen_allergie_intolerantie_2_fhir_resources.xsl
     [xslt] Processing C:\SourceTree\GitHub\HL7-mappings-gz\ada_2_fhir\cio\1.0.0-2020.01\beschikbaarstellen_allergie_intolerantie\ada_instance\bs-aig-1-1.xml to C:\SourceTree\GitHub\HL7-mappings-gz\ada_2_fhir\cio\1.0.0-2020.01\beschikbaarstellen_allergie_intolerantie\fhir_instance\bs-aig-1-1.xml
     [xslt] Loading stylesheet C:\SourceTree\GitHub\HL7-mappings-gz\ada_2_fhir\cio\1.0.0-2020.01\beschikbaarstellen_allergie_intolerantie\payload\beschikbaarstellen_allergie_intolerantie_2_fhir_resources.xsl
     [xslt] C:\SourceTree\GitHub\HL7-mappings-gz\ada_2_fhir\zibs2017\payload\_zib2017.xsl:15:475: Warning! Stylesheet module file:/C:/SourceTree/GitHub/HL7-mappings-gz/ada_2_fhir/zibs2017/payload/_zib2017.xsl is included or imported more than once. This is permitted, but may lead to errors or unexpected behavior
     [xslt] C:\SourceTree\GitHub\HL7-mappings-gz\ada_2_fhir\fhir\2_fhir_fhir_include.xsl:16:458: Warning! Stylesheet module file:/C:/SourceTree/GitHub/HL7-mappings-gz/ada_2_fhir/fhir/2_fhir_fhir_include.xsl is included or imported more than once. This is permitted, but may lead to errors or unexpected behavior
     [xslt] C:\SourceTree\GitHub\HL7-mappings-gz\util\uuid.xsl:1:239: Warning! Stylesheet module file:/C:/SourceTree/GitHub/HL7-mappings-gz/util/uuid.xsl is included or imported more than once. This is permitted, but may lead to errors or unexpected behavior
     [xslt] C:\SourceTree\GitHub\HL7-mappings-gz\util\constants.xsl:15:203: Warning! Stylesheet module file:/C:/SourceTree/GitHub/HL7-mappings-gz/util/constants.xsl is included or imported more than once. This is permitted, but may lead to errors or unexpected behavior
     [xslt] C:\SourceTree\GitHub\HL7-mappings-gz\util\datetime.xsl:2:279: Warning! Stylesheet module file:/C:/SourceTree/GitHub/HL7-mappings-gz/util/datetime.xsl is included or imported more than once. This is permitted, but may lead to errors or unexpected behavior
     [xslt] C:\SourceTree\GitHub\HL7-mappings-gz\util\units.xsl:1:296: Warning! Stylesheet module file:/C:/SourceTree/GitHub/HL7-mappings-gz/util/units.xsl is included or imported more than once. This is permitted, but may lead to errors or unexpected behavior
     [xslt] C:\SourceTree\GitHub\HL7-mappings-gz\ada_2_fhir\fhir\NarrativeGenerator.xsl:26:259: Warning! Stylesheet module file:/C:/SourceTree/GitHub/HL7-mappings-gz/ada_2_fhir/fhir/NarrativeGenerator.xsl is included or imported more than once. This is permitted, but may lead to errors or unexpected behavior
     [xslt] C:\SourceTree\GitHub\HL7-mappings-gz\util\utilities.xsl:9:19: Warning! Stylesheet module file:/C:/SourceTree/GitHub/HL7-mappings-gz/util/utilities.xsl is included or imported more than once. This is permitted, but may lead to errors or unexpected behavior
     [xslt] C:\SourceTree\GitHub\HL7-mappings-gz\util\ada.xsl:2:320: Warning! Stylesheet module file:/C:/SourceTree/GitHub/HL7-mappings-gz/util/ada.xsl is included or imported more than once. This is permitted, but may lead to errors or unexpected behavior
     [xslt] C:\SourceTree\GitHub\HL7-mappings-gz\ada_2_fhir\zibs2017\payload\ext-code-specification-1.0.xsl:1:427: Warning! Stylesheet module file:/C:/SourceTree/GitHub/HL7-mappings-gz/ada_2_fhir/zibs2017/payload/ext-code-specification-1.0.xsl is included or imported more than once. This is permitted, but may lead to errors or unexpected behavior
     [xslt] C:\SourceTree\GitHub\HL7-mappings-gz\ada_2_fhir\zibs2017\payload\ext-zib-medication-additional-information-2.0.xsl:1:427: Warning! Stylesheet module file:/C:/SourceTree/GitHub/HL7-mappings-gz/ada_2_fhir/zibs2017/payload/ext-zib-medication-additional-information-2.0.xsl is included or imported more than once. This is permitted, but may lead to errors or unexpected behavior
     [xslt] C:\SourceTree\GitHub\HL7-mappings-gz\ada_2_fhir\zibs2017\payload\ext-zib-medication-copy-indicator-2.0.xsl:1:427: Warning! Stylesheet module file:/C:/SourceTree/GitHub/HL7-mappings-gz/ada_2_fhir/zibs2017/payload/ext-zib-medication-copy-indicator-2.0.xsl is included or imported more than once. This is permitted, but may lead to errors or unexpected behavior
     [xslt] C:\SourceTree\GitHub\HL7-mappings-gz\ada_2_fhir\zibs2017\payload\ext-zib-medication-instructions-for-use-description-1.0.xsl:1:427: Warning! Stylesheet module file:/C:/SourceTree/GitHub/HL7-mappings-gz/ada_2_fhir/zibs2017/payload/ext-zib-medication-instructions-for-use-description-1.0.xsl is included or imported more than once. This is permitted, but may lead to errors or unexpected behavior
     [xslt] C:\SourceTree\GitHub\HL7-mappings-gz\ada_2_fhir\zibs2017\payload\ext-zib-medication-medication-treatment-2.0.xsl:1:427: Warning! Stylesheet module file:/C:/SourceTree/GitHub/HL7-mappings-gz/ada_2_fhir/zibs2017/payload/ext-zib-medication-medication-treatment-2.0.xsl is included or imported more than once. This is permitted, but may lead to errors or unexpected behavior
     [xslt] C:\SourceTree\GitHub\HL7-mappings-gz\ada_2_fhir\zibs2017\payload\ext-zib-medication-period-of-use-2.0.xsl:1:427: Warning! Stylesheet module file:/C:/SourceTree/GitHub/HL7-mappings-gz/ada_2_fhir/zibs2017/payload/ext-zib-medication-period-of-use-2.0.xsl is included or imported more than once. This is permitted, but may lead to errors or unexpected behavior
     [xslt] C:\SourceTree\GitHub\HL7-mappings-gz\ada_2_fhir\zibs2017\payload\ext-zib-medication-repeat-period-cyclical-schedule-2.0.xsl:1:427: Warning! Stylesheet module file:/C:/SourceTree/GitHub/HL7-mappings-gz/ada_2_fhir/zibs2017/payload/ext-zib-medication-repeat-period-cyclical-schedule-2.0.xsl is included or imported more than once. This is permitted, but may lead to errors or unexpected behavior
     [xslt] C:\SourceTree\GitHub\HL7-mappings-gz\ada_2_fhir\zibs2017\payload\ext-zib-medication-stop-type-2.0.xsl:1:427: Warning! Stylesheet module file:/C:/SourceTree/GitHub/HL7-mappings-gz/ada_2_fhir/zibs2017/payload/ext-zib-medication-stop-type-2.0.xsl is included or imported more than once. This is permitted, but may lead to errors or unexpected behavior
     [xslt] C:\SourceTree\GitHub\HL7-mappings-gz\ada_2_fhir\zibs2017\payload\ext-zib-medication-use-duration-2.0.xsl:1:427: Warning! Stylesheet module file:/C:/SourceTree/GitHub/HL7-mappings-gz/ada_2_fhir/zibs2017/payload/ext-zib-medication-use-duration-2.0.xsl is included or imported more than once. This is permitted, but may lead to errors or unexpected behavior
     [xslt] C:\SourceTree\GitHub\HL7-mappings-gz\ada_2_fhir\zibs2017\payload\nl-core-patient-2.1.xsl:16:458: Warning! Stylesheet module file:/C:/SourceTree/GitHub/HL7-mappings-gz/ada_2_fhir/zibs2017/payload/nl-core-patient-2.1.xsl is included or imported more than once. This is permitted, but may lead to errors or unexpected behavior
     [xslt] C:\SourceTree\GitHub\HL7-mappings-gz\ada_2_fhir\zibs2017\payload\nl-core-relatedperson-2.0.xsl:15:427: Warning! Stylesheet module file:/C:/SourceTree/GitHub/HL7-mappings-gz/ada_2_fhir/zibs2017/payload/nl-core-relatedperson-2.0.xsl is included or imported more than once. This is permitted, but may lead to errors or unexpected behavior
     [xslt] C:\SourceTree\GitHub\HL7-mappings-gz\ada_2_fhir\zibs2017\payload\nl-core-practitioner-2.0.xsl:15:427: Warning! Stylesheet module file:/C:/SourceTree/GitHub/HL7-mappings-gz/ada_2_fhir/zibs2017/payload/nl-core-practitioner-2.0.xsl is included or imported more than once. This is permitted, but may lead to errors or unexpected behavior
     [xslt] C:\SourceTree\GitHub\HL7-mappings-gz\ada_2_fhir\zibs2017\payload\nl-core-practitionerrole-2.0.xsl:15:475: Warning! Stylesheet module file:/C:/SourceTree/GitHub/HL7-mappings-gz/ada_2_fhir/zibs2017/payload/nl-core-practitionerrole-2.0.xsl is included or imported more than once. This is permitted, but may lead to errors or unexpected behavior
     [xslt] C:\SourceTree\GitHub\HL7-mappings-gz\ada_2_fhir\zibs2017\payload\nl-core-organization-2.0.xsl:15:427: Warning! Stylesheet module file:/C:/SourceTree/GitHub/HL7-mappings-gz/ada_2_fhir/zibs2017/payload/nl-core-organization-2.0.xsl is included or imported more than once. This is permitted, but may lead to errors or unexpected behavior
     [xslt] C:\SourceTree\GitHub\HL7-mappings-gz\ada_2_fhir\zibs2017\payload\nl-core-humanname-2.0.xsl:1:427: Warning! Stylesheet module file:/C:/SourceTree/GitHub/HL7-mappings-gz/ada_2_fhir/zibs2017/payload/nl-core-humanname-2.0.xsl is included or imported more than once. This is permitted, but may lead to errors or unexpected behavior
     [xslt] C:\SourceTree\GitHub\HL7-mappings-gz\ada_2_fhir\zibs2017\payload\nl-core-address-2.0.xsl:1:427: Warning! Stylesheet module file:/C:/SourceTree/GitHub/HL7-mappings-gz/ada_2_fhir/zibs2017/payload/nl-core-address-2.0.xsl is included or imported more than once. This is permitted, but may lead to errors or unexpected behavior
     [xslt] C:\SourceTree\GitHub\HL7-mappings-gz\ada_2_fhir\zibs2017\payload\zib-alert-2.1.xsl:15:427: Warning! Stylesheet module file:/C:/SourceTree/GitHub/HL7-mappings-gz/ada_2_fhir/zibs2017/payload/zib-alert-2.1.xsl is included or imported more than once. This is permitted, but may lead to errors or unexpected behavior
     [xslt] C:\SourceTree\GitHub\HL7-mappings-gz\ada_2_fhir\zibs2017\payload\zib-allergyintolerance-2.1.xsl:15:427: Warning! Stylesheet module file:/C:/SourceTree/GitHub/HL7-mappings-gz/ada_2_fhir/zibs2017/payload/zib-allergyintolerance-2.1.xsl is included or imported more than once. This is permitted, but may lead to errors or unexpected behavior
     [xslt] C:\SourceTree\GitHub\HL7-mappings-gz\ada_2_fhir\zibs2017\payload\zib-body-height-2.1.xsl:15:427: Warning! Stylesheet module file:/C:/SourceTree/GitHub/HL7-mappings-gz/ada_2_fhir/zibs2017/payload/zib-body-height-2.1.xsl is included or imported more than once. This is permitted, but may lead to errors or unexpected behavior
     [xslt] C:\SourceTree\GitHub\HL7-mappings-gz\ada_2_fhir\zibs2017\payload\zib-body-weight-2.1.xsl:15:427: Warning! Stylesheet module file:/C:/SourceTree/GitHub/HL7-mappings-gz/ada_2_fhir/zibs2017/payload/zib-body-weight-2.1.xsl is included or imported more than once. This is permitted, but may lead to errors or unexpected behavior
     [xslt] C:\SourceTree\GitHub\HL7-mappings-gz\ada_2_fhir\zibs2017\payload\zib-instructions-for-use-2.0.xsl:1:427: Warning! Stylesheet module file:/C:/SourceTree/GitHub/HL7-mappings-gz/ada_2_fhir/zibs2017/payload/zib-instructions-for-use-2.0.xsl is included or imported more than once. This is permitted, but may lead to errors or unexpected behavior
     [xslt] C:\SourceTree\GitHub\HL7-mappings-gz\util\mp-functions.xsl:2:315: Warning! Stylesheet module file:/C:/SourceTree/GitHub/HL7-mappings-gz/util/mp-functions.xsl is included or imported more than once. This is permitted, but may lead to errors or unexpected behavior
     [xslt] C:\SourceTree\GitHub\HL7-mappings-gz\ada_2_fhir\zibs2017\payload\zib-instructions-for-use-3.0.xsl:1:427: Warning! Stylesheet module file:/C:/SourceTree/GitHub/HL7-mappings-gz/ada_2_fhir/zibs2017/payload/zib-instructions-for-use-3.0.xsl is included or imported more than once. This is permitted, but may lead to errors or unexpected behavior
     [xslt] C:\SourceTree\GitHub\HL7-mappings-gz\ada_2_fhir\zibs2017\payload\zib-LaboratoryTestResult-Observation-2.1.xsl:15:427: Warning! Stylesheet module file:/C:/SourceTree/GitHub/HL7-mappings-gz/ada_2_fhir/zibs2017/payload/zib-LaboratoryTestResult-Observation-2.1.xsl is included or imported more than once. This is permitted, but may lead to errors or unexpected behavior
     [xslt] C:\SourceTree\GitHub\HL7-mappings-gz\ada_2_fhir\zibs2017\payload\zib-LaboratoryTestResult-Specimen-2.1.xsl:15:427: Warning! Stylesheet module file:/C:/SourceTree/GitHub/HL7-mappings-gz/ada_2_fhir/zibs2017/payload/zib-LaboratoryTestResult-Specimen-2.1.xsl is included or imported more than once. This is permitted, but may lead to errors or unexpected behavior
     [xslt] C:\SourceTree\GitHub\HL7-mappings-gz\ada_2_fhir\zibs2017\payload\zib-medicationagreement-2.2.xsl:15:427: Warning! Stylesheet module file:/C:/SourceTree/GitHub/HL7-mappings-gz/ada_2_fhir/zibs2017/payload/zib-medicationagreement-2.2.xsl is included or imported more than once. This is permitted, but may lead to errors or unexpected behavior
     [xslt] C:\SourceTree\GitHub\HL7-mappings-gz\ada_2_fhir\zibs2017\payload\zib-medicationagreement-3.0.xsl:15:427: Warning! Stylesheet module file:/C:/SourceTree/GitHub/HL7-mappings-gz/ada_2_fhir/zibs2017/payload/zib-medicationagreement-3.0.xsl is included or imported more than once. This is permitted, but may lead to errors or unexpected behavior
     [xslt] C:\SourceTree\GitHub\HL7-mappings-gz\ada_2_fhir\zibs2017\payload\zib-medicationuse-2.2.xsl:15:427: Warning! Stylesheet module file:/C:/SourceTree/GitHub/HL7-mappings-gz/ada_2_fhir/zibs2017/payload/zib-medicationuse-2.2.xsl is included or imported more than once. This is permitted, but may lead to errors or unexpected behavior
     [xslt] C:\SourceTree\GitHub\HL7-mappings-gz\ada_2_fhir\zibs2017\payload\zib-medicationuse-3.0.xsl:15:427: Warning! Stylesheet module file:/C:/SourceTree/GitHub/HL7-mappings-gz/ada_2_fhir/zibs2017/payload/zib-medicationuse-3.0.xsl is included or imported more than once. This is permitted, but may lead to errors or unexpected behavior
     [xslt] C:\SourceTree\GitHub\HL7-mappings-gz\ada_2_fhir\zibs2017\payload\zib-problem-2.1.xsl:15:427: Warning! Stylesheet module file:/C:/SourceTree/GitHub/HL7-mappings-gz/ada_2_fhir/zibs2017/payload/zib-problem-2.1.xsl is included or imported more than once. This is permitted, but may lead to errors or unexpected behavior
     [xslt] Processing C:\SourceTree\GitHub\HL7-mappings-gz\ada_2_fhir\cio\1.0.0-2020.01\beschikbaarstellen_allergie_intolerantie\ada_instance\bs-aig-1-2.xml to C:\SourceTree\GitHub\HL7-mappings-gz\ada_2_fhir\cio\1.0.0-2020.01\beschikbaarstellen_allergie_intolerantie\fhir_instance\bs-aig-1-2.xml
     [echo] 
     [echo] ADA to FHIR beschikbaarstellen_allergie_intolerantie/payload/beschikbaarstellen_allergie_intolerantie_2_fhir.xsl
     [xslt] Processing C:\SourceTree\GitHub\HL7-mappings-gz\ada_2_fhir\cio\1.0.0-2020.01\beschikbaarstellen_allergie_intolerantie\ada_instance\bs-aig-1-1.xml to C:\SourceTree\GitHub\HL7-mappings-gz\ada_2_fhir\cio\1.0.0-2020.01\beschikbaarstellen_allergie_intolerantie\fhir_instance\bs-aig-1-1.xml
     [xslt] Loading stylesheet C:\SourceTree\GitHub\HL7-mappings-gz\ada_2_fhir\cio\1.0.0-2020.01\beschikbaarstellen_allergie_intolerantie\payload\beschikbaarstellen_allergie_intolerantie_2_fhir.xsl
     [xslt] C:\SourceTree\GitHub\HL7-mappings-gz\ada_2_fhir\zibs2017\payload\_zib2017.xsl:15:475: Warning! Stylesheet module file:/C:/SourceTree/GitHub/HL7-mappings-gz/ada_2_fhir/zibs2017/payload/_zib2017.xsl is included or imported more than once. This is permitted, but may lead to errors or unexpected behavior
     [xslt] C:\SourceTree\GitHub\HL7-mappings-gz\ada_2_fhir\fhir\2_fhir_fhir_include.xsl:16:458: Warning! Stylesheet module file:/C:/SourceTree/GitHub/HL7-mappings-gz/ada_2_fhir/fhir/2_fhir_fhir_include.xsl is included or imported more than once. This is permitted, but may lead to errors or unexpected behavior
     [xslt] C:\SourceTree\GitHub\HL7-mappings-gz\util\uuid.xsl:1:239: Warning! Stylesheet module file:/C:/SourceTree/GitHub/HL7-mappings-gz/util/uuid.xsl is included or imported more than once. This is permitted, but may lead to errors or unexpected behavior
     [xslt] C:\SourceTree\GitHub\HL7-mappings-gz\util\constants.xsl:15:203: Warning! Stylesheet module file:/C:/SourceTree/GitHub/HL7-mappings-gz/util/constants.xsl is included or imported more than once. This is permitted, but may lead to errors or unexpected behavior
     [xslt] C:\SourceTree\GitHub\HL7-mappings-gz\util\datetime.xsl:2:279: Warning! Stylesheet module file:/C:/SourceTree/GitHub/HL7-mappings-gz/util/datetime.xsl is included or imported more than once. This is permitted, but may lead to errors or unexpected behavior
     [xslt] C:\SourceTree\GitHub\HL7-mappings-gz\util\units.xsl:1:296: Warning! Stylesheet module file:/C:/SourceTree/GitHub/HL7-mappings-gz/util/units.xsl is included or imported more than once. This is permitted, but may lead to errors or unexpected behavior
     [xslt] C:\SourceTree\GitHub\HL7-mappings-gz\ada_2_fhir\fhir\NarrativeGenerator.xsl:26:259: Warning! Stylesheet module file:/C:/SourceTree/GitHub/HL7-mappings-gz/ada_2_fhir/fhir/NarrativeGenerator.xsl is included or imported more than once. This is permitted, but may lead to errors or unexpected behavior
     [xslt] C:\SourceTree\GitHub\HL7-mappings-gz\util\utilities.xsl:9:19: Warning! Stylesheet module file:/C:/SourceTree/GitHub/HL7-mappings-gz/util/utilities.xsl is included or imported more than once. This is permitted, but may lead to errors or unexpected behavior
     [xslt] C:\SourceTree\GitHub\HL7-mappings-gz\util\ada.xsl:2:320: Warning! Stylesheet module file:/C:/SourceTree/GitHub/HL7-mappings-gz/util/ada.xsl is included or imported more than once. This is permitted, but may lead to errors or unexpected behavior
     [xslt] C:\SourceTree\GitHub\HL7-mappings-gz\ada_2_fhir\zibs2017\payload\ext-code-specification-1.0.xsl:1:427: Warning! Stylesheet module file:/C:/SourceTree/GitHub/HL7-mappings-gz/ada_2_fhir/zibs2017/payload/ext-code-specification-1.0.xsl is included or imported more than once. This is permitted, but may lead to errors or unexpected behavior
     [xslt] C:\SourceTree\GitHub\HL7-mappings-gz\ada_2_fhir\zibs2017\payload\ext-zib-medication-additional-information-2.0.xsl:1:427: Warning! Stylesheet module file:/C:/SourceTree/GitHub/HL7-mappings-gz/ada_2_fhir/zibs2017/payload/ext-zib-medication-additional-information-2.0.xsl is included or imported more than once. This is permitted, but may lead to errors or unexpected behavior
     [xslt] C:\SourceTree\GitHub\HL7-mappings-gz\ada_2_fhir\zibs2017\payload\ext-zib-medication-copy-indicator-2.0.xsl:1:427: Warning! Stylesheet module file:/C:/SourceTree/GitHub/HL7-mappings-gz/ada_2_fhir/zibs2017/payload/ext-zib-medication-copy-indicator-2.0.xsl is included or imported more than once. This is permitted, but may lead to errors or unexpected behavior
     [xslt] C:\SourceTree\GitHub\HL7-mappings-gz\ada_2_fhir\zibs2017\payload\ext-zib-medication-instructions-for-use-description-1.0.xsl:1:427: Warning! Stylesheet module file:/C:/SourceTree/GitHub/HL7-mappings-gz/ada_2_fhir/zibs2017/payload/ext-zib-medication-instructions-for-use-description-1.0.xsl is included or imported more than once. This is permitted, but may lead to errors or unexpected behavior
     [xslt] C:\SourceTree\GitHub\HL7-mappings-gz\ada_2_fhir\zibs2017\payload\ext-zib-medication-medication-treatment-2.0.xsl:1:427: Warning! Stylesheet module file:/C:/SourceTree/GitHub/HL7-mappings-gz/ada_2_fhir/zibs2017/payload/ext-zib-medication-medication-treatment-2.0.xsl is included or imported more than once. This is permitted, but may lead to errors or unexpected behavior
     [xslt] C:\SourceTree\GitHub\HL7-mappings-gz\ada_2_fhir\zibs2017\payload\ext-zib-medication-period-of-use-2.0.xsl:1:427: Warning! Stylesheet module file:/C:/SourceTree/GitHub/HL7-mappings-gz/ada_2_fhir/zibs2017/payload/ext-zib-medication-period-of-use-2.0.xsl is included or imported more than once. This is permitted, but may lead to errors or unexpected behavior
     [xslt] C:\SourceTree\GitHub\HL7-mappings-gz\ada_2_fhir\zibs2017\payload\ext-zib-medication-repeat-period-cyclical-schedule-2.0.xsl:1:427: Warning! Stylesheet module file:/C:/SourceTree/GitHub/HL7-mappings-gz/ada_2_fhir/zibs2017/payload/ext-zib-medication-repeat-period-cyclical-schedule-2.0.xsl is included or imported more than once. This is permitted, but may lead to errors or unexpected behavior
     [xslt] C:\SourceTree\GitHub\HL7-mappings-gz\ada_2_fhir\zibs2017\payload\ext-zib-medication-stop-type-2.0.xsl:1:427: Warning! Stylesheet module file:/C:/SourceTree/GitHub/HL7-mappings-gz/ada_2_fhir/zibs2017/payload/ext-zib-medication-stop-type-2.0.xsl is included or imported more than once. This is permitted, but may lead to errors or unexpected behavior
     [xslt] C:\SourceTree\GitHub\HL7-mappings-gz\ada_2_fhir\zibs2017\payload\ext-zib-medication-use-duration-2.0.xsl:1:427: Warning! Stylesheet module file:/C:/SourceTree/GitHub/HL7-mappings-gz/ada_2_fhir/zibs2017/payload/ext-zib-medication-use-duration-2.0.xsl is included or imported more than once. This is permitted, but may lead to errors or unexpected behavior
     [xslt] C:\SourceTree\GitHub\HL7-mappings-gz\ada_2_fhir\zibs2017\payload\nl-core-patient-2.1.xsl:16:458: Warning! Stylesheet module file:/C:/SourceTree/GitHub/HL7-mappings-gz/ada_2_fhir/zibs2017/payload/nl-core-patient-2.1.xsl is included or imported more than once. This is permitted, but may lead to errors or unexpected behavior
     [xslt] C:\SourceTree\GitHub\HL7-mappings-gz\ada_2_fhir\zibs2017\payload\nl-core-relatedperson-2.0.xsl:15:427: Warning! Stylesheet module file:/C:/SourceTree/GitHub/HL7-mappings-gz/ada_2_fhir/zibs2017/payload/nl-core-relatedperson-2.0.xsl is included or imported more than once. This is permitted, but may lead to errors or unexpected behavior
     [xslt] C:\SourceTree\GitHub\HL7-mappings-gz\ada_2_fhir\zibs2017\payload\nl-core-practitioner-2.0.xsl:15:427: Warning! Stylesheet module file:/C:/SourceTree/GitHub/HL7-mappings-gz/ada_2_fhir/zibs2017/payload/nl-core-practitioner-2.0.xsl is included or imported more than once. This is permitted, but may lead to errors or unexpected behavior
     [xslt] C:\SourceTree\GitHub\HL7-mappings-gz\ada_2_fhir\zibs2017\payload\nl-core-practitionerrole-2.0.xsl:15:475: Warning! Stylesheet module file:/C:/SourceTree/GitHub/HL7-mappings-gz/ada_2_fhir/zibs2017/payload/nl-core-practitionerrole-2.0.xsl is included or imported more than once. This is permitted, but may lead to errors or unexpected behavior
     [xslt] C:\SourceTree\GitHub\HL7-mappings-gz\ada_2_fhir\zibs2017\payload\nl-core-organization-2.0.xsl:15:427: Warning! Stylesheet module file:/C:/SourceTree/GitHub/HL7-mappings-gz/ada_2_fhir/zibs2017/payload/nl-core-organization-2.0.xsl is included or imported more than once. This is permitted, but may lead to errors or unexpected behavior
     [xslt] C:\SourceTree\GitHub\HL7-mappings-gz\ada_2_fhir\zibs2017\payload\nl-core-humanname-2.0.xsl:1:427: Warning! Stylesheet module file:/C:/SourceTree/GitHub/HL7-mappings-gz/ada_2_fhir/zibs2017/payload/nl-core-humanname-2.0.xsl is included or imported more than once. This is permitted, but may lead to errors or unexpected behavior
     [xslt] C:\SourceTree\GitHub\HL7-mappings-gz\ada_2_fhir\zibs2017\payload\nl-core-address-2.0.xsl:1:427: Warning! Stylesheet module file:/C:/SourceTree/GitHub/HL7-mappings-gz/ada_2_fhir/zibs2017/payload/nl-core-address-2.0.xsl is included or imported more than once. This is permitted, but may lead to errors or unexpected behavior
     [xslt] C:\SourceTree\GitHub\HL7-mappings-gz\ada_2_fhir\zibs2017\payload\zib-alert-2.1.xsl:15:427: Warning! Stylesheet module file:/C:/SourceTree/GitHub/HL7-mappings-gz/ada_2_fhir/zibs2017/payload/zib-alert-2.1.xsl is included or imported more than once. This is permitted, but may lead to errors or unexpected behavior
     [xslt] C:\SourceTree\GitHub\HL7-mappings-gz\ada_2_fhir\zibs2017\payload\zib-allergyintolerance-2.1.xsl:15:427: Warning! Stylesheet module file:/C:/SourceTree/GitHub/HL7-mappings-gz/ada_2_fhir/zibs2017/payload/zib-allergyintolerance-2.1.xsl is included or imported more than once. This is permitted, but may lead to errors or unexpected behavior
     [xslt] C:\SourceTree\GitHub\HL7-mappings-gz\ada_2_fhir\zibs2017\payload\zib-body-height-2.1.xsl:15:427: Warning! Stylesheet module file:/C:/SourceTree/GitHub/HL7-mappings-gz/ada_2_fhir/zibs2017/payload/zib-body-height-2.1.xsl is included or imported more than once. This is permitted, but may lead to errors or unexpected behavior
     [xslt] C:\SourceTree\GitHub\HL7-mappings-gz\ada_2_fhir\zibs2017\payload\zib-body-weight-2.1.xsl:15:427: Warning! Stylesheet module file:/C:/SourceTree/GitHub/HL7-mappings-gz/ada_2_fhir/zibs2017/payload/zib-body-weight-2.1.xsl is included or imported more than once. This is permitted, but may lead to errors or unexpected behavior
     [xslt] C:\SourceTree\GitHub\HL7-mappings-gz\ada_2_fhir\zibs2017\payload\zib-instructions-for-use-2.0.xsl:1:427: Warning! Stylesheet module file:/C:/SourceTree/GitHub/HL7-mappings-gz/ada_2_fhir/zibs2017/payload/zib-instructions-for-use-2.0.xsl is included or imported more than once. This is permitted, but may lead to errors or unexpected behavior
     [xslt] C:\SourceTree\GitHub\HL7-mappings-gz\util\mp-functions.xsl:2:315: Warning! Stylesheet module file:/C:/SourceTree/GitHub/HL7-mappings-gz/util/mp-functions.xsl is included or imported more than once. This is permitted, but may lead to errors or unexpected behavior
     [xslt] C:\SourceTree\GitHub\HL7-mappings-gz\ada_2_fhir\zibs2017\payload\zib-instructions-for-use-3.0.xsl:1:427: Warning! Stylesheet module file:/C:/SourceTree/GitHub/HL7-mappings-gz/ada_2_fhir/zibs2017/payload/zib-instructions-for-use-3.0.xsl is included or imported more than once. This is permitted, but may lead to errors or unexpected behavior
     [xslt] C:\SourceTree\GitHub\HL7-mappings-gz\ada_2_fhir\zibs2017\payload\zib-LaboratoryTestResult-Observation-2.1.xsl:15:427: Warning! Stylesheet module file:/C:/SourceTree/GitHub/HL7-mappings-gz/ada_2_fhir/zibs2017/payload/zib-LaboratoryTestResult-Observation-2.1.xsl is included or imported more than once. This is permitted, but may lead to errors or unexpected behavior
     [xslt] C:\SourceTree\GitHub\HL7-mappings-gz\ada_2_fhir\zibs2017\payload\zib-LaboratoryTestResult-Specimen-2.1.xsl:15:427: Warning! Stylesheet module file:/C:/SourceTree/GitHub/HL7-mappings-gz/ada_2_fhir/zibs2017/payload/zib-LaboratoryTestResult-Specimen-2.1.xsl is included or imported more than once. This is permitted, but may lead to errors or unexpected behavior
     [xslt] C:\SourceTree\GitHub\HL7-mappings-gz\ada_2_fhir\zibs2017\payload\zib-medicationagreement-2.2.xsl:15:427: Warning! Stylesheet module file:/C:/SourceTree/GitHub/HL7-mappings-gz/ada_2_fhir/zibs2017/payload/zib-medicationagreement-2.2.xsl is included or imported more than once. This is permitted, but may lead to errors or unexpected behavior
     [xslt] C:\SourceTree\GitHub\HL7-mappings-gz\ada_2_fhir\zibs2017\payload\zib-medicationagreement-3.0.xsl:15:427: Warning! Stylesheet module file:/C:/SourceTree/GitHub/HL7-mappings-gz/ada_2_fhir/zibs2017/payload/zib-medicationagreement-3.0.xsl is included or imported more than once. This is permitted, but may lead to errors or unexpected behavior
     [xslt] C:\SourceTree\GitHub\HL7-mappings-gz\ada_2_fhir\zibs2017\payload\zib-medicationuse-2.2.xsl:15:427: Warning! Stylesheet module file:/C:/SourceTree/GitHub/HL7-mappings-gz/ada_2_fhir/zibs2017/payload/zib-medicationuse-2.2.xsl is included or imported more than once. This is permitted, but may lead to errors or unexpected behavior
     [xslt] C:\SourceTree\GitHub\HL7-mappings-gz\ada_2_fhir\zibs2017\payload\zib-medicationuse-3.0.xsl:15:427: Warning! Stylesheet module file:/C:/SourceTree/GitHub/HL7-mappings-gz/ada_2_fhir/zibs2017/payload/zib-medicationuse-3.0.xsl is included or imported more than once. This is permitted, but may lead to errors or unexpected behavior
     [xslt] C:\SourceTree\GitHub\HL7-mappings-gz\ada_2_fhir\zibs2017\payload\zib-problem-2.1.xsl:15:427: Warning! Stylesheet module file:/C:/SourceTree/GitHub/HL7-mappings-gz/ada_2_fhir/zibs2017/payload/zib-problem-2.1.xsl is included or imported more than once. This is permitted, but may lead to errors or unexpected behavior
     [xslt] Processing C:\SourceTree\GitHub\HL7-mappings-gz\ada_2_fhir\cio\1.0.0-2020.01\beschikbaarstellen_allergie_intolerantie\ada_instance\bs-aig-1-2.xml to C:\SourceTree\GitHub\HL7-mappings-gz\ada_2_fhir\cio\1.0.0-2020.01\beschikbaarstellen_allergie_intolerantie\fhir_instance\bs-aig-1-2.xml

download-ivy:
     [echo] installing ivy...
      [get] Getting: https://repo1.maven.org/maven2/org/apache/ivy/ivy/2.5.0/ivy-2.5.0.jar
      [get] To: C:\SourceTree\GitHub\HL7-mappings-gz\_ant-buildfiles\ant-include\ivy\ivy.jar
      [get] Not modified - so not downloaded

install-ivy:

fetch-imports:
[ivy:resolve] :: Apache Ivy 2.5.0 - 20191020104435 :: https://ant.apache.org/ivy/ ::
[ivy:resolve] :: loading settings :: file = C:\SourceTree\GitHub\HL7-mappings-gz\_ant-buildfiles\ant-include\ivysettings.xml
[ivy:resolve] :: resolving dependencies :: nl.nictiz.decor#tools;working@NICT1-NB144087 [not transitive]
[ivy:resolve] 	confs: [default]
[ivy:resolve] 	found net.sf.saxon#Saxon-HE;9.9.1-7 in local-chain
[ivy:resolve] 	found xerces#xercesImpl;2.12.0 in maven
[ivy:resolve] :: resolution report :: resolve 120ms :: artifacts dl 26ms
	---------------------------------------------------------------------
	|                  |            modules            ||   artifacts   |
	|       conf       | number| search|dwnlded|evicted|| number|dwnlded|
	---------------------------------------------------------------------
	|      default     |   2   |   0   |   0   |   0   ||   6   |   0   |
	---------------------------------------------------------------------
[ivy:retrieve] :: retrieving :: nl.nictiz.decor#tools [sync]
[ivy:retrieve] 	confs: [default]
[ivy:retrieve] 	0 artifacts copied, 2 already retrieved (0kB/39ms)
[ivy:dependencytree] Dependency tree for nl.nictiz.decor-tools
[ivy:dependencytree] +- net.sf.saxon#Saxon-HE;9.9.1-7
[ivy:dependencytree] \- xerces#xercesImpl;2.12.0

convert_ada_2_fhir_sub:
     [echo] Deleting previous results, if any
     [echo] 
     [echo] ADA to FHIR beschikbaarstellen_allergie_intolerantie_vertaling/payload/beschikbaarstellen_allergie_intolerantie_vertaling_2_fhir_resources.xsl
     [xslt] Processing C:\SourceTree\GitHub\HL7-mappings-gz\ada_2_fhir\cio\1.0.0-2020.01\beschikbaarstellen_allergie_intolerantie_vertaling\ada_instance\CIO-01-AlleOnderdelen.xml to C:\SourceTree\GitHub\HL7-mappings-gz\ada_2_fhir\cio\1.0.0-2020.01\beschikbaarstellen_allergie_intolerantie_vertaling\fhir_instance\CIO-01-AlleOnderdelen.xml
     [xslt] Loading stylesheet C:\SourceTree\GitHub\HL7-mappings-gz\ada_2_fhir\cio\1.0.0-2020.01\beschikbaarstellen_allergie_intolerantie_vertaling\payload\beschikbaarstellen_allergie_intolerantie_vertaling_2_fhir_resources.xsl
     [xslt] C:\SourceTree\GitHub\HL7-mappings-gz\ada_2_fhir\zibs2017\payload\_zib2017.xsl:15:475: Warning! Stylesheet module file:/C:/SourceTree/GitHub/HL7-mappings-gz/ada_2_fhir/zibs2017/payload/_zib2017.xsl is included or imported more than once. This is permitted, but may lead to errors or unexpected behavior
     [xslt] C:\SourceTree\GitHub\HL7-mappings-gz\ada_2_fhir\fhir\2_fhir_fhir_include.xsl:16:458: Warning! Stylesheet module file:/C:/SourceTree/GitHub/HL7-mappings-gz/ada_2_fhir/fhir/2_fhir_fhir_include.xsl is included or imported more than once. This is permitted, but may lead to errors or unexpected behavior
     [xslt] C:\SourceTree\GitHub\HL7-mappings-gz\util\uuid.xsl:1:239: Warning! Stylesheet module file:/C:/SourceTree/GitHub/HL7-mappings-gz/util/uuid.xsl is included or imported more than once. This is permitted, but may lead to errors or unexpected behavior
     [xslt] C:\SourceTree\GitHub\HL7-mappings-gz\util\constants.xsl:15:203: Warning! Stylesheet module file:/C:/SourceTree/GitHub/HL7-mappings-gz/util/constants.xsl is included or imported more than once. This is permitted, but may lead to errors or unexpected behavior
     [xslt] C:\SourceTree\GitHub\HL7-mappings-gz\util\datetime.xsl:2:279: Warning! Stylesheet module file:/C:/SourceTree/GitHub/HL7-mappings-gz/util/datetime.xsl is included or imported more than once. This is permitted, but may lead to errors or unexpected behavior
     [xslt] C:\SourceTree\GitHub\HL7-mappings-gz\util\units.xsl:1:296: Warning! Stylesheet module file:/C:/SourceTree/GitHub/HL7-mappings-gz/util/units.xsl is included or imported more than once. This is permitted, but may lead to errors or unexpected behavior
     [xslt] C:\SourceTree\GitHub\HL7-mappings-gz\ada_2_fhir\fhir\NarrativeGenerator.xsl:26:259: Warning! Stylesheet module file:/C:/SourceTree/GitHub/HL7-mappings-gz/ada_2_fhir/fhir/NarrativeGenerator.xsl is included or imported more than once. This is permitted, but may lead to errors or unexpected behavior
     [xslt] C:\SourceTree\GitHub\HL7-mappings-gz\util\utilities.xsl:9:19: Warning! Stylesheet module file:/C:/SourceTree/GitHub/HL7-mappings-gz/util/utilities.xsl is included or imported more than once. This is permitted, but may lead to errors or unexpected behavior
     [xslt] C:\SourceTree\GitHub\HL7-mappings-gz\util\ada.xsl:2:320: Warning! Stylesheet module file:/C:/SourceTree/GitHub/HL7-mappings-gz/util/ada.xsl is included or imported more than once. This is permitted, but may lead to errors or unexpected behavior
     [xslt] C:\SourceTree\GitHub\HL7-mappings-gz\ada_2_fhir\zibs2017\payload\ext-code-specification-1.0.xsl:1:427: Warning! Stylesheet module file:/C:/SourceTree/GitHub/HL7-mappings-gz/ada_2_fhir/zibs2017/payload/ext-code-specification-1.0.xsl is included or imported more than once. This is permitted, but may lead to errors or unexpected behavior
     [xslt] C:\SourceTree\GitHub\HL7-mappings-gz\ada_2_fhir\zibs2017\payload\ext-zib-medication-additional-information-2.0.xsl:1:427: Warning! Stylesheet module file:/C:/SourceTree/GitHub/HL7-mappings-gz/ada_2_fhir/zibs2017/payload/ext-zib-medication-additional-information-2.0.xsl is included or imported more than once. This is permitted, but may lead to errors or unexpected behavior
     [xslt] C:\SourceTree\GitHub\HL7-mappings-gz\ada_2_fhir\zibs2017\payload\ext-zib-medication-copy-indicator-2.0.xsl:1:427: Warning! Stylesheet module file:/C:/SourceTree/GitHub/HL7-mappings-gz/ada_2_fhir/zibs2017/payload/ext-zib-medication-copy-indicator-2.0.xsl is included or imported more than once. This is permitted, but may lead to errors or unexpected behavior
     [xslt] C:\SourceTree\GitHub\HL7-mappings-gz\ada_2_fhir\zibs2017\payload\ext-zib-medication-instructions-for-use-description-1.0.xsl:1:427: Warning! Stylesheet module file:/C:/SourceTree/GitHub/HL7-mappings-gz/ada_2_fhir/zibs2017/payload/ext-zib-medication-instructions-for-use-description-1.0.xsl is included or imported more than once. This is permitted, but may lead to errors or unexpected behavior
     [xslt] C:\SourceTree\GitHub\HL7-mappings-gz\ada_2_fhir\zibs2017\payload\ext-zib-medication-medication-treatment-2.0.xsl:1:427: Warning! Stylesheet module file:/C:/SourceTree/GitHub/HL7-mappings-gz/ada_2_fhir/zibs2017/payload/ext-zib-medication-medication-treatment-2.0.xsl is included or imported more than once. This is permitted, but may lead to errors or unexpected behavior
     [xslt] C:\SourceTree\GitHub\HL7-mappings-gz\ada_2_fhir\zibs2017\payload\ext-zib-medication-period-of-use-2.0.xsl:1:427: Warning! Stylesheet module file:/C:/SourceTree/GitHub/HL7-mappings-gz/ada_2_fhir/zibs2017/payload/ext-zib-medication-period-of-use-2.0.xsl is included or imported more than once. This is permitted, but may lead to errors or unexpected behavior
     [xslt] C:\SourceTree\GitHub\HL7-mappings-gz\ada_2_fhir\zibs2017\payload\ext-zib-medication-repeat-period-cyclical-schedule-2.0.xsl:1:427: Warning! Stylesheet module file:/C:/SourceTree/GitHub/HL7-mappings-gz/ada_2_fhir/zibs2017/payload/ext-zib-medication-repeat-period-cyclical-schedule-2.0.xsl is included or imported more than once. This is permitted, but may lead to errors or unexpected behavior
     [xslt] C:\SourceTree\GitHub\HL7-mappings-gz\ada_2_fhir\zibs2017\payload\ext-zib-medication-stop-type-2.0.xsl:1:427: Warning! Stylesheet module file:/C:/SourceTree/GitHub/HL7-mappings-gz/ada_2_fhir/zibs2017/payload/ext-zib-medication-stop-type-2.0.xsl is included or imported more than once. This is permitted, but may lead to errors or unexpected behavior
     [xslt] C:\SourceTree\GitHub\HL7-mappings-gz\ada_2_fhir\zibs2017\payload\ext-zib-medication-use-duration-2.0.xsl:1:427: Warning! Stylesheet module file:/C:/SourceTree/GitHub/HL7-mappings-gz/ada_2_fhir/zibs2017/payload/ext-zib-medication-use-duration-2.0.xsl is included or imported more than once. This is permitted, but may lead to errors or unexpected behavior
     [xslt] C:\SourceTree\GitHub\HL7-mappings-gz\ada_2_fhir\zibs2017\payload\nl-core-patient-2.1.xsl:16:458: Warning! Stylesheet module file:/C:/SourceTree/GitHub/HL7-mappings-gz/ada_2_fhir/zibs2017/payload/nl-core-patient-2.1.xsl is included or imported more than once. This is permitted, but may lead to errors or unexpected behavior
     [xslt] C:\SourceTree\GitHub\HL7-mappings-gz\ada_2_fhir\zibs2017\payload\nl-core-relatedperson-2.0.xsl:15:427: Warning! Stylesheet module file:/C:/SourceTree/GitHub/HL7-mappings-gz/ada_2_fhir/zibs2017/payload/nl-core-relatedperson-2.0.xsl is included or imported more than once. This is permitted, but may lead to errors or unexpected behavior
     [xslt] C:\SourceTree\GitHub\HL7-mappings-gz\ada_2_fhir\zibs2017\payload\nl-core-practitioner-2.0.xsl:15:427: Warning! Stylesheet module file:/C:/SourceTree/GitHub/HL7-mappings-gz/ada_2_fhir/zibs2017/payload/nl-core-practitioner-2.0.xsl is included or imported more than once. This is permitted, but may lead to errors or unexpected behavior
     [xslt] C:\SourceTree\GitHub\HL7-mappings-gz\ada_2_fhir\zibs2017\payload\nl-core-practitionerrole-2.0.xsl:15:475: Warning! Stylesheet module file:/C:/SourceTree/GitHub/HL7-mappings-gz/ada_2_fhir/zibs2017/payload/nl-core-practitionerrole-2.0.xsl is included or imported more than once. This is permitted, but may lead to errors or unexpected behavior
     [xslt] C:\SourceTree\GitHub\HL7-mappings-gz\ada_2_fhir\zibs2017\payload\nl-core-organization-2.0.xsl:15:427: Warning! Stylesheet module file:/C:/SourceTree/GitHub/HL7-mappings-gz/ada_2_fhir/zibs2017/payload/nl-core-organization-2.0.xsl is included or imported more than once. This is permitted, but may lead to errors or unexpected behavior
     [xslt] C:\SourceTree\GitHub\HL7-mappings-gz\ada_2_fhir\zibs2017\payload\nl-core-humanname-2.0.xsl:1:427: Warning! Stylesheet module file:/C:/SourceTree/GitHub/HL7-mappings-gz/ada_2_fhir/zibs2017/payload/nl-core-humanname-2.0.xsl is included or imported more than once. This is permitted, but may lead to errors or unexpected behavior
     [xslt] C:\SourceTree\GitHub\HL7-mappings-gz\ada_2_fhir\zibs2017\payload\nl-core-address-2.0.xsl:1:427: Warning! Stylesheet module file:/C:/SourceTree/GitHub/HL7-mappings-gz/ada_2_fhir/zibs2017/payload/nl-core-address-2.0.xsl is included or imported more than once. This is permitted, but may lead to errors or unexpected behavior
     [xslt] C:\SourceTree\GitHub\HL7-mappings-gz\ada_2_fhir\zibs2017\payload\zib-alert-2.1.xsl:15:427: Warning! Stylesheet module file:/C:/SourceTree/GitHub/HL7-mappings-gz/ada_2_fhir/zibs2017/payload/zib-alert-2.1.xsl is included or imported more than once. This is permitted, but may lead to errors or unexpected behavior
     [xslt] C:\SourceTree\GitHub\HL7-mappings-gz\ada_2_fhir\zibs2017\payload\zib-allergyintolerance-2.1.xsl:15:427: Warning! Stylesheet module file:/C:/SourceTree/GitHub/HL7-mappings-gz/ada_2_fhir/zibs2017/payload/zib-allergyintolerance-2.1.xsl is included or imported more than once. This is permitted, but may lead to errors or unexpected behavior
     [xslt] C:\SourceTree\GitHub\HL7-mappings-gz\ada_2_fhir\zibs2017\payload\zib-body-height-2.1.xsl:15:427: Warning! Stylesheet module file:/C:/SourceTree/GitHub/HL7-mappings-gz/ada_2_fhir/zibs2017/payload/zib-body-height-2.1.xsl is included or imported more than once. This is permitted, but may lead to errors or unexpected behavior
     [xslt] C:\SourceTree\GitHub\HL7-mappings-gz\ada_2_fhir\zibs2017\payload\zib-body-weight-2.1.xsl:15:427: Warning! Stylesheet module file:/C:/SourceTree/GitHub/HL7-mappings-gz/ada_2_fhir/zibs2017/payload/zib-body-weight-2.1.xsl is included or imported more than once. This is permitted, but may lead to errors or unexpected behavior
     [xslt] C:\SourceTree\GitHub\HL7-mappings-gz\ada_2_fhir\zibs2017\payload\zib-instructions-for-use-2.0.xsl:1:427: Warning! Stylesheet module file:/C:/SourceTree/GitHub/HL7-mappings-gz/ada_2_fhir/zibs2017/payload/zib-instructions-for-use-2.0.xsl is included or imported more than once. This is permitted, but may lead to errors or unexpected behavior
     [xslt] C:\SourceTree\GitHub\HL7-mappings-gz\util\mp-functions.xsl:2:315: Warning! Stylesheet module file:/C:/SourceTree/GitHub/HL7-mappings-gz/util/mp-functions.xsl is included or imported more than once. This is permitted, but may lead to errors or unexpected behavior
     [xslt] C:\SourceTree\GitHub\HL7-mappings-gz\ada_2_fhir\zibs2017\payload\zib-instructions-for-use-3.0.xsl:1:427: Warning! Stylesheet module file:/C:/SourceTree/GitHub/HL7-mappings-gz/ada_2_fhir/zibs2017/payload/zib-instructions-for-use-3.0.xsl is included or imported more than once. This is permitted, but may lead to errors or unexpected behavior
     [xslt] C:\SourceTree\GitHub\HL7-mappings-gz\ada_2_fhir\zibs2017\payload\zib-LaboratoryTestResult-Observation-2.1.xsl:15:427: Warning! Stylesheet module file:/C:/SourceTree/GitHub/HL7-mappings-gz/ada_2_fhir/zibs2017/payload/zib-LaboratoryTestResult-Observation-2.1.xsl is included or imported more than once. This is permitted, but may lead to errors or unexpected behavior
     [xslt] C:\SourceTree\GitHub\HL7-mappings-gz\ada_2_fhir\zibs2017\payload\zib-LaboratoryTestResult-Specimen-2.1.xsl:15:427: Warning! Stylesheet module file:/C:/SourceTree/GitHub/HL7-mappings-gz/ada_2_fhir/zibs2017/payload/zib-LaboratoryTestResult-Specimen-2.1.xsl is included or imported more than once. This is permitted, but may lead to errors or unexpected behavior
     [xslt] C:\SourceTree\GitHub\HL7-mappings-gz\ada_2_fhir\zibs2017\payload\zib-medicationagreement-2.2.xsl:15:427: Warning! Stylesheet module file:/C:/SourceTree/GitHub/HL7-mappings-gz/ada_2_fhir/zibs2017/payload/zib-medicationagreement-2.2.xsl is included or imported more than once. This is permitted, but may lead to errors or unexpected behavior
     [xslt] C:\SourceTree\GitHub\HL7-mappings-gz\ada_2_fhir\zibs2017\payload\zib-medicationagreement-3.0.xsl:15:427: Warning! Stylesheet module file:/C:/SourceTree/GitHub/HL7-mappings-gz/ada_2_fhir/zibs2017/payload/zib-medicationagreement-3.0.xsl is included or imported more than once. This is permitted, but may lead to errors or unexpected behavior
     [xslt] C:\SourceTree\GitHub\HL7-mappings-gz\ada_2_fhir\zibs2017\payload\zib-medicationuse-2.2.xsl:15:427: Warning! Stylesheet module file:/C:/SourceTree/GitHub/HL7-mappings-gz/ada_2_fhir/zibs2017/payload/zib-medicationuse-2.2.xsl is included or imported more than once. This is permitted, but may lead to errors or unexpected behavior
     [xslt] C:\SourceTree\GitHub\HL7-mappings-gz\ada_2_fhir\zibs2017\payload\zib-medicationuse-3.0.xsl:15:427: Warning! Stylesheet module file:/C:/SourceTree/GitHub/HL7-mappings-gz/ada_2_fhir/zibs2017/payload/zib-medicationuse-3.0.xsl is included or imported more than once. This is permitted, but may lead to errors or unexpected behavior
     [xslt] C:\SourceTree\GitHub\HL7-mappings-gz\ada_2_fhir\zibs2017\payload\zib-problem-2.1.xsl:15:427: Warning! Stylesheet module file:/C:/SourceTree/GitHub/HL7-mappings-gz/ada_2_fhir/zibs2017/payload/zib-problem-2.1.xsl is included or imported more than once. This is permitted, but may lead to errors or unexpected behavior
     [xslt] Processing C:\SourceTree\GitHub\HL7-mappings-gz\ada_2_fhir\cio\1.0.0-2020.01\beschikbaarstellen_allergie_intolerantie_vertaling\ada_instance\CIO-02.xml to C:\SourceTree\GitHub\HL7-mappings-gz\ada_2_fhir\cio\1.0.0-2020.01\beschikbaarstellen_allergie_intolerantie_vertaling\fhir_instance\CIO-02.xml
     [xslt] Processing C:\SourceTree\GitHub\HL7-mappings-gz\ada_2_fhir\cio\1.0.0-2020.01\beschikbaarstellen_allergie_intolerantie_vertaling\ada_instance\CIO-03.xml to C:\SourceTree\GitHub\HL7-mappings-gz\ada_2_fhir\cio\1.0.0-2020.01\beschikbaarstellen_allergie_intolerantie_vertaling\fhir_instance\CIO-03.xml
     [echo] 
     [echo] ADA to FHIR beschikbaarstellen_allergie_intolerantie_vertaling/payload/beschikbaarstellen_allergie_intolerantie_vertaling_2_fhir.xsl
     [xslt] Processing C:\SourceTree\GitHub\HL7-mappings-gz\ada_2_fhir\cio\1.0.0-2020.01\beschikbaarstellen_allergie_intolerantie_vertaling\ada_instance\CIO-01-AlleOnderdelen.xml to C:\SourceTree\GitHub\HL7-mappings-gz\ada_2_fhir\cio\1.0.0-2020.01\beschikbaarstellen_allergie_intolerantie_vertaling\fhir_instance\CIO-01-AlleOnderdelen.xml
     [xslt] Loading stylesheet C:\SourceTree\GitHub\HL7-mappings-gz\ada_2_fhir\cio\1.0.0-2020.01\beschikbaarstellen_allergie_intolerantie_vertaling\payload\beschikbaarstellen_allergie_intolerantie_vertaling_2_fhir.xsl
     [xslt] C:\SourceTree\GitHub\HL7-mappings-gz\ada_2_fhir\zibs2017\payload\_zib2017.xsl:15:475: Warning! Stylesheet module file:/C:/SourceTree/GitHub/HL7-mappings-gz/ada_2_fhir/zibs2017/payload/_zib2017.xsl is included or imported more than once. This is permitted, but may lead to errors or unexpected behavior
     [xslt] C:\SourceTree\GitHub\HL7-mappings-gz\ada_2_fhir\fhir\2_fhir_fhir_include.xsl:16:458: Warning! Stylesheet module file:/C:/SourceTree/GitHub/HL7-mappings-gz/ada_2_fhir/fhir/2_fhir_fhir_include.xsl is included or imported more than once. This is permitted, but may lead to errors or unexpected behavior
     [xslt] C:\SourceTree\GitHub\HL7-mappings-gz\util\uuid.xsl:1:239: Warning! Stylesheet module file:/C:/SourceTree/GitHub/HL7-mappings-gz/util/uuid.xsl is included or imported more than once. This is permitted, but may lead to errors or unexpected behavior
     [xslt] C:\SourceTree\GitHub\HL7-mappings-gz\util\constants.xsl:15:203: Warning! Stylesheet module file:/C:/SourceTree/GitHub/HL7-mappings-gz/util/constants.xsl is included or imported more than once. This is permitted, but may lead to errors or unexpected behavior
     [xslt] C:\SourceTree\GitHub\HL7-mappings-gz\util\datetime.xsl:2:279: Warning! Stylesheet module file:/C:/SourceTree/GitHub/HL7-mappings-gz/util/datetime.xsl is included or imported more than once. This is permitted, but may lead to errors or unexpected behavior
     [xslt] C:\SourceTree\GitHub\HL7-mappings-gz\util\units.xsl:1:296: Warning! Stylesheet module file:/C:/SourceTree/GitHub/HL7-mappings-gz/util/units.xsl is included or imported more than once. This is permitted, but may lead to errors or unexpected behavior
     [xslt] C:\SourceTree\GitHub\HL7-mappings-gz\ada_2_fhir\fhir\NarrativeGenerator.xsl:26:259: Warning! Stylesheet module file:/C:/SourceTree/GitHub/HL7-mappings-gz/ada_2_fhir/fhir/NarrativeGenerator.xsl is included or imported more than once. This is permitted, but may lead to errors or unexpected behavior
     [xslt] C:\SourceTree\GitHub\HL7-mappings-gz\util\utilities.xsl:9:19: Warning! Stylesheet module file:/C:/SourceTree/GitHub/HL7-mappings-gz/util/utilities.xsl is included or imported more than once. This is permitted, but may lead to errors or unexpected behavior
     [xslt] C:\SourceTree\GitHub\HL7-mappings-gz\util\ada.xsl:2:320: Warning! Stylesheet module file:/C:/SourceTree/GitHub/HL7-mappings-gz/util/ada.xsl is included or imported more than once. This is permitted, but may lead to errors or unexpected behavior
     [xslt] C:\SourceTree\GitHub\HL7-mappings-gz\ada_2_fhir\zibs2017\payload\ext-code-specification-1.0.xsl:1:427: Warning! Stylesheet module file:/C:/SourceTree/GitHub/HL7-mappings-gz/ada_2_fhir/zibs2017/payload/ext-code-specification-1.0.xsl is included or imported more than once. This is permitted, but may lead to errors or unexpected behavior
     [xslt] C:\SourceTree\GitHub\HL7-mappings-gz\ada_2_fhir\zibs2017\payload\ext-zib-medication-additional-information-2.0.xsl:1:427: Warning! Stylesheet module file:/C:/SourceTree/GitHub/HL7-mappings-gz/ada_2_fhir/zibs2017/payload/ext-zib-medication-additional-information-2.0.xsl is included or imported more than once. This is permitted, but may lead to errors or unexpected behavior
     [xslt] C:\SourceTree\GitHub\HL7-mappings-gz\ada_2_fhir\zibs2017\payload\ext-zib-medication-copy-indicator-2.0.xsl:1:427: Warning! Stylesheet module file:/C:/SourceTree/GitHub/HL7-mappings-gz/ada_2_fhir/zibs2017/payload/ext-zib-medication-copy-indicator-2.0.xsl is included or imported more than once. This is permitted, but may lead to errors or unexpected behavior
     [xslt] C:\SourceTree\GitHub\HL7-mappings-gz\ada_2_fhir\zibs2017\payload\ext-zib-medication-instructions-for-use-description-1.0.xsl:1:427: Warning! Stylesheet module file:/C:/SourceTree/GitHub/HL7-mappings-gz/ada_2_fhir/zibs2017/payload/ext-zib-medication-instructions-for-use-description-1.0.xsl is included or imported more than once. This is permitted, but may lead to errors or unexpected behavior
     [xslt] C:\SourceTree\GitHub\HL7-mappings-gz\ada_2_fhir\zibs2017\payload\ext-zib-medication-medication-treatment-2.0.xsl:1:427: Warning! Stylesheet module file:/C:/SourceTree/GitHub/HL7-mappings-gz/ada_2_fhir/zibs2017/payload/ext-zib-medication-medication-treatment-2.0.xsl is included or imported more than once. This is permitted, but may lead to errors or unexpected behavior
     [xslt] C:\SourceTree\GitHub\HL7-mappings-gz\ada_2_fhir\zibs2017\payload\ext-zib-medication-period-of-use-2.0.xsl:1:427: Warning! Stylesheet module file:/C:/SourceTree/GitHub/HL7-mappings-gz/ada_2_fhir/zibs2017/payload/ext-zib-medication-period-of-use-2.0.xsl is included or imported more than once. This is permitted, but may lead to errors or unexpected behavior
     [xslt] C:\SourceTree\GitHub\HL7-mappings-gz\ada_2_fhir\zibs2017\payload\ext-zib-medication-repeat-period-cyclical-schedule-2.0.xsl:1:427: Warning! Stylesheet module file:/C:/SourceTree/GitHub/HL7-mappings-gz/ada_2_fhir/zibs2017/payload/ext-zib-medication-repeat-period-cyclical-schedule-2.0.xsl is included or imported more than once. This is permitted, but may lead to errors or unexpected behavior
     [xslt] C:\SourceTree\GitHub\HL7-mappings-gz\ada_2_fhir\zibs2017\payload\ext-zib-medication-stop-type-2.0.xsl:1:427: Warning! Stylesheet module file:/C:/SourceTree/GitHub/HL7-mappings-gz/ada_2_fhir/zibs2017/payload/ext-zib-medication-stop-type-2.0.xsl is included or imported more than once. This is permitted, but may lead to errors or unexpected behavior
     [xslt] C:\SourceTree\GitHub\HL7-mappings-gz\ada_2_fhir\zibs2017\payload\ext-zib-medication-use-duration-2.0.xsl:1:427: Warning! Stylesheet module file:/C:/SourceTree/GitHub/HL7-mappings-gz/ada_2_fhir/zibs2017/payload/ext-zib-medication-use-duration-2.0.xsl is included or imported more than once. This is permitted, but may lead to errors or unexpected behavior
     [xslt] C:\SourceTree\GitHub\HL7-mappings-gz\ada_2_fhir\zibs2017\payload\nl-core-patient-2.1.xsl:16:458: Warning! Stylesheet module file:/C:/SourceTree/GitHub/HL7-mappings-gz/ada_2_fhir/zibs2017/payload/nl-core-patient-2.1.xsl is included or imported more than once. This is permitted, but may lead to errors or unexpected behavior
     [xslt] C:\SourceTree\GitHub\HL7-mappings-gz\ada_2_fhir\zibs2017\payload\nl-core-relatedperson-2.0.xsl:15:427: Warning! Stylesheet module file:/C:/SourceTree/GitHub/HL7-mappings-gz/ada_2_fhir/zibs2017/payload/nl-core-relatedperson-2.0.xsl is included or imported more than once. This is permitted, but may lead to errors or unexpected behavior
     [xslt] C:\SourceTree\GitHub\HL7-mappings-gz\ada_2_fhir\zibs2017\payload\nl-core-practitioner-2.0.xsl:15:427: Warning! Stylesheet module file:/C:/SourceTree/GitHub/HL7-mappings-gz/ada_2_fhir/zibs2017/payload/nl-core-practitioner-2.0.xsl is included or imported more than once. This is permitted, but may lead to errors or unexpected behavior
     [xslt] C:\SourceTree\GitHub\HL7-mappings-gz\ada_2_fhir\zibs2017\payload\nl-core-practitionerrole-2.0.xsl:15:475: Warning! Stylesheet module file:/C:/SourceTree/GitHub/HL7-mappings-gz/ada_2_fhir/zibs2017/payload/nl-core-practitionerrole-2.0.xsl is included or imported more than once. This is permitted, but may lead to errors or unexpected behavior
     [xslt] C:\SourceTree\GitHub\HL7-mappings-gz\ada_2_fhir\zibs2017\payload\nl-core-organization-2.0.xsl:15:427: Warning! Stylesheet module file:/C:/SourceTree/GitHub/HL7-mappings-gz/ada_2_fhir/zibs2017/payload/nl-core-organization-2.0.xsl is included or imported more than once. This is permitted, but may lead to errors or unexpected behavior
     [xslt] C:\SourceTree\GitHub\HL7-mappings-gz\ada_2_fhir\zibs2017\payload\nl-core-humanname-2.0.xsl:1:427: Warning! Stylesheet module file:/C:/SourceTree/GitHub/HL7-mappings-gz/ada_2_fhir/zibs2017/payload/nl-core-humanname-2.0.xsl is included or imported more than once. This is permitted, but may lead to errors or unexpected behavior
     [xslt] C:\SourceTree\GitHub\HL7-mappings-gz\ada_2_fhir\zibs2017\payload\nl-core-address-2.0.xsl:1:427: Warning! Stylesheet module file:/C:/SourceTree/GitHub/HL7-mappings-gz/ada_2_fhir/zibs2017/payload/nl-core-address-2.0.xsl is included or imported more than once. This is permitted, but may lead to errors or unexpected behavior
     [xslt] C:\SourceTree\GitHub\HL7-mappings-gz\ada_2_fhir\zibs2017\payload\zib-alert-2.1.xsl:15:427: Warning! Stylesheet module file:/C:/SourceTree/GitHub/HL7-mappings-gz/ada_2_fhir/zibs2017/payload/zib-alert-2.1.xsl is included or imported more than once. This is permitted, but may lead to errors or unexpected behavior
     [xslt] C:\SourceTree\GitHub\HL7-mappings-gz\ada_2_fhir\zibs2017\payload\zib-allergyintolerance-2.1.xsl:15:427: Warning! Stylesheet module file:/C:/SourceTree/GitHub/HL7-mappings-gz/ada_2_fhir/zibs2017/payload/zib-allergyintolerance-2.1.xsl is included or imported more than once. This is permitted, but may lead to errors or unexpected behavior
     [xslt] C:\SourceTree\GitHub\HL7-mappings-gz\ada_2_fhir\zibs2017\payload\zib-body-height-2.1.xsl:15:427: Warning! Stylesheet module file:/C:/SourceTree/GitHub/HL7-mappings-gz/ada_2_fhir/zibs2017/payload/zib-body-height-2.1.xsl is included or imported more than once. This is permitted, but may lead to errors or unexpected behavior
     [xslt] C:\SourceTree\GitHub\HL7-mappings-gz\ada_2_fhir\zibs2017\payload\zib-body-weight-2.1.xsl:15:427: Warning! Stylesheet module file:/C:/SourceTree/GitHub/HL7-mappings-gz/ada_2_fhir/zibs2017/payload/zib-body-weight-2.1.xsl is included or imported more than once. This is permitted, but may lead to errors or unexpected behavior
     [xslt] C:\SourceTree\GitHub\HL7-mappings-gz\ada_2_fhir\zibs2017\payload\zib-instructions-for-use-2.0.xsl:1:427: Warning! Stylesheet module file:/C:/SourceTree/GitHub/HL7-mappings-gz/ada_2_fhir/zibs2017/payload/zib-instructions-for-use-2.0.xsl is included or imported more than once. This is permitted, but may lead to errors or unexpected behavior
     [xslt] C:\SourceTree\GitHub\HL7-mappings-gz\util\mp-functions.xsl:2:315: Warning! Stylesheet module file:/C:/SourceTree/GitHub/HL7-mappings-gz/util/mp-functions.xsl is included or imported more than once. This is permitted, but may lead to errors or unexpected behavior
     [xslt] C:\SourceTree\GitHub\HL7-mappings-gz\ada_2_fhir\zibs2017\payload\zib-instructions-for-use-3.0.xsl:1:427: Warning! Stylesheet module file:/C:/SourceTree/GitHub/HL7-mappings-gz/ada_2_fhir/zibs2017/payload/zib-instructions-for-use-3.0.xsl is included or imported more than once. This is permitted, but may lead to errors or unexpected behavior
     [xslt] C:\SourceTree\GitHub\HL7-mappings-gz\ada_2_fhir\zibs2017\payload\zib-LaboratoryTestResult-Observation-2.1.xsl:15:427: Warning! Stylesheet module file:/C:/SourceTree/GitHub/HL7-mappings-gz/ada_2_fhir/zibs2017/payload/zib-LaboratoryTestResult-Observation-2.1.xsl is included or imported more than once. This is permitted, but may lead to errors or unexpected behavior
     [xslt] C:\SourceTree\GitHub\HL7-mappings-gz\ada_2_fhir\zibs2017\payload\zib-LaboratoryTestResult-Specimen-2.1.xsl:15:427: Warning! Stylesheet module file:/C:/SourceTree/GitHub/HL7-mappings-gz/ada_2_fhir/zibs2017/payload/zib-LaboratoryTestResult-Specimen-2.1.xsl is included or imported more than once. This is permitted, but may lead to errors or unexpected behavior
     [xslt] C:\SourceTree\GitHub\HL7-mappings-gz\ada_2_fhir\zibs2017\payload\zib-medicationagreement-2.2.xsl:15:427: Warning! Stylesheet module file:/C:/SourceTree/GitHub/HL7-mappings-gz/ada_2_fhir/zibs2017/payload/zib-medicationagreement-2.2.xsl is included or imported more than once. This is permitted, but may lead to errors or unexpected behavior
     [xslt] C:\SourceTree\GitHub\HL7-mappings-gz\ada_2_fhir\zibs2017\payload\zib-medicationagreement-3.0.xsl:15:427: Warning! Stylesheet module file:/C:/SourceTree/GitHub/HL7-mappings-gz/ada_2_fhir/zibs2017/payload/zib-medicationagreement-3.0.xsl is included or imported more than once. This is permitted, but may lead to errors or unexpected behavior
     [xslt] C:\SourceTree\GitHub\HL7-mappings-gz\ada_2_fhir\zibs2017\payload\zib-medicationuse-2.2.xsl:15:427: Warning! Stylesheet module file:/C:/SourceTree/GitHub/HL7-mappings-gz/ada_2_fhir/zibs2017/payload/zib-medicationuse-2.2.xsl is included or imported more than once. This is permitted, but may lead to errors or unexpected behavior
     [xslt] C:\SourceTree\GitHub\HL7-mappings-gz\ada_2_fhir\zibs2017\payload\zib-medicationuse-3.0.xsl:15:427: Warning! Stylesheet module file:/C:/SourceTree/GitHub/HL7-mappings-gz/ada_2_fhir/zibs2017/payload/zib-medicationuse-3.0.xsl is included or imported more than once. This is permitted, but may lead to errors or unexpected behavior
     [xslt] C:\SourceTree\GitHub\HL7-mappings-gz\ada_2_fhir\zibs2017\payload\zib-problem-2.1.xsl:15:427: Warning! Stylesheet module file:/C:/SourceTree/GitHub/HL7-mappings-gz/ada_2_fhir/zibs2017/payload/zib-problem-2.1.xsl is included or imported more than once. This is permitted, but may lead to errors or unexpected behavior
     [xslt] Processing C:\SourceTree\GitHub\HL7-mappings-gz\ada_2_fhir\cio\1.0.0-2020.01\beschikbaarstellen_allergie_intolerantie_vertaling\ada_instance\CIO-02.xml to C:\SourceTree\GitHub\HL7-mappings-gz\ada_2_fhir\cio\1.0.0-2020.01\beschikbaarstellen_allergie_intolerantie_vertaling\fhir_instance\CIO-02.xml
     [xslt] Processing C:\SourceTree\GitHub\HL7-mappings-gz\ada_2_fhir\cio\1.0.0-2020.01\beschikbaarstellen_allergie_intolerantie_vertaling\ada_instance\CIO-03.xml to C:\SourceTree\GitHub\HL7-mappings-gz\ada_2_fhir\cio\1.0.0-2020.01\beschikbaarstellen_allergie_intolerantie_vertaling\fhir_instance\CIO-03.xml
     [echo] Deleting previous results, if any
     [echo] 
     [echo] ADA to FHIR ./beschikbaarstellen_allergie_intolerantie_vertaling/payload/beschikbaarstellen_allergie_intolerantie_vertaling_2_fhir_resources.xsl
     [xslt] Processing C:\SourceTree\GitHub\HL7-mappings-gz\ada_2_fhir\cio\1.0.0-2020.01\xml-voorbeelden\ada_instance\aiv-example_100_1.xml to C:\SourceTree\GitHub\HL7-mappings-gz\ada_2_fhir\cio\1.0.0-2020.01\xml-voorbeelden\fhir_instance\aiv-example_100_1.xml
     [xslt] Loading stylesheet C:\SourceTree\GitHub\HL7-mappings-gz\ada_2_fhir\cio\1.0.0-2020.01\beschikbaarstellen_allergie_intolerantie_vertaling\payload\beschikbaarstellen_allergie_intolerantie_vertaling_2_fhir_resources.xsl
     [xslt] C:\SourceTree\GitHub\HL7-mappings-gz\ada_2_fhir\zibs2017\payload\_zib2017.xsl:15:475: Warning! Stylesheet module file:/C:/SourceTree/GitHub/HL7-mappings-gz/ada_2_fhir/zibs2017/payload/_zib2017.xsl is included or imported more than once. This is permitted, but may lead to errors or unexpected behavior
     [xslt] C:\SourceTree\GitHub\HL7-mappings-gz\ada_2_fhir\fhir\2_fhir_fhir_include.xsl:16:458: Warning! Stylesheet module file:/C:/SourceTree/GitHub/HL7-mappings-gz/ada_2_fhir/fhir/2_fhir_fhir_include.xsl is included or imported more than once. This is permitted, but may lead to errors or unexpected behavior
     [xslt] C:\SourceTree\GitHub\HL7-mappings-gz\util\uuid.xsl:1:239: Warning! Stylesheet module file:/C:/SourceTree/GitHub/HL7-mappings-gz/util/uuid.xsl is included or imported more than once. This is permitted, but may lead to errors or unexpected behavior
     [xslt] C:\SourceTree\GitHub\HL7-mappings-gz\util\constants.xsl:15:203: Warning! Stylesheet module file:/C:/SourceTree/GitHub/HL7-mappings-gz/util/constants.xsl is included or imported more than once. This is permitted, but may lead to errors or unexpected behavior
     [xslt] C:\SourceTree\GitHub\HL7-mappings-gz\util\datetime.xsl:2:279: Warning! Stylesheet module file:/C:/SourceTree/GitHub/HL7-mappings-gz/util/datetime.xsl is included or imported more than once. This is permitted, but may lead to errors or unexpected behavior
     [xslt] C:\SourceTree\GitHub\HL7-mappings-gz\util\units.xsl:1:296: Warning! Stylesheet module file:/C:/SourceTree/GitHub/HL7-mappings-gz/util/units.xsl is included or imported more than once. This is permitted, but may lead to errors or unexpected behavior
     [xslt] C:\SourceTree\GitHub\HL7-mappings-gz\ada_2_fhir\fhir\NarrativeGenerator.xsl:26:259: Warning! Stylesheet module file:/C:/SourceTree/GitHub/HL7-mappings-gz/ada_2_fhir/fhir/NarrativeGenerator.xsl is included or imported more than once. This is permitted, but may lead to errors or unexpected behavior
     [xslt] C:\SourceTree\GitHub\HL7-mappings-gz\util\utilities.xsl:9:19: Warning! Stylesheet module file:/C:/SourceTree/GitHub/HL7-mappings-gz/util/utilities.xsl is included or imported more than once. This is permitted, but may lead to errors or unexpected behavior
     [xslt] C:\SourceTree\GitHub\HL7-mappings-gz\util\ada.xsl:2:320: Warning! Stylesheet module file:/C:/SourceTree/GitHub/HL7-mappings-gz/util/ada.xsl is included or imported more than once. This is permitted, but may lead to errors or unexpected behavior
     [xslt] C:\SourceTree\GitHub\HL7-mappings-gz\ada_2_fhir\zibs2017\payload\ext-code-specification-1.0.xsl:1:427: Warning! Stylesheet module file:/C:/SourceTree/GitHub/HL7-mappings-gz/ada_2_fhir/zibs2017/payload/ext-code-specification-1.0.xsl is included or imported more than once. This is permitted, but may lead to errors or unexpected behavior
     [xslt] C:\SourceTree\GitHub\HL7-mappings-gz\ada_2_fhir\zibs2017\payload\ext-zib-medication-additional-information-2.0.xsl:1:427: Warning! Stylesheet module file:/C:/SourceTree/GitHub/HL7-mappings-gz/ada_2_fhir/zibs2017/payload/ext-zib-medication-additional-information-2.0.xsl is included or imported more than once. This is permitted, but may lead to errors or unexpected behavior
     [xslt] C:\SourceTree\GitHub\HL7-mappings-gz\ada_2_fhir\zibs2017\payload\ext-zib-medication-copy-indicator-2.0.xsl:1:427: Warning! Stylesheet module file:/C:/SourceTree/GitHub/HL7-mappings-gz/ada_2_fhir/zibs2017/payload/ext-zib-medication-copy-indicator-2.0.xsl is included or imported more than once. This is permitted, but may lead to errors or unexpected behavior
     [xslt] C:\SourceTree\GitHub\HL7-mappings-gz\ada_2_fhir\zibs2017\payload\ext-zib-medication-instructions-for-use-description-1.0.xsl:1:427: Warning! Stylesheet module file:/C:/SourceTree/GitHub/HL7-mappings-gz/ada_2_fhir/zibs2017/payload/ext-zib-medication-instructions-for-use-description-1.0.xsl is included or imported more than once. This is permitted, but may lead to errors or unexpected behavior
     [xslt] C:\SourceTree\GitHub\HL7-mappings-gz\ada_2_fhir\zibs2017\payload\ext-zib-medication-medication-treatment-2.0.xsl:1:427: Warning! Stylesheet module file:/C:/SourceTree/GitHub/HL7-mappings-gz/ada_2_fhir/zibs2017/payload/ext-zib-medication-medication-treatment-2.0.xsl is included or imported more than once. This is permitted, but may lead to errors or unexpected behavior
     [xslt] C:\SourceTree\GitHub\HL7-mappings-gz\ada_2_fhir\zibs2017\payload\ext-zib-medication-period-of-use-2.0.xsl:1:427: Warning! Stylesheet module file:/C:/SourceTree/GitHub/HL7-mappings-gz/ada_2_fhir/zibs2017/payload/ext-zib-medication-period-of-use-2.0.xsl is included or imported more than once. This is permitted, but may lead to errors or unexpected behavior
     [xslt] C:\SourceTree\GitHub\HL7-mappings-gz\ada_2_fhir\zibs2017\payload\ext-zib-medication-repeat-period-cyclical-schedule-2.0.xsl:1:427: Warning! Stylesheet module file:/C:/SourceTree/GitHub/HL7-mappings-gz/ada_2_fhir/zibs2017/payload/ext-zib-medication-repeat-period-cyclical-schedule-2.0.xsl is included or imported more than once. This is permitted, but may lead to errors or unexpected behavior
     [xslt] C:\SourceTree\GitHub\HL7-mappings-gz\ada_2_fhir\zibs2017\payload\ext-zib-medication-stop-type-2.0.xsl:1:427: Warning! Stylesheet module file:/C:/SourceTree/GitHub/HL7-mappings-gz/ada_2_fhir/zibs2017/payload/ext-zib-medication-stop-type-2.0.xsl is included or imported more than once. This is permitted, but may lead to errors or unexpected behavior
     [xslt] C:\SourceTree\GitHub\HL7-mappings-gz\ada_2_fhir\zibs2017\payload\ext-zib-medication-use-duration-2.0.xsl:1:427: Warning! Stylesheet module file:/C:/SourceTree/GitHub/HL7-mappings-gz/ada_2_fhir/zibs2017/payload/ext-zib-medication-use-duration-2.0.xsl is included or imported more than once. This is permitted, but may lead to errors or unexpected behavior
     [xslt] C:\SourceTree\GitHub\HL7-mappings-gz\ada_2_fhir\zibs2017\payload\nl-core-patient-2.1.xsl:16:458: Warning! Stylesheet module file:/C:/SourceTree/GitHub/HL7-mappings-gz/ada_2_fhir/zibs2017/payload/nl-core-patient-2.1.xsl is included or imported more than once. This is permitted, but may lead to errors or unexpected behavior
     [xslt] C:\SourceTree\GitHub\HL7-mappings-gz\ada_2_fhir\zibs2017\payload\nl-core-relatedperson-2.0.xsl:15:427: Warning! Stylesheet module file:/C:/SourceTree/GitHub/HL7-mappings-gz/ada_2_fhir/zibs2017/payload/nl-core-relatedperson-2.0.xsl is included or imported more than once. This is permitted, but may lead to errors or unexpected behavior
     [xslt] C:\SourceTree\GitHub\HL7-mappings-gz\ada_2_fhir\zibs2017\payload\nl-core-practitioner-2.0.xsl:15:427: Warning! Stylesheet module file:/C:/SourceTree/GitHub/HL7-mappings-gz/ada_2_fhir/zibs2017/payload/nl-core-practitioner-2.0.xsl is included or imported more than once. This is permitted, but may lead to errors or unexpected behavior
     [xslt] C:\SourceTree\GitHub\HL7-mappings-gz\ada_2_fhir\zibs2017\payload\nl-core-practitionerrole-2.0.xsl:15:475: Warning! Stylesheet module file:/C:/SourceTree/GitHub/HL7-mappings-gz/ada_2_fhir/zibs2017/payload/nl-core-practitionerrole-2.0.xsl is included or imported more than once. This is permitted, but may lead to errors or unexpected behavior
     [xslt] C:\SourceTree\GitHub\HL7-mappings-gz\ada_2_fhir\zibs2017\payload\nl-core-organization-2.0.xsl:15:427: Warning! Stylesheet module file:/C:/SourceTree/GitHub/HL7-mappings-gz/ada_2_fhir/zibs2017/payload/nl-core-organization-2.0.xsl is included or imported more than once. This is permitted, but may lead to errors or unexpected behavior
     [xslt] C:\SourceTree\GitHub\HL7-mappings-gz\ada_2_fhir\zibs2017\payload\nl-core-humanname-2.0.xsl:1:427: Warning! Stylesheet module file:/C:/SourceTree/GitHub/HL7-mappings-gz/ada_2_fhir/zibs2017/payload/nl-core-humanname-2.0.xsl is included or imported more than once. This is permitted, but may lead to errors or unexpected behavior
     [xslt] C:\SourceTree\GitHub\HL7-mappings-gz\ada_2_fhir\zibs2017\payload\nl-core-address-2.0.xsl:1:427: Warning! Stylesheet module file:/C:/SourceTree/GitHub/HL7-mappings-gz/ada_2_fhir/zibs2017/payload/nl-core-address-2.0.xsl is included or imported more than once. This is permitted, but may lead to errors or unexpected behavior
     [xslt] C:\SourceTree\GitHub\HL7-mappings-gz\ada_2_fhir\zibs2017\payload\zib-alert-2.1.xsl:15:427: Warning! Stylesheet module file:/C:/SourceTree/GitHub/HL7-mappings-gz/ada_2_fhir/zibs2017/payload/zib-alert-2.1.xsl is included or imported more than once. This is permitted, but may lead to errors or unexpected behavior
     [xslt] C:\SourceTree\GitHub\HL7-mappings-gz\ada_2_fhir\zibs2017\payload\zib-allergyintolerance-2.1.xsl:15:427: Warning! Stylesheet module file:/C:/SourceTree/GitHub/HL7-mappings-gz/ada_2_fhir/zibs2017/payload/zib-allergyintolerance-2.1.xsl is included or imported more than once. This is permitted, but may lead to errors or unexpected behavior
     [xslt] C:\SourceTree\GitHub\HL7-mappings-gz\ada_2_fhir\zibs2017\payload\zib-body-height-2.1.xsl:15:427: Warning! Stylesheet module file:/C:/SourceTree/GitHub/HL7-mappings-gz/ada_2_fhir/zibs2017/payload/zib-body-height-2.1.xsl is included or imported more than once. This is permitted, but may lead to errors or unexpected behavior
     [xslt] C:\SourceTree\GitHub\HL7-mappings-gz\ada_2_fhir\zibs2017\payload\zib-body-weight-2.1.xsl:15:427: Warning! Stylesheet module file:/C:/SourceTree/GitHub/HL7-mappings-gz/ada_2_fhir/zibs2017/payload/zib-body-weight-2.1.xsl is included or imported more than once. This is permitted, but may lead to errors or unexpected behavior
     [xslt] C:\SourceTree\GitHub\HL7-mappings-gz\ada_2_fhir\zibs2017\payload\zib-instructions-for-use-2.0.xsl:1:427: Warning! Stylesheet module file:/C:/SourceTree/GitHub/HL7-mappings-gz/ada_2_fhir/zibs2017/payload/zib-instructions-for-use-2.0.xsl is included or imported more than once. This is permitted, but may lead to errors or unexpected behavior
     [xslt] C:\SourceTree\GitHub\HL7-mappings-gz\util\mp-functions.xsl:2:315: Warning! Stylesheet module file:/C:/SourceTree/GitHub/HL7-mappings-gz/util/mp-functions.xsl is included or imported more than once. This is permitted, but may lead to errors or unexpected behavior
     [xslt] C:\SourceTree\GitHub\HL7-mappings-gz\ada_2_fhir\zibs2017\payload\zib-instructions-for-use-3.0.xsl:1:427: Warning! Stylesheet module file:/C:/SourceTree/GitHub/HL7-mappings-gz/ada_2_fhir/zibs2017/payload/zib-instructions-for-use-3.0.xsl is included or imported more than once. This is permitted, but may lead to errors or unexpected behavior
     [xslt] C:\SourceTree\GitHub\HL7-mappings-gz\ada_2_fhir\zibs2017\payload\zib-LaboratoryTestResult-Observation-2.1.xsl:15:427: Warning! Stylesheet module file:/C:/SourceTree/GitHub/HL7-mappings-gz/ada_2_fhir/zibs2017/payload/zib-LaboratoryTestResult-Observation-2.1.xsl is included or imported more than once. This is permitted, but may lead to errors or unexpected behavior
     [xslt] C:\SourceTree\GitHub\HL7-mappings-gz\ada_2_fhir\zibs2017\payload\zib-LaboratoryTestResult-Specimen-2.1.xsl:15:427: Warning! Stylesheet module file:/C:/SourceTree/GitHub/HL7-mappings-gz/ada_2_fhir/zibs2017/payload/zib-LaboratoryTestResult-Specimen-2.1.xsl is included or imported more than once. This is permitted, but may lead to errors or unexpected behavior
     [xslt] C:\SourceTree\GitHub\HL7-mappings-gz\ada_2_fhir\zibs2017\payload\zib-medicationagreement-2.2.xsl:15:427: Warning! Stylesheet module file:/C:/SourceTree/GitHub/HL7-mappings-gz/ada_2_fhir/zibs2017/payload/zib-medicationagreement-2.2.xsl is included or imported more than once. This is permitted, but may lead to errors or unexpected behavior
     [xslt] C:\SourceTree\GitHub\HL7-mappings-gz\ada_2_fhir\zibs2017\payload\zib-medicationagreement-3.0.xsl:15:427: Warning! Stylesheet module file:/C:/SourceTree/GitHub/HL7-mappings-gz/ada_2_fhir/zibs2017/payload/zib-medicationagreement-3.0.xsl is included or imported more than once. This is permitted, but may lead to errors or unexpected behavior
     [xslt] C:\SourceTree\GitHub\HL7-mappings-gz\ada_2_fhir\zibs2017\payload\zib-medicationuse-2.2.xsl:15:427: Warning! Stylesheet module file:/C:/SourceTree/GitHub/HL7-mappings-gz/ada_2_fhir/zibs2017/payload/zib-medicationuse-2.2.xsl is included or imported more than once. This is permitted, but may lead to errors or unexpected behavior
     [xslt] C:\SourceTree\GitHub\HL7-mappings-gz\ada_2_fhir\zibs2017\payload\zib-medicationuse-3.0.xsl:15:427: Warning! Stylesheet module file:/C:/SourceTree/GitHub/HL7-mappings-gz/ada_2_fhir/zibs2017/payload/zib-medicationuse-3.0.xsl is included or imported more than once. This is permitted, but may lead to errors or unexpected behavior
     [xslt] C:\SourceTree\GitHub\HL7-mappings-gz\ada_2_fhir\zibs2017\payload\zib-problem-2.1.xsl:15:427: Warning! Stylesheet module file:/C:/SourceTree/GitHub/HL7-mappings-gz/ada_2_fhir/zibs2017/payload/zib-problem-2.1.xsl is included or imported more than once. This is permitted, but may lead to errors or unexpected behavior
     [echo] 
     [echo] ADA to FHIR ./beschikbaarstellen_allergie_intolerantie_vertaling/payload/beschikbaarstellen_allergie_intolerantie_vertaling_2_fhir.xsl
     [xslt] Processing C:\SourceTree\GitHub\HL7-mappings-gz\ada_2_fhir\cio\1.0.0-2020.01\xml-voorbeelden\ada_instance\aiv-example_100_1.xml to C:\SourceTree\GitHub\HL7-mappings-gz\ada_2_fhir\cio\1.0.0-2020.01\xml-voorbeelden\fhir_instance\aiv-example_100_1.xml
     [xslt] Loading stylesheet C:\SourceTree\GitHub\HL7-mappings-gz\ada_2_fhir\cio\1.0.0-2020.01\beschikbaarstellen_allergie_intolerantie_vertaling\payload\beschikbaarstellen_allergie_intolerantie_vertaling_2_fhir.xsl
     [xslt] C:\SourceTree\GitHub\HL7-mappings-gz\ada_2_fhir\zibs2017\payload\_zib2017.xsl:15:475: Warning! Stylesheet module file:/C:/SourceTree/GitHub/HL7-mappings-gz/ada_2_fhir/zibs2017/payload/_zib2017.xsl is included or imported more than once. This is permitted, but may lead to errors or unexpected behavior
     [xslt] C:\SourceTree\GitHub\HL7-mappings-gz\ada_2_fhir\fhir\2_fhir_fhir_include.xsl:16:458: Warning! Stylesheet module file:/C:/SourceTree/GitHub/HL7-mappings-gz/ada_2_fhir/fhir/2_fhir_fhir_include.xsl is included or imported more than once. This is permitted, but may lead to errors or unexpected behavior
     [xslt] C:\SourceTree\GitHub\HL7-mappings-gz\util\uuid.xsl:1:239: Warning! Stylesheet module file:/C:/SourceTree/GitHub/HL7-mappings-gz/util/uuid.xsl is included or imported more than once. This is permitted, but may lead to errors or unexpected behavior
     [xslt] C:\SourceTree\GitHub\HL7-mappings-gz\util\constants.xsl:15:203: Warning! Stylesheet module file:/C:/SourceTree/GitHub/HL7-mappings-gz/util/constants.xsl is included or imported more than once. This is permitted, but may lead to errors or unexpected behavior
     [xslt] C:\SourceTree\GitHub\HL7-mappings-gz\util\datetime.xsl:2:279: Warning! Stylesheet module file:/C:/SourceTree/GitHub/HL7-mappings-gz/util/datetime.xsl is included or imported more than once. This is permitted, but may lead to errors or unexpected behavior
     [xslt] C:\SourceTree\GitHub\HL7-mappings-gz\util\units.xsl:1:296: Warning! Stylesheet module file:/C:/SourceTree/GitHub/HL7-mappings-gz/util/units.xsl is included or imported more than once. This is permitted, but may lead to errors or unexpected behavior
     [xslt] C:\SourceTree\GitHub\HL7-mappings-gz\ada_2_fhir\fhir\NarrativeGenerator.xsl:26:259: Warning! Stylesheet module file:/C:/SourceTree/GitHub/HL7-mappings-gz/ada_2_fhir/fhir/NarrativeGenerator.xsl is included or imported more than once. This is permitted, but may lead to errors or unexpected behavior
     [xslt] C:\SourceTree\GitHub\HL7-mappings-gz\util\utilities.xsl:9:19: Warning! Stylesheet module file:/C:/SourceTree/GitHub/HL7-mappings-gz/util/utilities.xsl is included or imported more than once. This is permitted, but may lead to errors or unexpected behavior
     [xslt] C:\SourceTree\GitHub\HL7-mappings-gz\util\ada.xsl:2:320: Warning! Stylesheet module file:/C:/SourceTree/GitHub/HL7-mappings-gz/util/ada.xsl is included or imported more than once. This is permitted, but may lead to errors or unexpected behavior
     [xslt] C:\SourceTree\GitHub\HL7-mappings-gz\ada_2_fhir\zibs2017\payload\ext-code-specification-1.0.xsl:1:427: Warning! Stylesheet module file:/C:/SourceTree/GitHub/HL7-mappings-gz/ada_2_fhir/zibs2017/payload/ext-code-specification-1.0.xsl is included or imported more than once. This is permitted, but may lead to errors or unexpected behavior
     [xslt] C:\SourceTree\GitHub\HL7-mappings-gz\ada_2_fhir\zibs2017\payload\ext-zib-medication-additional-information-2.0.xsl:1:427: Warning! Stylesheet module file:/C:/SourceTree/GitHub/HL7-mappings-gz/ada_2_fhir/zibs2017/payload/ext-zib-medication-additional-information-2.0.xsl is included or imported more than once. This is permitted, but may lead to errors or unexpected behavior
     [xslt] C:\SourceTree\GitHub\HL7-mappings-gz\ada_2_fhir\zibs2017\payload\ext-zib-medication-copy-indicator-2.0.xsl:1:427: Warning! Stylesheet module file:/C:/SourceTree/GitHub/HL7-mappings-gz/ada_2_fhir/zibs2017/payload/ext-zib-medication-copy-indicator-2.0.xsl is included or imported more than once. This is permitted, but may lead to errors or unexpected behavior
     [xslt] C:\SourceTree\GitHub\HL7-mappings-gz\ada_2_fhir\zibs2017\payload\ext-zib-medication-instructions-for-use-description-1.0.xsl:1:427: Warning! Stylesheet module file:/C:/SourceTree/GitHub/HL7-mappings-gz/ada_2_fhir/zibs2017/payload/ext-zib-medication-instructions-for-use-description-1.0.xsl is included or imported more than once. This is permitted, but may lead to errors or unexpected behavior
     [xslt] C:\SourceTree\GitHub\HL7-mappings-gz\ada_2_fhir\zibs2017\payload\ext-zib-medication-medication-treatment-2.0.xsl:1:427: Warning! Stylesheet module file:/C:/SourceTree/GitHub/HL7-mappings-gz/ada_2_fhir/zibs2017/payload/ext-zib-medication-medication-treatment-2.0.xsl is included or imported more than once. This is permitted, but may lead to errors or unexpected behavior
     [xslt] C:\SourceTree\GitHub\HL7-mappings-gz\ada_2_fhir\zibs2017\payload\ext-zib-medication-period-of-use-2.0.xsl:1:427: Warning! Stylesheet module file:/C:/SourceTree/GitHub/HL7-mappings-gz/ada_2_fhir/zibs2017/payload/ext-zib-medication-period-of-use-2.0.xsl is included or imported more than once. This is permitted, but may lead to errors or unexpected behavior
     [xslt] C:\SourceTree\GitHub\HL7-mappings-gz\ada_2_fhir\zibs2017\payload\ext-zib-medication-repeat-period-cyclical-schedule-2.0.xsl:1:427: Warning! Stylesheet module file:/C:/SourceTree/GitHub/HL7-mappings-gz/ada_2_fhir/zibs2017/payload/ext-zib-medication-repeat-period-cyclical-schedule-2.0.xsl is included or imported more than once. This is permitted, but may lead to errors or unexpected behavior
     [xslt] C:\SourceTree\GitHub\HL7-mappings-gz\ada_2_fhir\zibs2017\payload\ext-zib-medication-stop-type-2.0.xsl:1:427: Warning! Stylesheet module file:/C:/SourceTree/GitHub/HL7-mappings-gz/ada_2_fhir/zibs2017/payload/ext-zib-medication-stop-type-2.0.xsl is included or imported more than once. This is permitted, but may lead to errors or unexpected behavior
     [xslt] C:\SourceTree\GitHub\HL7-mappings-gz\ada_2_fhir\zibs2017\payload\ext-zib-medication-use-duration-2.0.xsl:1:427: Warning! Stylesheet module file:/C:/SourceTree/GitHub/HL7-mappings-gz/ada_2_fhir/zibs2017/payload/ext-zib-medication-use-duration-2.0.xsl is included or imported more than once. This is permitted, but may lead to errors or unexpected behavior
     [xslt] C:\SourceTree\GitHub\HL7-mappings-gz\ada_2_fhir\zibs2017\payload\nl-core-patient-2.1.xsl:16:458: Warning! Stylesheet module file:/C:/SourceTree/GitHub/HL7-mappings-gz/ada_2_fhir/zibs2017/payload/nl-core-patient-2.1.xsl is included or imported more than once. This is permitted, but may lead to errors or unexpected behavior
     [xslt] C:\SourceTree\GitHub\HL7-mappings-gz\ada_2_fhir\zibs2017\payload\nl-core-relatedperson-2.0.xsl:15:427: Warning! Stylesheet module file:/C:/SourceTree/GitHub/HL7-mappings-gz/ada_2_fhir/zibs2017/payload/nl-core-relatedperson-2.0.xsl is included or imported more than once. This is permitted, but may lead to errors or unexpected behavior
     [xslt] C:\SourceTree\GitHub\HL7-mappings-gz\ada_2_fhir\zibs2017\payload\nl-core-practitioner-2.0.xsl:15:427: Warning! Stylesheet module file:/C:/SourceTree/GitHub/HL7-mappings-gz/ada_2_fhir/zibs2017/payload/nl-core-practitioner-2.0.xsl is included or imported more than once. This is permitted, but may lead to errors or unexpected behavior
     [xslt] C:\SourceTree\GitHub\HL7-mappings-gz\ada_2_fhir\zibs2017\payload\nl-core-practitionerrole-2.0.xsl:15:475: Warning! Stylesheet module file:/C:/SourceTree/GitHub/HL7-mappings-gz/ada_2_fhir/zibs2017/payload/nl-core-practitionerrole-2.0.xsl is included or imported more than once. This is permitted, but may lead to errors or unexpected behavior
     [xslt] C:\SourceTree\GitHub\HL7-mappings-gz\ada_2_fhir\zibs2017\payload\nl-core-organization-2.0.xsl:15:427: Warning! Stylesheet module file:/C:/SourceTree/GitHub/HL7-mappings-gz/ada_2_fhir/zibs2017/payload/nl-core-organization-2.0.xsl is included or imported more than once. This is permitted, but may lead to errors or unexpected behavior
     [xslt] C:\SourceTree\GitHub\HL7-mappings-gz\ada_2_fhir\zibs2017\payload\nl-core-humanname-2.0.xsl:1:427: Warning! Stylesheet module file:/C:/SourceTree/GitHub/HL7-mappings-gz/ada_2_fhir/zibs2017/payload/nl-core-humanname-2.0.xsl is included or imported more than once. This is permitted, but may lead to errors or unexpected behavior
     [xslt] C:\SourceTree\GitHub\HL7-mappings-gz\ada_2_fhir\zibs2017\payload\nl-core-address-2.0.xsl:1:427: Warning! Stylesheet module file:/C:/SourceTree/GitHub/HL7-mappings-gz/ada_2_fhir/zibs2017/payload/nl-core-address-2.0.xsl is included or imported more than once. This is permitted, but may lead to errors or unexpected behavior
     [xslt] C:\SourceTree\GitHub\HL7-mappings-gz\ada_2_fhir\zibs2017\payload\zib-alert-2.1.xsl:15:427: Warning! Stylesheet module file:/C:/SourceTree/GitHub/HL7-mappings-gz/ada_2_fhir/zibs2017/payload/zib-alert-2.1.xsl is included or imported more than once. This is permitted, but may lead to errors or unexpected behavior
     [xslt] C:\SourceTree\GitHub\HL7-mappings-gz\ada_2_fhir\zibs2017\payload\zib-allergyintolerance-2.1.xsl:15:427: Warning! Stylesheet module file:/C:/SourceTree/GitHub/HL7-mappings-gz/ada_2_fhir/zibs2017/payload/zib-allergyintolerance-2.1.xsl is included or imported more than once. This is permitted, but may lead to errors or unexpected behavior
     [xslt] C:\SourceTree\GitHub\HL7-mappings-gz\ada_2_fhir\zibs2017\payload\zib-body-height-2.1.xsl:15:427: Warning! Stylesheet module file:/C:/SourceTree/GitHub/HL7-mappings-gz/ada_2_fhir/zibs2017/payload/zib-body-height-2.1.xsl is included or imported more than once. This is permitted, but may lead to errors or unexpected behavior
     [xslt] C:\SourceTree\GitHub\HL7-mappings-gz\ada_2_fhir\zibs2017\payload\zib-body-weight-2.1.xsl:15:427: Warning! Stylesheet module file:/C:/SourceTree/GitHub/HL7-mappings-gz/ada_2_fhir/zibs2017/payload/zib-body-weight-2.1.xsl is included or imported more than once. This is permitted, but may lead to errors or unexpected behavior
     [xslt] C:\SourceTree\GitHub\HL7-mappings-gz\ada_2_fhir\zibs2017\payload\zib-instructions-for-use-2.0.xsl:1:427: Warning! Stylesheet module file:/C:/SourceTree/GitHub/HL7-mappings-gz/ada_2_fhir/zibs2017/payload/zib-instructions-for-use-2.0.xsl is included or imported more than once. This is permitted, but may lead to errors or unexpected behavior
     [xslt] C:\SourceTree\GitHub\HL7-mappings-gz\util\mp-functions.xsl:2:315: Warning! Stylesheet module file:/C:/SourceTree/GitHub/HL7-mappings-gz/util/mp-functions.xsl is included or imported more than once. This is permitted, but may lead to errors or unexpected behavior
     [xslt] C:\SourceTree\GitHub\HL7-mappings-gz\ada_2_fhir\zibs2017\payload\zib-instructions-for-use-3.0.xsl:1:427: Warning! Stylesheet module file:/C:/SourceTree/GitHub/HL7-mappings-gz/ada_2_fhir/zibs2017/payload/zib-instructions-for-use-3.0.xsl is included or imported more than once. This is permitted, but may lead to errors or unexpected behavior
     [xslt] C:\SourceTree\GitHub\HL7-mappings-gz\ada_2_fhir\zibs2017\payload\zib-LaboratoryTestResult-Observation-2.1.xsl:15:427: Warning! Stylesheet module file:/C:/SourceTree/GitHub/HL7-mappings-gz/ada_2_fhir/zibs2017/payload/zib-LaboratoryTestResult-Observation-2.1.xsl is included or imported more than once. This is permitted, but may lead to errors or unexpected behavior
     [xslt] C:\SourceTree\GitHub\HL7-mappings-gz\ada_2_fhir\zibs2017\payload\zib-LaboratoryTestResult-Specimen-2.1.xsl:15:427: Warning! Stylesheet module file:/C:/SourceTree/GitHub/HL7-mappings-gz/ada_2_fhir/zibs2017/payload/zib-LaboratoryTestResult-Specimen-2.1.xsl is included or imported more than once. This is permitted, but may lead to errors or unexpected behavior
     [xslt] C:\SourceTree\GitHub\HL7-mappings-gz\ada_2_fhir\zibs2017\payload\zib-medicationagreement-2.2.xsl:15:427: Warning! Stylesheet module file:/C:/SourceTree/GitHub/HL7-mappings-gz/ada_2_fhir/zibs2017/payload/zib-medicationagreement-2.2.xsl is included or imported more than once. This is permitted, but may lead to errors or unexpected behavior
     [xslt] C:\SourceTree\GitHub\HL7-mappings-gz\ada_2_fhir\zibs2017\payload\zib-medicationagreement-3.0.xsl:15:427: Warning! Stylesheet module file:/C:/SourceTree/GitHub/HL7-mappings-gz/ada_2_fhir/zibs2017/payload/zib-medicationagreement-3.0.xsl is included or imported more than once. This is permitted, but may lead to errors or unexpected behavior
     [xslt] C:\SourceTree\GitHub\HL7-mappings-gz\ada_2_fhir\zibs2017\payload\zib-medicationuse-2.2.xsl:15:427: Warning! Stylesheet module file:/C:/SourceTree/GitHub/HL7-mappings-gz/ada_2_fhir/zibs2017/payload/zib-medicationuse-2.2.xsl is included or imported more than once. This is permitted, but may lead to errors or unexpected behavior
     [xslt] C:\SourceTree\GitHub\HL7-mappings-gz\ada_2_fhir\zibs2017\payload\zib-medicationuse-3.0.xsl:15:427: Warning! Stylesheet module file:/C:/SourceTree/GitHub/HL7-mappings-gz/ada_2_fhir/zibs2017/payload/zib-medicationuse-3.0.xsl is included or imported more than once. This is permitted, but may lead to errors or unexpected behavior
     [xslt] C:\SourceTree\GitHub\HL7-mappings-gz\ada_2_fhir\zibs2017\payload\zib-problem-2.1.xsl:15:427: Warning! Stylesheet module file:/C:/SourceTree/GitHub/HL7-mappings-gz/ada_2_fhir/zibs2017/payload/zib-problem-2.1.xsl is included or imported more than once. This is permitted, but may lead to errors or unexpected behavior

BUILD SUCCESSFUL
Total time: 15 seconds
