Buildfile: C:\SourceTree\GitHub\HL7-mappings-gz\ada_2_hl7\peri\2.3.5\_ant-buildfiles\ant-publish\build-ada2hl7-peri-235.xml

download-ivy:
     [echo] installing ivy...
      [get] Getting: https://repo1.maven.org/maven2/org/apache/ivy/ivy/2.5.0/ivy-2.5.0.jar
      [get] To: C:\SourceTree\GitHub\HL7-mappings-gz\_ant-buildfiles\ant-include\ivy\ivy.jar
      [get] Not modified - so not downloaded

install-ivy:

fetch-imports:
[ivy:resolve] :: Apache Ivy 2.5.0 - 20191020104435 :: https://ant.apache.org/ivy/ ::
[ivy:resolve] :: loading settings :: file = C:\SourceTree\GitHub\HL7-mappings-gz\_ant-buildfiles\ant-include\ivysettings.xml
[ivy:resolve] :: resolving dependencies :: nl.nictiz.decor#tools;working@NICT1-NB144087 [not transitive]
[ivy:resolve] 	confs: [default]
[ivy:resolve] 	found net.sf.saxon#Saxon-HE;9.9.1-7 in maven
[ivy:resolve] 	found xerces#xercesImpl;2.12.0 in maven
[ivy:resolve] :: resolution report :: resolve 78ms :: artifacts dl 10ms
	---------------------------------------------------------------------
	|                  |            modules            ||   artifacts   |
	|       conf       | number| search|dwnlded|evicted|| number|dwnlded|
	---------------------------------------------------------------------
	|      default     |   2   |   0   |   0   |   0   ||   6   |   0   |
	---------------------------------------------------------------------
[ivy:retrieve] :: retrieving :: nl.nictiz.decor#tools [sync]
[ivy:retrieve] 	confs: [default]
[ivy:retrieve] 	0 artifacts copied, 2 already retrieved (0kB/32ms)
[ivy:dependencytree] Dependency tree for nl.nictiz.decor-tools
[ivy:dependencytree] +- net.sf.saxon#Saxon-HE;9.9.1-7
[ivy:dependencytree] \- xerces#xercesImpl;2.12.0

setup_peri235:

download-ivy:
     [echo] installing ivy...
      [get] Getting: https://repo1.maven.org/maven2/org/apache/ivy/ivy/2.5.0/ivy-2.5.0.jar
      [get] To: C:\SourceTree\GitHub\HL7-mappings-gz\_ant-buildfiles\ant-include\ivy\ivy.jar
      [get] Not modified - so not downloaded

install-ivy:

fetch-imports:
[ivy:resolve] :: Apache Ivy 2.5.0 - 20191020104435 :: https://ant.apache.org/ivy/ ::
[ivy:resolve] :: loading settings :: file = C:\SourceTree\GitHub\HL7-mappings-gz\_ant-buildfiles\ant-include\ivysettings.xml
[ivy:resolve] :: resolving dependencies :: nl.nictiz.decor#tools;working@NICT1-NB144087 [not transitive]
[ivy:resolve] 	confs: [default]
[ivy:resolve] 	found net.sf.saxon#Saxon-HE;9.9.1-7 in maven
[ivy:resolve] 	found xerces#xercesImpl;2.12.0 in maven
[ivy:resolve] :: resolution report :: resolve 69ms :: artifacts dl 13ms
	---------------------------------------------------------------------
	|                  |            modules            ||   artifacts   |
	|       conf       | number| search|dwnlded|evicted|| number|dwnlded|
	---------------------------------------------------------------------
	|      default     |   2   |   0   |   0   |   0   ||   6   |   0   |
	---------------------------------------------------------------------
[ivy:retrieve] :: retrieving :: nl.nictiz.decor#tools [sync]
[ivy:retrieve] 	confs: [default]
[ivy:retrieve] 	0 artifacts copied, 2 already retrieved (0kB/33ms)
[ivy:dependencytree] Dependency tree for nl.nictiz.decor-tools
[ivy:dependencytree] +- net.sf.saxon#Saxon-HE;9.9.1-7
[ivy:dependencytree] \- xerces#xercesImpl;2.12.0

setup:

download-ivy:
     [echo] installing ivy...
      [get] Getting: https://repo1.maven.org/maven2/org/apache/ivy/ivy/2.5.0/ivy-2.5.0.jar
      [get] To: C:\SourceTree\GitHub\HL7-mappings-gz\_ant-buildfiles\ant-include\ivy\ivy.jar
      [get] Not modified - so not downloaded

install-ivy:

fetch-imports:
[ivy:resolve] :: Apache Ivy 2.5.0 - 20191020104435 :: https://ant.apache.org/ivy/ ::
[ivy:resolve] :: loading settings :: file = C:\SourceTree\GitHub\HL7-mappings-gz\_ant-buildfiles\ant-include\ivysettings.xml
[ivy:resolve] :: resolving dependencies :: nl.nictiz.decor#tools;working@NICT1-NB144087 [not transitive]
[ivy:resolve] 	confs: [default]
[ivy:resolve] 	found net.sf.saxon#Saxon-HE;9.9.1-7 in maven
[ivy:resolve] 	found xerces#xercesImpl;2.12.0 in maven
[ivy:resolve] :: resolution report :: resolve 86ms :: artifacts dl 67ms
	---------------------------------------------------------------------
	|                  |            modules            ||   artifacts   |
	|       conf       | number| search|dwnlded|evicted|| number|dwnlded|
	---------------------------------------------------------------------
	|      default     |   2   |   0   |   0   |   0   ||   6   |   0   |
	---------------------------------------------------------------------
[ivy:retrieve] :: retrieving :: nl.nictiz.decor#tools [sync]
[ivy:retrieve] 	confs: [default]
[ivy:retrieve] 	0 artifacts copied, 2 already retrieved (0kB/38ms)
[ivy:dependencytree] Dependency tree for nl.nictiz.decor-tools
[ivy:dependencytree] +- net.sf.saxon#Saxon-HE;9.9.1-7
[ivy:dependencytree] \- xerces#xercesImpl;2.12.0

setup_sub:

download-ivy:
     [echo] installing ivy...
      [get] Getting: https://repo1.maven.org/maven2/org/apache/ivy/ivy/2.5.0/ivy-2.5.0.jar
      [get] To: C:\SourceTree\GitHub\HL7-mappings-gz\_ant-buildfiles\ant-include\ivy\ivy.jar
      [get] Not modified - so not downloaded

install-ivy:

fetch-imports:
[ivy:resolve] :: Apache Ivy 2.5.0 - 20191020104435 :: https://ant.apache.org/ivy/ ::
[ivy:resolve] :: loading settings :: file = C:\SourceTree\GitHub\HL7-mappings-gz\_ant-buildfiles\ant-include\ivysettings.xml
[ivy:resolve] :: resolving dependencies :: nl.nictiz.decor#tools;working@NICT1-NB144087 [not transitive]
[ivy:resolve] 	confs: [default]
[ivy:resolve] 	found net.sf.saxon#Saxon-HE;9.9.1-7 in maven
[ivy:resolve] 	found xerces#xercesImpl;2.12.0 in maven
[ivy:resolve] :: resolution report :: resolve 110ms :: artifacts dl 8ms
	---------------------------------------------------------------------
	|                  |            modules            ||   artifacts   |
	|       conf       | number| search|dwnlded|evicted|| number|dwnlded|
	---------------------------------------------------------------------
	|      default     |   2   |   0   |   0   |   0   ||   6   |   0   |
	---------------------------------------------------------------------
[ivy:retrieve] :: retrieving :: nl.nictiz.decor#tools [sync]
[ivy:retrieve] 	confs: [default]
[ivy:retrieve] 	0 artifacts copied, 2 already retrieved (0kB/32ms)
[ivy:dependencytree] Dependency tree for nl.nictiz.decor-tools
[ivy:dependencytree] +- net.sf.saxon#Saxon-HE;9.9.1-7
[ivy:dependencytree] \- xerces#xercesImpl;2.12.0

setup_sub_schemas:
     [echo] 
     [echo] Setup ../../kernset_geboortezorg containing refreshed ada schemas (*kernset_geboortezorg.xsd)
     [copy] Copying 3 files to C:\SourceTree\GitHub\HL7-mappings-gz\ada_2_hl7\peri\2.3.5\kernset_geboortezorg\ada_schemas

download-ivy:
     [echo] installing ivy...
      [get] Getting: https://repo1.maven.org/maven2/org/apache/ivy/ivy/2.5.0/ivy-2.5.0.jar
      [get] To: C:\SourceTree\GitHub\HL7-mappings-gz\_ant-buildfiles\ant-include\ivy\ivy.jar
      [get] Not modified - so not downloaded

install-ivy:

fetch-imports:
[ivy:resolve] :: Apache Ivy 2.5.0 - 20191020104435 :: https://ant.apache.org/ivy/ ::
[ivy:resolve] :: loading settings :: file = C:\SourceTree\GitHub\HL7-mappings-gz\_ant-buildfiles\ant-include\ivysettings.xml
[ivy:resolve] :: resolving dependencies :: nl.nictiz.decor#tools;working@NICT1-NB144087 [not transitive]
[ivy:resolve] 	confs: [default]
[ivy:resolve] 	found net.sf.saxon#Saxon-HE;9.9.1-7 in maven
[ivy:resolve] 	found xerces#xercesImpl;2.12.0 in maven
[ivy:resolve] :: resolution report :: resolve 192ms :: artifacts dl 28ms
	---------------------------------------------------------------------
	|                  |            modules            ||   artifacts   |
	|       conf       | number| search|dwnlded|evicted|| number|dwnlded|
	---------------------------------------------------------------------
	|      default     |   2   |   0   |   0   |   0   ||   6   |   0   |
	---------------------------------------------------------------------
[ivy:retrieve] :: retrieving :: nl.nictiz.decor#tools [sync]
[ivy:retrieve] 	confs: [default]
[ivy:retrieve] 	0 artifacts copied, 2 already retrieved (0kB/51ms)
[ivy:dependencytree] Dependency tree for nl.nictiz.decor-tools
[ivy:dependencytree] +- net.sf.saxon#Saxon-HE;9.9.1-7
[ivy:dependencytree] \- xerces#xercesImpl;2.12.0

setup_sub_instances:
     [echo] 
     [echo] Setup ../../kernset_geboortezorg containing refreshed ada production instances (*.xml)
     [copy] Copying 8 files to C:\SourceTree\GitHub\HL7-mappings-gz\ada_2_hl7\peri\2.3.5\kernset_geboortezorg\ada_instance

download-ivy:
     [echo] installing ivy...
      [get] Getting: https://repo1.maven.org/maven2/org/apache/ivy/ivy/2.5.0/ivy-2.5.0.jar
      [get] To: C:\SourceTree\GitHub\HL7-mappings-gz\_ant-buildfiles\ant-include\ivy\ivy.jar
      [get] Not modified - so not downloaded

install-ivy:

fetch-imports:
[ivy:resolve] :: Apache Ivy 2.5.0 - 20191020104435 :: https://ant.apache.org/ivy/ ::
[ivy:resolve] :: loading settings :: file = C:\SourceTree\GitHub\HL7-mappings-gz\_ant-buildfiles\ant-include\ivysettings.xml
[ivy:resolve] :: resolving dependencies :: nl.nictiz.decor#tools;working@NICT1-NB144087 [not transitive]
[ivy:resolve] 	confs: [default]
[ivy:resolve] 	found net.sf.saxon#Saxon-HE;9.9.1-7 in maven
[ivy:resolve] 	found xerces#xercesImpl;2.12.0 in maven
[ivy:resolve] :: resolution report :: resolve 66ms :: artifacts dl 9ms
	---------------------------------------------------------------------
	|                  |            modules            ||   artifacts   |
	|       conf       | number| search|dwnlded|evicted|| number|dwnlded|
	---------------------------------------------------------------------
	|      default     |   2   |   0   |   0   |   0   ||   6   |   0   |
	---------------------------------------------------------------------
[ivy:retrieve] :: retrieving :: nl.nictiz.decor#tools [sync]
[ivy:retrieve] 	confs: [default]
[ivy:retrieve] 	0 artifacts copied, 2 already retrieved (0kB/33ms)
[ivy:dependencytree] Dependency tree for nl.nictiz.decor-tools
[ivy:dependencytree] +- net.sf.saxon#Saxon-HE;9.9.1-7
[ivy:dependencytree] \- xerces#xercesImpl;2.12.0

convert_ada_2_hl7_peri235:

download-ivy:
     [echo] installing ivy...
      [get] Getting: https://repo1.maven.org/maven2/org/apache/ivy/ivy/2.5.0/ivy-2.5.0.jar
      [get] To: C:\SourceTree\GitHub\HL7-mappings-gz\_ant-buildfiles\ant-include\ivy\ivy.jar
      [get] Not modified - so not downloaded

install-ivy:

fetch-imports:
[ivy:resolve] :: Apache Ivy 2.5.0 - 20191020104435 :: https://ant.apache.org/ivy/ ::
[ivy:resolve] :: loading settings :: file = C:\SourceTree\GitHub\HL7-mappings-gz\_ant-buildfiles\ant-include\ivysettings.xml
[ivy:resolve] :: resolving dependencies :: nl.nictiz.decor#tools;working@NICT1-NB144087 [not transitive]
[ivy:resolve] 	confs: [default]
[ivy:resolve] 	found net.sf.saxon#Saxon-HE;9.9.1-7 in maven
[ivy:resolve] 	found xerces#xercesImpl;2.12.0 in maven
[ivy:resolve] :: resolution report :: resolve 91ms :: artifacts dl 24ms
	---------------------------------------------------------------------
	|                  |            modules            ||   artifacts   |
	|       conf       | number| search|dwnlded|evicted|| number|dwnlded|
	---------------------------------------------------------------------
	|      default     |   2   |   0   |   0   |   0   ||   6   |   0   |
	---------------------------------------------------------------------
[ivy:retrieve] :: retrieving :: nl.nictiz.decor#tools [sync]
[ivy:retrieve] 	confs: [default]
[ivy:retrieve] 	0 artifacts copied, 2 already retrieved (0kB/34ms)
[ivy:dependencytree] Dependency tree for nl.nictiz.decor-tools
[ivy:dependencytree] +- net.sf.saxon#Saxon-HE;9.9.1-7
[ivy:dependencytree] \- xerces#xercesImpl;2.12.0

convert_ada_2_hl7:

download-ivy:
     [echo] installing ivy...
      [get] Getting: https://repo1.maven.org/maven2/org/apache/ivy/ivy/2.5.0/ivy-2.5.0.jar
      [get] To: C:\SourceTree\GitHub\HL7-mappings-gz\_ant-buildfiles\ant-include\ivy\ivy.jar
      [get] Not modified - so not downloaded

install-ivy:

fetch-imports:
[ivy:resolve] :: Apache Ivy 2.5.0 - 20191020104435 :: https://ant.apache.org/ivy/ ::
[ivy:resolve] :: loading settings :: file = C:\SourceTree\GitHub\HL7-mappings-gz\_ant-buildfiles\ant-include\ivysettings.xml
[ivy:resolve] :: resolving dependencies :: nl.nictiz.decor#tools;working@NICT1-NB144087 [not transitive]
[ivy:resolve] 	confs: [default]
[ivy:resolve] 	found net.sf.saxon#Saxon-HE;9.9.1-7 in maven
[ivy:resolve] 	found xerces#xercesImpl;2.12.0 in maven
[ivy:resolve] :: resolution report :: resolve 100ms :: artifacts dl 21ms
	---------------------------------------------------------------------
	|                  |            modules            ||   artifacts   |
	|       conf       | number| search|dwnlded|evicted|| number|dwnlded|
	---------------------------------------------------------------------
	|      default     |   2   |   0   |   0   |   0   ||   6   |   0   |
	---------------------------------------------------------------------
[ivy:retrieve] :: retrieving :: nl.nictiz.decor#tools [sync]
[ivy:retrieve] 	confs: [default]
[ivy:retrieve] 	0 artifacts copied, 2 already retrieved (0kB/41ms)
[ivy:dependencytree] Dependency tree for nl.nictiz.decor-tools
[ivy:dependencytree] +- net.sf.saxon#Saxon-HE;9.9.1-7
[ivy:dependencytree] \- xerces#xercesImpl;2.12.0

convert_ada_2_hl7_sub:
     [echo] Deleting previous results, if any
     [echo] 
     [echo] ADA to HL7 ../../kernset_geboortezorg/wrapper/kernset_geboortezorg_wrapper.xsl input dir ../../kernset_geboortezorg/ada_instance
     [xslt] Processing C:\SourceTree\GitHub\HL7-mappings-gz\ada_2_hl7\peri\2.3.5\kernset_geboortezorg\ada_instance\scenario1-23.xml to C:\SourceTree\GitHub\HL7-mappings-gz\ada_2_hl7\peri\2.3.5\kernset_geboortezorg\hl7_instance\scenario1-23.xml
     [xslt] Loading stylesheet C:\SourceTree\GitHub\HL7-mappings-gz\ada_2_hl7\peri\2.3.5\kernset_geboortezorg\wrapper\kernset_geboortezorg_wrapper.xsl
     [xslt] Processing C:\SourceTree\GitHub\HL7-mappings-gz\ada_2_hl7\peri\2.3.5\kernset_geboortezorg\ada_instance\scenario2_1elijn-23.xml to C:\SourceTree\GitHub\HL7-mappings-gz\ada_2_hl7\peri\2.3.5\kernset_geboortezorg\hl7_instance\scenario2_1elijn-23.xml
     [xslt] Processing C:\SourceTree\GitHub\HL7-mappings-gz\ada_2_hl7\peri\2.3.5\kernset_geboortezorg\ada_instance\scenario2_2elijn-23.xml to C:\SourceTree\GitHub\HL7-mappings-gz\ada_2_hl7\peri\2.3.5\kernset_geboortezorg\hl7_instance\scenario2_2elijn-23.xml
     [xslt] Processing C:\SourceTree\GitHub\HL7-mappings-gz\ada_2_hl7\peri\2.3.5\kernset_geboortezorg\ada_instance\scenario3-23.xml to C:\SourceTree\GitHub\HL7-mappings-gz\ada_2_hl7\peri\2.3.5\kernset_geboortezorg\hl7_instance\scenario3-23.xml
     [xslt] Processing C:\SourceTree\GitHub\HL7-mappings-gz\ada_2_hl7\peri\2.3.5\kernset_geboortezorg\ada_instance\scenario4_1elijn-23.xml to C:\SourceTree\GitHub\HL7-mappings-gz\ada_2_hl7\peri\2.3.5\kernset_geboortezorg\hl7_instance\scenario4_1elijn-23.xml
     [xslt] Processing C:\SourceTree\GitHub\HL7-mappings-gz\ada_2_hl7\peri\2.3.5\kernset_geboortezorg\ada_instance\scenario4_2elijn-23.xml to C:\SourceTree\GitHub\HL7-mappings-gz\ada_2_hl7\peri\2.3.5\kernset_geboortezorg\hl7_instance\scenario4_2elijn-23.xml
     [xslt] Processing C:\SourceTree\GitHub\HL7-mappings-gz\ada_2_hl7\peri\2.3.5\kernset_geboortezorg\ada_instance\scenario5-23.xml to C:\SourceTree\GitHub\HL7-mappings-gz\ada_2_hl7\peri\2.3.5\kernset_geboortezorg\hl7_instance\scenario5-23.xml
     [xslt] Processing C:\SourceTree\GitHub\HL7-mappings-gz\ada_2_hl7\peri\2.3.5\kernset_geboortezorg\ada_instance\scenario6-23.xml to C:\SourceTree\GitHub\HL7-mappings-gz\ada_2_hl7\peri\2.3.5\kernset_geboortezorg\hl7_instance\scenario6-23.xml

BUILD SUCCESSFUL
Total time: 9 seconds
