Buildfile: C:\SourceTree\GitHub\HL7-mappings\ada_2_hl7\peri\2.3.6\_ant-buildfiles\ant-publish\build-ada2hl7-peri-236.xml

download-ivy:
     [echo] installing ivy...
      [get] Getting: https://repo1.maven.org/maven2/org/apache/ivy/ivy/2.5.0/ivy-2.5.0.jar
      [get] To: C:\SourceTree\GitHub\HL7-mappings\_ant-buildfiles\ant-include\ivy\ivy.jar
      [get] Not modified - so not downloaded

install-ivy:

fetch-imports:
[ivy:resolve] :: Apache Ivy 2.5.0 - 20191020104435 :: https://ant.apache.org/ivy/ ::
[ivy:resolve] :: loading settings :: file = C:\SourceTree\GitHub\HL7-mappings\_ant-buildfiles\ant-include\ivysettings.xml
[ivy:resolve] :: resolving dependencies :: nl.nictiz.decor#tools;working@NICT1-NB144087 [not transitive]
[ivy:resolve] 	confs: [default]
[ivy:resolve] 	found net.sf.saxon#Saxon-HE;9.9.1-7 in maven
[ivy:resolve] 	found xerces#xercesImpl;2.12.0 in maven
[ivy:resolve] :: resolution report :: resolve 123ms :: artifacts dl 15ms
	---------------------------------------------------------------------
	|                  |            modules            ||   artifacts   |
	|       conf       | number| search|dwnlded|evicted|| number|dwnlded|
	---------------------------------------------------------------------
	|      default     |   2   |   0   |   0   |   0   ||   6   |   0   |
	---------------------------------------------------------------------
[ivy:retrieve] :: retrieving :: nl.nictiz.decor#tools [sync]
[ivy:retrieve] 	confs: [default]
[ivy:retrieve] 	0 artifacts copied, 2 already retrieved (0kB/16ms)
[ivy:dependencytree] Dependency tree for nl.nictiz.decor-tools
[ivy:dependencytree] +- net.sf.saxon#Saxon-HE;9.9.1-7
[ivy:dependencytree] \- xerces#xercesImpl;2.12.0

convert_ada_2_hl7_peri236:

download-ivy:
     [echo] installing ivy...
      [get] Getting: https://repo1.maven.org/maven2/org/apache/ivy/ivy/2.5.0/ivy-2.5.0.jar
      [get] To: C:\SourceTree\GitHub\HL7-mappings\_ant-buildfiles\ant-include\ivy\ivy.jar
      [get] Not modified - so not downloaded

install-ivy:

fetch-imports:
[ivy:resolve] :: Apache Ivy 2.5.0 - 20191020104435 :: https://ant.apache.org/ivy/ ::
[ivy:resolve] :: loading settings :: file = C:\SourceTree\GitHub\HL7-mappings\_ant-buildfiles\ant-include\ivysettings.xml
[ivy:resolve] :: resolving dependencies :: nl.nictiz.decor#tools;working@NICT1-NB144087 [not transitive]
[ivy:resolve] 	confs: [default]
[ivy:resolve] 	found net.sf.saxon#Saxon-HE;9.9.1-7 in maven
[ivy:resolve] 	found xerces#xercesImpl;2.12.0 in maven
[ivy:resolve] :: resolution report :: resolve 84ms :: artifacts dl 16ms
	---------------------------------------------------------------------
	|                  |            modules            ||   artifacts   |
	|       conf       | number| search|dwnlded|evicted|| number|dwnlded|
	---------------------------------------------------------------------
	|      default     |   2   |   0   |   0   |   0   ||   6   |   0   |
	---------------------------------------------------------------------
[ivy:retrieve] :: retrieving :: nl.nictiz.decor#tools [sync]
[ivy:retrieve] 	confs: [default]
[ivy:retrieve] 	0 artifacts copied, 2 already retrieved (0kB/0ms)
[ivy:dependencytree] Dependency tree for nl.nictiz.decor-tools
[ivy:dependencytree] +- net.sf.saxon#Saxon-HE;9.9.1-7
[ivy:dependencytree] \- xerces#xercesImpl;2.12.0

convert_ada_2_hl7:

download-ivy:
     [echo] installing ivy...
      [get] Getting: https://repo1.maven.org/maven2/org/apache/ivy/ivy/2.5.0/ivy-2.5.0.jar
      [get] To: C:\SourceTree\GitHub\HL7-mappings\_ant-buildfiles\ant-include\ivy\ivy.jar
      [get] Not modified - so not downloaded

install-ivy:

fetch-imports:
[ivy:resolve] :: Apache Ivy 2.5.0 - 20191020104435 :: https://ant.apache.org/ivy/ ::
[ivy:resolve] :: loading settings :: file = C:\SourceTree\GitHub\HL7-mappings\_ant-buildfiles\ant-include\ivysettings.xml
[ivy:resolve] :: resolving dependencies :: nl.nictiz.decor#tools;working@NICT1-NB144087 [not transitive]
[ivy:resolve] 	confs: [default]
[ivy:resolve] 	found net.sf.saxon#Saxon-HE;9.9.1-7 in maven
[ivy:resolve] 	found xerces#xercesImpl;2.12.0 in maven
[ivy:resolve] :: resolution report :: resolve 69ms :: artifacts dl 16ms
	---------------------------------------------------------------------
	|                  |            modules            ||   artifacts   |
	|       conf       | number| search|dwnlded|evicted|| number|dwnlded|
	---------------------------------------------------------------------
	|      default     |   2   |   0   |   0   |   0   ||   6   |   0   |
	---------------------------------------------------------------------
[ivy:retrieve] :: retrieving :: nl.nictiz.decor#tools [sync]
[ivy:retrieve] 	confs: [default]
[ivy:retrieve] 	0 artifacts copied, 2 already retrieved (0kB/4ms)
[ivy:dependencytree] Dependency tree for nl.nictiz.decor-tools
[ivy:dependencytree] +- net.sf.saxon#Saxon-HE;9.9.1-7
[ivy:dependencytree] \- xerces#xercesImpl;2.12.0

convert_ada_2_hl7_sub:
     [echo] Deleting previous results, if any
     [echo] 
     [echo] ADA to HL7 ../../kernset_geboortezorg/wrapper/kernset_geboortezorg_wrapper.xsl input dir ../../kernset_geboortezorg/ada_instance
     [xslt] Processing C:\SourceTree\GitHub\HL7-mappings\ada_2_hl7\peri\2.3.6\kernset_geboortezorg\ada_instance\scenario1-23.xml to C:\SourceTree\GitHub\HL7-mappings\ada_2_hl7\peri\2.3.6\kernset_geboortezorg\hl7_instance\scenario1-23.xml
     [xslt] Loading stylesheet C:\SourceTree\GitHub\HL7-mappings\ada_2_hl7\peri\2.3.6\kernset_geboortezorg\wrapper\kernset_geboortezorg_wrapper.xsl
     [xslt] Processing C:\SourceTree\GitHub\HL7-mappings\ada_2_hl7\peri\2.3.6\kernset_geboortezorg\ada_instance\scenario2_1elijn-23.xml to C:\SourceTree\GitHub\HL7-mappings\ada_2_hl7\peri\2.3.6\kernset_geboortezorg\hl7_instance\scenario2_1elijn-23.xml
     [xslt] Processing C:\SourceTree\GitHub\HL7-mappings\ada_2_hl7\peri\2.3.6\kernset_geboortezorg\ada_instance\scenario2_2elijn-23.xml to C:\SourceTree\GitHub\HL7-mappings\ada_2_hl7\peri\2.3.6\kernset_geboortezorg\hl7_instance\scenario2_2elijn-23.xml
     [xslt] Processing C:\SourceTree\GitHub\HL7-mappings\ada_2_hl7\peri\2.3.6\kernset_geboortezorg\ada_instance\scenario3-23.xml to C:\SourceTree\GitHub\HL7-mappings\ada_2_hl7\peri\2.3.6\kernset_geboortezorg\hl7_instance\scenario3-23.xml
     [xslt] Processing C:\SourceTree\GitHub\HL7-mappings\ada_2_hl7\peri\2.3.6\kernset_geboortezorg\ada_instance\scenario4_1elijn-23.xml to C:\SourceTree\GitHub\HL7-mappings\ada_2_hl7\peri\2.3.6\kernset_geboortezorg\hl7_instance\scenario4_1elijn-23.xml
     [xslt] Processing C:\SourceTree\GitHub\HL7-mappings\ada_2_hl7\peri\2.3.6\kernset_geboortezorg\ada_instance\scenario4_2elijn-23.xml to C:\SourceTree\GitHub\HL7-mappings\ada_2_hl7\peri\2.3.6\kernset_geboortezorg\hl7_instance\scenario4_2elijn-23.xml
     [xslt] Processing C:\SourceTree\GitHub\HL7-mappings\ada_2_hl7\peri\2.3.6\kernset_geboortezorg\ada_instance\scenario5-23.xml to C:\SourceTree\GitHub\HL7-mappings\ada_2_hl7\peri\2.3.6\kernset_geboortezorg\hl7_instance\scenario5-23.xml
     [xslt] Processing C:\SourceTree\GitHub\HL7-mappings\ada_2_hl7\peri\2.3.6\kernset_geboortezorg\ada_instance\scenario6-23.xml to C:\SourceTree\GitHub\HL7-mappings\ada_2_hl7\peri\2.3.6\kernset_geboortezorg\hl7_instance\scenario6-23.xml
     [xslt] Processing C:\SourceTree\GitHub\HL7-mappings\ada_2_hl7\peri\2.3.6\kernset_geboortezorg\ada_instance\scenario7_1elijn-23.xml to C:\SourceTree\GitHub\HL7-mappings\ada_2_hl7\peri\2.3.6\kernset_geboortezorg\hl7_instance\scenario7_1elijn-23.xml
     [xslt] Processing C:\SourceTree\GitHub\HL7-mappings\ada_2_hl7\peri\2.3.6\kernset_geboortezorg\ada_instance\scenario7_2elijn-23.xml to C:\SourceTree\GitHub\HL7-mappings\ada_2_hl7\peri\2.3.6\kernset_geboortezorg\hl7_instance\scenario7_2elijn-23.xml

BUILD SUCCESSFUL
Total time: 6 seconds
