Buildfile: C:\SourceTree\GitHub\HL7-mappings\ada_2_hl7\peri\3.0\_ant-buildfiles\ant-publish\build-ada2hl7-peri-30.xml

download-ivy:
     [echo] installing ivy...
      [get] Getting: https://repo1.maven.org/maven2/org/apache/ivy/ivy/2.5.0/ivy-2.5.0.jar
      [get] To: C:\SourceTree\GitHub\HL7-mappings\_ant-buildfiles\ant-include\ivy\ivy.jar
      [get] Not modified - so not downloaded

install-ivy:

fetch-imports:
[ivy:resolve] :: Apache Ivy 2.5.0 - 20191020104435 :: https://ant.apache.org/ivy/ ::
[ivy:resolve] :: loading settings :: file = C:\SourceTree\GitHub\HL7-mappings\_ant-buildfiles\ant-include\ivysettings.xml
[ivy:resolve] :: resolving dependencies :: nl.nictiz.decor#tools;working@NICT1-NB144087 [not transitive]
[ivy:resolve] 	confs: [default]
[ivy:resolve] 	found net.sf.saxon#Saxon-HE;9.9.1-7 in maven
[ivy:resolve] 	found xerces#xercesImpl;2.12.0 in maven
[ivy:resolve] :: resolution report :: resolve 115ms :: artifacts dl 17ms
	---------------------------------------------------------------------
	|                  |            modules            ||   artifacts   |
	|       conf       | number| search|dwnlded|evicted|| number|dwnlded|
	---------------------------------------------------------------------
	|      default     |   2   |   0   |   0   |   0   ||   6   |   0   |
	---------------------------------------------------------------------
[ivy:retrieve] :: retrieving :: nl.nictiz.decor#tools [sync]
[ivy:retrieve] 	confs: [default]
[ivy:retrieve] 	0 artifacts copied, 2 already retrieved (0kB/37ms)
[ivy:dependencytree] Dependency tree for nl.nictiz.decor-tools
[ivy:dependencytree] +- net.sf.saxon#Saxon-HE;9.9.1-7
[ivy:dependencytree] \- xerces#xercesImpl;2.12.0

convert_ada_2_hl7_peri30:

download-ivy:
     [echo] installing ivy...
      [get] Getting: https://repo1.maven.org/maven2/org/apache/ivy/ivy/2.5.0/ivy-2.5.0.jar
      [get] To: C:\SourceTree\GitHub\HL7-mappings\_ant-buildfiles\ant-include\ivy\ivy.jar
      [get] Not modified - so not downloaded

install-ivy:

fetch-imports:
[ivy:resolve] :: Apache Ivy 2.5.0 - 20191020104435 :: https://ant.apache.org/ivy/ ::
[ivy:resolve] :: loading settings :: file = C:\SourceTree\GitHub\HL7-mappings\_ant-buildfiles\ant-include\ivysettings.xml
[ivy:resolve] :: resolving dependencies :: nl.nictiz.decor#tools;working@NICT1-NB144087 [not transitive]
[ivy:resolve] 	confs: [default]
[ivy:resolve] 	found net.sf.saxon#Saxon-HE;9.9.1-7 in maven
[ivy:resolve] 	found xerces#xercesImpl;2.12.0 in maven
[ivy:resolve] :: resolution report :: resolve 80ms :: artifacts dl 14ms
	---------------------------------------------------------------------
	|                  |            modules            ||   artifacts   |
	|       conf       | number| search|dwnlded|evicted|| number|dwnlded|
	---------------------------------------------------------------------
	|      default     |   2   |   0   |   0   |   0   ||   6   |   0   |
	---------------------------------------------------------------------
[ivy:retrieve] :: retrieving :: nl.nictiz.decor#tools [sync]
[ivy:retrieve] 	confs: [default]
[ivy:retrieve] 	0 artifacts copied, 2 already retrieved (0kB/32ms)
[ivy:dependencytree] Dependency tree for nl.nictiz.decor-tools
[ivy:dependencytree] +- net.sf.saxon#Saxon-HE;9.9.1-7
[ivy:dependencytree] \- xerces#xercesImpl;2.12.0

convert_ada_2_hl7_sub:
     [echo] Deleting previous results, if any
     [echo] 
     [echo] ADA to HL7 ../../kernset_neonatologie/payload/CDA_Kernset_Neo_30.xsl input dir ../../kernset_neonatologie/ada_instance
     [xslt] Processing C:\SourceTree\GitHub\HL7-mappings\ada_2_hl7\peri\3.0\kernset_neonatologie\ada_instance\ksneo-test1.xml to C:\SourceTree\GitHub\HL7-mappings\ada_2_hl7\peri\3.0\kernset_neonatologie\cda_instance\ksneo-test1.xml
     [xslt] Loading stylesheet C:\SourceTree\GitHub\HL7-mappings\ada_2_hl7\peri\3.0\kernset_neonatologie\payload\CDA_Kernset_Neo_30.xsl
     [xslt] Processing C:\SourceTree\GitHub\HL7-mappings\ada_2_hl7\peri\3.0\kernset_neonatologie\ada_instance\ksneo-test2.xml to C:\SourceTree\GitHub\HL7-mappings\ada_2_hl7\peri\3.0\kernset_neonatologie\cda_instance\ksneo-test2.xml
     [xslt] Processing C:\SourceTree\GitHub\HL7-mappings\ada_2_hl7\peri\3.0\kernset_neonatologie\ada_instance\ksneo-test3.xml to C:\SourceTree\GitHub\HL7-mappings\ada_2_hl7\peri\3.0\kernset_neonatologie\cda_instance\ksneo-test3.xml
     [xslt] Processing C:\SourceTree\GitHub\HL7-mappings\ada_2_hl7\peri\3.0\kernset_neonatologie\ada_instance\ksneo-test4.xml to C:\SourceTree\GitHub\HL7-mappings\ada_2_hl7\peri\3.0\kernset_neonatologie\cda_instance\ksneo-test4.xml
     [xslt] Processing C:\SourceTree\GitHub\HL7-mappings\ada_2_hl7\peri\3.0\kernset_neonatologie\ada_instance\ksneo-test5.xml to C:\SourceTree\GitHub\HL7-mappings\ada_2_hl7\peri\3.0\kernset_neonatologie\cda_instance\ksneo-test5.xml
     [xslt] Processing C:\SourceTree\GitHub\HL7-mappings\ada_2_hl7\peri\3.0\kernset_neonatologie\ada_instance\ksneo-test6.xml to C:\SourceTree\GitHub\HL7-mappings\ada_2_hl7\peri\3.0\kernset_neonatologie\cda_instance\ksneo-test6.xml
     [xslt] Processing C:\SourceTree\GitHub\HL7-mappings\ada_2_hl7\peri\3.0\kernset_neonatologie\ada_instance\ksneo-testArianne.xml to C:\SourceTree\GitHub\HL7-mappings\ada_2_hl7\peri\3.0\kernset_neonatologie\cda_instance\ksneo-testArianne.xml

BUILD SUCCESSFUL
Total time: 4 seconds
