Buildfile: C:\SourceTree\GitHub\HL7-mappings-gz\hl7_2_ada\mp\9.2.0\_ant-buildfiles\ant-publish\build-hl72ada-mp-920.xml

download-ivy:
     [echo] installing ivy...
      [get] Getting: https://repo1.maven.org/maven2/org/apache/ivy/ivy/2.5.0/ivy-2.5.0.jar
      [get] To: C:\SourceTree\GitHub\HL7-mappings-gz\_ant-buildfiles\ant-include\ivy\ivy.jar
      [get] Not modified - so not downloaded

install-ivy:

fetch-imports:
[ivy:resolve] :: Apache Ivy 2.5.0 - 20191020104435 :: https://ant.apache.org/ivy/ ::
[ivy:resolve] :: loading settings :: file = C:\SourceTree\GitHub\HL7-mappings-gz\_ant-buildfiles\ant-include\ivysettings.xml
[ivy:resolve] :: resolving dependencies :: nl.nictiz.decor#tools;working@NICT1-NB144087 [not transitive]
[ivy:resolve] 	confs: [default]
[ivy:resolve] 	found net.sf.saxon#Saxon-HE;9.9.1-7 in maven
[ivy:resolve] 	found xerces#xercesImpl;2.12.0 in maven
[ivy:resolve] :: resolution report :: resolve 82ms :: artifacts dl 15ms
	---------------------------------------------------------------------
	|                  |            modules            ||   artifacts   |
	|       conf       | number| search|dwnlded|evicted|| number|dwnlded|
	---------------------------------------------------------------------
	|      default     |   2   |   0   |   0   |   0   ||   6   |   0   |
	---------------------------------------------------------------------
[ivy:retrieve] :: retrieving :: nl.nictiz.decor#tools [sync]
[ivy:retrieve] 	confs: [default]
[ivy:retrieve] 	0 artifacts copied, 2 already retrieved (0kB/29ms)
[ivy:dependencytree] Dependency tree for nl.nictiz.decor-tools
[ivy:dependencytree] +- net.sf.saxon#Saxon-HE;9.9.1-7
[ivy:dependencytree] \- xerces#xercesImpl;2.12.0

roundtrip_hl7_2_ada_920:

download-ivy:
     [echo] installing ivy...
      [get] Getting: https://repo1.maven.org/maven2/org/apache/ivy/ivy/2.5.0/ivy-2.5.0.jar
      [get] To: C:\SourceTree\GitHub\HL7-mappings-gz\_ant-buildfiles\ant-include\ivy\ivy.jar
      [get] Not modified - so not downloaded

install-ivy:

fetch-imports:
[ivy:resolve] :: Apache Ivy 2.5.0 - 20191020104435 :: https://ant.apache.org/ivy/ ::
[ivy:resolve] :: loading settings :: file = C:\SourceTree\GitHub\HL7-mappings-gz\_ant-buildfiles\ant-include\ivysettings.xml
[ivy:resolve] :: resolving dependencies :: nl.nictiz.decor#tools;working@NICT1-NB144087 [not transitive]
[ivy:resolve] 	confs: [default]
[ivy:resolve] 	found net.sf.saxon#Saxon-HE;9.9.1-7 in maven
[ivy:resolve] 	found xerces#xercesImpl;2.12.0 in maven
[ivy:resolve] :: resolution report :: resolve 56ms :: artifacts dl 10ms
	---------------------------------------------------------------------
	|                  |            modules            ||   artifacts   |
	|       conf       | number| search|dwnlded|evicted|| number|dwnlded|
	---------------------------------------------------------------------
	|      default     |   2   |   0   |   0   |   0   ||   6   |   0   |
	---------------------------------------------------------------------
[ivy:retrieve] :: retrieving :: nl.nictiz.decor#tools [sync]
[ivy:retrieve] 	confs: [default]
[ivy:retrieve] 	0 artifacts copied, 2 already retrieved (0kB/24ms)
[ivy:dependencytree] Dependency tree for nl.nictiz.decor-tools
[ivy:dependencytree] +- net.sf.saxon#Saxon-HE;9.9.1-7
[ivy:dependencytree] \- xerces#xercesImpl;2.12.0

convert_hl7_2_ada_920:

download-ivy:
     [echo] installing ivy...
      [get] Getting: https://repo1.maven.org/maven2/org/apache/ivy/ivy/2.5.0/ivy-2.5.0.jar
      [get] To: C:\SourceTree\GitHub\HL7-mappings-gz\_ant-buildfiles\ant-include\ivy\ivy.jar
      [get] Not modified - so not downloaded

install-ivy:

fetch-imports:
[ivy:resolve] :: Apache Ivy 2.5.0 - 20191020104435 :: https://ant.apache.org/ivy/ ::
[ivy:resolve] :: loading settings :: file = C:\SourceTree\GitHub\HL7-mappings-gz\_ant-buildfiles\ant-include\ivysettings.xml
[ivy:resolve] :: resolving dependencies :: nl.nictiz.decor#tools;working@NICT1-NB144087 [not transitive]
[ivy:resolve] 	confs: [default]
[ivy:resolve] 	found net.sf.saxon#Saxon-HE;9.9.1-7 in maven
[ivy:resolve] 	found xerces#xercesImpl;2.12.0 in maven
[ivy:resolve] :: resolution report :: resolve 52ms :: artifacts dl 11ms
	---------------------------------------------------------------------
	|                  |            modules            ||   artifacts   |
	|       conf       | number| search|dwnlded|evicted|| number|dwnlded|
	---------------------------------------------------------------------
	|      default     |   2   |   0   |   0   |   0   ||   6   |   0   |
	---------------------------------------------------------------------
[ivy:retrieve] :: retrieving :: nl.nictiz.decor#tools [sync]
[ivy:retrieve] 	confs: [default]
[ivy:retrieve] 	0 artifacts copied, 2 already retrieved (0kB/25ms)
[ivy:dependencytree] Dependency tree for nl.nictiz.decor-tools
[ivy:dependencytree] +- net.sf.saxon#Saxon-HE;9.9.1-7
[ivy:dependencytree] \- xerces#xercesImpl;2.12.0

convert_hl7_2_ada_sub_920:
     [echo] Deleting previous results, if any
     [echo] 
     [echo] ADA to HL7 ../../beschikbaarstellen_medicatiegegevens/payload/beschikbaarstellen_medicatiegegevens_hl7_2_ada.xsl input dir ../../beschikbaarstellen_medicatiegegevens/hl7_instance
     [xslt] Processing C:\SourceTree\GitHub\HL7-mappings-gz\hl7_2_ada\mp\9.2.0\beschikbaarstellen_medicatiegegevens\hl7_instance\mg-RepoMtdWds.xml to C:\SourceTree\GitHub\HL7-mappings-gz\hl7_2_ada\mp\9.2.0\beschikbaarstellen_medicatiegegevens\ada_instance\mg-RepoMtdWds.xml
     [xslt] Loading stylesheet C:\SourceTree\GitHub\HL7-mappings-gz\hl7_2_ada\mp\9.2.0\beschikbaarstellen_medicatiegegevens\payload\beschikbaarstellen_medicatiegegevens_hl7_2_ada.xsl
     [xslt] C:\SourceTree\GitHub\HL7-mappings-gz\util\constants.xsl:15:203: Warning! Stylesheet module file:/C:/SourceTree/GitHub/HL7-mappings-gz/util/constants.xsl is included or imported more than once. This is permitted, but may lead to errors or unexpected behavior
     [xslt] C:\SourceTree\GitHub\HL7-mappings-gz\util\datetime.xsl:2:279: Warning! Stylesheet module file:/C:/SourceTree/GitHub/HL7-mappings-gz/util/datetime.xsl is included or imported more than once. This is permitted, but may lead to errors or unexpected behavior
     [xslt] C:\SourceTree\GitHub\HL7-mappings-gz\util\units.xsl:1:296: Warning! Stylesheet module file:/C:/SourceTree/GitHub/HL7-mappings-gz/util/units.xsl is included or imported more than once. This is permitted, but may lead to errors or unexpected behavior
     [xslt] C:\SourceTree\GitHub\HL7-mappings-gz\util\utilities.xsl:9:19: Warning! Stylesheet module file:/C:/SourceTree/GitHub/HL7-mappings-gz/util/utilities.xsl is included or imported more than once. This is permitted, but may lead to errors or unexpected behavior
     [xslt] Processing C:\SourceTree\GitHub\HL7-mappings-gz\hl7_2_ada\mp\9.2.0\beschikbaarstellen_medicatiegegevens\hl7_instance\mg-RepoTestArianne.xml to C:\SourceTree\GitHub\HL7-mappings-gz\hl7_2_ada\mp\9.2.0\beschikbaarstellen_medicatiegegevens\ada_instance\mg-RepoTestArianne.xml
     [xslt] Processing C:\SourceTree\GitHub\HL7-mappings-gz\hl7_2_ada\mp\9.2.0\beschikbaarstellen_medicatiegegevens\hl7_instance\mg-TEST-Scenarioset0.xml to C:\SourceTree\GitHub\HL7-mappings-gz\hl7_2_ada\mp\9.2.0\beschikbaarstellen_medicatiegegevens\ada_instance\mg-TEST-Scenarioset0.xml
     [xslt] Processing C:\SourceTree\GitHub\HL7-mappings-gz\hl7_2_ada\mp\9.2.0\beschikbaarstellen_medicatiegegevens\hl7_instance\mg-TEST-Scenarioset1.xml to C:\SourceTree\GitHub\HL7-mappings-gz\hl7_2_ada\mp\9.2.0\beschikbaarstellen_medicatiegegevens\ada_instance\mg-TEST-Scenarioset1.xml
     [xslt] Processing C:\SourceTree\GitHub\HL7-mappings-gz\hl7_2_ada\mp\9.2.0\beschikbaarstellen_medicatiegegevens\hl7_instance\mg-TEST-Scenarioset10.xml to C:\SourceTree\GitHub\HL7-mappings-gz\hl7_2_ada\mp\9.2.0\beschikbaarstellen_medicatiegegevens\ada_instance\mg-TEST-Scenarioset10.xml
     [xslt] Processing C:\SourceTree\GitHub\HL7-mappings-gz\hl7_2_ada\mp\9.2.0\beschikbaarstellen_medicatiegegevens\hl7_instance\mg-TEST-Scenarioset11.xml to C:\SourceTree\GitHub\HL7-mappings-gz\hl7_2_ada\mp\9.2.0\beschikbaarstellen_medicatiegegevens\ada_instance\mg-TEST-Scenarioset11.xml
     [xslt] Processing C:\SourceTree\GitHub\HL7-mappings-gz\hl7_2_ada\mp\9.2.0\beschikbaarstellen_medicatiegegevens\hl7_instance\mg-TEST-Scenarioset12.xml to C:\SourceTree\GitHub\HL7-mappings-gz\hl7_2_ada\mp\9.2.0\beschikbaarstellen_medicatiegegevens\ada_instance\mg-TEST-Scenarioset12.xml
     [xslt] Processing C:\SourceTree\GitHub\HL7-mappings-gz\hl7_2_ada\mp\9.2.0\beschikbaarstellen_medicatiegegevens\hl7_instance\mg-TEST-Scenarioset13.xml to C:\SourceTree\GitHub\HL7-mappings-gz\hl7_2_ada\mp\9.2.0\beschikbaarstellen_medicatiegegevens\ada_instance\mg-TEST-Scenarioset13.xml
     [xslt] Processing C:\SourceTree\GitHub\HL7-mappings-gz\hl7_2_ada\mp\9.2.0\beschikbaarstellen_medicatiegegevens\hl7_instance\mg-TEST-Scenarioset2.xml to C:\SourceTree\GitHub\HL7-mappings-gz\hl7_2_ada\mp\9.2.0\beschikbaarstellen_medicatiegegevens\ada_instance\mg-TEST-Scenarioset2.xml
     [xslt] Processing C:\SourceTree\GitHub\HL7-mappings-gz\hl7_2_ada\mp\9.2.0\beschikbaarstellen_medicatiegegevens\hl7_instance\mg-TEST-Scenarioset3.xml to C:\SourceTree\GitHub\HL7-mappings-gz\hl7_2_ada\mp\9.2.0\beschikbaarstellen_medicatiegegevens\ada_instance\mg-TEST-Scenarioset3.xml
     [xslt] Processing C:\SourceTree\GitHub\HL7-mappings-gz\hl7_2_ada\mp\9.2.0\beschikbaarstellen_medicatiegegevens\hl7_instance\mg-TEST-Scenarioset4_a.xml to C:\SourceTree\GitHub\HL7-mappings-gz\hl7_2_ada\mp\9.2.0\beschikbaarstellen_medicatiegegevens\ada_instance\mg-TEST-Scenarioset4_a.xml
     [xslt] Processing C:\SourceTree\GitHub\HL7-mappings-gz\hl7_2_ada\mp\9.2.0\beschikbaarstellen_medicatiegegevens\hl7_instance\mg-TEST-Scenarioset4_b.xml to C:\SourceTree\GitHub\HL7-mappings-gz\hl7_2_ada\mp\9.2.0\beschikbaarstellen_medicatiegegevens\ada_instance\mg-TEST-Scenarioset4_b.xml
     [xslt] Processing C:\SourceTree\GitHub\HL7-mappings-gz\hl7_2_ada\mp\9.2.0\beschikbaarstellen_medicatiegegevens\hl7_instance\mg-TEST-Scenarioset5.xml to C:\SourceTree\GitHub\HL7-mappings-gz\hl7_2_ada\mp\9.2.0\beschikbaarstellen_medicatiegegevens\ada_instance\mg-TEST-Scenarioset5.xml
     [xslt] Processing C:\SourceTree\GitHub\HL7-mappings-gz\hl7_2_ada\mp\9.2.0\beschikbaarstellen_medicatiegegevens\hl7_instance\mg-TEST-Scenarioset6a.xml to C:\SourceTree\GitHub\HL7-mappings-gz\hl7_2_ada\mp\9.2.0\beschikbaarstellen_medicatiegegevens\ada_instance\mg-TEST-Scenarioset6a.xml
     [xslt] Processing C:\SourceTree\GitHub\HL7-mappings-gz\hl7_2_ada\mp\9.2.0\beschikbaarstellen_medicatiegegevens\hl7_instance\mg-TEST-Scenarioset6b.xml to C:\SourceTree\GitHub\HL7-mappings-gz\hl7_2_ada\mp\9.2.0\beschikbaarstellen_medicatiegegevens\ada_instance\mg-TEST-Scenarioset6b.xml
     [xslt] Processing C:\SourceTree\GitHub\HL7-mappings-gz\hl7_2_ada\mp\9.2.0\beschikbaarstellen_medicatiegegevens\hl7_instance\mg-TEST-Scenarioset6c.xml to C:\SourceTree\GitHub\HL7-mappings-gz\hl7_2_ada\mp\9.2.0\beschikbaarstellen_medicatiegegevens\ada_instance\mg-TEST-Scenarioset6c.xml
     [xslt] Processing C:\SourceTree\GitHub\HL7-mappings-gz\hl7_2_ada\mp\9.2.0\beschikbaarstellen_medicatiegegevens\hl7_instance\mg-TEST-Scenarioset6d.xml to C:\SourceTree\GitHub\HL7-mappings-gz\hl7_2_ada\mp\9.2.0\beschikbaarstellen_medicatiegegevens\ada_instance\mg-TEST-Scenarioset6d.xml
     [xslt] Processing C:\SourceTree\GitHub\HL7-mappings-gz\hl7_2_ada\mp\9.2.0\beschikbaarstellen_medicatiegegevens\hl7_instance\mg-TEST-Scenarioset7.xml to C:\SourceTree\GitHub\HL7-mappings-gz\hl7_2_ada\mp\9.2.0\beschikbaarstellen_medicatiegegevens\ada_instance\mg-TEST-Scenarioset7.xml
     [xslt] Processing C:\SourceTree\GitHub\HL7-mappings-gz\hl7_2_ada\mp\9.2.0\beschikbaarstellen_medicatiegegevens\hl7_instance\mg-TEST-Scenarioset8.xml to C:\SourceTree\GitHub\HL7-mappings-gz\hl7_2_ada\mp\9.2.0\beschikbaarstellen_medicatiegegevens\ada_instance\mg-TEST-Scenarioset8.xml
     [xslt] Processing C:\SourceTree\GitHub\HL7-mappings-gz\hl7_2_ada\mp\9.2.0\beschikbaarstellen_medicatiegegevens\hl7_instance\mg-TEST-Scenarioset9.xml to C:\SourceTree\GitHub\HL7-mappings-gz\hl7_2_ada\mp\9.2.0\beschikbaarstellen_medicatiegegevens\ada_instance\mg-TEST-Scenarioset9.xml
     [xslt] Processing C:\SourceTree\GitHub\HL7-mappings-gz\hl7_2_ada\mp\9.2.0\beschikbaarstellen_medicatiegegevens\hl7_instance\mg-example-920-1.xml to C:\SourceTree\GitHub\HL7-mappings-gz\hl7_2_ada\mp\9.2.0\beschikbaarstellen_medicatiegegevens\ada_instance\mg-example-920-1.xml

download-ivy:
     [echo] installing ivy...
      [get] Getting: https://repo1.maven.org/maven2/org/apache/ivy/ivy/2.5.0/ivy-2.5.0.jar
      [get] To: C:\SourceTree\GitHub\HL7-mappings-gz\_ant-buildfiles\ant-include\ivy\ivy.jar
      [get] Not modified - so not downloaded

install-ivy:

fetch-imports:
[ivy:resolve] :: Apache Ivy 2.5.0 - 20191020104435 :: https://ant.apache.org/ivy/ ::
[ivy:resolve] :: loading settings :: file = C:\SourceTree\GitHub\HL7-mappings-gz\_ant-buildfiles\ant-include\ivysettings.xml
[ivy:resolve] :: resolving dependencies :: nl.nictiz.decor#tools;working@NICT1-NB144087 [not transitive]
[ivy:resolve] 	confs: [default]
[ivy:resolve] 	found net.sf.saxon#Saxon-HE;9.9.1-7 in maven
[ivy:resolve] 	found xerces#xercesImpl;2.12.0 in maven
[ivy:resolve] :: resolution report :: resolve 66ms :: artifacts dl 10ms
	---------------------------------------------------------------------
	|                  |            modules            ||   artifacts   |
	|       conf       | number| search|dwnlded|evicted|| number|dwnlded|
	---------------------------------------------------------------------
	|      default     |   2   |   0   |   0   |   0   ||   6   |   0   |
	---------------------------------------------------------------------
[ivy:retrieve] :: retrieving :: nl.nictiz.decor#tools [sync]
[ivy:retrieve] 	confs: [default]
[ivy:retrieve] 	0 artifacts copied, 2 already retrieved (0kB/27ms)
[ivy:dependencytree] Dependency tree for nl.nictiz.decor-tools
[ivy:dependencytree] +- net.sf.saxon#Saxon-HE;9.9.1-7
[ivy:dependencytree] \- xerces#xercesImpl;2.12.0

convert_hl7_2_ada_sub_920:
     [echo] Deleting previous results, if any
     [echo] 
     [echo] ADA to HL7 ../../sturen_medicatievoorschrift/payload/sturen_medicatievoorschrift_hl7_2_ada.xsl input dir ../../sturen_medicatievoorschrift/cda_instance
     [xslt] Processing C:\SourceTree\GitHub\HL7-mappings-gz\hl7_2_ada\mp\9.2.0\sturen_medicatievoorschrift\cda_instance\mv-example-920-1.xml to C:\SourceTree\GitHub\HL7-mappings-gz\hl7_2_ada\mp\9.2.0\sturen_medicatievoorschrift\ada_instance\mv-example-920-1.xml
     [xslt] Loading stylesheet C:\SourceTree\GitHub\HL7-mappings-gz\hl7_2_ada\mp\9.2.0\sturen_medicatievoorschrift\payload\sturen_medicatievoorschrift_hl7_2_ada.xsl
     [xslt] C:\SourceTree\GitHub\HL7-mappings-gz\util\constants.xsl:15:203: Warning! Stylesheet module file:/C:/SourceTree/GitHub/HL7-mappings-gz/util/constants.xsl is included or imported more than once. This is permitted, but may lead to errors or unexpected behavior
     [xslt] C:\SourceTree\GitHub\HL7-mappings-gz\util\datetime.xsl:2:279: Warning! Stylesheet module file:/C:/SourceTree/GitHub/HL7-mappings-gz/util/datetime.xsl is included or imported more than once. This is permitted, but may lead to errors or unexpected behavior
     [xslt] C:\SourceTree\GitHub\HL7-mappings-gz\util\units.xsl:1:296: Warning! Stylesheet module file:/C:/SourceTree/GitHub/HL7-mappings-gz/util/units.xsl is included or imported more than once. This is permitted, but may lead to errors or unexpected behavior
     [xslt] C:\SourceTree\GitHub\HL7-mappings-gz\util\utilities.xsl:9:19: Warning! Stylesheet module file:/C:/SourceTree/GitHub/HL7-mappings-gz/util/utilities.xsl is included or imported more than once. This is permitted, but may lead to errors or unexpected behavior
     [xslt] C:\SourceTree\GitHub\HL7-mappings-gz\hl7_2_ada\hl7\hl7_2_ada_hl7_include.xsl:16:414: Warning! Stylesheet module file:/C:/SourceTree/GitHub/HL7-mappings-gz/hl7_2_ada/hl7/hl7_2_ada_hl7_include.xsl is included or imported more than once. This is permitted, but may lead to errors or unexpected behavior
     [xslt] C:\SourceTree\GitHub\HL7-mappings-gz\util\constants.xsl:15:203: Warning! Stylesheet module file:/C:/SourceTree/GitHub/HL7-mappings-gz/util/constants.xsl is included or imported more than once. This is permitted, but may lead to errors or unexpected behavior
     [xslt] C:\SourceTree\GitHub\HL7-mappings-gz\util\uuid.xsl:1:239: Warning! Stylesheet module file:/C:/SourceTree/GitHub/HL7-mappings-gz/util/uuid.xsl is included or imported more than once. This is permitted, but may lead to errors or unexpected behavior
     [xslt] C:\SourceTree\GitHub\HL7-mappings-gz\util\utilities.xsl:9:19: Warning! Stylesheet module file:/C:/SourceTree/GitHub/HL7-mappings-gz/util/utilities.xsl is included or imported more than once. This is permitted, but may lead to errors or unexpected behavior
     [xslt] Processing C:\SourceTree\GitHub\HL7-mappings-gz\hl7_2_ada\mp\9.2.0\sturen_medicatievoorschrift\cda_instance\mv-mp-vo-tst-1.1-ingangsdatum_einddatum.xml to C:\SourceTree\GitHub\HL7-mappings-gz\hl7_2_ada\mp\9.2.0\sturen_medicatievoorschrift\ada_instance\mv-mp-vo-tst-1.1-ingangsdatum_einddatum.xml
     [xslt] Processing C:\SourceTree\GitHub\HL7-mappings-gz\hl7_2_ada\mp\9.2.0\sturen_medicatievoorschrift\cda_instance\mv-mp-vo-tst-1.2a-ingangdatum_duur_weken.xml to C:\SourceTree\GitHub\HL7-mappings-gz\hl7_2_ada\mp\9.2.0\sturen_medicatievoorschrift\ada_instance\mv-mp-vo-tst-1.2a-ingangdatum_duur_weken.xml
     [xslt] Processing C:\SourceTree\GitHub\HL7-mappings-gz\hl7_2_ada\mp\9.2.0\sturen_medicatievoorschrift\cda_instance\mv-mp-vo-tst-1.2b-ingangsdatum_duur_dagen.xml to C:\SourceTree\GitHub\HL7-mappings-gz\hl7_2_ada\mp\9.2.0\sturen_medicatievoorschrift\ada_instance\mv-mp-vo-tst-1.2b-ingangsdatum_duur_dagen.xml
     [xslt] Processing C:\SourceTree\GitHub\HL7-mappings-gz\hl7_2_ada\mp\9.2.0\sturen_medicatievoorschrift\cda_instance\mv-mp-vo-tst-1.3-chronische_medicatie.xml to C:\SourceTree\GitHub\HL7-mappings-gz\hl7_2_ada\mp\9.2.0\sturen_medicatievoorschrift\ada_instance\mv-mp-vo-tst-1.3-chronische_medicatie.xml
     [xslt] Processing C:\SourceTree\GitHub\HL7-mappings-gz\hl7_2_ada\mp\9.2.0\sturen_medicatievoorschrift\cda_instance\mv-mp-vo-tst-1.4-extra_vv_andermans_ma.xml to C:\SourceTree\GitHub\HL7-mappings-gz\hl7_2_ada\mp\9.2.0\sturen_medicatievoorschrift\ada_instance\mv-mp-vo-tst-1.4-extra_vv_andermans_ma.xml
     [xslt] Processing C:\SourceTree\GitHub\HL7-mappings-gz\hl7_2_ada\mp\9.2.0\sturen_medicatievoorschrift\cda_instance\mv-mp-vo-tst-1.5-eenheid_dosis_stuks.xml to C:\SourceTree\GitHub\HL7-mappings-gz\hl7_2_ada\mp\9.2.0\sturen_medicatievoorschrift\ada_instance\mv-mp-vo-tst-1.5-eenheid_dosis_stuks.xml
     [xslt] Processing C:\SourceTree\GitHub\HL7-mappings-gz\hl7_2_ada\mp\9.2.0\sturen_medicatievoorschrift\cda_instance\mv-mp-vo-tst-10.1-hpk.xml to C:\SourceTree\GitHub\HL7-mappings-gz\hl7_2_ada\mp\9.2.0\sturen_medicatievoorschrift\ada_instance\mv-mp-vo-tst-10.1-hpk.xml
     [xslt] Processing C:\SourceTree\GitHub\HL7-mappings-gz\hl7_2_ada\mp\9.2.0\sturen_medicatievoorschrift\cda_instance\mv-mp-vo-tst-10.2-zi_nummer.xml to C:\SourceTree\GitHub\HL7-mappings-gz\hl7_2_ada\mp\9.2.0\sturen_medicatievoorschrift\ada_instance\mv-mp-vo-tst-10.2-zi_nummer.xml
     [xslt] Processing C:\SourceTree\GitHub\HL7-mappings-gz\hl7_2_ada\mp\9.2.0\sturen_medicatievoorschrift\cda_instance\mv-mp-vo-tst-13.1-contact_episode.xml to C:\SourceTree\GitHub\HL7-mappings-gz\hl7_2_ada\mp\9.2.0\sturen_medicatievoorschrift\ada_instance\mv-mp-vo-tst-13.1-contact_episode.xml
     [xslt] Processing C:\SourceTree\GitHub\HL7-mappings-gz\hl7_2_ada\mp\9.2.0\sturen_medicatievoorschrift\cda_instance\mv-mp-vo-tst-2.1-aanvullendeinstructie.xml to C:\SourceTree\GitHub\HL7-mappings-gz\hl7_2_ada\mp\9.2.0\sturen_medicatievoorschrift\ada_instance\mv-mp-vo-tst-2.1-aanvullendeinstructie.xml
     [xslt] Processing C:\SourceTree\GitHub\HL7-mappings-gz\hl7_2_ada\mp\9.2.0\sturen_medicatievoorschrift\cda_instance\mv-mp-vo-tst-2.2-toelichting.xml to C:\SourceTree\GitHub\HL7-mappings-gz\hl7_2_ada\mp\9.2.0\sturen_medicatievoorschrift\ada_instance\mv-mp-vo-tst-2.2-toelichting.xml
     [xslt] Processing C:\SourceTree\GitHub\HL7-mappings-gz\hl7_2_ada\mp\9.2.0\sturen_medicatievoorschrift\cda_instance\mv-mp-vo-tst-2.3-redenvanvoorschrijven.xml to C:\SourceTree\GitHub\HL7-mappings-gz\hl7_2_ada\mp\9.2.0\sturen_medicatievoorschrift\ada_instance\mv-mp-vo-tst-2.3-redenvanvoorschrijven.xml
     [xslt] Processing C:\SourceTree\GitHub\HL7-mappings-gz\hl7_2_ada\mp\9.2.0\sturen_medicatievoorschrift\cda_instance\mv-mp-vo-tst-2.4-toedieningsweg.xml to C:\SourceTree\GitHub\HL7-mappings-gz\hl7_2_ada\mp\9.2.0\sturen_medicatievoorschrift\ada_instance\mv-mp-vo-tst-2.4-toedieningsweg.xml
     [xslt] Processing C:\SourceTree\GitHub\HL7-mappings-gz\hl7_2_ada\mp\9.2.0\sturen_medicatievoorschrift\cda_instance\mv-mp-vo-tst-2.5-aanvullendeinformatiewensen.xml to C:\SourceTree\GitHub\HL7-mappings-gz\hl7_2_ada\mp\9.2.0\sturen_medicatievoorschrift\ada_instance\mv-mp-vo-tst-2.5-aanvullendeinformatiewensen.xml
     [xslt] Processing C:\SourceTree\GitHub\HL7-mappings-gz\hl7_2_ada\mp\9.2.0\sturen_medicatievoorschrift\cda_instance\mv-mp-vo-tst-2.6-toedieningsweglos.xml to C:\SourceTree\GitHub\HL7-mappings-gz\hl7_2_ada\mp\9.2.0\sturen_medicatievoorschrift\ada_instance\mv-mp-vo-tst-2.6-toedieningsweglos.xml
     [xslt] Processing C:\SourceTree\GitHub\HL7-mappings-gz\hl7_2_ada\mp\9.2.0\sturen_medicatievoorschrift\cda_instance\mv-mp-vo-tst-3.1-stopma_met_redenstaken.xml to C:\SourceTree\GitHub\HL7-mappings-gz\hl7_2_ada\mp\9.2.0\sturen_medicatievoorschrift\ada_instance\mv-mp-vo-tst-3.1-stopma_met_redenstaken.xml
     [xslt] Processing C:\SourceTree\GitHub\HL7-mappings-gz\hl7_2_ada\mp\9.2.0\sturen_medicatievoorschrift\cda_instance\mv-mp-vo-tst-3.2-wijzigma_toelichting.xml to C:\SourceTree\GitHub\HL7-mappings-gz\hl7_2_ada\mp\9.2.0\sturen_medicatievoorschrift\ada_instance\mv-mp-vo-tst-3.2-wijzigma_toelichting.xml
     [xslt] Processing C:\SourceTree\GitHub\HL7-mappings-gz\hl7_2_ada\mp\9.2.0\sturen_medicatievoorschrift\cda_instance\mv-mp-vo-tst-3.3-wijzigma_redenvanvoorschrijven.xml to C:\SourceTree\GitHub\HL7-mappings-gz\hl7_2_ada\mp\9.2.0\sturen_medicatievoorschrift\ada_instance\mv-mp-vo-tst-3.3-wijzigma_redenvanvoorschrijven.xml
     [xslt] Processing C:\SourceTree\GitHub\HL7-mappings-gz\hl7_2_ada\mp\9.2.0\sturen_medicatievoorschrift\cda_instance\mv-mp-vo-tst-3.4-onderbrekenma.xml to C:\SourceTree\GitHub\HL7-mappings-gz\hl7_2_ada\mp\9.2.0\sturen_medicatievoorschrift\ada_instance\mv-mp-vo-tst-3.4-onderbrekenma.xml
     [xslt] Processing C:\SourceTree\GitHub\HL7-mappings-gz\hl7_2_ada\mp\9.2.0\sturen_medicatievoorschrift\cda_instance\mv-mp-vo-tst-4.1-a_lengte_gewicht.xml to C:\SourceTree\GitHub\HL7-mappings-gz\hl7_2_ada\mp\9.2.0\sturen_medicatievoorschrift\ada_instance\mv-mp-vo-tst-4.1-a_lengte_gewicht.xml
     [xslt] Processing C:\SourceTree\GitHub\HL7-mappings-gz\hl7_2_ada\mp\9.2.0\sturen_medicatievoorschrift\cda_instance\mv-mp-vo-tst-4.1-b_lengte_gewicht_persistent.xml to C:\SourceTree\GitHub\HL7-mappings-gz\hl7_2_ada\mp\9.2.0\sturen_medicatievoorschrift\ada_instance\mv-mp-vo-tst-4.1-b_lengte_gewicht_persistent.xml
     [xslt] Processing C:\SourceTree\GitHub\HL7-mappings-gz\hl7_2_ada\mp\9.2.0\sturen_medicatievoorschrift\cda_instance\mv-mp-vo-tst-6.1-variabele_frequentie.xml to C:\SourceTree\GitHub\HL7-mappings-gz\hl7_2_ada\mp\9.2.0\sturen_medicatievoorschrift\ada_instance\mv-mp-vo-tst-6.1-variabele_frequentie.xml
     [xslt] Processing C:\SourceTree\GitHub\HL7-mappings-gz\hl7_2_ada\mp\9.2.0\sturen_medicatievoorschrift\cda_instance\mv-mp-vo-tst-6.10-cyclisch_schema.xml to C:\SourceTree\GitHub\HL7-mappings-gz\hl7_2_ada\mp\9.2.0\sturen_medicatievoorschrift\ada_instance\mv-mp-vo-tst-6.10-cyclisch_schema.xml
     [xslt] Processing C:\SourceTree\GitHub\HL7-mappings-gz\hl7_2_ada\mp\9.2.0\sturen_medicatievoorschrift\cda_instance\mv-mp-vo-tst-6.11-afbouwschema.xml to C:\SourceTree\GitHub\HL7-mappings-gz\hl7_2_ada\mp\9.2.0\sturen_medicatievoorschrift\ada_instance\mv-mp-vo-tst-6.11-afbouwschema.xml
     [xslt] Processing C:\SourceTree\GitHub\HL7-mappings-gz\hl7_2_ada\mp\9.2.0\sturen_medicatievoorschrift\cda_instance\mv-mp-vo-tst-6.12-variabele_hoeveelheid_en_maximum.xml to C:\SourceTree\GitHub\HL7-mappings-gz\hl7_2_ada\mp\9.2.0\sturen_medicatievoorschrift\ada_instance\mv-mp-vo-tst-6.12-variabele_hoeveelheid_en_maximum.xml
     [xslt] Processing C:\SourceTree\GitHub\HL7-mappings-gz\hl7_2_ada\mp\9.2.0\sturen_medicatievoorschrift\cda_instance\mv-mp-vo-tst-6.13-toedieningssnelheid.xml to C:\SourceTree\GitHub\HL7-mappings-gz\hl7_2_ada\mp\9.2.0\sturen_medicatievoorschrift\ada_instance\mv-mp-vo-tst-6.13-toedieningssnelheid.xml
     [xslt] Processing C:\SourceTree\GitHub\HL7-mappings-gz\hl7_2_ada\mp\9.2.0\sturen_medicatievoorschrift\cda_instance\mv-mp-vo-tst-6.14-toedieningsduur.xml to C:\SourceTree\GitHub\HL7-mappings-gz\hl7_2_ada\mp\9.2.0\sturen_medicatievoorschrift\ada_instance\mv-mp-vo-tst-6.14-toedieningsduur.xml
     [xslt] Processing C:\SourceTree\GitHub\HL7-mappings-gz\hl7_2_ada\mp\9.2.0\sturen_medicatievoorschrift\cda_instance\mv-mp-vo-tst-6.15-zonodig.xml to C:\SourceTree\GitHub\HL7-mappings-gz\hl7_2_ada\mp\9.2.0\sturen_medicatievoorschrift\ada_instance\mv-mp-vo-tst-6.15-zonodig.xml
     [xslt] Processing C:\SourceTree\GitHub\HL7-mappings-gz\hl7_2_ada\mp\9.2.0\sturen_medicatievoorschrift\cda_instance\mv-mp-vo-tst-6.2-interval.xml to C:\SourceTree\GitHub\HL7-mappings-gz\hl7_2_ada\mp\9.2.0\sturen_medicatievoorschrift\ada_instance\mv-mp-vo-tst-6.2-interval.xml
     [xslt] Processing C:\SourceTree\GitHub\HL7-mappings-gz\hl7_2_ada\mp\9.2.0\sturen_medicatievoorschrift\cda_instance\mv-mp-vo-tst-6.3-variabele_hoeveelheid.xml to C:\SourceTree\GitHub\HL7-mappings-gz\hl7_2_ada\mp\9.2.0\sturen_medicatievoorschrift\ada_instance\mv-mp-vo-tst-6.3-variabele_hoeveelheid.xml
     [xslt] Processing C:\SourceTree\GitHub\HL7-mappings-gz\hl7_2_ada\mp\9.2.0\sturen_medicatievoorschrift\cda_instance\mv-mp-vo-tst-6.4-zonder_keerdosis.xml to C:\SourceTree\GitHub\HL7-mappings-gz\hl7_2_ada\mp\9.2.0\sturen_medicatievoorschrift\ada_instance\mv-mp-vo-tst-6.4-zonder_keerdosis.xml
     [xslt] Processing C:\SourceTree\GitHub\HL7-mappings-gz\hl7_2_ada\mp\9.2.0\sturen_medicatievoorschrift\cda_instance\mv-mp-vo-tst-6.5-bijzondere_keerdosis.xml to C:\SourceTree\GitHub\HL7-mappings-gz\hl7_2_ada\mp\9.2.0\sturen_medicatievoorschrift\ada_instance\mv-mp-vo-tst-6.5-bijzondere_keerdosis.xml
     [xslt] Processing C:\SourceTree\GitHub\HL7-mappings-gz\hl7_2_ada\mp\9.2.0\sturen_medicatievoorschrift\cda_instance\mv-mp-vo-tst-6.6-variabele_hoeveelheid_2.xml to C:\SourceTree\GitHub\HL7-mappings-gz\hl7_2_ada\mp\9.2.0\sturen_medicatievoorschrift\ada_instance\mv-mp-vo-tst-6.6-variabele_hoeveelheid_2.xml
     [xslt] Processing C:\SourceTree\GitHub\HL7-mappings-gz\hl7_2_ada\mp\9.2.0\sturen_medicatievoorschrift\cda_instance\mv-mp-vo-tst-6.7a-tijdstippen_flexibel.xml to C:\SourceTree\GitHub\HL7-mappings-gz\hl7_2_ada\mp\9.2.0\sturen_medicatievoorschrift\ada_instance\mv-mp-vo-tst-6.7a-tijdstippen_flexibel.xml
     [xslt] Processing C:\SourceTree\GitHub\HL7-mappings-gz\hl7_2_ada\mp\9.2.0\sturen_medicatievoorschrift\cda_instance\mv-mp-vo-tst-6.7b-tijdstippen_niet_flexibel.xml to C:\SourceTree\GitHub\HL7-mappings-gz\hl7_2_ada\mp\9.2.0\sturen_medicatievoorschrift\ada_instance\mv-mp-vo-tst-6.7b-tijdstippen_niet_flexibel.xml
     [xslt] Processing C:\SourceTree\GitHub\HL7-mappings-gz\hl7_2_ada\mp\9.2.0\sturen_medicatievoorschrift\cda_instance\mv-mp-vo-tst-6.8-weekdagen.xml to C:\SourceTree\GitHub\HL7-mappings-gz\hl7_2_ada\mp\9.2.0\sturen_medicatievoorschrift\ada_instance\mv-mp-vo-tst-6.8-weekdagen.xml
     [xslt] Processing C:\SourceTree\GitHub\HL7-mappings-gz\hl7_2_ada\mp\9.2.0\sturen_medicatievoorschrift\cda_instance\mv-mp-vo-tst-6.9-dagdeel.xml to C:\SourceTree\GitHub\HL7-mappings-gz\hl7_2_ada\mp\9.2.0\sturen_medicatievoorschrift\ada_instance\mv-mp-vo-tst-6.9-dagdeel.xml
     [xslt] Processing C:\SourceTree\GitHub\HL7-mappings-gz\hl7_2_ada\mp\9.2.0\sturen_medicatievoorschrift\cda_instance\mv-mp-vo-tst-7.1-alle_ingredienten.xml to C:\SourceTree\GitHub\HL7-mappings-gz\hl7_2_ada\mp\9.2.0\sturen_medicatievoorschrift\ada_instance\mv-mp-vo-tst-7.1-alle_ingredienten.xml
     [xslt] Processing C:\SourceTree\GitHub\HL7-mappings-gz\hl7_2_ada\mp\9.2.0\sturen_medicatievoorschrift\cda_instance\mv-mp-vo-tst-7.2-actief_ingredient.xml to C:\SourceTree\GitHub\HL7-mappings-gz\hl7_2_ada\mp\9.2.0\sturen_medicatievoorschrift\ada_instance\mv-mp-vo-tst-7.2-actief_ingredient.xml
     [xslt] Processing C:\SourceTree\GitHub\HL7-mappings-gz\hl7_2_ada\mp\9.2.0\sturen_medicatievoorschrift\cda_instance\mv-mp-vo-tst-7.3-90_miljoen_nummer.xml to C:\SourceTree\GitHub\HL7-mappings-gz\hl7_2_ada\mp\9.2.0\sturen_medicatievoorschrift\ada_instance\mv-mp-vo-tst-7.3-90_miljoen_nummer.xml
     [xslt] Processing C:\SourceTree\GitHub\HL7-mappings-gz\hl7_2_ada\mp\9.2.0\sturen_medicatievoorschrift\cda_instance\mv-mp-vo-tst-8.1-vv_andermans_ma.xml to C:\SourceTree\GitHub\HL7-mappings-gz\hl7_2_ada\mp\9.2.0\sturen_medicatievoorschrift\ada_instance\mv-mp-vo-tst-8.1-vv_andermans_ma.xml
     [xslt] Processing C:\SourceTree\GitHub\HL7-mappings-gz\hl7_2_ada\mp\9.2.0\sturen_medicatievoorschrift\cda_instance\mv-mp-vo-tst-8.2-staken_andermans_ma.xml to C:\SourceTree\GitHub\HL7-mappings-gz\hl7_2_ada\mp\9.2.0\sturen_medicatievoorschrift\ada_instance\mv-mp-vo-tst-8.2-staken_andermans_ma.xml
     [xslt] Processing C:\SourceTree\GitHub\HL7-mappings-gz\hl7_2_ada\mp\9.2.0\sturen_medicatievoorschrift\cda_instance\mv-mp-vo-tst-8.3-onderbreken_andermans_ma.xml to C:\SourceTree\GitHub\HL7-mappings-gz\hl7_2_ada\mp\9.2.0\sturen_medicatievoorschrift\ada_instance\mv-mp-vo-tst-8.3-onderbreken_andermans_ma.xml
     [xslt] Processing C:\SourceTree\GitHub\HL7-mappings-gz\hl7_2_ada\mp\9.2.0\sturen_medicatievoorschrift\cda_instance\mv-mp-vo-tst-8.4-wijzigen_andermans_ma.xml to C:\SourceTree\GitHub\HL7-mappings-gz\hl7_2_ada\mp\9.2.0\sturen_medicatievoorschrift\ada_instance\mv-mp-vo-tst-8.4-wijzigen_andermans_ma.xml
     [xslt] Processing C:\SourceTree\GitHub\HL7-mappings-gz\hl7_2_ada\mp\9.2.0\sturen_medicatievoorschrift\cda_instance\mv-mp-vo-tst-9.1a-verbruiksperiode_start_eind.xml to C:\SourceTree\GitHub\HL7-mappings-gz\hl7_2_ada\mp\9.2.0\sturen_medicatievoorschrift\ada_instance\mv-mp-vo-tst-9.1a-verbruiksperiode_start_eind.xml
     [xslt] Processing C:\SourceTree\GitHub\HL7-mappings-gz\hl7_2_ada\mp\9.2.0\sturen_medicatievoorschrift\cda_instance\mv-mp-vo-tst-9.1b-verbruiksperiode_einddatum.xml to C:\SourceTree\GitHub\HL7-mappings-gz\hl7_2_ada\mp\9.2.0\sturen_medicatievoorschrift\ada_instance\mv-mp-vo-tst-9.1b-verbruiksperiode_einddatum.xml
     [xslt] Processing C:\SourceTree\GitHub\HL7-mappings-gz\hl7_2_ada\mp\9.2.0\sturen_medicatievoorschrift\cda_instance\mv-mp-vo-tst-9.1c-verbruiksperiode_duur.xml to C:\SourceTree\GitHub\HL7-mappings-gz\hl7_2_ada\mp\9.2.0\sturen_medicatievoorschrift\ada_instance\mv-mp-vo-tst-9.1c-verbruiksperiode_duur.xml
     [xslt] Processing C:\SourceTree\GitHub\HL7-mappings-gz\hl7_2_ada\mp\9.2.0\sturen_medicatievoorschrift\cda_instance\mv-mp-vo-tst-9.2-herhalingen.xml to C:\SourceTree\GitHub\HL7-mappings-gz\hl7_2_ada\mp\9.2.0\sturen_medicatievoorschrift\ada_instance\mv-mp-vo-tst-9.2-herhalingen.xml
     [xslt] Processing C:\SourceTree\GitHub\HL7-mappings-gz\hl7_2_ada\mp\9.2.0\sturen_medicatievoorschrift\cda_instance\mv-mp-vo-tst-9.3-afleverlocatie.xml to C:\SourceTree\GitHub\HL7-mappings-gz\hl7_2_ada\mp\9.2.0\sturen_medicatievoorschrift\ada_instance\mv-mp-vo-tst-9.3-afleverlocatie.xml
     [xslt] Processing C:\SourceTree\GitHub\HL7-mappings-gz\hl7_2_ada\mp\9.2.0\sturen_medicatievoorschrift\cda_instance\mv-mp-vo-tst-9.4-financiele_indicatiecode.xml to C:\SourceTree\GitHub\HL7-mappings-gz\hl7_2_ada\mp\9.2.0\sturen_medicatievoorschrift\ada_instance\mv-mp-vo-tst-9.4-financiele_indicatiecode.xml

download-ivy:
     [echo] installing ivy...
      [get] Getting: https://repo1.maven.org/maven2/org/apache/ivy/ivy/2.5.0/ivy-2.5.0.jar
      [get] To: C:\SourceTree\GitHub\HL7-mappings-gz\_ant-buildfiles\ant-include\ivy\ivy.jar
      [get] Not modified - so not downloaded

install-ivy:

fetch-imports:
[ivy:resolve] :: Apache Ivy 2.5.0 - 20191020104435 :: https://ant.apache.org/ivy/ ::
[ivy:resolve] :: loading settings :: file = C:\SourceTree\GitHub\HL7-mappings-gz\_ant-buildfiles\ant-include\ivysettings.xml
[ivy:resolve] :: resolving dependencies :: nl.nictiz.decor#tools;working@NICT1-NB144087 [not transitive]
[ivy:resolve] 	confs: [default]
[ivy:resolve] 	found net.sf.saxon#Saxon-HE;9.9.1-7 in maven
[ivy:resolve] 	found xerces#xercesImpl;2.12.0 in maven
[ivy:resolve] :: resolution report :: resolve 104ms :: artifacts dl 22ms
	---------------------------------------------------------------------
	|                  |            modules            ||   artifacts   |
	|       conf       | number| search|dwnlded|evicted|| number|dwnlded|
	---------------------------------------------------------------------
	|      default     |   2   |   0   |   0   |   0   ||   6   |   0   |
	---------------------------------------------------------------------
[ivy:retrieve] :: retrieving :: nl.nictiz.decor#tools [sync]
[ivy:retrieve] 	confs: [default]
[ivy:retrieve] 	0 artifacts copied, 2 already retrieved (0kB/43ms)
[ivy:dependencytree] Dependency tree for nl.nictiz.decor-tools
[ivy:dependencytree] +- net.sf.saxon#Saxon-HE;9.9.1-7
[ivy:dependencytree] \- xerces#xercesImpl;2.12.0

roundtrip_hl7_2_ada_2_hl7_920:
    [mkdir] Created dir: C:\SourceTree\GitHub\HL7-mappings-gz\hl7_2_ada\mp\9.2.0\sturen_medicatievoorschrift\hl7_instance_roundtrip

download-ivy:
     [echo] installing ivy...
      [get] Getting: https://repo1.maven.org/maven2/org/apache/ivy/ivy/2.5.0/ivy-2.5.0.jar
      [get] To: C:\SourceTree\GitHub\HL7-mappings-gz\_ant-buildfiles\ant-include\ivy\ivy.jar
      [get] Not modified - so not downloaded

install-ivy:

fetch-imports:
[ivy:resolve] :: Apache Ivy 2.5.0 - 20191020104435 :: https://ant.apache.org/ivy/ ::
[ivy:resolve] :: loading settings :: file = C:\SourceTree\GitHub\HL7-mappings-gz\_ant-buildfiles\ant-include\ivysettings.xml
[ivy:resolve] :: resolving dependencies :: nl.nictiz.decor#tools;working@NICT1-NB144087 [not transitive]
[ivy:resolve] 	confs: [default]
[ivy:resolve] 	found net.sf.saxon#Saxon-HE;9.9.1-7 in maven
[ivy:resolve] 	found xerces#xercesImpl;2.12.0 in maven
[ivy:resolve] :: resolution report :: resolve 77ms :: artifacts dl 11ms
	---------------------------------------------------------------------
	|                  |            modules            ||   artifacts   |
	|       conf       | number| search|dwnlded|evicted|| number|dwnlded|
	---------------------------------------------------------------------
	|      default     |   2   |   0   |   0   |   0   ||   6   |   0   |
	---------------------------------------------------------------------
[ivy:retrieve] :: retrieving :: nl.nictiz.decor#tools [sync]
[ivy:retrieve] 	confs: [default]
[ivy:retrieve] 	0 artifacts copied, 2 already retrieved (0kB/28ms)
[ivy:dependencytree] Dependency tree for nl.nictiz.decor-tools
[ivy:dependencytree] +- net.sf.saxon#Saxon-HE;9.9.1-7
[ivy:dependencytree] \- xerces#xercesImpl;2.12.0

convert_hl7_2_ada_sub_920:
     [echo] Deleting previous results, if any
     [echo] 
     [echo] ADA to HL7 ../../sturen_medicatievoorschrift/../../../../ada_2_hl7/mp/9.2.0/sturen_medicatievoorschrift/payload/sturen_medicatievoorschrift_org.xsl input dir ../../sturen_medicatievoorschrift/ada_instance
     [xslt] Processing C:\SourceTree\GitHub\HL7-mappings-gz\hl7_2_ada\mp\9.2.0\sturen_medicatievoorschrift\ada_instance\mv-example-920-1.xml to C:\SourceTree\GitHub\HL7-mappings-gz\hl7_2_ada\mp\9.2.0\sturen_medicatievoorschrift\hl7_instance_roundtrip\mv-example-920-1.xml
     [xslt] Loading stylesheet C:\SourceTree\GitHub\HL7-mappings-gz\ada_2_hl7\mp\9.2.0\sturen_medicatievoorschrift\payload\sturen_medicatievoorschrift_org.xsl
     [xslt] C:\SourceTree\GitHub\HL7-mappings-gz\ada_2_hl7\zib2017bbr\2_hl7_zib2017bbr_include.xsl:15:378: Warning! Stylesheet module file:/C:/SourceTree/GitHub/HL7-mappings-gz/ada_2_hl7/zib2017bbr/2_hl7_zib2017bbr_include.xsl is included or imported more than once. This is permitted, but may lead to errors or unexpected behavior
     [xslt] C:\SourceTree\GitHub\HL7-mappings-gz\ada_2_hl7\zib1bbr\2_hl7_zib1bbr_include.xsl:15:301: Warning! Stylesheet module file:/C:/SourceTree/GitHub/HL7-mappings-gz/ada_2_hl7/zib1bbr/2_hl7_zib1bbr_include.xsl is included or imported more than once. This is permitted, but may lead to errors or unexpected behavior
     [xslt] C:\SourceTree\GitHub\HL7-mappings-gz\ada_2_hl7\hl7\2_hl7_hl7_include.xsl:16:437: Warning! Stylesheet module file:/C:/SourceTree/GitHub/HL7-mappings-gz/ada_2_hl7/hl7/2_hl7_hl7_include.xsl is included or imported more than once. This is permitted, but may lead to errors or unexpected behavior
     [xslt] C:\SourceTree\GitHub\HL7-mappings-gz\util\constants.xsl:15:203: Warning! Stylesheet module file:/C:/SourceTree/GitHub/HL7-mappings-gz/util/constants.xsl is included or imported more than once. This is permitted, but may lead to errors or unexpected behavior
     [xslt] C:\SourceTree\GitHub\HL7-mappings-gz\util\datetime.xsl:2:279: Warning! Stylesheet module file:/C:/SourceTree/GitHub/HL7-mappings-gz/util/datetime.xsl is included or imported more than once. This is permitted, but may lead to errors or unexpected behavior
     [xslt] C:\SourceTree\GitHub\HL7-mappings-gz\util\utilities.xsl:9:19: Warning! Stylesheet module file:/C:/SourceTree/GitHub/HL7-mappings-gz/util/utilities.xsl is included or imported more than once. This is permitted, but may lead to errors or unexpected behavior
     [xslt] C:\SourceTree\GitHub\HL7-mappings-gz\util\units.xsl:1:296: Warning! Stylesheet module file:/C:/SourceTree/GitHub/HL7-mappings-gz/util/units.xsl is included or imported more than once. This is permitted, but may lead to errors or unexpected behavior
     [xslt] C:\SourceTree\GitHub\HL7-mappings-gz\ada_2_hl7\zib2017bbr\payload\_ada2hl7_zib2017.xsl:15:467: Warning! Stylesheet module file:/C:/SourceTree/GitHub/HL7-mappings-gz/ada_2_hl7/zib2017bbr/payload/_ada2hl7_zib2017.xsl is included or imported more than once. This is permitted, but may lead to errors or unexpected behavior
     [xslt] C:\SourceTree\GitHub\HL7-mappings-gz\ada_2_hl7\zib2017bbr\2_hl7_zib2017bbr_include.xsl:15:378: Warning! Stylesheet module file:/C:/SourceTree/GitHub/HL7-mappings-gz/ada_2_hl7/zib2017bbr/2_hl7_zib2017bbr_include.xsl is included or imported more than once. This is permitted, but may lead to errors or unexpected behavior
     [xslt] C:\SourceTree\GitHub\HL7-mappings-gz\ada_2_hl7\zib1bbr\2_hl7_zib1bbr_include.xsl:15:301: Warning! Stylesheet module file:/C:/SourceTree/GitHub/HL7-mappings-gz/ada_2_hl7/zib1bbr/2_hl7_zib1bbr_include.xsl is included or imported more than once. This is permitted, but may lead to errors or unexpected behavior
     [xslt] C:\SourceTree\GitHub\HL7-mappings-gz\ada_2_hl7\hl7\2_hl7_hl7_include.xsl:16:437: Warning! Stylesheet module file:/C:/SourceTree/GitHub/HL7-mappings-gz/ada_2_hl7/hl7/2_hl7_hl7_include.xsl is included or imported more than once. This is permitted, but may lead to errors or unexpected behavior
     [xslt] C:\SourceTree\GitHub\HL7-mappings-gz\util\constants.xsl:15:203: Warning! Stylesheet module file:/C:/SourceTree/GitHub/HL7-mappings-gz/util/constants.xsl is included or imported more than once. This is permitted, but may lead to errors or unexpected behavior
     [xslt] C:\SourceTree\GitHub\HL7-mappings-gz\util\datetime.xsl:2:279: Warning! Stylesheet module file:/C:/SourceTree/GitHub/HL7-mappings-gz/util/datetime.xsl is included or imported more than once. This is permitted, but may lead to errors or unexpected behavior
     [xslt] C:\SourceTree\GitHub\HL7-mappings-gz\util\utilities.xsl:9:19: Warning! Stylesheet module file:/C:/SourceTree/GitHub/HL7-mappings-gz/util/utilities.xsl is included or imported more than once. This is permitted, but may lead to errors or unexpected behavior
     [xslt] C:\SourceTree\GitHub\HL7-mappings-gz\util\units.xsl:1:296: Warning! Stylesheet module file:/C:/SourceTree/GitHub/HL7-mappings-gz/util/units.xsl is included or imported more than once. This is permitted, but may lead to errors or unexpected behavior
     [xslt] C:\SourceTree\GitHub\HL7-mappings-gz\util\mp-functions.xsl:2:376: Warning! Stylesheet module file:/C:/SourceTree/GitHub/HL7-mappings-gz/util/mp-functions.xsl is included or imported more than once. This is permitted, but may lead to errors or unexpected behavior
     [xslt] C:\SourceTree\GitHub\HL7-mappings-gz\util\datetime.xsl:2:279: Warning! Stylesheet module file:/C:/SourceTree/GitHub/HL7-mappings-gz/util/datetime.xsl is included or imported more than once. This is permitted, but may lead to errors or unexpected behavior
     [xslt] C:\SourceTree\GitHub\HL7-mappings-gz\util\units.xsl:1:296: Warning! Stylesheet module file:/C:/SourceTree/GitHub/HL7-mappings-gz/util/units.xsl is included or imported more than once. This is permitted, but may lead to errors or unexpected behavior
     [xslt] C:\SourceTree\GitHub\HL7-mappings-gz\util\constants.xsl:15:203: Warning! Stylesheet module file:/C:/SourceTree/GitHub/HL7-mappings-gz/util/constants.xsl is included or imported more than once. This is permitted, but may lead to errors or unexpected behavior
     [xslt] C:\SourceTree\GitHub\HL7-mappings-gz\util\utilities.xsl:9:19: Warning! Stylesheet module file:/C:/SourceTree/GitHub/HL7-mappings-gz/util/utilities.xsl is included or imported more than once. This is permitted, but may lead to errors or unexpected behavior
     [xslt] Processing C:\SourceTree\GitHub\HL7-mappings-gz\hl7_2_ada\mp\9.2.0\sturen_medicatievoorschrift\ada_instance\mv-mp-vo-tst-1.1-ingangsdatum_einddatum.xml to C:\SourceTree\GitHub\HL7-mappings-gz\hl7_2_ada\mp\9.2.0\sturen_medicatievoorschrift\hl7_instance_roundtrip\mv-mp-vo-tst-1.1-ingangsdatum_einddatum.xml
     [xslt] Processing C:\SourceTree\GitHub\HL7-mappings-gz\hl7_2_ada\mp\9.2.0\sturen_medicatievoorschrift\ada_instance\mv-mp-vo-tst-1.2a-ingangdatum_duur_weken.xml to C:\SourceTree\GitHub\HL7-mappings-gz\hl7_2_ada\mp\9.2.0\sturen_medicatievoorschrift\hl7_instance_roundtrip\mv-mp-vo-tst-1.2a-ingangdatum_duur_weken.xml
     [xslt] Processing C:\SourceTree\GitHub\HL7-mappings-gz\hl7_2_ada\mp\9.2.0\sturen_medicatievoorschrift\ada_instance\mv-mp-vo-tst-1.2b-ingangsdatum_duur_dagen.xml to C:\SourceTree\GitHub\HL7-mappings-gz\hl7_2_ada\mp\9.2.0\sturen_medicatievoorschrift\hl7_instance_roundtrip\mv-mp-vo-tst-1.2b-ingangsdatum_duur_dagen.xml
     [xslt] Processing C:\SourceTree\GitHub\HL7-mappings-gz\hl7_2_ada\mp\9.2.0\sturen_medicatievoorschrift\ada_instance\mv-mp-vo-tst-1.3-chronische_medicatie.xml to C:\SourceTree\GitHub\HL7-mappings-gz\hl7_2_ada\mp\9.2.0\sturen_medicatievoorschrift\hl7_instance_roundtrip\mv-mp-vo-tst-1.3-chronische_medicatie.xml
     [xslt] Processing C:\SourceTree\GitHub\HL7-mappings-gz\hl7_2_ada\mp\9.2.0\sturen_medicatievoorschrift\ada_instance\mv-mp-vo-tst-1.4-extra_vv_andermans_ma.xml to C:\SourceTree\GitHub\HL7-mappings-gz\hl7_2_ada\mp\9.2.0\sturen_medicatievoorschrift\hl7_instance_roundtrip\mv-mp-vo-tst-1.4-extra_vv_andermans_ma.xml
     [xslt] Processing C:\SourceTree\GitHub\HL7-mappings-gz\hl7_2_ada\mp\9.2.0\sturen_medicatievoorschrift\ada_instance\mv-mp-vo-tst-1.5-eenheid_dosis_stuks.xml to C:\SourceTree\GitHub\HL7-mappings-gz\hl7_2_ada\mp\9.2.0\sturen_medicatievoorschrift\hl7_instance_roundtrip\mv-mp-vo-tst-1.5-eenheid_dosis_stuks.xml
     [xslt] Processing C:\SourceTree\GitHub\HL7-mappings-gz\hl7_2_ada\mp\9.2.0\sturen_medicatievoorschrift\ada_instance\mv-mp-vo-tst-10.1-hpk.xml to C:\SourceTree\GitHub\HL7-mappings-gz\hl7_2_ada\mp\9.2.0\sturen_medicatievoorschrift\hl7_instance_roundtrip\mv-mp-vo-tst-10.1-hpk.xml
     [xslt] Processing C:\SourceTree\GitHub\HL7-mappings-gz\hl7_2_ada\mp\9.2.0\sturen_medicatievoorschrift\ada_instance\mv-mp-vo-tst-10.2-zi_nummer.xml to C:\SourceTree\GitHub\HL7-mappings-gz\hl7_2_ada\mp\9.2.0\sturen_medicatievoorschrift\hl7_instance_roundtrip\mv-mp-vo-tst-10.2-zi_nummer.xml
     [xslt] Processing C:\SourceTree\GitHub\HL7-mappings-gz\hl7_2_ada\mp\9.2.0\sturen_medicatievoorschrift\ada_instance\mv-mp-vo-tst-13.1-contact_episode.xml to C:\SourceTree\GitHub\HL7-mappings-gz\hl7_2_ada\mp\9.2.0\sturen_medicatievoorschrift\hl7_instance_roundtrip\mv-mp-vo-tst-13.1-contact_episode.xml
     [xslt] Processing C:\SourceTree\GitHub\HL7-mappings-gz\hl7_2_ada\mp\9.2.0\sturen_medicatievoorschrift\ada_instance\mv-mp-vo-tst-2.1-aanvullendeinstructie.xml to C:\SourceTree\GitHub\HL7-mappings-gz\hl7_2_ada\mp\9.2.0\sturen_medicatievoorschrift\hl7_instance_roundtrip\mv-mp-vo-tst-2.1-aanvullendeinstructie.xml
     [xslt] Processing C:\SourceTree\GitHub\HL7-mappings-gz\hl7_2_ada\mp\9.2.0\sturen_medicatievoorschrift\ada_instance\mv-mp-vo-tst-2.2-toelichting.xml to C:\SourceTree\GitHub\HL7-mappings-gz\hl7_2_ada\mp\9.2.0\sturen_medicatievoorschrift\hl7_instance_roundtrip\mv-mp-vo-tst-2.2-toelichting.xml
     [xslt] Processing C:\SourceTree\GitHub\HL7-mappings-gz\hl7_2_ada\mp\9.2.0\sturen_medicatievoorschrift\ada_instance\mv-mp-vo-tst-2.3-redenvanvoorschrijven.xml to C:\SourceTree\GitHub\HL7-mappings-gz\hl7_2_ada\mp\9.2.0\sturen_medicatievoorschrift\hl7_instance_roundtrip\mv-mp-vo-tst-2.3-redenvanvoorschrijven.xml
     [xslt] Processing C:\SourceTree\GitHub\HL7-mappings-gz\hl7_2_ada\mp\9.2.0\sturen_medicatievoorschrift\ada_instance\mv-mp-vo-tst-2.4-toedieningsweg.xml to C:\SourceTree\GitHub\HL7-mappings-gz\hl7_2_ada\mp\9.2.0\sturen_medicatievoorschrift\hl7_instance_roundtrip\mv-mp-vo-tst-2.4-toedieningsweg.xml
     [xslt] Processing C:\SourceTree\GitHub\HL7-mappings-gz\hl7_2_ada\mp\9.2.0\sturen_medicatievoorschrift\ada_instance\mv-mp-vo-tst-2.5-aanvullendeinformatiewensen.xml to C:\SourceTree\GitHub\HL7-mappings-gz\hl7_2_ada\mp\9.2.0\sturen_medicatievoorschrift\hl7_instance_roundtrip\mv-mp-vo-tst-2.5-aanvullendeinformatiewensen.xml
     [xslt] Processing C:\SourceTree\GitHub\HL7-mappings-gz\hl7_2_ada\mp\9.2.0\sturen_medicatievoorschrift\ada_instance\mv-mp-vo-tst-2.6-toedieningsweglos.xml to C:\SourceTree\GitHub\HL7-mappings-gz\hl7_2_ada\mp\9.2.0\sturen_medicatievoorschrift\hl7_instance_roundtrip\mv-mp-vo-tst-2.6-toedieningsweglos.xml
     [xslt] Processing C:\SourceTree\GitHub\HL7-mappings-gz\hl7_2_ada\mp\9.2.0\sturen_medicatievoorschrift\ada_instance\mv-mp-vo-tst-3.1-stopma_met_redenstaken.xml to C:\SourceTree\GitHub\HL7-mappings-gz\hl7_2_ada\mp\9.2.0\sturen_medicatievoorschrift\hl7_instance_roundtrip\mv-mp-vo-tst-3.1-stopma_met_redenstaken.xml
     [xslt] Processing C:\SourceTree\GitHub\HL7-mappings-gz\hl7_2_ada\mp\9.2.0\sturen_medicatievoorschrift\ada_instance\mv-mp-vo-tst-3.2-wijzigma_toelichting.xml to C:\SourceTree\GitHub\HL7-mappings-gz\hl7_2_ada\mp\9.2.0\sturen_medicatievoorschrift\hl7_instance_roundtrip\mv-mp-vo-tst-3.2-wijzigma_toelichting.xml
     [xslt] Processing C:\SourceTree\GitHub\HL7-mappings-gz\hl7_2_ada\mp\9.2.0\sturen_medicatievoorschrift\ada_instance\mv-mp-vo-tst-3.3-wijzigma_redenvanvoorschrijven.xml to C:\SourceTree\GitHub\HL7-mappings-gz\hl7_2_ada\mp\9.2.0\sturen_medicatievoorschrift\hl7_instance_roundtrip\mv-mp-vo-tst-3.3-wijzigma_redenvanvoorschrijven.xml
     [xslt] Processing C:\SourceTree\GitHub\HL7-mappings-gz\hl7_2_ada\mp\9.2.0\sturen_medicatievoorschrift\ada_instance\mv-mp-vo-tst-3.4-onderbrekenma.xml to C:\SourceTree\GitHub\HL7-mappings-gz\hl7_2_ada\mp\9.2.0\sturen_medicatievoorschrift\hl7_instance_roundtrip\mv-mp-vo-tst-3.4-onderbrekenma.xml
     [xslt] Processing C:\SourceTree\GitHub\HL7-mappings-gz\hl7_2_ada\mp\9.2.0\sturen_medicatievoorschrift\ada_instance\mv-mp-vo-tst-4.1-a_lengte_gewicht.xml to C:\SourceTree\GitHub\HL7-mappings-gz\hl7_2_ada\mp\9.2.0\sturen_medicatievoorschrift\hl7_instance_roundtrip\mv-mp-vo-tst-4.1-a_lengte_gewicht.xml
     [xslt] Processing C:\SourceTree\GitHub\HL7-mappings-gz\hl7_2_ada\mp\9.2.0\sturen_medicatievoorschrift\ada_instance\mv-mp-vo-tst-4.1-b_lengte_gewicht_persistent.xml to C:\SourceTree\GitHub\HL7-mappings-gz\hl7_2_ada\mp\9.2.0\sturen_medicatievoorschrift\hl7_instance_roundtrip\mv-mp-vo-tst-4.1-b_lengte_gewicht_persistent.xml
     [xslt] Processing C:\SourceTree\GitHub\HL7-mappings-gz\hl7_2_ada\mp\9.2.0\sturen_medicatievoorschrift\ada_instance\mv-mp-vo-tst-6.1-variabele_frequentie.xml to C:\SourceTree\GitHub\HL7-mappings-gz\hl7_2_ada\mp\9.2.0\sturen_medicatievoorschrift\hl7_instance_roundtrip\mv-mp-vo-tst-6.1-variabele_frequentie.xml
     [xslt] Processing C:\SourceTree\GitHub\HL7-mappings-gz\hl7_2_ada\mp\9.2.0\sturen_medicatievoorschrift\ada_instance\mv-mp-vo-tst-6.10-cyclisch_schema.xml to C:\SourceTree\GitHub\HL7-mappings-gz\hl7_2_ada\mp\9.2.0\sturen_medicatievoorschrift\hl7_instance_roundtrip\mv-mp-vo-tst-6.10-cyclisch_schema.xml
     [xslt] Processing C:\SourceTree\GitHub\HL7-mappings-gz\hl7_2_ada\mp\9.2.0\sturen_medicatievoorschrift\ada_instance\mv-mp-vo-tst-6.11-afbouwschema.xml to C:\SourceTree\GitHub\HL7-mappings-gz\hl7_2_ada\mp\9.2.0\sturen_medicatievoorschrift\hl7_instance_roundtrip\mv-mp-vo-tst-6.11-afbouwschema.xml
     [xslt] Processing C:\SourceTree\GitHub\HL7-mappings-gz\hl7_2_ada\mp\9.2.0\sturen_medicatievoorschrift\ada_instance\mv-mp-vo-tst-6.12-variabele_hoeveelheid_en_maximum.xml to C:\SourceTree\GitHub\HL7-mappings-gz\hl7_2_ada\mp\9.2.0\sturen_medicatievoorschrift\hl7_instance_roundtrip\mv-mp-vo-tst-6.12-variabele_hoeveelheid_en_maximum.xml
     [xslt] Processing C:\SourceTree\GitHub\HL7-mappings-gz\hl7_2_ada\mp\9.2.0\sturen_medicatievoorschrift\ada_instance\mv-mp-vo-tst-6.13-toedieningssnelheid.xml to C:\SourceTree\GitHub\HL7-mappings-gz\hl7_2_ada\mp\9.2.0\sturen_medicatievoorschrift\hl7_instance_roundtrip\mv-mp-vo-tst-6.13-toedieningssnelheid.xml
     [xslt] Processing C:\SourceTree\GitHub\HL7-mappings-gz\hl7_2_ada\mp\9.2.0\sturen_medicatievoorschrift\ada_instance\mv-mp-vo-tst-6.14-toedieningsduur.xml to C:\SourceTree\GitHub\HL7-mappings-gz\hl7_2_ada\mp\9.2.0\sturen_medicatievoorschrift\hl7_instance_roundtrip\mv-mp-vo-tst-6.14-toedieningsduur.xml
     [xslt] Processing C:\SourceTree\GitHub\HL7-mappings-gz\hl7_2_ada\mp\9.2.0\sturen_medicatievoorschrift\ada_instance\mv-mp-vo-tst-6.15-zonodig.xml to C:\SourceTree\GitHub\HL7-mappings-gz\hl7_2_ada\mp\9.2.0\sturen_medicatievoorschrift\hl7_instance_roundtrip\mv-mp-vo-tst-6.15-zonodig.xml
     [xslt] Processing C:\SourceTree\GitHub\HL7-mappings-gz\hl7_2_ada\mp\9.2.0\sturen_medicatievoorschrift\ada_instance\mv-mp-vo-tst-6.2-interval.xml to C:\SourceTree\GitHub\HL7-mappings-gz\hl7_2_ada\mp\9.2.0\sturen_medicatievoorschrift\hl7_instance_roundtrip\mv-mp-vo-tst-6.2-interval.xml
     [xslt] Processing C:\SourceTree\GitHub\HL7-mappings-gz\hl7_2_ada\mp\9.2.0\sturen_medicatievoorschrift\ada_instance\mv-mp-vo-tst-6.3-variabele_hoeveelheid.xml to C:\SourceTree\GitHub\HL7-mappings-gz\hl7_2_ada\mp\9.2.0\sturen_medicatievoorschrift\hl7_instance_roundtrip\mv-mp-vo-tst-6.3-variabele_hoeveelheid.xml
     [xslt] Processing C:\SourceTree\GitHub\HL7-mappings-gz\hl7_2_ada\mp\9.2.0\sturen_medicatievoorschrift\ada_instance\mv-mp-vo-tst-6.4-zonder_keerdosis.xml to C:\SourceTree\GitHub\HL7-mappings-gz\hl7_2_ada\mp\9.2.0\sturen_medicatievoorschrift\hl7_instance_roundtrip\mv-mp-vo-tst-6.4-zonder_keerdosis.xml
     [xslt] Processing C:\SourceTree\GitHub\HL7-mappings-gz\hl7_2_ada\mp\9.2.0\sturen_medicatievoorschrift\ada_instance\mv-mp-vo-tst-6.5-bijzondere_keerdosis.xml to C:\SourceTree\GitHub\HL7-mappings-gz\hl7_2_ada\mp\9.2.0\sturen_medicatievoorschrift\hl7_instance_roundtrip\mv-mp-vo-tst-6.5-bijzondere_keerdosis.xml
     [xslt] Processing C:\SourceTree\GitHub\HL7-mappings-gz\hl7_2_ada\mp\9.2.0\sturen_medicatievoorschrift\ada_instance\mv-mp-vo-tst-6.6-variabele_hoeveelheid_2.xml to C:\SourceTree\GitHub\HL7-mappings-gz\hl7_2_ada\mp\9.2.0\sturen_medicatievoorschrift\hl7_instance_roundtrip\mv-mp-vo-tst-6.6-variabele_hoeveelheid_2.xml
     [xslt] Processing C:\SourceTree\GitHub\HL7-mappings-gz\hl7_2_ada\mp\9.2.0\sturen_medicatievoorschrift\ada_instance\mv-mp-vo-tst-6.7a-tijdstippen_flexibel.xml to C:\SourceTree\GitHub\HL7-mappings-gz\hl7_2_ada\mp\9.2.0\sturen_medicatievoorschrift\hl7_instance_roundtrip\mv-mp-vo-tst-6.7a-tijdstippen_flexibel.xml
     [xslt] Processing C:\SourceTree\GitHub\HL7-mappings-gz\hl7_2_ada\mp\9.2.0\sturen_medicatievoorschrift\ada_instance\mv-mp-vo-tst-6.7b-tijdstippen_niet_flexibel.xml to C:\SourceTree\GitHub\HL7-mappings-gz\hl7_2_ada\mp\9.2.0\sturen_medicatievoorschrift\hl7_instance_roundtrip\mv-mp-vo-tst-6.7b-tijdstippen_niet_flexibel.xml
     [xslt] Processing C:\SourceTree\GitHub\HL7-mappings-gz\hl7_2_ada\mp\9.2.0\sturen_medicatievoorschrift\ada_instance\mv-mp-vo-tst-6.8-weekdagen.xml to C:\SourceTree\GitHub\HL7-mappings-gz\hl7_2_ada\mp\9.2.0\sturen_medicatievoorschrift\hl7_instance_roundtrip\mv-mp-vo-tst-6.8-weekdagen.xml
     [xslt] Processing C:\SourceTree\GitHub\HL7-mappings-gz\hl7_2_ada\mp\9.2.0\sturen_medicatievoorschrift\ada_instance\mv-mp-vo-tst-6.9-dagdeel.xml to C:\SourceTree\GitHub\HL7-mappings-gz\hl7_2_ada\mp\9.2.0\sturen_medicatievoorschrift\hl7_instance_roundtrip\mv-mp-vo-tst-6.9-dagdeel.xml
     [xslt] Processing C:\SourceTree\GitHub\HL7-mappings-gz\hl7_2_ada\mp\9.2.0\sturen_medicatievoorschrift\ada_instance\mv-mp-vo-tst-7.1-alle_ingredienten.xml to C:\SourceTree\GitHub\HL7-mappings-gz\hl7_2_ada\mp\9.2.0\sturen_medicatievoorschrift\hl7_instance_roundtrip\mv-mp-vo-tst-7.1-alle_ingredienten.xml
     [xslt] Processing C:\SourceTree\GitHub\HL7-mappings-gz\hl7_2_ada\mp\9.2.0\sturen_medicatievoorschrift\ada_instance\mv-mp-vo-tst-7.2-actief_ingredient.xml to C:\SourceTree\GitHub\HL7-mappings-gz\hl7_2_ada\mp\9.2.0\sturen_medicatievoorschrift\hl7_instance_roundtrip\mv-mp-vo-tst-7.2-actief_ingredient.xml
     [xslt] Processing C:\SourceTree\GitHub\HL7-mappings-gz\hl7_2_ada\mp\9.2.0\sturen_medicatievoorschrift\ada_instance\mv-mp-vo-tst-7.3-90_miljoen_nummer.xml to C:\SourceTree\GitHub\HL7-mappings-gz\hl7_2_ada\mp\9.2.0\sturen_medicatievoorschrift\hl7_instance_roundtrip\mv-mp-vo-tst-7.3-90_miljoen_nummer.xml
     [xslt] Processing C:\SourceTree\GitHub\HL7-mappings-gz\hl7_2_ada\mp\9.2.0\sturen_medicatievoorschrift\ada_instance\mv-mp-vo-tst-8.1-vv_andermans_ma.xml to C:\SourceTree\GitHub\HL7-mappings-gz\hl7_2_ada\mp\9.2.0\sturen_medicatievoorschrift\hl7_instance_roundtrip\mv-mp-vo-tst-8.1-vv_andermans_ma.xml
     [xslt] Processing C:\SourceTree\GitHub\HL7-mappings-gz\hl7_2_ada\mp\9.2.0\sturen_medicatievoorschrift\ada_instance\mv-mp-vo-tst-8.2-staken_andermans_ma.xml to C:\SourceTree\GitHub\HL7-mappings-gz\hl7_2_ada\mp\9.2.0\sturen_medicatievoorschrift\hl7_instance_roundtrip\mv-mp-vo-tst-8.2-staken_andermans_ma.xml
     [xslt] Processing C:\SourceTree\GitHub\HL7-mappings-gz\hl7_2_ada\mp\9.2.0\sturen_medicatievoorschrift\ada_instance\mv-mp-vo-tst-8.3-onderbreken_andermans_ma.xml to C:\SourceTree\GitHub\HL7-mappings-gz\hl7_2_ada\mp\9.2.0\sturen_medicatievoorschrift\hl7_instance_roundtrip\mv-mp-vo-tst-8.3-onderbreken_andermans_ma.xml
     [xslt] Processing C:\SourceTree\GitHub\HL7-mappings-gz\hl7_2_ada\mp\9.2.0\sturen_medicatievoorschrift\ada_instance\mv-mp-vo-tst-8.4-wijzigen_andermans_ma.xml to C:\SourceTree\GitHub\HL7-mappings-gz\hl7_2_ada\mp\9.2.0\sturen_medicatievoorschrift\hl7_instance_roundtrip\mv-mp-vo-tst-8.4-wijzigen_andermans_ma.xml
     [xslt] Processing C:\SourceTree\GitHub\HL7-mappings-gz\hl7_2_ada\mp\9.2.0\sturen_medicatievoorschrift\ada_instance\mv-mp-vo-tst-9.1a-verbruiksperiode_start_eind.xml to C:\SourceTree\GitHub\HL7-mappings-gz\hl7_2_ada\mp\9.2.0\sturen_medicatievoorschrift\hl7_instance_roundtrip\mv-mp-vo-tst-9.1a-verbruiksperiode_start_eind.xml
     [xslt] Processing C:\SourceTree\GitHub\HL7-mappings-gz\hl7_2_ada\mp\9.2.0\sturen_medicatievoorschrift\ada_instance\mv-mp-vo-tst-9.1b-verbruiksperiode_einddatum.xml to C:\SourceTree\GitHub\HL7-mappings-gz\hl7_2_ada\mp\9.2.0\sturen_medicatievoorschrift\hl7_instance_roundtrip\mv-mp-vo-tst-9.1b-verbruiksperiode_einddatum.xml
     [xslt] Processing C:\SourceTree\GitHub\HL7-mappings-gz\hl7_2_ada\mp\9.2.0\sturen_medicatievoorschrift\ada_instance\mv-mp-vo-tst-9.1c-verbruiksperiode_duur.xml to C:\SourceTree\GitHub\HL7-mappings-gz\hl7_2_ada\mp\9.2.0\sturen_medicatievoorschrift\hl7_instance_roundtrip\mv-mp-vo-tst-9.1c-verbruiksperiode_duur.xml
     [xslt] Processing C:\SourceTree\GitHub\HL7-mappings-gz\hl7_2_ada\mp\9.2.0\sturen_medicatievoorschrift\ada_instance\mv-mp-vo-tst-9.2-herhalingen.xml to C:\SourceTree\GitHub\HL7-mappings-gz\hl7_2_ada\mp\9.2.0\sturen_medicatievoorschrift\hl7_instance_roundtrip\mv-mp-vo-tst-9.2-herhalingen.xml
     [xslt] Processing C:\SourceTree\GitHub\HL7-mappings-gz\hl7_2_ada\mp\9.2.0\sturen_medicatievoorschrift\ada_instance\mv-mp-vo-tst-9.3-afleverlocatie.xml to C:\SourceTree\GitHub\HL7-mappings-gz\hl7_2_ada\mp\9.2.0\sturen_medicatievoorschrift\hl7_instance_roundtrip\mv-mp-vo-tst-9.3-afleverlocatie.xml
     [xslt] Processing C:\SourceTree\GitHub\HL7-mappings-gz\hl7_2_ada\mp\9.2.0\sturen_medicatievoorschrift\ada_instance\mv-mp-vo-tst-9.4-financiele_indicatiecode.xml to C:\SourceTree\GitHub\HL7-mappings-gz\hl7_2_ada\mp\9.2.0\sturen_medicatievoorschrift\hl7_instance_roundtrip\mv-mp-vo-tst-9.4-financiele_indicatiecode.xml

download-ivy:
     [echo] installing ivy...
      [get] Getting: https://repo1.maven.org/maven2/org/apache/ivy/ivy/2.5.0/ivy-2.5.0.jar
      [get] To: C:\SourceTree\GitHub\HL7-mappings-gz\_ant-buildfiles\ant-include\ivy\ivy.jar
      [get] Not modified - so not downloaded

install-ivy:

fetch-imports:
[ivy:resolve] :: Apache Ivy 2.5.0 - 20191020104435 :: https://ant.apache.org/ivy/ ::
[ivy:resolve] :: loading settings :: file = C:\SourceTree\GitHub\HL7-mappings-gz\_ant-buildfiles\ant-include\ivysettings.xml
[ivy:resolve] :: resolving dependencies :: nl.nictiz.decor#tools;working@NICT1-NB144087 [not transitive]
[ivy:resolve] 	confs: [default]
[ivy:resolve] 	found net.sf.saxon#Saxon-HE;9.9.1-7 in maven
[ivy:resolve] 	found xerces#xercesImpl;2.12.0 in maven
[ivy:resolve] :: resolution report :: resolve 80ms :: artifacts dl 12ms
	---------------------------------------------------------------------
	|                  |            modules            ||   artifacts   |
	|       conf       | number| search|dwnlded|evicted|| number|dwnlded|
	---------------------------------------------------------------------
	|      default     |   2   |   0   |   0   |   0   ||   6   |   0   |
	---------------------------------------------------------------------
[ivy:retrieve] :: retrieving :: nl.nictiz.decor#tools [sync]
[ivy:retrieve] 	confs: [default]
[ivy:retrieve] 	0 artifacts copied, 2 already retrieved (0kB/28ms)
[ivy:dependencytree] Dependency tree for nl.nictiz.decor-tools
[ivy:dependencytree] +- net.sf.saxon#Saxon-HE;9.9.1-7
[ivy:dependencytree] \- xerces#xercesImpl;2.12.0

convert_hl7_2_ada_sub:
     [echo] Deleting previous results, if any
     [echo] 
     [echo] ADA to HL7 ../../sturen_medicatievoorschrift/../../../../ada_2_hl7/mp/MP9_Transform_Organizer2CDA.xsl input dir ../../sturen_medicatievoorschrift/hl7_instance_roundtrip
     [xslt] Processing C:\SourceTree\GitHub\HL7-mappings-gz\hl7_2_ada\mp\9.2.0\sturen_medicatievoorschrift\hl7_instance_roundtrip\mv-example-920-1.xml to C:\SourceTree\GitHub\HL7-mappings-gz\hl7_2_ada\mp\9.2.0\sturen_medicatievoorschrift\cda_instance_roundtrip\mv-example-920-1.xml
     [xslt] Loading stylesheet C:\SourceTree\GitHub\HL7-mappings-gz\ada_2_hl7\mp\MP9_Transform_Organizer2CDA.xsl
     [xslt] Processing C:\SourceTree\GitHub\HL7-mappings-gz\hl7_2_ada\mp\9.2.0\sturen_medicatievoorschrift\hl7_instance_roundtrip\mv-mp-vo-tst-1.1-ingangsdatum_einddatum.xml to C:\SourceTree\GitHub\HL7-mappings-gz\hl7_2_ada\mp\9.2.0\sturen_medicatievoorschrift\cda_instance_roundtrip\mv-mp-vo-tst-1.1-ingangsdatum_einddatum.xml
     [xslt] Processing C:\SourceTree\GitHub\HL7-mappings-gz\hl7_2_ada\mp\9.2.0\sturen_medicatievoorschrift\hl7_instance_roundtrip\mv-mp-vo-tst-1.2a-ingangdatum_duur_weken.xml to C:\SourceTree\GitHub\HL7-mappings-gz\hl7_2_ada\mp\9.2.0\sturen_medicatievoorschrift\cda_instance_roundtrip\mv-mp-vo-tst-1.2a-ingangdatum_duur_weken.xml
     [xslt] Processing C:\SourceTree\GitHub\HL7-mappings-gz\hl7_2_ada\mp\9.2.0\sturen_medicatievoorschrift\hl7_instance_roundtrip\mv-mp-vo-tst-1.2b-ingangsdatum_duur_dagen.xml to C:\SourceTree\GitHub\HL7-mappings-gz\hl7_2_ada\mp\9.2.0\sturen_medicatievoorschrift\cda_instance_roundtrip\mv-mp-vo-tst-1.2b-ingangsdatum_duur_dagen.xml
     [xslt] Processing C:\SourceTree\GitHub\HL7-mappings-gz\hl7_2_ada\mp\9.2.0\sturen_medicatievoorschrift\hl7_instance_roundtrip\mv-mp-vo-tst-1.3-chronische_medicatie.xml to C:\SourceTree\GitHub\HL7-mappings-gz\hl7_2_ada\mp\9.2.0\sturen_medicatievoorschrift\cda_instance_roundtrip\mv-mp-vo-tst-1.3-chronische_medicatie.xml
     [xslt] Processing C:\SourceTree\GitHub\HL7-mappings-gz\hl7_2_ada\mp\9.2.0\sturen_medicatievoorschrift\hl7_instance_roundtrip\mv-mp-vo-tst-1.4-extra_vv_andermans_ma.xml to C:\SourceTree\GitHub\HL7-mappings-gz\hl7_2_ada\mp\9.2.0\sturen_medicatievoorschrift\cda_instance_roundtrip\mv-mp-vo-tst-1.4-extra_vv_andermans_ma.xml
     [xslt] Processing C:\SourceTree\GitHub\HL7-mappings-gz\hl7_2_ada\mp\9.2.0\sturen_medicatievoorschrift\hl7_instance_roundtrip\mv-mp-vo-tst-1.5-eenheid_dosis_stuks.xml to C:\SourceTree\GitHub\HL7-mappings-gz\hl7_2_ada\mp\9.2.0\sturen_medicatievoorschrift\cda_instance_roundtrip\mv-mp-vo-tst-1.5-eenheid_dosis_stuks.xml
     [xslt] Processing C:\SourceTree\GitHub\HL7-mappings-gz\hl7_2_ada\mp\9.2.0\sturen_medicatievoorschrift\hl7_instance_roundtrip\mv-mp-vo-tst-10.1-hpk.xml to C:\SourceTree\GitHub\HL7-mappings-gz\hl7_2_ada\mp\9.2.0\sturen_medicatievoorschrift\cda_instance_roundtrip\mv-mp-vo-tst-10.1-hpk.xml
     [xslt] Processing C:\SourceTree\GitHub\HL7-mappings-gz\hl7_2_ada\mp\9.2.0\sturen_medicatievoorschrift\hl7_instance_roundtrip\mv-mp-vo-tst-10.2-zi_nummer.xml to C:\SourceTree\GitHub\HL7-mappings-gz\hl7_2_ada\mp\9.2.0\sturen_medicatievoorschrift\cda_instance_roundtrip\mv-mp-vo-tst-10.2-zi_nummer.xml
     [xslt] Processing C:\SourceTree\GitHub\HL7-mappings-gz\hl7_2_ada\mp\9.2.0\sturen_medicatievoorschrift\hl7_instance_roundtrip\mv-mp-vo-tst-13.1-contact_episode.xml to C:\SourceTree\GitHub\HL7-mappings-gz\hl7_2_ada\mp\9.2.0\sturen_medicatievoorschrift\cda_instance_roundtrip\mv-mp-vo-tst-13.1-contact_episode.xml
     [xslt] Processing C:\SourceTree\GitHub\HL7-mappings-gz\hl7_2_ada\mp\9.2.0\sturen_medicatievoorschrift\hl7_instance_roundtrip\mv-mp-vo-tst-2.1-aanvullendeinstructie.xml to C:\SourceTree\GitHub\HL7-mappings-gz\hl7_2_ada\mp\9.2.0\sturen_medicatievoorschrift\cda_instance_roundtrip\mv-mp-vo-tst-2.1-aanvullendeinstructie.xml
     [xslt] Processing C:\SourceTree\GitHub\HL7-mappings-gz\hl7_2_ada\mp\9.2.0\sturen_medicatievoorschrift\hl7_instance_roundtrip\mv-mp-vo-tst-2.2-toelichting.xml to C:\SourceTree\GitHub\HL7-mappings-gz\hl7_2_ada\mp\9.2.0\sturen_medicatievoorschrift\cda_instance_roundtrip\mv-mp-vo-tst-2.2-toelichting.xml
     [xslt] Processing C:\SourceTree\GitHub\HL7-mappings-gz\hl7_2_ada\mp\9.2.0\sturen_medicatievoorschrift\hl7_instance_roundtrip\mv-mp-vo-tst-2.3-redenvanvoorschrijven.xml to C:\SourceTree\GitHub\HL7-mappings-gz\hl7_2_ada\mp\9.2.0\sturen_medicatievoorschrift\cda_instance_roundtrip\mv-mp-vo-tst-2.3-redenvanvoorschrijven.xml
     [xslt] Processing C:\SourceTree\GitHub\HL7-mappings-gz\hl7_2_ada\mp\9.2.0\sturen_medicatievoorschrift\hl7_instance_roundtrip\mv-mp-vo-tst-2.4-toedieningsweg.xml to C:\SourceTree\GitHub\HL7-mappings-gz\hl7_2_ada\mp\9.2.0\sturen_medicatievoorschrift\cda_instance_roundtrip\mv-mp-vo-tst-2.4-toedieningsweg.xml
     [xslt] Processing C:\SourceTree\GitHub\HL7-mappings-gz\hl7_2_ada\mp\9.2.0\sturen_medicatievoorschrift\hl7_instance_roundtrip\mv-mp-vo-tst-2.5-aanvullendeinformatiewensen.xml to C:\SourceTree\GitHub\HL7-mappings-gz\hl7_2_ada\mp\9.2.0\sturen_medicatievoorschrift\cda_instance_roundtrip\mv-mp-vo-tst-2.5-aanvullendeinformatiewensen.xml
     [xslt] Processing C:\SourceTree\GitHub\HL7-mappings-gz\hl7_2_ada\mp\9.2.0\sturen_medicatievoorschrift\hl7_instance_roundtrip\mv-mp-vo-tst-2.6-toedieningsweglos.xml to C:\SourceTree\GitHub\HL7-mappings-gz\hl7_2_ada\mp\9.2.0\sturen_medicatievoorschrift\cda_instance_roundtrip\mv-mp-vo-tst-2.6-toedieningsweglos.xml
     [xslt] Processing C:\SourceTree\GitHub\HL7-mappings-gz\hl7_2_ada\mp\9.2.0\sturen_medicatievoorschrift\hl7_instance_roundtrip\mv-mp-vo-tst-3.1-stopma_met_redenstaken.xml to C:\SourceTree\GitHub\HL7-mappings-gz\hl7_2_ada\mp\9.2.0\sturen_medicatievoorschrift\cda_instance_roundtrip\mv-mp-vo-tst-3.1-stopma_met_redenstaken.xml
     [xslt] Processing C:\SourceTree\GitHub\HL7-mappings-gz\hl7_2_ada\mp\9.2.0\sturen_medicatievoorschrift\hl7_instance_roundtrip\mv-mp-vo-tst-3.2-wijzigma_toelichting.xml to C:\SourceTree\GitHub\HL7-mappings-gz\hl7_2_ada\mp\9.2.0\sturen_medicatievoorschrift\cda_instance_roundtrip\mv-mp-vo-tst-3.2-wijzigma_toelichting.xml
     [xslt] Processing C:\SourceTree\GitHub\HL7-mappings-gz\hl7_2_ada\mp\9.2.0\sturen_medicatievoorschrift\hl7_instance_roundtrip\mv-mp-vo-tst-3.3-wijzigma_redenvanvoorschrijven.xml to C:\SourceTree\GitHub\HL7-mappings-gz\hl7_2_ada\mp\9.2.0\sturen_medicatievoorschrift\cda_instance_roundtrip\mv-mp-vo-tst-3.3-wijzigma_redenvanvoorschrijven.xml
     [xslt] Processing C:\SourceTree\GitHub\HL7-mappings-gz\hl7_2_ada\mp\9.2.0\sturen_medicatievoorschrift\hl7_instance_roundtrip\mv-mp-vo-tst-3.4-onderbrekenma.xml to C:\SourceTree\GitHub\HL7-mappings-gz\hl7_2_ada\mp\9.2.0\sturen_medicatievoorschrift\cda_instance_roundtrip\mv-mp-vo-tst-3.4-onderbrekenma.xml
     [xslt] Processing C:\SourceTree\GitHub\HL7-mappings-gz\hl7_2_ada\mp\9.2.0\sturen_medicatievoorschrift\hl7_instance_roundtrip\mv-mp-vo-tst-4.1-a_lengte_gewicht.xml to C:\SourceTree\GitHub\HL7-mappings-gz\hl7_2_ada\mp\9.2.0\sturen_medicatievoorschrift\cda_instance_roundtrip\mv-mp-vo-tst-4.1-a_lengte_gewicht.xml
     [xslt] Processing C:\SourceTree\GitHub\HL7-mappings-gz\hl7_2_ada\mp\9.2.0\sturen_medicatievoorschrift\hl7_instance_roundtrip\mv-mp-vo-tst-4.1-b_lengte_gewicht_persistent.xml to C:\SourceTree\GitHub\HL7-mappings-gz\hl7_2_ada\mp\9.2.0\sturen_medicatievoorschrift\cda_instance_roundtrip\mv-mp-vo-tst-4.1-b_lengte_gewicht_persistent.xml
     [xslt] Processing C:\SourceTree\GitHub\HL7-mappings-gz\hl7_2_ada\mp\9.2.0\sturen_medicatievoorschrift\hl7_instance_roundtrip\mv-mp-vo-tst-6.1-variabele_frequentie.xml to C:\SourceTree\GitHub\HL7-mappings-gz\hl7_2_ada\mp\9.2.0\sturen_medicatievoorschrift\cda_instance_roundtrip\mv-mp-vo-tst-6.1-variabele_frequentie.xml
     [xslt] Processing C:\SourceTree\GitHub\HL7-mappings-gz\hl7_2_ada\mp\9.2.0\sturen_medicatievoorschrift\hl7_instance_roundtrip\mv-mp-vo-tst-6.10-cyclisch_schema.xml to C:\SourceTree\GitHub\HL7-mappings-gz\hl7_2_ada\mp\9.2.0\sturen_medicatievoorschrift\cda_instance_roundtrip\mv-mp-vo-tst-6.10-cyclisch_schema.xml
     [xslt] Processing C:\SourceTree\GitHub\HL7-mappings-gz\hl7_2_ada\mp\9.2.0\sturen_medicatievoorschrift\hl7_instance_roundtrip\mv-mp-vo-tst-6.11-afbouwschema.xml to C:\SourceTree\GitHub\HL7-mappings-gz\hl7_2_ada\mp\9.2.0\sturen_medicatievoorschrift\cda_instance_roundtrip\mv-mp-vo-tst-6.11-afbouwschema.xml
     [xslt] Processing C:\SourceTree\GitHub\HL7-mappings-gz\hl7_2_ada\mp\9.2.0\sturen_medicatievoorschrift\hl7_instance_roundtrip\mv-mp-vo-tst-6.12-variabele_hoeveelheid_en_maximum.xml to C:\SourceTree\GitHub\HL7-mappings-gz\hl7_2_ada\mp\9.2.0\sturen_medicatievoorschrift\cda_instance_roundtrip\mv-mp-vo-tst-6.12-variabele_hoeveelheid_en_maximum.xml
     [xslt] Processing C:\SourceTree\GitHub\HL7-mappings-gz\hl7_2_ada\mp\9.2.0\sturen_medicatievoorschrift\hl7_instance_roundtrip\mv-mp-vo-tst-6.13-toedieningssnelheid.xml to C:\SourceTree\GitHub\HL7-mappings-gz\hl7_2_ada\mp\9.2.0\sturen_medicatievoorschrift\cda_instance_roundtrip\mv-mp-vo-tst-6.13-toedieningssnelheid.xml
     [xslt] Processing C:\SourceTree\GitHub\HL7-mappings-gz\hl7_2_ada\mp\9.2.0\sturen_medicatievoorschrift\hl7_instance_roundtrip\mv-mp-vo-tst-6.14-toedieningsduur.xml to C:\SourceTree\GitHub\HL7-mappings-gz\hl7_2_ada\mp\9.2.0\sturen_medicatievoorschrift\cda_instance_roundtrip\mv-mp-vo-tst-6.14-toedieningsduur.xml
     [xslt] Processing C:\SourceTree\GitHub\HL7-mappings-gz\hl7_2_ada\mp\9.2.0\sturen_medicatievoorschrift\hl7_instance_roundtrip\mv-mp-vo-tst-6.15-zonodig.xml to C:\SourceTree\GitHub\HL7-mappings-gz\hl7_2_ada\mp\9.2.0\sturen_medicatievoorschrift\cda_instance_roundtrip\mv-mp-vo-tst-6.15-zonodig.xml
     [xslt] Processing C:\SourceTree\GitHub\HL7-mappings-gz\hl7_2_ada\mp\9.2.0\sturen_medicatievoorschrift\hl7_instance_roundtrip\mv-mp-vo-tst-6.2-interval.xml to C:\SourceTree\GitHub\HL7-mappings-gz\hl7_2_ada\mp\9.2.0\sturen_medicatievoorschrift\cda_instance_roundtrip\mv-mp-vo-tst-6.2-interval.xml
     [xslt] Processing C:\SourceTree\GitHub\HL7-mappings-gz\hl7_2_ada\mp\9.2.0\sturen_medicatievoorschrift\hl7_instance_roundtrip\mv-mp-vo-tst-6.3-variabele_hoeveelheid.xml to C:\SourceTree\GitHub\HL7-mappings-gz\hl7_2_ada\mp\9.2.0\sturen_medicatievoorschrift\cda_instance_roundtrip\mv-mp-vo-tst-6.3-variabele_hoeveelheid.xml
     [xslt] Processing C:\SourceTree\GitHub\HL7-mappings-gz\hl7_2_ada\mp\9.2.0\sturen_medicatievoorschrift\hl7_instance_roundtrip\mv-mp-vo-tst-6.4-zonder_keerdosis.xml to C:\SourceTree\GitHub\HL7-mappings-gz\hl7_2_ada\mp\9.2.0\sturen_medicatievoorschrift\cda_instance_roundtrip\mv-mp-vo-tst-6.4-zonder_keerdosis.xml
     [xslt] Processing C:\SourceTree\GitHub\HL7-mappings-gz\hl7_2_ada\mp\9.2.0\sturen_medicatievoorschrift\hl7_instance_roundtrip\mv-mp-vo-tst-6.5-bijzondere_keerdosis.xml to C:\SourceTree\GitHub\HL7-mappings-gz\hl7_2_ada\mp\9.2.0\sturen_medicatievoorschrift\cda_instance_roundtrip\mv-mp-vo-tst-6.5-bijzondere_keerdosis.xml
     [xslt] Processing C:\SourceTree\GitHub\HL7-mappings-gz\hl7_2_ada\mp\9.2.0\sturen_medicatievoorschrift\hl7_instance_roundtrip\mv-mp-vo-tst-6.6-variabele_hoeveelheid_2.xml to C:\SourceTree\GitHub\HL7-mappings-gz\hl7_2_ada\mp\9.2.0\sturen_medicatievoorschrift\cda_instance_roundtrip\mv-mp-vo-tst-6.6-variabele_hoeveelheid_2.xml
     [xslt] Processing C:\SourceTree\GitHub\HL7-mappings-gz\hl7_2_ada\mp\9.2.0\sturen_medicatievoorschrift\hl7_instance_roundtrip\mv-mp-vo-tst-6.7a-tijdstippen_flexibel.xml to C:\SourceTree\GitHub\HL7-mappings-gz\hl7_2_ada\mp\9.2.0\sturen_medicatievoorschrift\cda_instance_roundtrip\mv-mp-vo-tst-6.7a-tijdstippen_flexibel.xml
     [xslt] Processing C:\SourceTree\GitHub\HL7-mappings-gz\hl7_2_ada\mp\9.2.0\sturen_medicatievoorschrift\hl7_instance_roundtrip\mv-mp-vo-tst-6.7b-tijdstippen_niet_flexibel.xml to C:\SourceTree\GitHub\HL7-mappings-gz\hl7_2_ada\mp\9.2.0\sturen_medicatievoorschrift\cda_instance_roundtrip\mv-mp-vo-tst-6.7b-tijdstippen_niet_flexibel.xml
     [xslt] Processing C:\SourceTree\GitHub\HL7-mappings-gz\hl7_2_ada\mp\9.2.0\sturen_medicatievoorschrift\hl7_instance_roundtrip\mv-mp-vo-tst-6.8-weekdagen.xml to C:\SourceTree\GitHub\HL7-mappings-gz\hl7_2_ada\mp\9.2.0\sturen_medicatievoorschrift\cda_instance_roundtrip\mv-mp-vo-tst-6.8-weekdagen.xml
     [xslt] Processing C:\SourceTree\GitHub\HL7-mappings-gz\hl7_2_ada\mp\9.2.0\sturen_medicatievoorschrift\hl7_instance_roundtrip\mv-mp-vo-tst-6.9-dagdeel.xml to C:\SourceTree\GitHub\HL7-mappings-gz\hl7_2_ada\mp\9.2.0\sturen_medicatievoorschrift\cda_instance_roundtrip\mv-mp-vo-tst-6.9-dagdeel.xml
     [xslt] Processing C:\SourceTree\GitHub\HL7-mappings-gz\hl7_2_ada\mp\9.2.0\sturen_medicatievoorschrift\hl7_instance_roundtrip\mv-mp-vo-tst-7.1-alle_ingredienten.xml to C:\SourceTree\GitHub\HL7-mappings-gz\hl7_2_ada\mp\9.2.0\sturen_medicatievoorschrift\cda_instance_roundtrip\mv-mp-vo-tst-7.1-alle_ingredienten.xml
     [xslt] Processing C:\SourceTree\GitHub\HL7-mappings-gz\hl7_2_ada\mp\9.2.0\sturen_medicatievoorschrift\hl7_instance_roundtrip\mv-mp-vo-tst-7.2-actief_ingredient.xml to C:\SourceTree\GitHub\HL7-mappings-gz\hl7_2_ada\mp\9.2.0\sturen_medicatievoorschrift\cda_instance_roundtrip\mv-mp-vo-tst-7.2-actief_ingredient.xml
     [xslt] Processing C:\SourceTree\GitHub\HL7-mappings-gz\hl7_2_ada\mp\9.2.0\sturen_medicatievoorschrift\hl7_instance_roundtrip\mv-mp-vo-tst-7.3-90_miljoen_nummer.xml to C:\SourceTree\GitHub\HL7-mappings-gz\hl7_2_ada\mp\9.2.0\sturen_medicatievoorschrift\cda_instance_roundtrip\mv-mp-vo-tst-7.3-90_miljoen_nummer.xml
     [xslt] Processing C:\SourceTree\GitHub\HL7-mappings-gz\hl7_2_ada\mp\9.2.0\sturen_medicatievoorschrift\hl7_instance_roundtrip\mv-mp-vo-tst-8.1-vv_andermans_ma.xml to C:\SourceTree\GitHub\HL7-mappings-gz\hl7_2_ada\mp\9.2.0\sturen_medicatievoorschrift\cda_instance_roundtrip\mv-mp-vo-tst-8.1-vv_andermans_ma.xml
     [xslt] Processing C:\SourceTree\GitHub\HL7-mappings-gz\hl7_2_ada\mp\9.2.0\sturen_medicatievoorschrift\hl7_instance_roundtrip\mv-mp-vo-tst-8.2-staken_andermans_ma.xml to C:\SourceTree\GitHub\HL7-mappings-gz\hl7_2_ada\mp\9.2.0\sturen_medicatievoorschrift\cda_instance_roundtrip\mv-mp-vo-tst-8.2-staken_andermans_ma.xml
     [xslt] Processing C:\SourceTree\GitHub\HL7-mappings-gz\hl7_2_ada\mp\9.2.0\sturen_medicatievoorschrift\hl7_instance_roundtrip\mv-mp-vo-tst-8.3-onderbreken_andermans_ma.xml to C:\SourceTree\GitHub\HL7-mappings-gz\hl7_2_ada\mp\9.2.0\sturen_medicatievoorschrift\cda_instance_roundtrip\mv-mp-vo-tst-8.3-onderbreken_andermans_ma.xml
     [xslt] Processing C:\SourceTree\GitHub\HL7-mappings-gz\hl7_2_ada\mp\9.2.0\sturen_medicatievoorschrift\hl7_instance_roundtrip\mv-mp-vo-tst-8.4-wijzigen_andermans_ma.xml to C:\SourceTree\GitHub\HL7-mappings-gz\hl7_2_ada\mp\9.2.0\sturen_medicatievoorschrift\cda_instance_roundtrip\mv-mp-vo-tst-8.4-wijzigen_andermans_ma.xml
     [xslt] Processing C:\SourceTree\GitHub\HL7-mappings-gz\hl7_2_ada\mp\9.2.0\sturen_medicatievoorschrift\hl7_instance_roundtrip\mv-mp-vo-tst-9.1a-verbruiksperiode_start_eind.xml to C:\SourceTree\GitHub\HL7-mappings-gz\hl7_2_ada\mp\9.2.0\sturen_medicatievoorschrift\cda_instance_roundtrip\mv-mp-vo-tst-9.1a-verbruiksperiode_start_eind.xml
     [xslt] Processing C:\SourceTree\GitHub\HL7-mappings-gz\hl7_2_ada\mp\9.2.0\sturen_medicatievoorschrift\hl7_instance_roundtrip\mv-mp-vo-tst-9.1b-verbruiksperiode_einddatum.xml to C:\SourceTree\GitHub\HL7-mappings-gz\hl7_2_ada\mp\9.2.0\sturen_medicatievoorschrift\cda_instance_roundtrip\mv-mp-vo-tst-9.1b-verbruiksperiode_einddatum.xml
     [xslt] Processing C:\SourceTree\GitHub\HL7-mappings-gz\hl7_2_ada\mp\9.2.0\sturen_medicatievoorschrift\hl7_instance_roundtrip\mv-mp-vo-tst-9.1c-verbruiksperiode_duur.xml to C:\SourceTree\GitHub\HL7-mappings-gz\hl7_2_ada\mp\9.2.0\sturen_medicatievoorschrift\cda_instance_roundtrip\mv-mp-vo-tst-9.1c-verbruiksperiode_duur.xml
     [xslt] Processing C:\SourceTree\GitHub\HL7-mappings-gz\hl7_2_ada\mp\9.2.0\sturen_medicatievoorschrift\hl7_instance_roundtrip\mv-mp-vo-tst-9.2-herhalingen.xml to C:\SourceTree\GitHub\HL7-mappings-gz\hl7_2_ada\mp\9.2.0\sturen_medicatievoorschrift\cda_instance_roundtrip\mv-mp-vo-tst-9.2-herhalingen.xml
     [xslt] Processing C:\SourceTree\GitHub\HL7-mappings-gz\hl7_2_ada\mp\9.2.0\sturen_medicatievoorschrift\hl7_instance_roundtrip\mv-mp-vo-tst-9.3-afleverlocatie.xml to C:\SourceTree\GitHub\HL7-mappings-gz\hl7_2_ada\mp\9.2.0\sturen_medicatievoorschrift\cda_instance_roundtrip\mv-mp-vo-tst-9.3-afleverlocatie.xml
     [xslt] Processing C:\SourceTree\GitHub\HL7-mappings-gz\hl7_2_ada\mp\9.2.0\sturen_medicatievoorschrift\hl7_instance_roundtrip\mv-mp-vo-tst-9.4-financiele_indicatiecode.xml to C:\SourceTree\GitHub\HL7-mappings-gz\hl7_2_ada\mp\9.2.0\sturen_medicatievoorschrift\cda_instance_roundtrip\mv-mp-vo-tst-9.4-financiele_indicatiecode.xml
   [delete] Deleting directory C:\SourceTree\GitHub\HL7-mappings-gz\hl7_2_ada\mp\9.2.0\sturen_medicatievoorschrift\hl7_instance_roundtrip

download-ivy:
     [echo] installing ivy...
      [get] Getting: https://repo1.maven.org/maven2/org/apache/ivy/ivy/2.5.0/ivy-2.5.0.jar
      [get] To: C:\SourceTree\GitHub\HL7-mappings-gz\_ant-buildfiles\ant-include\ivy\ivy.jar
      [get] Not modified - so not downloaded

install-ivy:

fetch-imports:
[ivy:resolve] :: Apache Ivy 2.5.0 - 20191020104435 :: https://ant.apache.org/ivy/ ::
[ivy:resolve] :: loading settings :: file = C:\SourceTree\GitHub\HL7-mappings-gz\_ant-buildfiles\ant-include\ivysettings.xml
[ivy:resolve] :: resolving dependencies :: nl.nictiz.decor#tools;working@NICT1-NB144087 [not transitive]
[ivy:resolve] 	confs: [default]
[ivy:resolve] 	found net.sf.saxon#Saxon-HE;9.9.1-7 in maven
[ivy:resolve] 	found xerces#xercesImpl;2.12.0 in maven
[ivy:resolve] :: resolution report :: resolve 68ms :: artifacts dl 11ms
	---------------------------------------------------------------------
	|                  |            modules            ||   artifacts   |
	|       conf       | number| search|dwnlded|evicted|| number|dwnlded|
	---------------------------------------------------------------------
	|      default     |   2   |   0   |   0   |   0   ||   6   |   0   |
	---------------------------------------------------------------------
[ivy:retrieve] :: retrieving :: nl.nictiz.decor#tools [sync]
[ivy:retrieve] 	confs: [default]
[ivy:retrieve] 	0 artifacts copied, 2 already retrieved (0kB/29ms)
[ivy:dependencytree] Dependency tree for nl.nictiz.decor-tools
[ivy:dependencytree] +- net.sf.saxon#Saxon-HE;9.9.1-7
[ivy:dependencytree] \- xerces#xercesImpl;2.12.0

convert_hl7_2_ada_sub:
     [echo] Deleting previous results, if any
     [echo] 
     [echo] ADA to HL7 ../../beschikbaarstellen_medicatiegegevens/../../../../ada_2_hl7/mp/9.2.0/beschikbaarstellen_medicatiegegevens/payload/beschikbaarstellen_medicatiegegevens_org.xsl input dir ../../beschikbaarstellen_medicatiegegevens/ada_instance
     [xslt] Processing C:\SourceTree\GitHub\HL7-mappings-gz\hl7_2_ada\mp\9.2.0\beschikbaarstellen_medicatiegegevens\ada_instance\mg-RepoMtdWds.xml to C:\SourceTree\GitHub\HL7-mappings-gz\hl7_2_ada\mp\9.2.0\beschikbaarstellen_medicatiegegevens\hl7_instance_roundtrip\mg-RepoMtdWds.xml
     [xslt] Loading stylesheet C:\SourceTree\GitHub\HL7-mappings-gz\ada_2_hl7\mp\9.2.0\beschikbaarstellen_medicatiegegevens\payload\beschikbaarstellen_medicatiegegevens_org.xsl
     [xslt] C:\SourceTree\GitHub\HL7-mappings-gz\ada_2_hl7\zib2017bbr\2_hl7_zib2017bbr_include.xsl:15:378: Warning! Stylesheet module file:/C:/SourceTree/GitHub/HL7-mappings-gz/ada_2_hl7/zib2017bbr/2_hl7_zib2017bbr_include.xsl is included or imported more than once. This is permitted, but may lead to errors or unexpected behavior
     [xslt] C:\SourceTree\GitHub\HL7-mappings-gz\ada_2_hl7\zib1bbr\2_hl7_zib1bbr_include.xsl:15:301: Warning! Stylesheet module file:/C:/SourceTree/GitHub/HL7-mappings-gz/ada_2_hl7/zib1bbr/2_hl7_zib1bbr_include.xsl is included or imported more than once. This is permitted, but may lead to errors or unexpected behavior
     [xslt] C:\SourceTree\GitHub\HL7-mappings-gz\ada_2_hl7\hl7\2_hl7_hl7_include.xsl:16:437: Warning! Stylesheet module file:/C:/SourceTree/GitHub/HL7-mappings-gz/ada_2_hl7/hl7/2_hl7_hl7_include.xsl is included or imported more than once. This is permitted, but may lead to errors or unexpected behavior
     [xslt] C:\SourceTree\GitHub\HL7-mappings-gz\util\constants.xsl:15:203: Warning! Stylesheet module file:/C:/SourceTree/GitHub/HL7-mappings-gz/util/constants.xsl is included or imported more than once. This is permitted, but may lead to errors or unexpected behavior
     [xslt] C:\SourceTree\GitHub\HL7-mappings-gz\util\datetime.xsl:2:279: Warning! Stylesheet module file:/C:/SourceTree/GitHub/HL7-mappings-gz/util/datetime.xsl is included or imported more than once. This is permitted, but may lead to errors or unexpected behavior
     [xslt] C:\SourceTree\GitHub\HL7-mappings-gz\util\utilities.xsl:9:19: Warning! Stylesheet module file:/C:/SourceTree/GitHub/HL7-mappings-gz/util/utilities.xsl is included or imported more than once. This is permitted, but may lead to errors or unexpected behavior
     [xslt] C:\SourceTree\GitHub\HL7-mappings-gz\util\units.xsl:1:296: Warning! Stylesheet module file:/C:/SourceTree/GitHub/HL7-mappings-gz/util/units.xsl is included or imported more than once. This is permitted, but may lead to errors or unexpected behavior
     [xslt] C:\SourceTree\GitHub\HL7-mappings-gz\ada_2_hl7\zib2017bbr\payload\_ada2hl7_zib2017.xsl:15:467: Warning! Stylesheet module file:/C:/SourceTree/GitHub/HL7-mappings-gz/ada_2_hl7/zib2017bbr/payload/_ada2hl7_zib2017.xsl is included or imported more than once. This is permitted, but may lead to errors or unexpected behavior
     [xslt] C:\SourceTree\GitHub\HL7-mappings-gz\ada_2_hl7\zib2017bbr\2_hl7_zib2017bbr_include.xsl:15:378: Warning! Stylesheet module file:/C:/SourceTree/GitHub/HL7-mappings-gz/ada_2_hl7/zib2017bbr/2_hl7_zib2017bbr_include.xsl is included or imported more than once. This is permitted, but may lead to errors or unexpected behavior
     [xslt] C:\SourceTree\GitHub\HL7-mappings-gz\ada_2_hl7\zib1bbr\2_hl7_zib1bbr_include.xsl:15:301: Warning! Stylesheet module file:/C:/SourceTree/GitHub/HL7-mappings-gz/ada_2_hl7/zib1bbr/2_hl7_zib1bbr_include.xsl is included or imported more than once. This is permitted, but may lead to errors or unexpected behavior
     [xslt] C:\SourceTree\GitHub\HL7-mappings-gz\ada_2_hl7\hl7\2_hl7_hl7_include.xsl:16:437: Warning! Stylesheet module file:/C:/SourceTree/GitHub/HL7-mappings-gz/ada_2_hl7/hl7/2_hl7_hl7_include.xsl is included or imported more than once. This is permitted, but may lead to errors or unexpected behavior
     [xslt] C:\SourceTree\GitHub\HL7-mappings-gz\util\constants.xsl:15:203: Warning! Stylesheet module file:/C:/SourceTree/GitHub/HL7-mappings-gz/util/constants.xsl is included or imported more than once. This is permitted, but may lead to errors or unexpected behavior
     [xslt] C:\SourceTree\GitHub\HL7-mappings-gz\util\datetime.xsl:2:279: Warning! Stylesheet module file:/C:/SourceTree/GitHub/HL7-mappings-gz/util/datetime.xsl is included or imported more than once. This is permitted, but may lead to errors or unexpected behavior
     [xslt] C:\SourceTree\GitHub\HL7-mappings-gz\util\utilities.xsl:9:19: Warning! Stylesheet module file:/C:/SourceTree/GitHub/HL7-mappings-gz/util/utilities.xsl is included or imported more than once. This is permitted, but may lead to errors or unexpected behavior
     [xslt] C:\SourceTree\GitHub\HL7-mappings-gz\util\units.xsl:1:296: Warning! Stylesheet module file:/C:/SourceTree/GitHub/HL7-mappings-gz/util/units.xsl is included or imported more than once. This is permitted, but may lead to errors or unexpected behavior
     [xslt] C:\SourceTree\GitHub\HL7-mappings-gz\util\mp-functions.xsl:2:376: Warning! Stylesheet module file:/C:/SourceTree/GitHub/HL7-mappings-gz/util/mp-functions.xsl is included or imported more than once. This is permitted, but may lead to errors or unexpected behavior
     [xslt] C:\SourceTree\GitHub\HL7-mappings-gz\util\datetime.xsl:2:279: Warning! Stylesheet module file:/C:/SourceTree/GitHub/HL7-mappings-gz/util/datetime.xsl is included or imported more than once. This is permitted, but may lead to errors or unexpected behavior
     [xslt] C:\SourceTree\GitHub\HL7-mappings-gz\util\units.xsl:1:296: Warning! Stylesheet module file:/C:/SourceTree/GitHub/HL7-mappings-gz/util/units.xsl is included or imported more than once. This is permitted, but may lead to errors or unexpected behavior
     [xslt] C:\SourceTree\GitHub\HL7-mappings-gz\util\constants.xsl:15:203: Warning! Stylesheet module file:/C:/SourceTree/GitHub/HL7-mappings-gz/util/constants.xsl is included or imported more than once. This is permitted, but may lead to errors or unexpected behavior
     [xslt] C:\SourceTree\GitHub\HL7-mappings-gz\util\utilities.xsl:9:19: Warning! Stylesheet module file:/C:/SourceTree/GitHub/HL7-mappings-gz/util/utilities.xsl is included or imported more than once. This is permitted, but may lead to errors or unexpected behavior
     [xslt] Processing C:\SourceTree\GitHub\HL7-mappings-gz\hl7_2_ada\mp\9.2.0\beschikbaarstellen_medicatiegegevens\ada_instance\mg-RepoTestArianne.xml to C:\SourceTree\GitHub\HL7-mappings-gz\hl7_2_ada\mp\9.2.0\beschikbaarstellen_medicatiegegevens\hl7_instance_roundtrip\mg-RepoTestArianne.xml
     [xslt] Processing C:\SourceTree\GitHub\HL7-mappings-gz\hl7_2_ada\mp\9.2.0\beschikbaarstellen_medicatiegegevens\ada_instance\mg-TEST-Scenarioset0.xml to C:\SourceTree\GitHub\HL7-mappings-gz\hl7_2_ada\mp\9.2.0\beschikbaarstellen_medicatiegegevens\hl7_instance_roundtrip\mg-TEST-Scenarioset0.xml
     [xslt] Processing C:\SourceTree\GitHub\HL7-mappings-gz\hl7_2_ada\mp\9.2.0\beschikbaarstellen_medicatiegegevens\ada_instance\mg-TEST-Scenarioset1.xml to C:\SourceTree\GitHub\HL7-mappings-gz\hl7_2_ada\mp\9.2.0\beschikbaarstellen_medicatiegegevens\hl7_instance_roundtrip\mg-TEST-Scenarioset1.xml
     [xslt] Processing C:\SourceTree\GitHub\HL7-mappings-gz\hl7_2_ada\mp\9.2.0\beschikbaarstellen_medicatiegegevens\ada_instance\mg-TEST-Scenarioset10.xml to C:\SourceTree\GitHub\HL7-mappings-gz\hl7_2_ada\mp\9.2.0\beschikbaarstellen_medicatiegegevens\hl7_instance_roundtrip\mg-TEST-Scenarioset10.xml
     [xslt] Processing C:\SourceTree\GitHub\HL7-mappings-gz\hl7_2_ada\mp\9.2.0\beschikbaarstellen_medicatiegegevens\ada_instance\mg-TEST-Scenarioset11.xml to C:\SourceTree\GitHub\HL7-mappings-gz\hl7_2_ada\mp\9.2.0\beschikbaarstellen_medicatiegegevens\hl7_instance_roundtrip\mg-TEST-Scenarioset11.xml
     [xslt] Processing C:\SourceTree\GitHub\HL7-mappings-gz\hl7_2_ada\mp\9.2.0\beschikbaarstellen_medicatiegegevens\ada_instance\mg-TEST-Scenarioset12.xml to C:\SourceTree\GitHub\HL7-mappings-gz\hl7_2_ada\mp\9.2.0\beschikbaarstellen_medicatiegegevens\hl7_instance_roundtrip\mg-TEST-Scenarioset12.xml
     [xslt] Processing C:\SourceTree\GitHub\HL7-mappings-gz\hl7_2_ada\mp\9.2.0\beschikbaarstellen_medicatiegegevens\ada_instance\mg-TEST-Scenarioset13.xml to C:\SourceTree\GitHub\HL7-mappings-gz\hl7_2_ada\mp\9.2.0\beschikbaarstellen_medicatiegegevens\hl7_instance_roundtrip\mg-TEST-Scenarioset13.xml
     [xslt] Processing C:\SourceTree\GitHub\HL7-mappings-gz\hl7_2_ada\mp\9.2.0\beschikbaarstellen_medicatiegegevens\ada_instance\mg-TEST-Scenarioset2.xml to C:\SourceTree\GitHub\HL7-mappings-gz\hl7_2_ada\mp\9.2.0\beschikbaarstellen_medicatiegegevens\hl7_instance_roundtrip\mg-TEST-Scenarioset2.xml
     [xslt] Processing C:\SourceTree\GitHub\HL7-mappings-gz\hl7_2_ada\mp\9.2.0\beschikbaarstellen_medicatiegegevens\ada_instance\mg-TEST-Scenarioset3.xml to C:\SourceTree\GitHub\HL7-mappings-gz\hl7_2_ada\mp\9.2.0\beschikbaarstellen_medicatiegegevens\hl7_instance_roundtrip\mg-TEST-Scenarioset3.xml
     [xslt] Processing C:\SourceTree\GitHub\HL7-mappings-gz\hl7_2_ada\mp\9.2.0\beschikbaarstellen_medicatiegegevens\ada_instance\mg-TEST-Scenarioset4_a.xml to C:\SourceTree\GitHub\HL7-mappings-gz\hl7_2_ada\mp\9.2.0\beschikbaarstellen_medicatiegegevens\hl7_instance_roundtrip\mg-TEST-Scenarioset4_a.xml
     [xslt] Processing C:\SourceTree\GitHub\HL7-mappings-gz\hl7_2_ada\mp\9.2.0\beschikbaarstellen_medicatiegegevens\ada_instance\mg-TEST-Scenarioset4_b.xml to C:\SourceTree\GitHub\HL7-mappings-gz\hl7_2_ada\mp\9.2.0\beschikbaarstellen_medicatiegegevens\hl7_instance_roundtrip\mg-TEST-Scenarioset4_b.xml
     [xslt] Processing C:\SourceTree\GitHub\HL7-mappings-gz\hl7_2_ada\mp\9.2.0\beschikbaarstellen_medicatiegegevens\ada_instance\mg-TEST-Scenarioset5.xml to C:\SourceTree\GitHub\HL7-mappings-gz\hl7_2_ada\mp\9.2.0\beschikbaarstellen_medicatiegegevens\hl7_instance_roundtrip\mg-TEST-Scenarioset5.xml
     [xslt] Processing C:\SourceTree\GitHub\HL7-mappings-gz\hl7_2_ada\mp\9.2.0\beschikbaarstellen_medicatiegegevens\ada_instance\mg-TEST-Scenarioset6a.xml to C:\SourceTree\GitHub\HL7-mappings-gz\hl7_2_ada\mp\9.2.0\beschikbaarstellen_medicatiegegevens\hl7_instance_roundtrip\mg-TEST-Scenarioset6a.xml
     [xslt] Processing C:\SourceTree\GitHub\HL7-mappings-gz\hl7_2_ada\mp\9.2.0\beschikbaarstellen_medicatiegegevens\ada_instance\mg-TEST-Scenarioset6b.xml to C:\SourceTree\GitHub\HL7-mappings-gz\hl7_2_ada\mp\9.2.0\beschikbaarstellen_medicatiegegevens\hl7_instance_roundtrip\mg-TEST-Scenarioset6b.xml
     [xslt] Processing C:\SourceTree\GitHub\HL7-mappings-gz\hl7_2_ada\mp\9.2.0\beschikbaarstellen_medicatiegegevens\ada_instance\mg-TEST-Scenarioset6c.xml to C:\SourceTree\GitHub\HL7-mappings-gz\hl7_2_ada\mp\9.2.0\beschikbaarstellen_medicatiegegevens\hl7_instance_roundtrip\mg-TEST-Scenarioset6c.xml
     [xslt] Processing C:\SourceTree\GitHub\HL7-mappings-gz\hl7_2_ada\mp\9.2.0\beschikbaarstellen_medicatiegegevens\ada_instance\mg-TEST-Scenarioset6d.xml to C:\SourceTree\GitHub\HL7-mappings-gz\hl7_2_ada\mp\9.2.0\beschikbaarstellen_medicatiegegevens\hl7_instance_roundtrip\mg-TEST-Scenarioset6d.xml
     [xslt] Processing C:\SourceTree\GitHub\HL7-mappings-gz\hl7_2_ada\mp\9.2.0\beschikbaarstellen_medicatiegegevens\ada_instance\mg-TEST-Scenarioset7.xml to C:\SourceTree\GitHub\HL7-mappings-gz\hl7_2_ada\mp\9.2.0\beschikbaarstellen_medicatiegegevens\hl7_instance_roundtrip\mg-TEST-Scenarioset7.xml
     [xslt] Processing C:\SourceTree\GitHub\HL7-mappings-gz\hl7_2_ada\mp\9.2.0\beschikbaarstellen_medicatiegegevens\ada_instance\mg-TEST-Scenarioset8.xml to C:\SourceTree\GitHub\HL7-mappings-gz\hl7_2_ada\mp\9.2.0\beschikbaarstellen_medicatiegegevens\hl7_instance_roundtrip\mg-TEST-Scenarioset8.xml
     [xslt] Processing C:\SourceTree\GitHub\HL7-mappings-gz\hl7_2_ada\mp\9.2.0\beschikbaarstellen_medicatiegegevens\ada_instance\mg-TEST-Scenarioset9.xml to C:\SourceTree\GitHub\HL7-mappings-gz\hl7_2_ada\mp\9.2.0\beschikbaarstellen_medicatiegegevens\hl7_instance_roundtrip\mg-TEST-Scenarioset9.xml
     [xslt] Processing C:\SourceTree\GitHub\HL7-mappings-gz\hl7_2_ada\mp\9.2.0\beschikbaarstellen_medicatiegegevens\ada_instance\mg-example-920-1.xml to C:\SourceTree\GitHub\HL7-mappings-gz\hl7_2_ada\mp\9.2.0\beschikbaarstellen_medicatiegegevens\hl7_instance_roundtrip\mg-example-920-1.xml

BUILD SUCCESSFUL
Total time: 14 seconds
