Buildfile: C:\SourceTree\GitHub\HL7-mappings\hl7_2_ada\mp\9.2.0\_ant-buildfiles\ant-publish\build-hl72ada-mp-920.xml

download-ivy:
     [echo] installing ivy...
      [get] Getting: https://repo1.maven.org/maven2/org/apache/ivy/ivy/2.5.0/ivy-2.5.0.jar
      [get] To: C:\SourceTree\GitHub\HL7-mappings\_ant-buildfiles\ant-include\ivy\ivy.jar
      [get] Not modified - so not downloaded

install-ivy:

fetch-imports:
[ivy:resolve] :: Apache Ivy 2.5.0 - 20191020104435 :: https://ant.apache.org/ivy/ ::
[ivy:resolve] :: loading settings :: file = C:\SourceTree\GitHub\HL7-mappings\_ant-buildfiles\ant-include\ivysettings.xml
[ivy:resolve] :: resolving dependencies :: nl.nictiz.decor#tools;working@NICT1-NB144087 [not transitive]
[ivy:resolve] 	confs: [default]
[ivy:resolve] 	found net.sf.saxon#Saxon-HE;9.9.1-7 in maven
[ivy:resolve] 	found xerces#xercesImpl;2.12.0 in maven
[ivy:resolve] :: resolution report :: resolve 234ms :: artifacts dl 78ms
	---------------------------------------------------------------------
	|                  |            modules            ||   artifacts   |
	|       conf       | number| search|dwnlded|evicted|| number|dwnlded|
	---------------------------------------------------------------------
	|      default     |   2   |   0   |   0   |   0   ||   6   |   0   |
	---------------------------------------------------------------------
[ivy:retrieve] :: retrieving :: nl.nictiz.decor#tools [sync]
[ivy:retrieve] 	confs: [default]
[ivy:retrieve] 	0 artifacts copied, 2 already retrieved (0kB/61ms)
[ivy:dependencytree] Dependency tree for nl.nictiz.decor-tools
[ivy:dependencytree] +- net.sf.saxon#Saxon-HE;9.9.1-7
[ivy:dependencytree] \- xerces#xercesImpl;2.12.0

convert_hl7_2_ada_920:

download-ivy:
     [echo] installing ivy...
      [get] Getting: https://repo1.maven.org/maven2/org/apache/ivy/ivy/2.5.0/ivy-2.5.0.jar
      [get] To: C:\SourceTree\GitHub\HL7-mappings\_ant-buildfiles\ant-include\ivy\ivy.jar
      [get] Not modified - so not downloaded

install-ivy:

fetch-imports:
[ivy:resolve] :: Apache Ivy 2.5.0 - 20191020104435 :: https://ant.apache.org/ivy/ ::
[ivy:resolve] :: loading settings :: file = C:\SourceTree\GitHub\HL7-mappings\_ant-buildfiles\ant-include\ivysettings.xml
[ivy:resolve] :: resolving dependencies :: nl.nictiz.decor#tools;working@NICT1-NB144087 [not transitive]
[ivy:resolve] 	confs: [default]
[ivy:resolve] 	found net.sf.saxon#Saxon-HE;9.9.1-7 in maven
[ivy:resolve] 	found xerces#xercesImpl;2.12.0 in maven
[ivy:resolve] :: resolution report :: resolve 119ms :: artifacts dl 30ms
	---------------------------------------------------------------------
	|                  |            modules            ||   artifacts   |
	|       conf       | number| search|dwnlded|evicted|| number|dwnlded|
	---------------------------------------------------------------------
	|      default     |   2   |   0   |   0   |   0   ||   6   |   0   |
	---------------------------------------------------------------------
[ivy:retrieve] :: retrieving :: nl.nictiz.decor#tools [sync]
[ivy:retrieve] 	confs: [default]
[ivy:retrieve] 	0 artifacts copied, 2 already retrieved (0kB/38ms)
[ivy:dependencytree] Dependency tree for nl.nictiz.decor-tools
[ivy:dependencytree] +- net.sf.saxon#Saxon-HE;9.9.1-7
[ivy:dependencytree] \- xerces#xercesImpl;2.12.0

convert_hl7_2_ada_sub_920:
     [echo] Deleting previous results, if any
     [echo] 
     [echo] ADA to HL7 ../../sturen_antwoord_voorstel_verstrekkingsverzoek/payload/sturen_antwoord_voorstel_verstrekkingsverzoek_hl7_2_ada.xsl input dir ../../sturen_antwoord_voorstel_verstrekkingsverzoek/hl7_instance
     [xslt] Processing C:\SourceTree\GitHub\HL7-mappings\hl7_2_ada\mp\9.2.0\sturen_antwoord_voorstel_verstrekkingsverzoek\hl7_instance\mp-av-tst-apotheker_is_aanvrager.xml to C:\SourceTree\GitHub\HL7-mappings\hl7_2_ada\mp\9.2.0\sturen_antwoord_voorstel_verstrekkingsverzoek\ada_instance\mp-av-tst-apotheker_is_aanvrager.xml
     [xslt] Loading stylesheet C:\SourceTree\GitHub\HL7-mappings\hl7_2_ada\mp\9.2.0\sturen_antwoord_voorstel_verstrekkingsverzoek\payload\sturen_antwoord_voorstel_verstrekkingsverzoek_hl7_2_ada.xsl
     [xslt] Processing C:\SourceTree\GitHub\HL7-mappings\hl7_2_ada\mp\9.2.0\sturen_antwoord_voorstel_verstrekkingsverzoek\hl7_instance\mp-av-tst-patient_is_aanvrager.xml to C:\SourceTree\GitHub\HL7-mappings\hl7_2_ada\mp\9.2.0\sturen_antwoord_voorstel_verstrekkingsverzoek\ada_instance\mp-av-tst-patient_is_aanvrager.xml
     [xslt] Processing C:\SourceTree\GitHub\HL7-mappings\hl7_2_ada\mp\9.2.0\sturen_antwoord_voorstel_verstrekkingsverzoek\hl7_instance\mp-av-tst-zorgverlener_is_aanvrager.xml to C:\SourceTree\GitHub\HL7-mappings\hl7_2_ada\mp\9.2.0\sturen_antwoord_voorstel_verstrekkingsverzoek\ada_instance\mp-av-tst-zorgverlener_is_aanvrager.xml

BUILD SUCCESSFUL
Total time: 7 seconds
