Buildfile: /Users/ahenket/Development/GitHub/Nictiz/HL7-mappings/ada_2_hl7/lab/3.0.0/_ant-buildfiles/ant-publish/build-ada2hl7-lab-300.xml

setup_lab300:

setup_sub_schemas:
     [echo] 
     [echo] Setup ../../nictiz_test containing refreshed ada schemas (*sturen_laboratoriumresultaten.xsd)
     [copy] Copying 3 files to /Users/ahenket/Development/GitHub/Nictiz/HL7-mappings/ada_2_hl7/lab/3.0.0/nictiz_test/ada_schemas

setup_sub:

setup_sub_schemas:
     [echo] 
     [echo] Setup ../../sturen_laboratoriumresultaten containing refreshed ada schemas (*sturen_laboratoriumresultaten.xsd)
     [copy] Copying 3 files to /Users/ahenket/Development/GitHub/Nictiz/HL7-mappings/ada_2_hl7/lab/3.0.0/sturen_laboratoriumresultaten/ada_schemas

setup_sub_instances:
     [echo] 
     [echo] Setup ../../sturen_laboratoriumresultaten containing refreshed ada production instances (*KWAL*.xml)
     [copy] Copying 20 files to /Users/ahenket/Development/GitHub/Nictiz/HL7-mappings/ada_2_hl7/lab/3.0.0/sturen_laboratoriumresultaten/ada_instance

setup_sub:

setup_sub_schemas:
     [echo] 
     [echo] Setup ../../sturen_laboratoriumresultaten containing refreshed ada schemas (*sturen_laboratoriumresultaten.xsd)
     [copy] Copying 3 files to /Users/ahenket/Development/GitHub/Nictiz/HL7-mappings/ada_2_hl7/lab/3.0.0/sturen_laboratoriumresultaten/ada_schemas

setup_sub_instances:
     [echo] 
     [echo] Setup ../../sturen_laboratoriumresultaten containing refreshed ada production instances (*TEST*.xml)
     [copy] Copying 14 files to /Users/ahenket/Development/GitHub/Nictiz/HL7-mappings/ada_2_hl7/lab/3.0.0/sturen_laboratoriumresultaten/ada_instance_TEST

setup_sub_schemas:
     [echo] 
     [echo] Setup ../../nictiz_test containing refreshed ada schemas (*beschikbaarstellen_laboratoriumresultaten.xsd)
     [copy] Copying 3 files to /Users/ahenket/Development/GitHub/Nictiz/HL7-mappings/ada_2_hl7/lab/3.0.0/nictiz_test/ada_schemas

setup_sub:

setup_sub_schemas:
     [echo] 
     [echo] Setup ../../beschikbaarstellen_laboratoriumresultaten containing refreshed ada schemas (*beschikbaarstellen_laboratoriumresultaten.xsd)
     [copy] Copying 3 files to /Users/ahenket/Development/GitHub/Nictiz/HL7-mappings/ada_2_hl7/lab/3.0.0/beschikbaarstellen_laboratoriumresultaten/ada_schemas

setup_sub_instances:
     [echo] 
     [echo] Setup ../../beschikbaarstellen_laboratoriumresultaten containing refreshed ada production instances (*KWAL*.xml)
     [copy] Copying 18 files to /Users/ahenket/Development/GitHub/Nictiz/HL7-mappings/ada_2_hl7/lab/3.0.0/beschikbaarstellen_laboratoriumresultaten/ada_instance

setup_sub:

setup_sub_schemas:
     [echo] 
     [echo] Setup ../../beschikbaarstellen_laboratoriumresultaten containing refreshed ada schemas (*beschikbaarstellen_laboratoriumresultaten.xsd)
     [copy] Copying 3 files to /Users/ahenket/Development/GitHub/Nictiz/HL7-mappings/ada_2_hl7/lab/3.0.0/beschikbaarstellen_laboratoriumresultaten/ada_schemas

setup_sub_instances:
     [echo] 
     [echo] Setup ../../beschikbaarstellen_laboratoriumresultaten containing refreshed ada production instances (*TEST*.xml)
     [copy] Copying 5 files to /Users/ahenket/Development/GitHub/Nictiz/HL7-mappings/ada_2_hl7/lab/3.0.0/xml-voorbeelden/ada_schemas
     [echo] 
     [echo] Setup ../../xml-voorbeelden containing refreshed ada production instances (../../../../../../../../SVN/art_decor/trunk/ada-data/adarefs2ada/lab/3.0.0/xml-voorbeelden/ada_instance/*example*.xml)

convert_ada_2_hl7_300:

convert_ada_2_hl7_sub:
     [echo] Deleting previous results, if any
     [echo] 
     [echo] ADA to HL7 ../../beschikbaarstellen_laboratoriumresultaten/../../../beschikbaarstellen_laboratoriumresultaten/payload/beschikbaarstellen_laboratoriumresultaten_org.xsl input dir ../../beschikbaarstellen_laboratoriumresultaten/ada_instance
     [xslt] stylesheet /Users/ahenket/Development/GitHub/Nictiz/HL7-mappings/ada_2_hl7/beschikbaarstellen_laboratoriumresultaten/payload/beschikbaarstellen_laboratoriumresultaten_org.xsl doesn't exist.

convert_ada_2_hl7_sub:
     [echo] Deleting previous results, if any
     [echo] 
     [echo] ADA to HL7 ../../beschikbaarstellen_laboratoriumresultaten/../../../beschikbaarstellen_laboratoriumresultaten/payload/beschikbaarstellen_laboratoriumresultaten_org.xsl input dir ../../beschikbaarstellen_laboratoriumresultaten/ada_instance_TEST
     [xslt] stylesheet /Users/ahenket/Development/GitHub/Nictiz/HL7-mappings/ada_2_hl7/beschikbaarstellen_laboratoriumresultaten/payload/beschikbaarstellen_laboratoriumresultaten_org.xsl doesn't exist.

convert_ada_2_hl7_sub:
     [echo] Deleting previous results, if any
     [echo] 
     [echo] ADA to HL7 ../../beschikbaarstellen_laboratoriumresultaten/../../../../LAB_Transform_Organizer2CDA.xsl input dir ../../beschikbaarstellen_laboratoriumresultaten/hl7_instance
     [xslt] stylesheet /Users/ahenket/Development/GitHub/Nictiz/HL7-mappings/LAB_Transform_Organizer2CDA.xsl doesn't exist.

convert_ada_2_hl7_sub:
     [echo] Deleting previous results, if any
     [echo] 
     [echo] ADA to HL7 ../../beschikbaarstellen_laboratoriumresultaten/../../../../LAB_Transform_Organizer2CDA.xsl input dir ../../beschikbaarstellen_laboratoriumresultaten/hl7_instance_TEST
     [xslt] stylesheet /Users/ahenket/Development/GitHub/Nictiz/HL7-mappings/LAB_Transform_Organizer2CDA.xsl doesn't exist.

convert_ada_2_hl7_sub:
     [echo] Deleting previous results, if any
     [echo] 
     [echo] ADA to HL7 ../../sturen_laboratoriumresultaten/../../../sturen_laboratoriumresultaten/payload/sturen_laboratoriumresultaten_org.xsl input dir ../../sturen_laboratoriumresultaten/ada_instance
     [xslt] stylesheet /Users/ahenket/Development/GitHub/Nictiz/HL7-mappings/ada_2_hl7/sturen_laboratoriumresultaten/payload/sturen_laboratoriumresultaten_org.xsl doesn't exist.

convert_ada_2_hl7_sub:
     [echo] Deleting previous results, if any
     [echo] 
     [echo] ADA to HL7 ../../sturen_laboratoriumresultaten/../sturen_laboratoriumresultaten/payload/sturen_laboratoriumresultaten_org.xsl input dir ../../sturen_laboratoriumresultaten/ada_instance_TEST
     [xslt] Processing /Users/ahenket/Development/GitHub/Nictiz/HL7-mappings/ada_2_hl7/lab/3.0.0/sturen_laboratoriumresultaten/ada_instance_TEST/lr-slr-TEST-KC-LOINC-Nierfunctie-Scenario2-2.xml to /Users/ahenket/Development/GitHub/Nictiz/HL7-mappings/ada_2_hl7/lab/3.0.0/sturen_laboratoriumresultaten/hl7_instance_TEST/lr-slr-TEST-KC-LOINC-Nierfunctie-Scenario2-2.xml
     [xslt] Loading stylesheet /Users/ahenket/Development/GitHub/Nictiz/HL7-mappings/ada_2_hl7/lab/3.0.0/sturen_laboratoriumresultaten/payload/sturen_laboratoriumresultaten_org.xsl
     [xslt] Processing /Users/ahenket/Development/GitHub/Nictiz/HL7-mappings/ada_2_hl7/lab/3.0.0/sturen_laboratoriumresultaten/ada_instance_TEST/lr-slr-TEST-KC-LOINC-Nierfunctie-Scenario3-3.xml to /Users/ahenket/Development/GitHub/Nictiz/HL7-mappings/ada_2_hl7/lab/3.0.0/sturen_laboratoriumresultaten/hl7_instance_TEST/lr-slr-TEST-KC-LOINC-Nierfunctie-Scenario3-3.xml
     [xslt] Processing /Users/ahenket/Development/GitHub/Nictiz/HL7-mappings/ada_2_hl7/lab/3.0.0/sturen_laboratoriumresultaten/ada_instance_TEST/lr-slr-TEST-KC-NHG-Nierfunctie-Scenario1-1.xml to /Users/ahenket/Development/GitHub/Nictiz/HL7-mappings/ada_2_hl7/lab/3.0.0/sturen_laboratoriumresultaten/hl7_instance_TEST/lr-slr-TEST-KC-NHG-Nierfunctie-Scenario1-1.xml
     [xslt] Processing /Users/ahenket/Development/GitHub/Nictiz/HL7-mappings/ada_2_hl7/lab/3.0.0/sturen_laboratoriumresultaten/ada_instance_TEST/lr-slr-TEST-Scenario1a-1a.xml to /Users/ahenket/Development/GitHub/Nictiz/HL7-mappings/ada_2_hl7/lab/3.0.0/sturen_laboratoriumresultaten/hl7_instance_TEST/lr-slr-TEST-Scenario1a-1a.xml
     [xslt] Processing /Users/ahenket/Development/GitHub/Nictiz/HL7-mappings/ada_2_hl7/lab/3.0.0/sturen_laboratoriumresultaten/ada_instance_TEST/lr-slr-TEST-Scenario1b-1b.xml to /Users/ahenket/Development/GitHub/Nictiz/HL7-mappings/ada_2_hl7/lab/3.0.0/sturen_laboratoriumresultaten/hl7_instance_TEST/lr-slr-TEST-Scenario1b-1b.xml
     [xslt] Processing /Users/ahenket/Development/GitHub/Nictiz/HL7-mappings/ada_2_hl7/lab/3.0.0/sturen_laboratoriumresultaten/ada_instance_TEST/lr-slr-TEST-Scenario2a-2a.xml to /Users/ahenket/Development/GitHub/Nictiz/HL7-mappings/ada_2_hl7/lab/3.0.0/sturen_laboratoriumresultaten/hl7_instance_TEST/lr-slr-TEST-Scenario2a-2a.xml
     [xslt] Processing /Users/ahenket/Development/GitHub/Nictiz/HL7-mappings/ada_2_hl7/lab/3.0.0/sturen_laboratoriumresultaten/ada_instance_TEST/lr-slr-TEST-Scenario2b-2b.xml to /Users/ahenket/Development/GitHub/Nictiz/HL7-mappings/ada_2_hl7/lab/3.0.0/sturen_laboratoriumresultaten/hl7_instance_TEST/lr-slr-TEST-Scenario2b-2b.xml
     [xslt] Processing /Users/ahenket/Development/GitHub/Nictiz/HL7-mappings/ada_2_hl7/lab/3.0.0/sturen_laboratoriumresultaten/ada_instance_TEST/lr-slr-TEST-Scenario3a-3a.xml to /Users/ahenket/Development/GitHub/Nictiz/HL7-mappings/ada_2_hl7/lab/3.0.0/sturen_laboratoriumresultaten/hl7_instance_TEST/lr-slr-TEST-Scenario3a-3a.xml
     [xslt] Processing /Users/ahenket/Development/GitHub/Nictiz/HL7-mappings/ada_2_hl7/lab/3.0.0/sturen_laboratoriumresultaten/ada_instance_TEST/lr-slr-TEST-Scenario3b-3b1.xml to /Users/ahenket/Development/GitHub/Nictiz/HL7-mappings/ada_2_hl7/lab/3.0.0/sturen_laboratoriumresultaten/hl7_instance_TEST/lr-slr-TEST-Scenario3b-3b1.xml
     [xslt] Processing /Users/ahenket/Development/GitHub/Nictiz/HL7-mappings/ada_2_hl7/lab/3.0.0/sturen_laboratoriumresultaten/ada_instance_TEST/lr-slr-TEST-Scenario3b-3b2.xml to /Users/ahenket/Development/GitHub/Nictiz/HL7-mappings/ada_2_hl7/lab/3.0.0/sturen_laboratoriumresultaten/hl7_instance_TEST/lr-slr-TEST-Scenario3b-3b2.xml
     [xslt] Processing /Users/ahenket/Development/GitHub/Nictiz/HL7-mappings/ada_2_hl7/lab/3.0.0/sturen_laboratoriumresultaten/ada_instance_TEST/lr-slr-TEST-Scenario4a-4a.xml to /Users/ahenket/Development/GitHub/Nictiz/HL7-mappings/ada_2_hl7/lab/3.0.0/sturen_laboratoriumresultaten/hl7_instance_TEST/lr-slr-TEST-Scenario4a-4a.xml
     [xslt] Processing /Users/ahenket/Development/GitHub/Nictiz/HL7-mappings/ada_2_hl7/lab/3.0.0/sturen_laboratoriumresultaten/ada_instance_TEST/lr-slr-TEST-Scenario4b-4b.xml to /Users/ahenket/Development/GitHub/Nictiz/HL7-mappings/ada_2_hl7/lab/3.0.0/sturen_laboratoriumresultaten/hl7_instance_TEST/lr-slr-TEST-Scenario4b-4b.xml
     [xslt] Processing /Users/ahenket/Development/GitHub/Nictiz/HL7-mappings/ada_2_hl7/lab/3.0.0/sturen_laboratoriumresultaten/ada_instance_TEST/lr-slr-TEST-Scenario5a-5a.xml to /Users/ahenket/Development/GitHub/Nictiz/HL7-mappings/ada_2_hl7/lab/3.0.0/sturen_laboratoriumresultaten/hl7_instance_TEST/lr-slr-TEST-Scenario5a-5a.xml
     [xslt] Processing /Users/ahenket/Development/GitHub/Nictiz/HL7-mappings/ada_2_hl7/lab/3.0.0/sturen_laboratoriumresultaten/ada_instance_TEST/lr-slr-TEST-Scenario5b-5b.xml to /Users/ahenket/Development/GitHub/Nictiz/HL7-mappings/ada_2_hl7/lab/3.0.0/sturen_laboratoriumresultaten/hl7_instance_TEST/lr-slr-TEST-Scenario5b-5b.xml

convert_ada_2_hl7_sub:
     [echo] Deleting previous results, if any
     [echo] 
     [echo] ADA to HL7 ../../sturen_laboratoriumresultaten/../../../../LAB_Transform_Organizer2CDA.xsl input dir ../../sturen_laboratoriumresultaten/hl7_instance
     [xslt] stylesheet /Users/ahenket/Development/GitHub/Nictiz/HL7-mappings/LAB_Transform_Organizer2CDA.xsl doesn't exist.

convert_ada_2_hl7_sub:
     [echo] Deleting previous results, if any
     [echo] 
     [echo] ADA to HL7 ../../sturen_laboratoriumresultaten/../../../../LAB_Transform_Organizer2CDA.xsl input dir ../../sturen_laboratoriumresultaten/hl7_instance_TEST
     [xslt] stylesheet /Users/ahenket/Development/GitHub/Nictiz/HL7-mappings/LAB_Transform_Organizer2CDA.xsl doesn't exist.

convert_ada_2_hl7_examples_300:
     [echo] Deleting previous results, if any
     [echo] 
     [echo] ADA to HL7 ../../beschikbaarstellen_laboratoriumresultaten/payload/beschikbaarstellen_laboratoriumresultaten_org.xsl input dir ../../xml-voorbeelden/ada_instance
     [echo] 
     [echo] ADA to HL7 ../../sturen_laboratoriumresultaten/payload/sturen_laboratoriumresultaten_org.xsl input dir ../../xml-voorbeelden/ada_instance
     [echo] 
     [echo] ADA to HL7 ../../../LAB_Transform_Organizer2CDA.xsl input dir ../../xml-voorbeelden/hl7_instance

convert_ada_2_hl7_300:

convert_ada_2_hl7_sub:
     [echo] Deleting previous results, if any
     [echo] 
     [echo] ADA to HL7 ../../beschikbaarstellen_laboratoriumresultaten/../../../beschikbaarstellen_laboratoriumresultaten/payload/beschikbaarstellen_laboratoriumresultaten_org.xsl input dir ../../beschikbaarstellen_laboratoriumresultaten/ada_instance
     [xslt] stylesheet /Users/ahenket/Development/GitHub/Nictiz/HL7-mappings/ada_2_hl7/beschikbaarstellen_laboratoriumresultaten/payload/beschikbaarstellen_laboratoriumresultaten_org.xsl doesn't exist.

convert_ada_2_hl7_sub:
     [echo] Deleting previous results, if any
     [echo] 
     [echo] ADA to HL7 ../../beschikbaarstellen_laboratoriumresultaten/../../../beschikbaarstellen_laboratoriumresultaten/payload/beschikbaarstellen_laboratoriumresultaten_org.xsl input dir ../../beschikbaarstellen_laboratoriumresultaten/ada_instance_TEST
     [xslt] stylesheet /Users/ahenket/Development/GitHub/Nictiz/HL7-mappings/ada_2_hl7/beschikbaarstellen_laboratoriumresultaten/payload/beschikbaarstellen_laboratoriumresultaten_org.xsl doesn't exist.

convert_ada_2_hl7_sub:
     [echo] Deleting previous results, if any
     [echo] 
     [echo] ADA to HL7 ../../beschikbaarstellen_laboratoriumresultaten/../../../../LAB_Transform_Organizer2CDA.xsl input dir ../../beschikbaarstellen_laboratoriumresultaten/hl7_instance
     [xslt] stylesheet /Users/ahenket/Development/GitHub/Nictiz/HL7-mappings/LAB_Transform_Organizer2CDA.xsl doesn't exist.

convert_ada_2_hl7_sub:
     [echo] Deleting previous results, if any
     [echo] 
     [echo] ADA to HL7 ../../beschikbaarstellen_laboratoriumresultaten/../../../../LAB_Transform_Organizer2CDA.xsl input dir ../../beschikbaarstellen_laboratoriumresultaten/hl7_instance_TEST
     [xslt] stylesheet /Users/ahenket/Development/GitHub/Nictiz/HL7-mappings/LAB_Transform_Organizer2CDA.xsl doesn't exist.

convert_ada_2_hl7_sub:
     [echo] Deleting previous results, if any
     [echo] 
     [echo] ADA to HL7 ../../sturen_laboratoriumresultaten/../../../sturen_laboratoriumresultaten/payload/sturen_laboratoriumresultaten_org.xsl input dir ../../sturen_laboratoriumresultaten/ada_instance
     [xslt] stylesheet /Users/ahenket/Development/GitHub/Nictiz/HL7-mappings/ada_2_hl7/sturen_laboratoriumresultaten/payload/sturen_laboratoriumresultaten_org.xsl doesn't exist.

convert_ada_2_hl7_sub:
     [echo] Deleting previous results, if any
     [echo] 
     [echo] ADA to HL7 ../../sturen_laboratoriumresultaten/../sturen_laboratoriumresultaten/payload/sturen_laboratoriumresultaten_org.xsl input dir ../../sturen_laboratoriumresultaten/ada_instance_TEST
     [xslt] Processing /Users/ahenket/Development/GitHub/Nictiz/HL7-mappings/ada_2_hl7/lab/3.0.0/sturen_laboratoriumresultaten/ada_instance_TEST/lr-slr-TEST-KC-LOINC-Nierfunctie-Scenario2-2.xml to /Users/ahenket/Development/GitHub/Nictiz/HL7-mappings/ada_2_hl7/lab/3.0.0/sturen_laboratoriumresultaten/hl7_instance_TEST/lr-slr-TEST-KC-LOINC-Nierfunctie-Scenario2-2.xml
     [xslt] Loading stylesheet /Users/ahenket/Development/GitHub/Nictiz/HL7-mappings/ada_2_hl7/lab/3.0.0/sturen_laboratoriumresultaten/payload/sturen_laboratoriumresultaten_org.xsl
     [xslt] Processing /Users/ahenket/Development/GitHub/Nictiz/HL7-mappings/ada_2_hl7/lab/3.0.0/sturen_laboratoriumresultaten/ada_instance_TEST/lr-slr-TEST-KC-LOINC-Nierfunctie-Scenario3-3.xml to /Users/ahenket/Development/GitHub/Nictiz/HL7-mappings/ada_2_hl7/lab/3.0.0/sturen_laboratoriumresultaten/hl7_instance_TEST/lr-slr-TEST-KC-LOINC-Nierfunctie-Scenario3-3.xml
     [xslt] Processing /Users/ahenket/Development/GitHub/Nictiz/HL7-mappings/ada_2_hl7/lab/3.0.0/sturen_laboratoriumresultaten/ada_instance_TEST/lr-slr-TEST-KC-NHG-Nierfunctie-Scenario1-1.xml to /Users/ahenket/Development/GitHub/Nictiz/HL7-mappings/ada_2_hl7/lab/3.0.0/sturen_laboratoriumresultaten/hl7_instance_TEST/lr-slr-TEST-KC-NHG-Nierfunctie-Scenario1-1.xml
     [xslt] Processing /Users/ahenket/Development/GitHub/Nictiz/HL7-mappings/ada_2_hl7/lab/3.0.0/sturen_laboratoriumresultaten/ada_instance_TEST/lr-slr-TEST-Scenario1a-1a.xml to /Users/ahenket/Development/GitHub/Nictiz/HL7-mappings/ada_2_hl7/lab/3.0.0/sturen_laboratoriumresultaten/hl7_instance_TEST/lr-slr-TEST-Scenario1a-1a.xml
     [xslt] Processing /Users/ahenket/Development/GitHub/Nictiz/HL7-mappings/ada_2_hl7/lab/3.0.0/sturen_laboratoriumresultaten/ada_instance_TEST/lr-slr-TEST-Scenario1b-1b.xml to /Users/ahenket/Development/GitHub/Nictiz/HL7-mappings/ada_2_hl7/lab/3.0.0/sturen_laboratoriumresultaten/hl7_instance_TEST/lr-slr-TEST-Scenario1b-1b.xml
     [xslt] Processing /Users/ahenket/Development/GitHub/Nictiz/HL7-mappings/ada_2_hl7/lab/3.0.0/sturen_laboratoriumresultaten/ada_instance_TEST/lr-slr-TEST-Scenario2a-2a.xml to /Users/ahenket/Development/GitHub/Nictiz/HL7-mappings/ada_2_hl7/lab/3.0.0/sturen_laboratoriumresultaten/hl7_instance_TEST/lr-slr-TEST-Scenario2a-2a.xml
     [xslt] Processing /Users/ahenket/Development/GitHub/Nictiz/HL7-mappings/ada_2_hl7/lab/3.0.0/sturen_laboratoriumresultaten/ada_instance_TEST/lr-slr-TEST-Scenario2b-2b.xml to /Users/ahenket/Development/GitHub/Nictiz/HL7-mappings/ada_2_hl7/lab/3.0.0/sturen_laboratoriumresultaten/hl7_instance_TEST/lr-slr-TEST-Scenario2b-2b.xml
     [xslt] Processing /Users/ahenket/Development/GitHub/Nictiz/HL7-mappings/ada_2_hl7/lab/3.0.0/sturen_laboratoriumresultaten/ada_instance_TEST/lr-slr-TEST-Scenario3a-3a.xml to /Users/ahenket/Development/GitHub/Nictiz/HL7-mappings/ada_2_hl7/lab/3.0.0/sturen_laboratoriumresultaten/hl7_instance_TEST/lr-slr-TEST-Scenario3a-3a.xml
     [xslt] Processing /Users/ahenket/Development/GitHub/Nictiz/HL7-mappings/ada_2_hl7/lab/3.0.0/sturen_laboratoriumresultaten/ada_instance_TEST/lr-slr-TEST-Scenario3b-3b1.xml to /Users/ahenket/Development/GitHub/Nictiz/HL7-mappings/ada_2_hl7/lab/3.0.0/sturen_laboratoriumresultaten/hl7_instance_TEST/lr-slr-TEST-Scenario3b-3b1.xml
     [xslt] Processing /Users/ahenket/Development/GitHub/Nictiz/HL7-mappings/ada_2_hl7/lab/3.0.0/sturen_laboratoriumresultaten/ada_instance_TEST/lr-slr-TEST-Scenario3b-3b2.xml to /Users/ahenket/Development/GitHub/Nictiz/HL7-mappings/ada_2_hl7/lab/3.0.0/sturen_laboratoriumresultaten/hl7_instance_TEST/lr-slr-TEST-Scenario3b-3b2.xml
     [xslt] Processing /Users/ahenket/Development/GitHub/Nictiz/HL7-mappings/ada_2_hl7/lab/3.0.0/sturen_laboratoriumresultaten/ada_instance_TEST/lr-slr-TEST-Scenario4a-4a.xml to /Users/ahenket/Development/GitHub/Nictiz/HL7-mappings/ada_2_hl7/lab/3.0.0/sturen_laboratoriumresultaten/hl7_instance_TEST/lr-slr-TEST-Scenario4a-4a.xml
     [xslt] Processing /Users/ahenket/Development/GitHub/Nictiz/HL7-mappings/ada_2_hl7/lab/3.0.0/sturen_laboratoriumresultaten/ada_instance_TEST/lr-slr-TEST-Scenario4b-4b.xml to /Users/ahenket/Development/GitHub/Nictiz/HL7-mappings/ada_2_hl7/lab/3.0.0/sturen_laboratoriumresultaten/hl7_instance_TEST/lr-slr-TEST-Scenario4b-4b.xml
     [xslt] Processing /Users/ahenket/Development/GitHub/Nictiz/HL7-mappings/ada_2_hl7/lab/3.0.0/sturen_laboratoriumresultaten/ada_instance_TEST/lr-slr-TEST-Scenario5a-5a.xml to /Users/ahenket/Development/GitHub/Nictiz/HL7-mappings/ada_2_hl7/lab/3.0.0/sturen_laboratoriumresultaten/hl7_instance_TEST/lr-slr-TEST-Scenario5a-5a.xml
     [xslt] Processing /Users/ahenket/Development/GitHub/Nictiz/HL7-mappings/ada_2_hl7/lab/3.0.0/sturen_laboratoriumresultaten/ada_instance_TEST/lr-slr-TEST-Scenario5b-5b.xml to /Users/ahenket/Development/GitHub/Nictiz/HL7-mappings/ada_2_hl7/lab/3.0.0/sturen_laboratoriumresultaten/hl7_instance_TEST/lr-slr-TEST-Scenario5b-5b.xml

convert_ada_2_hl7_sub:
     [echo] Deleting previous results, if any
     [echo] 
     [echo] ADA to HL7 ../../sturen_laboratoriumresultaten/../../../../LAB_Transform_Organizer2CDA.xsl input dir ../../sturen_laboratoriumresultaten/hl7_instance
     [xslt] stylesheet /Users/ahenket/Development/GitHub/Nictiz/HL7-mappings/LAB_Transform_Organizer2CDA.xsl doesn't exist.

convert_ada_2_hl7_sub:
     [echo] Deleting previous results, if any
     [echo] 
     [echo] ADA to HL7 ../../sturen_laboratoriumresultaten/../../../../LAB_Transform_Organizer2CDA.xsl input dir ../../sturen_laboratoriumresultaten/hl7_instance_TEST
     [xslt] stylesheet /Users/ahenket/Development/GitHub/Nictiz/HL7-mappings/LAB_Transform_Organizer2CDA.xsl doesn't exist.

convert_ada_2_hl7_examples_300:
     [echo] Deleting previous results, if any
     [echo] 
     [echo] ADA to HL7 ../../beschikbaarstellen_laboratoriumresultaten/payload/beschikbaarstellen_laboratoriumresultaten_org.xsl input dir ../../xml-voorbeelden/ada_instance
     [echo] 
     [echo] ADA to HL7 ../../sturen_laboratoriumresultaten/payload/sturen_laboratoriumresultaten_org.xsl input dir ../../xml-voorbeelden/ada_instance
     [echo] 
     [echo] ADA to HL7 ../../../LAB_Transform_Organizer2CDA.xsl input dir ../../xml-voorbeelden/hl7_instance

schemavalidate_hl7_300:

schemavalidate_hl7_sub:
     [echo] 
     [echo] ADA to HL7 validate schema with input files **/hl7_instance*/*.xml but excluding nictiz_test/**/*  and schema ../../../../../../../../SVN/AORTA/branches/Onderhoud_Lu/XML/schemas_codeGen_flat/organizer.xsd

schemavalidate_hl7_sub:
     [echo] 
     [echo] ADA to HL7 validate schema with input files **/cda_instance*/*.xml but excluding nictiz_test/**/*  and schema ../../../../../../../../SVN/AORTA/branches/Onderhoud_Lu/XML/schemas_codeGen_flat/CDANL_extended.xsd

schematronvalidate_hl7_300:

validate_hl7_300:

validate_hl7_sub:
     [echo] Deleting previous results, if any
     [echo] 
     [echo] ADA to HL7 ../../../../../../../../SVN/AORTA/branches/Onderhoud_Lu/XML/schematron_closed_warnings_svrl/lu-beschikbaarstellenLaboratoriumresultaten.xsl input dir ../../beschikbaarstellen_laboratoriumresultaten/hl7_instance
     [xslt] no resources specified

validate_hl7_sub:
     [echo] Deleting previous results, if any
     [echo] 
     [echo] ADA to HL7 ../../../../../../../../SVN/AORTA/branches/Onderhoud_Lu/XML/schematron_closed_warnings_svrl/lu-beschikbaarstellenLaboratoriumresultaten.xsl input dir ../../beschikbaarstellen_laboratoriumresultaten/hl7_instance_TEST
     [xslt] no resources specified

validate_hl7_sub:
     [echo] Deleting previous results, if any
     [echo] 
     [echo] ADA to HL7 ../../../../../../../../SVN/AORTA/branches/Onderhoud_Lu/XML/schematron_closed_warnings_svrl/lu-beschikbaarstellenLaboratoriumresultaten.xsl input dir ../../beschikbaarstellen_laboratoriumresultaten/cda_instance
     [xslt] no resources specified

validate_hl7_sub:
     [echo] Deleting previous results, if any
     [echo] 
     [echo] ADA to HL7 ../../../../../../../../SVN/AORTA/branches/Onderhoud_Lu/XML/schematron_closed_warnings_svrl/lu-beschikbaarstellenLaboratoriumresultaten.xsl input dir ../../beschikbaarstellen_laboratoriumresultaten/cda_instance_TEST
     [xslt] no resources specified

validate_hl7_sub:
     [echo] Deleting previous results, if any
     [echo] 
     [echo] ADA to HL7 ../../../../../../../../SVN/AORTA/branches/Onderhoud_Lu/XML/schematron_closed_warnings_svrl/lu-sturenLaboratoriumresultaten.xsl input dir ../../sturen_laboratoriumresultaten/hl7_instance
     [xslt] no resources specified

validate_hl7_sub:
     [echo] Deleting previous results, if any
     [echo] 
     [echo] ADA to HL7 ../../../../../../../../SVN/AORTA/branches/Onderhoud_Lu/XML/schematron_closed_warnings_svrl/lu-sturenLaboratoriumresultaten.xsl input dir ../../sturen_laboratoriumresultaten/hl7_instance_TEST
     [xslt] Processing /Users/ahenket/Development/GitHub/Nictiz/HL7-mappings/ada_2_hl7/lab/3.0.0/sturen_laboratoriumresultaten/hl7_instance_TEST/lr-slr-TEST-KC-LOINC-Nierfunctie-Scenario2-2.xml to /Users/ahenket/Development/GitHub/Nictiz/HL7-mappings/ada_2_hl7/lab/3.0.0/sturen_laboratoriumresultaten/validate_hl7_instance_TEST/lr-slr-TEST-KC-LOINC-Nierfunctie-Scenario2-2.xml
     [xslt] Loading stylesheet /Users/ahenket/Development/SVN/AORTA/branches/Onderhoud_Lu/XML/schematron_closed_warnings_svrl/lu-sturenLaboratoriumresultaten.xsl
     [xslt] Processing /Users/ahenket/Development/GitHub/Nictiz/HL7-mappings/ada_2_hl7/lab/3.0.0/sturen_laboratoriumresultaten/hl7_instance_TEST/lr-slr-TEST-KC-LOINC-Nierfunctie-Scenario3-3.xml to /Users/ahenket/Development/GitHub/Nictiz/HL7-mappings/ada_2_hl7/lab/3.0.0/sturen_laboratoriumresultaten/validate_hl7_instance_TEST/lr-slr-TEST-KC-LOINC-Nierfunctie-Scenario3-3.xml
     [xslt] Processing /Users/ahenket/Development/GitHub/Nictiz/HL7-mappings/ada_2_hl7/lab/3.0.0/sturen_laboratoriumresultaten/hl7_instance_TEST/lr-slr-TEST-KC-NHG-Nierfunctie-Scenario1-1.xml to /Users/ahenket/Development/GitHub/Nictiz/HL7-mappings/ada_2_hl7/lab/3.0.0/sturen_laboratoriumresultaten/validate_hl7_instance_TEST/lr-slr-TEST-KC-NHG-Nierfunctie-Scenario1-1.xml
     [xslt] Processing /Users/ahenket/Development/GitHub/Nictiz/HL7-mappings/ada_2_hl7/lab/3.0.0/sturen_laboratoriumresultaten/hl7_instance_TEST/lr-slr-TEST-Scenario1a-1a.xml to /Users/ahenket/Development/GitHub/Nictiz/HL7-mappings/ada_2_hl7/lab/3.0.0/sturen_laboratoriumresultaten/validate_hl7_instance_TEST/lr-slr-TEST-Scenario1a-1a.xml
     [xslt] Processing /Users/ahenket/Development/GitHub/Nictiz/HL7-mappings/ada_2_hl7/lab/3.0.0/sturen_laboratoriumresultaten/hl7_instance_TEST/lr-slr-TEST-Scenario1b-1b.xml to /Users/ahenket/Development/GitHub/Nictiz/HL7-mappings/ada_2_hl7/lab/3.0.0/sturen_laboratoriumresultaten/validate_hl7_instance_TEST/lr-slr-TEST-Scenario1b-1b.xml
     [xslt] Processing /Users/ahenket/Development/GitHub/Nictiz/HL7-mappings/ada_2_hl7/lab/3.0.0/sturen_laboratoriumresultaten/hl7_instance_TEST/lr-slr-TEST-Scenario2a-2a.xml to /Users/ahenket/Development/GitHub/Nictiz/HL7-mappings/ada_2_hl7/lab/3.0.0/sturen_laboratoriumresultaten/validate_hl7_instance_TEST/lr-slr-TEST-Scenario2a-2a.xml
     [xslt] Processing /Users/ahenket/Development/GitHub/Nictiz/HL7-mappings/ada_2_hl7/lab/3.0.0/sturen_laboratoriumresultaten/hl7_instance_TEST/lr-slr-TEST-Scenario2b-2b.xml to /Users/ahenket/Development/GitHub/Nictiz/HL7-mappings/ada_2_hl7/lab/3.0.0/sturen_laboratoriumresultaten/validate_hl7_instance_TEST/lr-slr-TEST-Scenario2b-2b.xml
     [xslt] Processing /Users/ahenket/Development/GitHub/Nictiz/HL7-mappings/ada_2_hl7/lab/3.0.0/sturen_laboratoriumresultaten/hl7_instance_TEST/lr-slr-TEST-Scenario3a-3a.xml to /Users/ahenket/Development/GitHub/Nictiz/HL7-mappings/ada_2_hl7/lab/3.0.0/sturen_laboratoriumresultaten/validate_hl7_instance_TEST/lr-slr-TEST-Scenario3a-3a.xml
     [xslt] Processing /Users/ahenket/Development/GitHub/Nictiz/HL7-mappings/ada_2_hl7/lab/3.0.0/sturen_laboratoriumresultaten/hl7_instance_TEST/lr-slr-TEST-Scenario3b-3b1.xml to /Users/ahenket/Development/GitHub/Nictiz/HL7-mappings/ada_2_hl7/lab/3.0.0/sturen_laboratoriumresultaten/validate_hl7_instance_TEST/lr-slr-TEST-Scenario3b-3b1.xml
     [xslt] Processing /Users/ahenket/Development/GitHub/Nictiz/HL7-mappings/ada_2_hl7/lab/3.0.0/sturen_laboratoriumresultaten/hl7_instance_TEST/lr-slr-TEST-Scenario3b-3b2.xml to /Users/ahenket/Development/GitHub/Nictiz/HL7-mappings/ada_2_hl7/lab/3.0.0/sturen_laboratoriumresultaten/validate_hl7_instance_TEST/lr-slr-TEST-Scenario3b-3b2.xml
     [xslt] Processing /Users/ahenket/Development/GitHub/Nictiz/HL7-mappings/ada_2_hl7/lab/3.0.0/sturen_laboratoriumresultaten/hl7_instance_TEST/lr-slr-TEST-Scenario4a-4a.xml to /Users/ahenket/Development/GitHub/Nictiz/HL7-mappings/ada_2_hl7/lab/3.0.0/sturen_laboratoriumresultaten/validate_hl7_instance_TEST/lr-slr-TEST-Scenario4a-4a.xml
     [xslt] Processing /Users/ahenket/Development/GitHub/Nictiz/HL7-mappings/ada_2_hl7/lab/3.0.0/sturen_laboratoriumresultaten/hl7_instance_TEST/lr-slr-TEST-Scenario4b-4b.xml to /Users/ahenket/Development/GitHub/Nictiz/HL7-mappings/ada_2_hl7/lab/3.0.0/sturen_laboratoriumresultaten/validate_hl7_instance_TEST/lr-slr-TEST-Scenario4b-4b.xml
     [xslt] Processing /Users/ahenket/Development/GitHub/Nictiz/HL7-mappings/ada_2_hl7/lab/3.0.0/sturen_laboratoriumresultaten/hl7_instance_TEST/lr-slr-TEST-Scenario5a-5a.xml to /Users/ahenket/Development/GitHub/Nictiz/HL7-mappings/ada_2_hl7/lab/3.0.0/sturen_laboratoriumresultaten/validate_hl7_instance_TEST/lr-slr-TEST-Scenario5a-5a.xml
     [xslt] Processing /Users/ahenket/Development/GitHub/Nictiz/HL7-mappings/ada_2_hl7/lab/3.0.0/sturen_laboratoriumresultaten/hl7_instance_TEST/lr-slr-TEST-Scenario5b-5b.xml to /Users/ahenket/Development/GitHub/Nictiz/HL7-mappings/ada_2_hl7/lab/3.0.0/sturen_laboratoriumresultaten/validate_hl7_instance_TEST/lr-slr-TEST-Scenario5b-5b.xml

validate_hl7_sub:
     [echo] Deleting previous results, if any
     [echo] 
     [echo] ADA to HL7 ../../../../../../../../SVN/AORTA/branches/Onderhoud_Lu/XML/schematron_closed_warnings_svrl/lu-sturenLaboratoriumresultaten.xsl input dir ../../sturen_laboratoriumresultaten/cda_instance
     [xslt] no resources specified

validate_hl7_sub:
     [echo] Deleting previous results, if any
     [echo] 
     [echo] ADA to HL7 ../../../../../../../../SVN/AORTA/branches/Onderhoud_Lu/XML/schematron_closed_warnings_svrl/lu-sturenLaboratoriumresultaten.xsl input dir ../../sturen_laboratoriumresultaten/cda_instance_TEST
     [xslt] no resources specified

schematronresults_hl7_300_sub:
     [echo] 
     [echo] ADA to HL7 ../../../../../util/validate-svrl-output.xsl make recap of validation in ../../validate/hl7_beschikbaarstellen_laboratoriumresultaten.xml
     [xslt] Processing /Users/ahenket/Development/GitHub/Nictiz/HL7-mappings/util/validate-svrl-output.xsl to /Users/ahenket/Development/GitHub/Nictiz/HL7-mappings/ada_2_hl7/lab/3.0.0/validate/hl7_beschikbaarstellen_laboratoriumresultaten.xml
     [xslt] Loading stylesheet /Users/ahenket/Development/GitHub/Nictiz/HL7-mappings/util/validate-svrl-output.xsl

schematronresults_hl7_300_sub:
     [echo] 
     [echo] ADA to HL7 ../../../../../util/validate-svrl-output.xsl make recap of validation in ../../validate/hl7_beschikbaarstellen_laboratoriumresultaten_TEST.xml
     [xslt] Processing /Users/ahenket/Development/GitHub/Nictiz/HL7-mappings/util/validate-svrl-output.xsl to /Users/ahenket/Development/GitHub/Nictiz/HL7-mappings/ada_2_hl7/lab/3.0.0/validate/hl7_beschikbaarstellen_laboratoriumresultaten_TEST.xml
     [xslt] Loading stylesheet /Users/ahenket/Development/GitHub/Nictiz/HL7-mappings/util/validate-svrl-output.xsl

schematronresults_hl7_300_sub:
     [echo] 
     [echo] ADA to HL7 ../../../../../util/validate-svrl-output.xsl make recap of validation in ../../validate/cda_beschikbaarstellen_laboratoriumresultaten.xml
     [xslt] Processing /Users/ahenket/Development/GitHub/Nictiz/HL7-mappings/util/validate-svrl-output.xsl to /Users/ahenket/Development/GitHub/Nictiz/HL7-mappings/ada_2_hl7/lab/3.0.0/validate/cda_beschikbaarstellen_laboratoriumresultaten.xml
     [xslt] Loading stylesheet /Users/ahenket/Development/GitHub/Nictiz/HL7-mappings/util/validate-svrl-output.xsl

schematronresults_hl7_300_sub:
     [echo] 
     [echo] ADA to HL7 ../../../../../util/validate-svrl-output.xsl make recap of validation in ../../validate/cda_beschikbaarstellen_laboratoriumresultaten_TEST.xml
     [xslt] Processing /Users/ahenket/Development/GitHub/Nictiz/HL7-mappings/util/validate-svrl-output.xsl to /Users/ahenket/Development/GitHub/Nictiz/HL7-mappings/ada_2_hl7/lab/3.0.0/validate/cda_beschikbaarstellen_laboratoriumresultaten_TEST.xml
     [xslt] Loading stylesheet /Users/ahenket/Development/GitHub/Nictiz/HL7-mappings/util/validate-svrl-output.xsl

schematronresults_hl7_300_sub:
     [echo] 
     [echo] ADA to HL7 ../../../../../util/validate-svrl-output.xsl make recap of validation in ../../validate/hl7_sturen_laboratoriumresultaten.xml
     [xslt] Processing /Users/ahenket/Development/GitHub/Nictiz/HL7-mappings/util/validate-svrl-output.xsl to /Users/ahenket/Development/GitHub/Nictiz/HL7-mappings/ada_2_hl7/lab/3.0.0/validate/hl7_sturen_laboratoriumresultaten.xml
     [xslt] Loading stylesheet /Users/ahenket/Development/GitHub/Nictiz/HL7-mappings/util/validate-svrl-output.xsl

schematronresults_hl7_300_sub:
     [echo] 
     [echo] ADA to HL7 ../../../../../util/validate-svrl-output.xsl make recap of validation in ../../validate/hl7_sturen_laboratoriumresultaten_TEST.xml
     [xslt] Processing /Users/ahenket/Development/GitHub/Nictiz/HL7-mappings/util/validate-svrl-output.xsl to /Users/ahenket/Development/GitHub/Nictiz/HL7-mappings/ada_2_hl7/lab/3.0.0/validate/hl7_sturen_laboratoriumresultaten_TEST.xml
     [xslt] Loading stylesheet /Users/ahenket/Development/GitHub/Nictiz/HL7-mappings/util/validate-svrl-output.xsl

schematronresults_hl7_300_sub:
     [echo] 
     [echo] ADA to HL7 ../../../../../util/validate-svrl-output.xsl make recap of validation in ../../validate/cda_sturen_laboratoriumresultaten.xml
     [xslt] Processing /Users/ahenket/Development/GitHub/Nictiz/HL7-mappings/util/validate-svrl-output.xsl to /Users/ahenket/Development/GitHub/Nictiz/HL7-mappings/ada_2_hl7/lab/3.0.0/validate/cda_sturen_laboratoriumresultaten.xml
     [xslt] Loading stylesheet /Users/ahenket/Development/GitHub/Nictiz/HL7-mappings/util/validate-svrl-output.xsl

schematronresults_hl7_300_sub:
     [echo] 
     [echo] ADA to HL7 ../../../../../util/validate-svrl-output.xsl make recap of validation in ../../validate/cda_sturen_laboratoriumresultaten_TEST.xml
     [xslt] Processing /Users/ahenket/Development/GitHub/Nictiz/HL7-mappings/util/validate-svrl-output.xsl to /Users/ahenket/Development/GitHub/Nictiz/HL7-mappings/ada_2_hl7/lab/3.0.0/validate/cda_sturen_laboratoriumresultaten_TEST.xml
     [xslt] Loading stylesheet /Users/ahenket/Development/GitHub/Nictiz/HL7-mappings/util/validate-svrl-output.xsl

convert_ada_2_hl7_examples_300:
     [echo] Deleting previous results, if any
     [echo] 
     [echo] ADA to HL7 ../../beschikbaarstellen_laboratoriumresultaten/payload/beschikbaarstellen_laboratoriumresultaten_org.xsl input dir ../../xml-voorbeelden/ada_instance
     [echo] 
     [echo] ADA to HL7 ../../sturen_laboratoriumresultaten/payload/sturen_laboratoriumresultaten_org.xsl input dir ../../xml-voorbeelden/ada_instance
     [echo] 
     [echo] ADA to HL7 ../../../LAB_Transform_Organizer2CDA.xsl input dir ../../xml-voorbeelden/hl7_instance

BUILD SUCCESSFUL
Total time: 25 seconds
