Buildfile: C:\SourceTree\GitHub\HL7-mappings\ada_2_fhir\cio\1.0.0\_ant-buildfiles\ant-publish\build-ada2fhir-cio-100.xml

download-ivy:
     [echo] installing ivy...
      [get] Getting: https://repo1.maven.org/maven2/org/apache/ivy/ivy/2.5.0/ivy-2.5.0.jar
      [get] To: C:\SourceTree\GitHub\HL7-mappings\_ant-buildfiles\ant-include\ivy\ivy.jar
      [get] Not modified - so not downloaded

install-ivy:

fetch-imports:
[ivy:resolve] :: Apache Ivy 2.5.0 - 20191020104435 :: https://ant.apache.org/ivy/ ::
[ivy:resolve] :: loading settings :: file = C:\SourceTree\GitHub\HL7-mappings\_ant-buildfiles\ant-include\ivysettings.xml
[ivy:resolve] :: resolving dependencies :: nl.nictiz.decor#tools;working@NICT1-NB144087 [not transitive]
[ivy:resolve] 	confs: [default]
[ivy:resolve] 	found net.sf.saxon#Saxon-HE;9.8.0-15 in maven
[ivy:resolve] 	found xerces#xercesImpl;2.12.0 in maven
[ivy:resolve] :: resolution report :: resolve 87ms :: artifacts dl 12ms
	---------------------------------------------------------------------
	|                  |            modules            ||   artifacts   |
	|       conf       | number| search|dwnlded|evicted|| number|dwnlded|
	---------------------------------------------------------------------
	|      default     |   2   |   0   |   0   |   0   ||   6   |   0   |
	---------------------------------------------------------------------
[ivy:retrieve] :: retrieving :: nl.nictiz.decor#tools [sync]
[ivy:retrieve] 	confs: [default]
[ivy:retrieve] 	0 artifacts copied, 2 already retrieved (0kB/7ms)
[ivy:dependencytree] Dependency tree for nl.nictiz.decor-tools
[ivy:dependencytree] +- net.sf.saxon#Saxon-HE;9.8.0-15
[ivy:dependencytree] \- xerces#xercesImpl;2.12.0

convert_ada_2_fhir:

download-ivy:
     [echo] installing ivy...
      [get] Getting: https://repo1.maven.org/maven2/org/apache/ivy/ivy/2.5.0/ivy-2.5.0.jar
      [get] To: C:\SourceTree\GitHub\HL7-mappings\_ant-buildfiles\ant-include\ivy\ivy.jar
      [get] Not modified - so not downloaded

install-ivy:

fetch-imports:
[ivy:resolve] :: Apache Ivy 2.5.0 - 20191020104435 :: https://ant.apache.org/ivy/ ::
[ivy:resolve] :: loading settings :: file = C:\SourceTree\GitHub\HL7-mappings\_ant-buildfiles\ant-include\ivysettings.xml
[ivy:resolve] :: resolving dependencies :: nl.nictiz.decor#tools;working@NICT1-NB144087 [not transitive]
[ivy:resolve] 	confs: [default]
[ivy:resolve] 	found net.sf.saxon#Saxon-HE;9.8.0-15 in maven
[ivy:resolve] 	found xerces#xercesImpl;2.12.0 in maven
[ivy:resolve] :: resolution report :: resolve 54ms :: artifacts dl 9ms
	---------------------------------------------------------------------
	|                  |            modules            ||   artifacts   |
	|       conf       | number| search|dwnlded|evicted|| number|dwnlded|
	---------------------------------------------------------------------
	|      default     |   2   |   0   |   0   |   0   ||   6   |   0   |
	---------------------------------------------------------------------
[ivy:retrieve] :: retrieving :: nl.nictiz.decor#tools [sync]
[ivy:retrieve] 	confs: [default]
[ivy:retrieve] 	0 artifacts copied, 2 already retrieved (0kB/4ms)
[ivy:dependencytree] Dependency tree for nl.nictiz.decor-tools
[ivy:dependencytree] +- net.sf.saxon#Saxon-HE;9.8.0-15
[ivy:dependencytree] \- xerces#xercesImpl;2.12.0

convert_ada_2_fhir_sub:
     [echo] Deleting previous results, if any
     [echo] 
     [echo] ADA to FHIR beschikbaarstellen_allergie_intolerantie/payload/beschikbaarstellen_allergie_intolerantie_2_fhir_resources.xsl
     [xslt] Processing C:\SourceTree\GitHub\HL7-mappings\ada_2_fhir\cio\1.0.0\beschikbaarstellen_allergie_intolerantie\ada_instance\bs-aig-1-1.xml to C:\SourceTree\GitHub\HL7-mappings\ada_2_fhir\cio\1.0.0\beschikbaarstellen_allergie_intolerantie\fhir_instance\bs-aig-1-1.xml
     [xslt] Loading stylesheet C:\SourceTree\GitHub\HL7-mappings\ada_2_fhir\cio\1.0.0\beschikbaarstellen_allergie_intolerantie\payload\beschikbaarstellen_allergie_intolerantie_2_fhir_resources.xsl
     [xslt] Processing C:\SourceTree\GitHub\HL7-mappings\ada_2_fhir\cio\1.0.0\beschikbaarstellen_allergie_intolerantie\ada_instance\bs-aig-1-2.xml to C:\SourceTree\GitHub\HL7-mappings\ada_2_fhir\cio\1.0.0\beschikbaarstellen_allergie_intolerantie\fhir_instance\bs-aig-1-2.xml
     [echo] 
     [echo] ADA to FHIR beschikbaarstellen_allergie_intolerantie/payload/beschikbaarstellen_allergie_intolerantie_2_fhir.xsl
     [xslt] Processing C:\SourceTree\GitHub\HL7-mappings\ada_2_fhir\cio\1.0.0\beschikbaarstellen_allergie_intolerantie\ada_instance\bs-aig-1-1.xml to C:\SourceTree\GitHub\HL7-mappings\ada_2_fhir\cio\1.0.0\beschikbaarstellen_allergie_intolerantie\fhir_instance\bs-aig-1-1.xml
     [xslt] Loading stylesheet C:\SourceTree\GitHub\HL7-mappings\ada_2_fhir\cio\1.0.0\beschikbaarstellen_allergie_intolerantie\payload\beschikbaarstellen_allergie_intolerantie_2_fhir.xsl
     [xslt] Processing C:\SourceTree\GitHub\HL7-mappings\ada_2_fhir\cio\1.0.0\beschikbaarstellen_allergie_intolerantie\ada_instance\bs-aig-1-2.xml to C:\SourceTree\GitHub\HL7-mappings\ada_2_fhir\cio\1.0.0\beschikbaarstellen_allergie_intolerantie\fhir_instance\bs-aig-1-2.xml

download-ivy:
     [echo] installing ivy...
      [get] Getting: https://repo1.maven.org/maven2/org/apache/ivy/ivy/2.5.0/ivy-2.5.0.jar
      [get] To: C:\SourceTree\GitHub\HL7-mappings\_ant-buildfiles\ant-include\ivy\ivy.jar
      [get] Not modified - so not downloaded

install-ivy:

fetch-imports:
[ivy:resolve] :: Apache Ivy 2.5.0 - 20191020104435 :: https://ant.apache.org/ivy/ ::
[ivy:resolve] :: loading settings :: file = C:\SourceTree\GitHub\HL7-mappings\_ant-buildfiles\ant-include\ivysettings.xml
[ivy:resolve] :: resolving dependencies :: nl.nictiz.decor#tools;working@NICT1-NB144087 [not transitive]
[ivy:resolve] 	confs: [default]
[ivy:resolve] 	found net.sf.saxon#Saxon-HE;9.8.0-15 in maven
[ivy:resolve] 	found xerces#xercesImpl;2.12.0 in maven
[ivy:resolve] :: resolution report :: resolve 114ms :: artifacts dl 23ms
	---------------------------------------------------------------------
	|                  |            modules            ||   artifacts   |
	|       conf       | number| search|dwnlded|evicted|| number|dwnlded|
	---------------------------------------------------------------------
	|      default     |   2   |   0   |   0   |   0   ||   6   |   0   |
	---------------------------------------------------------------------
[ivy:retrieve] :: retrieving :: nl.nictiz.decor#tools [sync]
[ivy:retrieve] 	confs: [default]
[ivy:retrieve] 	0 artifacts copied, 2 already retrieved (0kB/10ms)
[ivy:dependencytree] Dependency tree for nl.nictiz.decor-tools
[ivy:dependencytree] +- net.sf.saxon#Saxon-HE;9.8.0-15
[ivy:dependencytree] \- xerces#xercesImpl;2.12.0

convert_ada_2_fhir_sub:
     [echo] Deleting previous results, if any
     [echo] 
     [echo] ADA to FHIR beschikbaarstellen_allergie_intolerantie_vertaling/payload/beschikbaarstellen_allergie_intolerantie_vertaling_2_fhir_resources.xsl
     [xslt] Processing C:\SourceTree\GitHub\HL7-mappings\ada_2_fhir\cio\1.0.0\beschikbaarstellen_allergie_intolerantie_vertaling\ada_instance\CIO-01-AlleOnderdelen.xml to C:\SourceTree\GitHub\HL7-mappings\ada_2_fhir\cio\1.0.0\beschikbaarstellen_allergie_intolerantie_vertaling\fhir_instance\CIO-01-AlleOnderdelen.xml
     [xslt] Loading stylesheet C:\SourceTree\GitHub\HL7-mappings\ada_2_fhir\cio\1.0.0\beschikbaarstellen_allergie_intolerantie_vertaling\payload\beschikbaarstellen_allergie_intolerantie_vertaling_2_fhir_resources.xsl
     [xslt] Processing C:\SourceTree\GitHub\HL7-mappings\ada_2_fhir\cio\1.0.0\beschikbaarstellen_allergie_intolerantie_vertaling\ada_instance\CIO-02.xml to C:\SourceTree\GitHub\HL7-mappings\ada_2_fhir\cio\1.0.0\beschikbaarstellen_allergie_intolerantie_vertaling\fhir_instance\CIO-02.xml
     [xslt] Processing C:\SourceTree\GitHub\HL7-mappings\ada_2_fhir\cio\1.0.0\beschikbaarstellen_allergie_intolerantie_vertaling\ada_instance\CIO-03.xml to C:\SourceTree\GitHub\HL7-mappings\ada_2_fhir\cio\1.0.0\beschikbaarstellen_allergie_intolerantie_vertaling\fhir_instance\CIO-03.xml
     [echo] 
     [echo] ADA to FHIR beschikbaarstellen_allergie_intolerantie_vertaling/payload/beschikbaarstellen_allergie_intolerantie_vertaling_2_fhir.xsl
     [xslt] Processing C:\SourceTree\GitHub\HL7-mappings\ada_2_fhir\cio\1.0.0\beschikbaarstellen_allergie_intolerantie_vertaling\ada_instance\CIO-01-AlleOnderdelen.xml to C:\SourceTree\GitHub\HL7-mappings\ada_2_fhir\cio\1.0.0\beschikbaarstellen_allergie_intolerantie_vertaling\fhir_instance\CIO-01-AlleOnderdelen.xml
     [xslt] Loading stylesheet C:\SourceTree\GitHub\HL7-mappings\ada_2_fhir\cio\1.0.0\beschikbaarstellen_allergie_intolerantie_vertaling\payload\beschikbaarstellen_allergie_intolerantie_vertaling_2_fhir.xsl
     [xslt] Processing C:\SourceTree\GitHub\HL7-mappings\ada_2_fhir\cio\1.0.0\beschikbaarstellen_allergie_intolerantie_vertaling\ada_instance\CIO-02.xml to C:\SourceTree\GitHub\HL7-mappings\ada_2_fhir\cio\1.0.0\beschikbaarstellen_allergie_intolerantie_vertaling\fhir_instance\CIO-02.xml
     [xslt] Processing C:\SourceTree\GitHub\HL7-mappings\ada_2_fhir\cio\1.0.0\beschikbaarstellen_allergie_intolerantie_vertaling\ada_instance\CIO-03.xml to C:\SourceTree\GitHub\HL7-mappings\ada_2_fhir\cio\1.0.0\beschikbaarstellen_allergie_intolerantie_vertaling\fhir_instance\CIO-03.xml

BUILD SUCCESSFUL
Total time: 10 seconds
