Buildfile: C:\SourceTree\GitHub\HL7-mappings-dev\ada_2_fhir\cio\1.0.0\_ant-buildfiles\ant-publish\build-ada2fhir-cio-100.xml

download-ivy:
     [echo] installing ivy...
      [get] Getting: https://repo1.maven.org/maven2/org/apache/ivy/ivy/2.4.0/ivy-2.4.0.jar
      [get] To: C:\SourceTree\GitHub\HL7-mappings-dev\_ant-buildfiles\ant-include\ivy\ivy.jar
      [get] Not modified - so not downloaded

install-ivy:

fetch-imports:
[ivy:resolve] :: Apache Ivy 2.4.0 - 20141213170938 :: http://ant.apache.org/ivy/ ::
[ivy:resolve] :: loading settings :: file = C:\SourceTree\GitHub\HL7-mappings-dev\_ant-buildfiles\ant-include\ivysettings.xml
[ivy:resolve] :: resolving dependencies :: nl.nictiz.decor#tools;working@NICT1-NB144087 [not transitive]
[ivy:resolve] 	confs: [default]
[ivy:resolve] 	found net.sf.saxon#Saxon-HE;9.5.1-5 in local-chain
[ivy:resolve] :: resolution report :: resolve 60ms :: artifacts dl 5ms
	---------------------------------------------------------------------
	|                  |            modules            ||   artifacts   |
	|       conf       | number| search|dwnlded|evicted|| number|dwnlded|
	---------------------------------------------------------------------
	|      default     |   1   |   0   |   0   |   0   ||   3   |   0   |
	---------------------------------------------------------------------
[ivy:retrieve] :: retrieving :: nl.nictiz.decor#tools [sync]
[ivy:retrieve] 	confs: [default]
[ivy:retrieve] 	0 artifacts copied, 1 already retrieved (0kB/4ms)
[ivy:dependencytree] Dependency tree for nl.nictiz.decor-tools
[ivy:dependencytree] \- net.sf.saxon#Saxon-HE;9.5.1-5

setup:

download-ivy:
     [echo] installing ivy...
      [get] Getting: https://repo1.maven.org/maven2/org/apache/ivy/ivy/2.4.0/ivy-2.4.0.jar
      [get] To: C:\SourceTree\GitHub\HL7-mappings-dev\_ant-buildfiles\ant-include\ivy\ivy.jar
      [get] Not modified - so not downloaded

install-ivy:

fetch-imports:
[ivy:resolve] :: Apache Ivy 2.4.0 - 20141213170938 :: http://ant.apache.org/ivy/ ::
[ivy:resolve] :: loading settings :: file = C:\SourceTree\GitHub\HL7-mappings-dev\_ant-buildfiles\ant-include\ivysettings.xml
[ivy:resolve] :: resolving dependencies :: nl.nictiz.decor#tools;working@NICT1-NB144087 [not transitive]
[ivy:resolve] 	confs: [default]
[ivy:resolve] 	found net.sf.saxon#Saxon-HE;9.5.1-5 in local-chain
[ivy:resolve] :: resolution report :: resolve 54ms :: artifacts dl 3ms
	---------------------------------------------------------------------
	|                  |            modules            ||   artifacts   |
	|       conf       | number| search|dwnlded|evicted|| number|dwnlded|
	---------------------------------------------------------------------
	|      default     |   1   |   0   |   0   |   0   ||   3   |   0   |
	---------------------------------------------------------------------
[ivy:retrieve] :: retrieving :: nl.nictiz.decor#tools [sync]
[ivy:retrieve] 	confs: [default]
[ivy:retrieve] 	0 artifacts copied, 1 already retrieved (0kB/4ms)
[ivy:dependencytree] Dependency tree for nl.nictiz.decor-tools
[ivy:dependencytree] \- net.sf.saxon#Saxon-HE;9.5.1-5

setup_sub_schemas:
     [copy] Copying 3 files to C:\SourceTree\GitHub\HL7-mappings-dev\ada_2_fhir\cio\1.0.0\beschikbaarstellen_allergie_intolerantie\ada_schemas

download-ivy:
     [echo] installing ivy...
      [get] Getting: https://repo1.maven.org/maven2/org/apache/ivy/ivy/2.4.0/ivy-2.4.0.jar
      [get] To: C:\SourceTree\GitHub\HL7-mappings-dev\_ant-buildfiles\ant-include\ivy\ivy.jar
      [get] Not modified - so not downloaded

install-ivy:

fetch-imports:
[ivy:resolve] :: Apache Ivy 2.4.0 - 20141213170938 :: http://ant.apache.org/ivy/ ::
[ivy:resolve] :: loading settings :: file = C:\SourceTree\GitHub\HL7-mappings-dev\_ant-buildfiles\ant-include\ivysettings.xml
[ivy:resolve] :: resolving dependencies :: nl.nictiz.decor#tools;working@NICT1-NB144087 [not transitive]
[ivy:resolve] 	confs: [default]
[ivy:resolve] 	found net.sf.saxon#Saxon-HE;9.5.1-5 in local-chain
[ivy:resolve] :: resolution report :: resolve 53ms :: artifacts dl 4ms
	---------------------------------------------------------------------
	|                  |            modules            ||   artifacts   |
	|       conf       | number| search|dwnlded|evicted|| number|dwnlded|
	---------------------------------------------------------------------
	|      default     |   1   |   0   |   0   |   0   ||   3   |   0   |
	---------------------------------------------------------------------
[ivy:retrieve] :: retrieving :: nl.nictiz.decor#tools [sync]
[ivy:retrieve] 	confs: [default]
[ivy:retrieve] 	0 artifacts copied, 1 already retrieved (0kB/4ms)
[ivy:dependencytree] Dependency tree for nl.nictiz.decor-tools
[ivy:dependencytree] \- net.sf.saxon#Saxon-HE;9.5.1-5

setup_sub_schemas:
     [copy] Copying 3 files to C:\SourceTree\GitHub\HL7-mappings-dev\ada_2_fhir\cio\1.0.0\beschikbaarstellen_allergie_intolerantie_vertaling\ada_schemas
     [echo] CIO instances from C:\SVN\art_decor\trunk\ada-data\production-ada-instances\cio\1.0.0\data to ./beschikbaarstellen_allergie_intolerantie/ada_instance
     [copy] Copying 2 files to C:\SourceTree\GitHub\HL7-mappings-dev\ada_2_fhir\cio\1.0.0\beschikbaarstellen_allergie_intolerantie\ada_instance
     [echo] CIO instances from C:\SVN\art_decor\trunk\ada-data\production-ada-instances\cio\1.0.0\data to ./beschikbaarstellen_allergie_intolerantie_vertaling/ada_instance
     [copy] Copying 3 files to C:\SourceTree\GitHub\HL7-mappings-dev\ada_2_fhir\cio\1.0.0\beschikbaarstellen_allergie_intolerantie_vertaling\ada_instance

download-ivy:
     [echo] installing ivy...
      [get] Getting: https://repo1.maven.org/maven2/org/apache/ivy/ivy/2.4.0/ivy-2.4.0.jar
      [get] To: C:\SourceTree\GitHub\HL7-mappings-dev\_ant-buildfiles\ant-include\ivy\ivy.jar
      [get] Not modified - so not downloaded

install-ivy:

fetch-imports:
[ivy:resolve] :: Apache Ivy 2.4.0 - 20141213170938 :: http://ant.apache.org/ivy/ ::
[ivy:resolve] :: loading settings :: file = C:\SourceTree\GitHub\HL7-mappings-dev\_ant-buildfiles\ant-include\ivysettings.xml
[ivy:resolve] :: resolving dependencies :: nl.nictiz.decor#tools;working@NICT1-NB144087 [not transitive]
[ivy:resolve] 	confs: [default]
[ivy:resolve] 	found net.sf.saxon#Saxon-HE;9.5.1-5 in local-chain
[ivy:resolve] :: resolution report :: resolve 44ms :: artifacts dl 4ms
	---------------------------------------------------------------------
	|                  |            modules            ||   artifacts   |
	|       conf       | number| search|dwnlded|evicted|| number|dwnlded|
	---------------------------------------------------------------------
	|      default     |   1   |   0   |   0   |   0   ||   3   |   0   |
	---------------------------------------------------------------------
[ivy:retrieve] :: retrieving :: nl.nictiz.decor#tools [sync]
[ivy:retrieve] 	confs: [default]
[ivy:retrieve] 	0 artifacts copied, 1 already retrieved (0kB/3ms)
[ivy:dependencytree] Dependency tree for nl.nictiz.decor-tools
[ivy:dependencytree] \- net.sf.saxon#Saxon-HE;9.5.1-5

convert_ada_2_fhir:

download-ivy:
     [echo] installing ivy...
      [get] Getting: https://repo1.maven.org/maven2/org/apache/ivy/ivy/2.4.0/ivy-2.4.0.jar
      [get] To: C:\SourceTree\GitHub\HL7-mappings-dev\_ant-buildfiles\ant-include\ivy\ivy.jar
      [get] Not modified - so not downloaded

install-ivy:

fetch-imports:
[ivy:resolve] :: Apache Ivy 2.4.0 - 20141213170938 :: http://ant.apache.org/ivy/ ::
[ivy:resolve] :: loading settings :: file = C:\SourceTree\GitHub\HL7-mappings-dev\_ant-buildfiles\ant-include\ivysettings.xml
[ivy:resolve] :: resolving dependencies :: nl.nictiz.decor#tools;working@NICT1-NB144087 [not transitive]
[ivy:resolve] 	confs: [default]
[ivy:resolve] 	found net.sf.saxon#Saxon-HE;9.5.1-5 in local-chain
[ivy:resolve] :: resolution report :: resolve 42ms :: artifacts dl 4ms
	---------------------------------------------------------------------
	|                  |            modules            ||   artifacts   |
	|       conf       | number| search|dwnlded|evicted|| number|dwnlded|
	---------------------------------------------------------------------
	|      default     |   1   |   0   |   0   |   0   ||   3   |   0   |
	---------------------------------------------------------------------
[ivy:retrieve] :: retrieving :: nl.nictiz.decor#tools [sync]
[ivy:retrieve] 	confs: [default]
[ivy:retrieve] 	0 artifacts copied, 1 already retrieved (0kB/3ms)
[ivy:dependencytree] Dependency tree for nl.nictiz.decor-tools
[ivy:dependencytree] \- net.sf.saxon#Saxon-HE;9.5.1-5

convert_ada_2_fhir_sub:
     [echo] Deleting previous results, if any
     [echo] 
     [echo] ADA to FHIR beschikbaarstellen_allergie_intolerantie/payload/beschikbaarstellen_allergie_intolerantie_2_fhir_resources.xsl
     [xslt] Processing C:\SourceTree\GitHub\HL7-mappings-dev\ada_2_fhir\cio\1.0.0\beschikbaarstellen_allergie_intolerantie\ada_instance\bs-aig-1-1.xml to C:\SourceTree\GitHub\HL7-mappings-dev\ada_2_fhir\cio\1.0.0\beschikbaarstellen_allergie_intolerantie\fhir_instance\bs-aig-1-1.xml
     [xslt] Loading stylesheet C:\SourceTree\GitHub\HL7-mappings-dev\ada_2_fhir\cio\1.0.0\beschikbaarstellen_allergie_intolerantie\payload\beschikbaarstellen_allergie_intolerantie_2_fhir_resources.xsl
     [xslt] Processing C:\SourceTree\GitHub\HL7-mappings-dev\ada_2_fhir\cio\1.0.0\beschikbaarstellen_allergie_intolerantie\ada_instance\bs-aig-1-2.xml to C:\SourceTree\GitHub\HL7-mappings-dev\ada_2_fhir\cio\1.0.0\beschikbaarstellen_allergie_intolerantie\fhir_instance\bs-aig-1-2.xml
     [echo] 
     [echo] ADA to FHIR beschikbaarstellen_allergie_intolerantie/payload/beschikbaarstellen_allergie_intolerantie_2_fhir.xsl
     [xslt] Processing C:\SourceTree\GitHub\HL7-mappings-dev\ada_2_fhir\cio\1.0.0\beschikbaarstellen_allergie_intolerantie\ada_instance\bs-aig-1-1.xml to C:\SourceTree\GitHub\HL7-mappings-dev\ada_2_fhir\cio\1.0.0\beschikbaarstellen_allergie_intolerantie\fhir_instance\bs-aig-1-1.xml
     [xslt] Loading stylesheet C:\SourceTree\GitHub\HL7-mappings-dev\ada_2_fhir\cio\1.0.0\beschikbaarstellen_allergie_intolerantie\payload\beschikbaarstellen_allergie_intolerantie_2_fhir.xsl
     [xslt] Processing C:\SourceTree\GitHub\HL7-mappings-dev\ada_2_fhir\cio\1.0.0\beschikbaarstellen_allergie_intolerantie\ada_instance\bs-aig-1-2.xml to C:\SourceTree\GitHub\HL7-mappings-dev\ada_2_fhir\cio\1.0.0\beschikbaarstellen_allergie_intolerantie\fhir_instance\bs-aig-1-2.xml

download-ivy:
     [echo] installing ivy...
      [get] Getting: https://repo1.maven.org/maven2/org/apache/ivy/ivy/2.4.0/ivy-2.4.0.jar
      [get] To: C:\SourceTree\GitHub\HL7-mappings-dev\_ant-buildfiles\ant-include\ivy\ivy.jar
      [get] Not modified - so not downloaded

install-ivy:

fetch-imports:
[ivy:resolve] :: Apache Ivy 2.4.0 - 20141213170938 :: http://ant.apache.org/ivy/ ::
[ivy:resolve] :: loading settings :: file = C:\SourceTree\GitHub\HL7-mappings-dev\_ant-buildfiles\ant-include\ivysettings.xml
[ivy:resolve] :: resolving dependencies :: nl.nictiz.decor#tools;working@NICT1-NB144087 [not transitive]
[ivy:resolve] 	confs: [default]
[ivy:resolve] 	found net.sf.saxon#Saxon-HE;9.5.1-5 in local-chain
[ivy:resolve] :: resolution report :: resolve 61ms :: artifacts dl 5ms
	---------------------------------------------------------------------
	|                  |            modules            ||   artifacts   |
	|       conf       | number| search|dwnlded|evicted|| number|dwnlded|
	---------------------------------------------------------------------
	|      default     |   1   |   0   |   0   |   0   ||   3   |   0   |
	---------------------------------------------------------------------
[ivy:retrieve] :: retrieving :: nl.nictiz.decor#tools [sync]
[ivy:retrieve] 	confs: [default]
[ivy:retrieve] 	0 artifacts copied, 1 already retrieved (0kB/5ms)
[ivy:dependencytree] Dependency tree for nl.nictiz.decor-tools
[ivy:dependencytree] \- net.sf.saxon#Saxon-HE;9.5.1-5

convert_ada_2_fhir_sub:
     [echo] Deleting previous results, if any
     [echo] 
     [echo] ADA to FHIR beschikbaarstellen_allergie_intolerantie_vertaling/payload/beschikbaarstellen_allergie_intolerantie_vertaling_2_fhir_resources.xsl
     [xslt] Processing C:\SourceTree\GitHub\HL7-mappings-dev\ada_2_fhir\cio\1.0.0\beschikbaarstellen_allergie_intolerantie_vertaling\ada_instance\CIO-01-AlleOnderdelen.xml to C:\SourceTree\GitHub\HL7-mappings-dev\ada_2_fhir\cio\1.0.0\beschikbaarstellen_allergie_intolerantie_vertaling\fhir_instance\CIO-01-AlleOnderdelen.xml
     [xslt] Loading stylesheet C:\SourceTree\GitHub\HL7-mappings-dev\ada_2_fhir\cio\1.0.0\beschikbaarstellen_allergie_intolerantie_vertaling\payload\beschikbaarstellen_allergie_intolerantie_vertaling_2_fhir_resources.xsl
     [xslt] Processing C:\SourceTree\GitHub\HL7-mappings-dev\ada_2_fhir\cio\1.0.0\beschikbaarstellen_allergie_intolerantie_vertaling\ada_instance\CIO-02.xml to C:\SourceTree\GitHub\HL7-mappings-dev\ada_2_fhir\cio\1.0.0\beschikbaarstellen_allergie_intolerantie_vertaling\fhir_instance\CIO-02.xml
     [xslt] Processing C:\SourceTree\GitHub\HL7-mappings-dev\ada_2_fhir\cio\1.0.0\beschikbaarstellen_allergie_intolerantie_vertaling\ada_instance\CIO-03.xml to C:\SourceTree\GitHub\HL7-mappings-dev\ada_2_fhir\cio\1.0.0\beschikbaarstellen_allergie_intolerantie_vertaling\fhir_instance\CIO-03.xml
     [echo] 
     [echo] ADA to FHIR beschikbaarstellen_allergie_intolerantie_vertaling/payload/beschikbaarstellen_allergie_intolerantie_vertaling_2_fhir.xsl
     [xslt] Processing C:\SourceTree\GitHub\HL7-mappings-dev\ada_2_fhir\cio\1.0.0\beschikbaarstellen_allergie_intolerantie_vertaling\ada_instance\CIO-01-AlleOnderdelen.xml to C:\SourceTree\GitHub\HL7-mappings-dev\ada_2_fhir\cio\1.0.0\beschikbaarstellen_allergie_intolerantie_vertaling\fhir_instance\CIO-01-AlleOnderdelen.xml
     [xslt] Loading stylesheet C:\SourceTree\GitHub\HL7-mappings-dev\ada_2_fhir\cio\1.0.0\beschikbaarstellen_allergie_intolerantie_vertaling\payload\beschikbaarstellen_allergie_intolerantie_vertaling_2_fhir.xsl
     [xslt] Processing C:\SourceTree\GitHub\HL7-mappings-dev\ada_2_fhir\cio\1.0.0\beschikbaarstellen_allergie_intolerantie_vertaling\ada_instance\CIO-02.xml to C:\SourceTree\GitHub\HL7-mappings-dev\ada_2_fhir\cio\1.0.0\beschikbaarstellen_allergie_intolerantie_vertaling\fhir_instance\CIO-02.xml
     [xslt] Processing C:\SourceTree\GitHub\HL7-mappings-dev\ada_2_fhir\cio\1.0.0\beschikbaarstellen_allergie_intolerantie_vertaling\ada_instance\CIO-03.xml to C:\SourceTree\GitHub\HL7-mappings-dev\ada_2_fhir\cio\1.0.0\beschikbaarstellen_allergie_intolerantie_vertaling\fhir_instance\CIO-03.xml

BUILD SUCCESSFUL
Total time: 6 seconds
