Buildfile: C:\SourceTree\GitHub\HL7-mappings\ada_2_fhir\mp\9.1.0\_ant-buildfiles\ant-publish\build-ada2fhir-mp-910.xml

download-ivy:
     [echo] installing ivy...
      [get] Getting: https://repo1.maven.org/maven2/org/apache/ivy/ivy/2.5.0/ivy-2.5.0.jar
      [get] To: C:\SourceTree\GitHub\HL7-mappings\_ant-buildfiles\ant-include\ivy\ivy.jar
      [get] Not modified - so not downloaded

install-ivy:

fetch-imports:
[ivy:resolve] :: Apache Ivy 2.5.0 - 20191020104435 :: https://ant.apache.org/ivy/ ::
[ivy:resolve] :: loading settings :: file = C:\SourceTree\GitHub\HL7-mappings\_ant-buildfiles\ant-include\ivysettings.xml
[ivy:resolve] :: resolving dependencies :: nl.nictiz.decor#tools;working@NICT1-NB144087 [not transitive]
[ivy:resolve] 	confs: [default]
[ivy:resolve] 	found net.sf.saxon#Saxon-HE;9.9.1-7 in local-chain
[ivy:resolve] 	found xerces#xercesImpl;2.12.0 in maven
[ivy:resolve] :: resolution report :: resolve 124ms :: artifacts dl 19ms
	---------------------------------------------------------------------
	|                  |            modules            ||   artifacts   |
	|       conf       | number| search|dwnlded|evicted|| number|dwnlded|
	---------------------------------------------------------------------
	|      default     |   2   |   0   |   0   |   0   ||   6   |   0   |
	---------------------------------------------------------------------
[ivy:retrieve] :: retrieving :: nl.nictiz.decor#tools [sync]
[ivy:retrieve] 	confs: [default]
[ivy:retrieve] 	0 artifacts copied, 2 already retrieved (0kB/47ms)
[ivy:dependencytree] Dependency tree for nl.nictiz.decor-tools
[ivy:dependencytree] +- net.sf.saxon#Saxon-HE;9.9.1-7
[ivy:dependencytree] \- xerces#xercesImpl;2.12.0

convert_ada_2_fhir:

download-ivy:
     [echo] installing ivy...
      [get] Getting: https://repo1.maven.org/maven2/org/apache/ivy/ivy/2.5.0/ivy-2.5.0.jar
      [get] To: C:\SourceTree\GitHub\HL7-mappings\_ant-buildfiles\ant-include\ivy\ivy.jar
      [get] Not modified - so not downloaded

install-ivy:

fetch-imports:
[ivy:resolve] :: Apache Ivy 2.5.0 - 20191020104435 :: https://ant.apache.org/ivy/ ::
[ivy:resolve] :: loading settings :: file = C:\SourceTree\GitHub\HL7-mappings\_ant-buildfiles\ant-include\ivysettings.xml
[ivy:resolve] :: resolving dependencies :: nl.nictiz.decor#tools;working@NICT1-NB144087 [not transitive]
[ivy:resolve] 	confs: [default]
[ivy:resolve] 	found net.sf.saxon#Saxon-HE;9.9.1-7 in local-chain
[ivy:resolve] 	found xerces#xercesImpl;2.12.0 in maven
[ivy:resolve] :: resolution report :: resolve 106ms :: artifacts dl 18ms
	---------------------------------------------------------------------
	|                  |            modules            ||   artifacts   |
	|       conf       | number| search|dwnlded|evicted|| number|dwnlded|
	---------------------------------------------------------------------
	|      default     |   2   |   0   |   0   |   0   ||   6   |   0   |
	---------------------------------------------------------------------
[ivy:retrieve] :: retrieving :: nl.nictiz.decor#tools [sync]
[ivy:retrieve] 	confs: [default]
[ivy:retrieve] 	0 artifacts copied, 2 already retrieved (0kB/37ms)
[ivy:dependencytree] Dependency tree for nl.nictiz.decor-tools
[ivy:dependencytree] +- net.sf.saxon#Saxon-HE;9.9.1-7
[ivy:dependencytree] \- xerces#xercesImpl;2.12.0

convert_ada_2_fhir_sub_mp:
     [echo] Deleting previous results, if any
     [echo] 
     [echo] ADA to FHIR input files ../../beschikbaarstellen_medicatiegegevens/ada_instance_MA, to be converted with: ../../beschikbaarstellen_medicatiegegevens/payload/beschikbaarstellen_medicatiegegevens_2_fhir_resources.xsl
     [xslt] Processing C:\SourceTree\GitHub\HL7-mappings\ada_2_fhir\mp\9.1.0\beschikbaarstellen_medicatiegegevens\ada_instance_MA\mg-mgr-mg-MA-Scenarioset0-0-1.xml to C:\SourceTree\GitHub\HL7-mappings\ada_2_fhir\mp\9.1.0\beschikbaarstellen_medicatiegegevens\fhir_instance_MA\mg-mgr-mg-MA-Scenarioset0-0-1.xml
     [xslt] Loading stylesheet C:\SourceTree\GitHub\HL7-mappings\ada_2_fhir\mp\9.1.0\beschikbaarstellen_medicatiegegevens\payload\beschikbaarstellen_medicatiegegevens_2_fhir_resources.xsl
     [xslt] Processing C:\SourceTree\GitHub\HL7-mappings\ada_2_fhir\mp\9.1.0\beschikbaarstellen_medicatiegegevens\ada_instance_MA\mg-mgr-mg-MA-Scenarioset0-0-2.xml to C:\SourceTree\GitHub\HL7-mappings\ada_2_fhir\mp\9.1.0\beschikbaarstellen_medicatiegegevens\fhir_instance_MA\mg-mgr-mg-MA-Scenarioset0-0-2.xml
     [xslt] Processing C:\SourceTree\GitHub\HL7-mappings\ada_2_fhir\mp\9.1.0\beschikbaarstellen_medicatiegegevens\ada_instance_MA\mg-mgr-mg-MA-Scenarioset0-0-3optioneel.xml to C:\SourceTree\GitHub\HL7-mappings\ada_2_fhir\mp\9.1.0\beschikbaarstellen_medicatiegegevens\fhir_instance_MA\mg-mgr-mg-MA-Scenarioset0-0-3optioneel.xml
     [xslt] Processing C:\SourceTree\GitHub\HL7-mappings\ada_2_fhir\mp\9.1.0\beschikbaarstellen_medicatiegegevens\ada_instance_MA\mg-mgr-mg-MA-Scenarioset0-0-4.xml to C:\SourceTree\GitHub\HL7-mappings\ada_2_fhir\mp\9.1.0\beschikbaarstellen_medicatiegegevens\fhir_instance_MA\mg-mgr-mg-MA-Scenarioset0-0-4.xml
     [xslt] Processing C:\SourceTree\GitHub\HL7-mappings\ada_2_fhir\mp\9.1.0\beschikbaarstellen_medicatiegegevens\ada_instance_MA\mg-mgr-mg-MA-Scenarioset0-0-5.xml to C:\SourceTree\GitHub\HL7-mappings\ada_2_fhir\mp\9.1.0\beschikbaarstellen_medicatiegegevens\fhir_instance_MA\mg-mgr-mg-MA-Scenarioset0-0-5.xml
     [xslt] Processing C:\SourceTree\GitHub\HL7-mappings\ada_2_fhir\mp\9.1.0\beschikbaarstellen_medicatiegegevens\ada_instance_MA\mg-mgr-mg-MA-Scenarioset0-0-6.xml to C:\SourceTree\GitHub\HL7-mappings\ada_2_fhir\mp\9.1.0\beschikbaarstellen_medicatiegegevens\fhir_instance_MA\mg-mgr-mg-MA-Scenarioset0-0-6.xml
     [xslt] Processing C:\SourceTree\GitHub\HL7-mappings\ada_2_fhir\mp\9.1.0\beschikbaarstellen_medicatiegegevens\ada_instance_MA\mg-mgr-mg-MA-Scenarioset0-0-7.xml to C:\SourceTree\GitHub\HL7-mappings\ada_2_fhir\mp\9.1.0\beschikbaarstellen_medicatiegegevens\fhir_instance_MA\mg-mgr-mg-MA-Scenarioset0-0-7.xml
     [xslt] Processing C:\SourceTree\GitHub\HL7-mappings\ada_2_fhir\mp\9.1.0\beschikbaarstellen_medicatiegegevens\ada_instance_MA\mg-mgr-mg-MA-Scenarioset0-0-8.xml to C:\SourceTree\GitHub\HL7-mappings\ada_2_fhir\mp\9.1.0\beschikbaarstellen_medicatiegegevens\fhir_instance_MA\mg-mgr-mg-MA-Scenarioset0-0-8.xml
     [xslt] Processing C:\SourceTree\GitHub\HL7-mappings\ada_2_fhir\mp\9.1.0\beschikbaarstellen_medicatiegegevens\ada_instance_MA\mg-mgr-mg-MA-Scenarioset1-1-1.xml to C:\SourceTree\GitHub\HL7-mappings\ada_2_fhir\mp\9.1.0\beschikbaarstellen_medicatiegegevens\fhir_instance_MA\mg-mgr-mg-MA-Scenarioset1-1-1.xml
     [xslt] Processing C:\SourceTree\GitHub\HL7-mappings\ada_2_fhir\mp\9.1.0\beschikbaarstellen_medicatiegegevens\ada_instance_MA\mg-mgr-mg-MA-Scenarioset1-1-2a.xml to C:\SourceTree\GitHub\HL7-mappings\ada_2_fhir\mp\9.1.0\beschikbaarstellen_medicatiegegevens\fhir_instance_MA\mg-mgr-mg-MA-Scenarioset1-1-2a.xml
     [xslt] Processing C:\SourceTree\GitHub\HL7-mappings\ada_2_fhir\mp\9.1.0\beschikbaarstellen_medicatiegegevens\ada_instance_MA\mg-mgr-mg-MA-Scenarioset1-1-2b.xml to C:\SourceTree\GitHub\HL7-mappings\ada_2_fhir\mp\9.1.0\beschikbaarstellen_medicatiegegevens\fhir_instance_MA\mg-mgr-mg-MA-Scenarioset1-1-2b.xml
     [xslt] Processing C:\SourceTree\GitHub\HL7-mappings\ada_2_fhir\mp\9.1.0\beschikbaarstellen_medicatiegegevens\ada_instance_MA\mg-mgr-mg-MA-Scenarioset1-1-3.xml to C:\SourceTree\GitHub\HL7-mappings\ada_2_fhir\mp\9.1.0\beschikbaarstellen_medicatiegegevens\fhir_instance_MA\mg-mgr-mg-MA-Scenarioset1-1-3.xml
     [xslt] Processing C:\SourceTree\GitHub\HL7-mappings\ada_2_fhir\mp\9.1.0\beschikbaarstellen_medicatiegegevens\ada_instance_MA\mg-mgr-mg-MA-Scenarioset1-1-4.xml to C:\SourceTree\GitHub\HL7-mappings\ada_2_fhir\mp\9.1.0\beschikbaarstellen_medicatiegegevens\fhir_instance_MA\mg-mgr-mg-MA-Scenarioset1-1-4.xml
     [xslt] Processing C:\SourceTree\GitHub\HL7-mappings\ada_2_fhir\mp\9.1.0\beschikbaarstellen_medicatiegegevens\ada_instance_MA\mg-mgr-mg-MA-Scenarioset10-10-1optioneel.xml to C:\SourceTree\GitHub\HL7-mappings\ada_2_fhir\mp\9.1.0\beschikbaarstellen_medicatiegegevens\fhir_instance_MA\mg-mgr-mg-MA-Scenarioset10-10-1optioneel.xml
     [xslt] Processing C:\SourceTree\GitHub\HL7-mappings\ada_2_fhir\mp\9.1.0\beschikbaarstellen_medicatiegegevens\ada_instance_MA\mg-mgr-mg-MA-Scenarioset10-10-2optioneel.xml to C:\SourceTree\GitHub\HL7-mappings\ada_2_fhir\mp\9.1.0\beschikbaarstellen_medicatiegegevens\fhir_instance_MA\mg-mgr-mg-MA-Scenarioset10-10-2optioneel.xml
     [xslt] Processing C:\SourceTree\GitHub\HL7-mappings\ada_2_fhir\mp\9.1.0\beschikbaarstellen_medicatiegegevens\ada_instance_MA\mg-mgr-mg-MA-Scenarioset2-2-1.xml to C:\SourceTree\GitHub\HL7-mappings\ada_2_fhir\mp\9.1.0\beschikbaarstellen_medicatiegegevens\fhir_instance_MA\mg-mgr-mg-MA-Scenarioset2-2-1.xml
     [xslt] Processing C:\SourceTree\GitHub\HL7-mappings\ada_2_fhir\mp\9.1.0\beschikbaarstellen_medicatiegegevens\ada_instance_MA\mg-mgr-mg-MA-Scenarioset2-2-2.xml to C:\SourceTree\GitHub\HL7-mappings\ada_2_fhir\mp\9.1.0\beschikbaarstellen_medicatiegegevens\fhir_instance_MA\mg-mgr-mg-MA-Scenarioset2-2-2.xml
     [xslt] Processing C:\SourceTree\GitHub\HL7-mappings\ada_2_fhir\mp\9.1.0\beschikbaarstellen_medicatiegegevens\ada_instance_MA\mg-mgr-mg-MA-Scenarioset2-2-3.xml to C:\SourceTree\GitHub\HL7-mappings\ada_2_fhir\mp\9.1.0\beschikbaarstellen_medicatiegegevens\fhir_instance_MA\mg-mgr-mg-MA-Scenarioset2-2-3.xml
     [xslt] Processing C:\SourceTree\GitHub\HL7-mappings\ada_2_fhir\mp\9.1.0\beschikbaarstellen_medicatiegegevens\ada_instance_MA\mg-mgr-mg-MA-Scenarioset2-2-4.xml to C:\SourceTree\GitHub\HL7-mappings\ada_2_fhir\mp\9.1.0\beschikbaarstellen_medicatiegegevens\fhir_instance_MA\mg-mgr-mg-MA-Scenarioset2-2-4.xml
     [xslt] WARN   : We have encountered an id (zib-MedicationAgreement-MBH-910-aanvullendeinformatiewensen-MA-VNK) longer than 64 characters, we are truncating it, but it should be looked at.
     [xslt] Processing C:\SourceTree\GitHub\HL7-mappings\ada_2_fhir\mp\9.1.0\beschikbaarstellen_medicatiegegevens\ada_instance_MA\mg-mgr-mg-MA-Scenarioset2-2-5.xml to C:\SourceTree\GitHub\HL7-mappings\ada_2_fhir\mp\9.1.0\beschikbaarstellen_medicatiegegevens\fhir_instance_MA\mg-mgr-mg-MA-Scenarioset2-2-5.xml
     [xslt] Processing C:\SourceTree\GitHub\HL7-mappings\ada_2_fhir\mp\9.1.0\beschikbaarstellen_medicatiegegevens\ada_instance_MA\mg-mgr-mg-MA-Scenarioset3-3-1.xml to C:\SourceTree\GitHub\HL7-mappings\ada_2_fhir\mp\9.1.0\beschikbaarstellen_medicatiegegevens\fhir_instance_MA\mg-mgr-mg-MA-Scenarioset3-3-1.xml
     [xslt] WARN   : We have encountered an id (zib-MedicationAgreement-MBH-910-aanvullendeinstructie-MA-staken-VNK) longer than 64 characters, we are truncating it, but it should be looked at.
     [xslt] Processing C:\SourceTree\GitHub\HL7-mappings\ada_2_fhir\mp\9.1.0\beschikbaarstellen_medicatiegegevens\ada_instance_MA\mg-mgr-mg-MA-Scenarioset3-3-2.xml to C:\SourceTree\GitHub\HL7-mappings\ada_2_fhir\mp\9.1.0\beschikbaarstellen_medicatiegegevens\fhir_instance_MA\mg-mgr-mg-MA-Scenarioset3-3-2.xml
     [xslt] WARN   : We have encountered an id (zib-MedicationAgreement-MBH-910-toelichting-MA-wijzigingmetVV-VNK) longer than 64 characters, we are truncating it, but it should be looked at.
     [xslt] Processing C:\SourceTree\GitHub\HL7-mappings\ada_2_fhir\mp\9.1.0\beschikbaarstellen_medicatiegegevens\ada_instance_MA\mg-mgr-mg-MA-Scenarioset3-3-3.xml to C:\SourceTree\GitHub\HL7-mappings\ada_2_fhir\mp\9.1.0\beschikbaarstellen_medicatiegegevens\fhir_instance_MA\mg-mgr-mg-MA-Scenarioset3-3-3.xml
     [xslt] WARN   : We have encountered an id (zib-MedicationAgreement-MBH-910-redenvanvoorschrijven-MA-wijzigingzonderVV-VNK) longer than 64 characters, we are truncating it, but it should be looked at.
     [xslt] WARN   : We have encountered an id (zib-MedicationAgreement-MBH-910-redenvanvoorschrijven-MA-techstaken-VNK) longer than 64 characters, we are truncating it, but it should be looked at.
     [xslt] Processing C:\SourceTree\GitHub\HL7-mappings\ada_2_fhir\mp\9.1.0\beschikbaarstellen_medicatiegegevens\ada_instance_MA\mg-mgr-mg-MA-Scenarioset3-3-4optioneel.xml to C:\SourceTree\GitHub\HL7-mappings\ada_2_fhir\mp\9.1.0\beschikbaarstellen_medicatiegegevens\fhir_instance_MA\mg-mgr-mg-MA-Scenarioset3-3-4optioneel.xml
     [xslt] WARN   : We have encountered an id (zib-MedicationAgreement-MBH-910-aanvullendeinformatiewensen-MA-onderbreken-VNK) longer than 64 characters, we are truncating it, but it should be looked at.
     [xslt] Processing C:\SourceTree\GitHub\HL7-mappings\ada_2_fhir\mp\9.1.0\beschikbaarstellen_medicatiegegevens\ada_instance_MA\mg-mgr-mg-MA-Scenarioset6-6-10optioneel.xml to C:\SourceTree\GitHub\HL7-mappings\ada_2_fhir\mp\9.1.0\beschikbaarstellen_medicatiegegevens\fhir_instance_MA\mg-mgr-mg-MA-Scenarioset6-6-10optioneel.xml
     [xslt] Processing C:\SourceTree\GitHub\HL7-mappings\ada_2_fhir\mp\9.1.0\beschikbaarstellen_medicatiegegevens\ada_instance_MA\mg-mgr-mg-MA-Scenarioset6-6-11optioneel.xml to C:\SourceTree\GitHub\HL7-mappings\ada_2_fhir\mp\9.1.0\beschikbaarstellen_medicatiegegevens\fhir_instance_MA\mg-mgr-mg-MA-Scenarioset6-6-11optioneel.xml
     [xslt] Processing C:\SourceTree\GitHub\HL7-mappings\ada_2_fhir\mp\9.1.0\beschikbaarstellen_medicatiegegevens\ada_instance_MA\mg-mgr-mg-MA-Scenarioset6-6-12optioneel.xml to C:\SourceTree\GitHub\HL7-mappings\ada_2_fhir\mp\9.1.0\beschikbaarstellen_medicatiegegevens\fhir_instance_MA\mg-mgr-mg-MA-Scenarioset6-6-12optioneel.xml
     [xslt] WARN   : We have encountered an id (zib-MedicationAgreement-MBH-910-variabelehoeveelheidenmaximum-MA-MSZ) longer than 64 characters, we are truncating it, but it should be looked at.
     [xslt] Processing C:\SourceTree\GitHub\HL7-mappings\ada_2_fhir\mp\9.1.0\beschikbaarstellen_medicatiegegevens\ada_instance_MA\mg-mgr-mg-MA-Scenarioset6-6-13optioneel.xml to C:\SourceTree\GitHub\HL7-mappings\ada_2_fhir\mp\9.1.0\beschikbaarstellen_medicatiegegevens\fhir_instance_MA\mg-mgr-mg-MA-Scenarioset6-6-13optioneel.xml
     [xslt] Processing C:\SourceTree\GitHub\HL7-mappings\ada_2_fhir\mp\9.1.0\beschikbaarstellen_medicatiegegevens\ada_instance_MA\mg-mgr-mg-MA-Scenarioset6-6-14optioneel.xml to C:\SourceTree\GitHub\HL7-mappings\ada_2_fhir\mp\9.1.0\beschikbaarstellen_medicatiegegevens\fhir_instance_MA\mg-mgr-mg-MA-Scenarioset6-6-14optioneel.xml
     [xslt] Processing C:\SourceTree\GitHub\HL7-mappings\ada_2_fhir\mp\9.1.0\beschikbaarstellen_medicatiegegevens\ada_instance_MA\mg-mgr-mg-MA-Scenarioset6-6-15.xml to C:\SourceTree\GitHub\HL7-mappings\ada_2_fhir\mp\9.1.0\beschikbaarstellen_medicatiegegevens\fhir_instance_MA\mg-mgr-mg-MA-Scenarioset6-6-15.xml
     [xslt] Processing C:\SourceTree\GitHub\HL7-mappings\ada_2_fhir\mp\9.1.0\beschikbaarstellen_medicatiegegevens\ada_instance_MA\mg-mgr-mg-MA-Scenarioset6-6-1optioneel.xml to C:\SourceTree\GitHub\HL7-mappings\ada_2_fhir\mp\9.1.0\beschikbaarstellen_medicatiegegevens\fhir_instance_MA\mg-mgr-mg-MA-Scenarioset6-6-1optioneel.xml
     [xslt] Processing C:\SourceTree\GitHub\HL7-mappings\ada_2_fhir\mp\9.1.0\beschikbaarstellen_medicatiegegevens\ada_instance_MA\mg-mgr-mg-MA-Scenarioset6-6-2optioneel.xml to C:\SourceTree\GitHub\HL7-mappings\ada_2_fhir\mp\9.1.0\beschikbaarstellen_medicatiegegevens\fhir_instance_MA\mg-mgr-mg-MA-Scenarioset6-6-2optioneel.xml
     [xslt] Processing C:\SourceTree\GitHub\HL7-mappings\ada_2_fhir\mp\9.1.0\beschikbaarstellen_medicatiegegevens\ada_instance_MA\mg-mgr-mg-MA-Scenarioset6-6-3optioneel.xml to C:\SourceTree\GitHub\HL7-mappings\ada_2_fhir\mp\9.1.0\beschikbaarstellen_medicatiegegevens\fhir_instance_MA\mg-mgr-mg-MA-Scenarioset6-6-3optioneel.xml
     [xslt] Processing C:\SourceTree\GitHub\HL7-mappings\ada_2_fhir\mp\9.1.0\beschikbaarstellen_medicatiegegevens\ada_instance_MA\mg-mgr-mg-MA-Scenarioset6-6-4optioneel.xml to C:\SourceTree\GitHub\HL7-mappings\ada_2_fhir\mp\9.1.0\beschikbaarstellen_medicatiegegevens\fhir_instance_MA\mg-mgr-mg-MA-Scenarioset6-6-4optioneel.xml
     [xslt] Processing C:\SourceTree\GitHub\HL7-mappings\ada_2_fhir\mp\9.1.0\beschikbaarstellen_medicatiegegevens\ada_instance_MA\mg-mgr-mg-MA-Scenarioset6-6-5optioneel.xml to C:\SourceTree\GitHub\HL7-mappings\ada_2_fhir\mp\9.1.0\beschikbaarstellen_medicatiegegevens\fhir_instance_MA\mg-mgr-mg-MA-Scenarioset6-6-5optioneel.xml
     [xslt] Processing C:\SourceTree\GitHub\HL7-mappings\ada_2_fhir\mp\9.1.0\beschikbaarstellen_medicatiegegevens\ada_instance_MA\mg-mgr-mg-MA-Scenarioset6-6-6optioneel.xml to C:\SourceTree\GitHub\HL7-mappings\ada_2_fhir\mp\9.1.0\beschikbaarstellen_medicatiegegevens\fhir_instance_MA\mg-mgr-mg-MA-Scenarioset6-6-6optioneel.xml
     [xslt] Processing C:\SourceTree\GitHub\HL7-mappings\ada_2_fhir\mp\9.1.0\beschikbaarstellen_medicatiegegevens\ada_instance_MA\mg-mgr-mg-MA-Scenarioset6-6-7a.xml to C:\SourceTree\GitHub\HL7-mappings\ada_2_fhir\mp\9.1.0\beschikbaarstellen_medicatiegegevens\fhir_instance_MA\mg-mgr-mg-MA-Scenarioset6-6-7a.xml
     [xslt] Processing C:\SourceTree\GitHub\HL7-mappings\ada_2_fhir\mp\9.1.0\beschikbaarstellen_medicatiegegevens\ada_instance_MA\mg-mgr-mg-MA-Scenarioset6-6-7b.xml to C:\SourceTree\GitHub\HL7-mappings\ada_2_fhir\mp\9.1.0\beschikbaarstellen_medicatiegegevens\fhir_instance_MA\mg-mgr-mg-MA-Scenarioset6-6-7b.xml
     [xslt] Processing C:\SourceTree\GitHub\HL7-mappings\ada_2_fhir\mp\9.1.0\beschikbaarstellen_medicatiegegevens\ada_instance_MA\mg-mgr-mg-MA-Scenarioset6-6-8optioneel.xml to C:\SourceTree\GitHub\HL7-mappings\ada_2_fhir\mp\9.1.0\beschikbaarstellen_medicatiegegevens\fhir_instance_MA\mg-mgr-mg-MA-Scenarioset6-6-8optioneel.xml
     [xslt] Processing C:\SourceTree\GitHub\HL7-mappings\ada_2_fhir\mp\9.1.0\beschikbaarstellen_medicatiegegevens\ada_instance_MA\mg-mgr-mg-MA-Scenarioset6-6-9.xml to C:\SourceTree\GitHub\HL7-mappings\ada_2_fhir\mp\9.1.0\beschikbaarstellen_medicatiegegevens\fhir_instance_MA\mg-mgr-mg-MA-Scenarioset6-6-9.xml
     [xslt] Processing C:\SourceTree\GitHub\HL7-mappings\ada_2_fhir\mp\9.1.0\beschikbaarstellen_medicatiegegevens\ada_instance_MA\mg-mgr-mg-MA-Scenarioset7-7-1optioneel.xml to C:\SourceTree\GitHub\HL7-mappings\ada_2_fhir\mp\9.1.0\beschikbaarstellen_medicatiegegevens\fhir_instance_MA\mg-mgr-mg-MA-Scenarioset7-7-1optioneel.xml
     [xslt] WARN   : We have encountered an id (zib-MedicationAgreement-MBH-910-magistraalalleingredienten-MA-TST) longer than 64 characters, we are truncating it, but it should be looked at.
     [xslt] Processing C:\SourceTree\GitHub\HL7-mappings\ada_2_fhir\mp\9.1.0\beschikbaarstellen_medicatiegegevens\ada_instance_MA\mg-mgr-mg-MA-Scenarioset7-7-2optioneel.xml to C:\SourceTree\GitHub\HL7-mappings\ada_2_fhir\mp\9.1.0\beschikbaarstellen_medicatiegegevens\fhir_instance_MA\mg-mgr-mg-MA-Scenarioset7-7-2optioneel.xml
     [xslt] WARN   : We have encountered an id (zib-MedicationAgreement-MBH-910-magistraalactieveingredient-MA-TST) longer than 64 characters, we are truncating it, but it should be looked at.
     [xslt] Processing C:\SourceTree\GitHub\HL7-mappings\ada_2_fhir\mp\9.1.0\beschikbaarstellen_medicatiegegevens\ada_instance_MA\mg-mgr-mg-MA-Scenarioset7-7-3optioneel.xml to C:\SourceTree\GitHub\HL7-mappings\ada_2_fhir\mp\9.1.0\beschikbaarstellen_medicatiegegevens\fhir_instance_MA\mg-mgr-mg-MA-Scenarioset7-7-3optioneel.xml
     [xslt] WARN   : We have encountered an id (zib-Product-90000001-2-16-840-1-113883-2-4-3-11-9999-77-90000000-1-1111) longer than 64 characters, we are truncating it, but it should be looked at.
     [xslt] Processing C:\SourceTree\GitHub\HL7-mappings\ada_2_fhir\mp\9.1.0\beschikbaarstellen_medicatiegegevens\ada_instance_MA\mg-mgr-mg-MA-Scenarioset8-8-1.xml to C:\SourceTree\GitHub\HL7-mappings\ada_2_fhir\mp\9.1.0\beschikbaarstellen_medicatiegegevens\fhir_instance_MA\mg-mgr-mg-MA-Scenarioset8-8-1.xml
     [echo] 
     [echo] ADA to FHIR input files ../../beschikbaarstellen_medicatiegegevens/ada_instance_MA, to be converted with: ../../beschikbaarstellen_medicatiegegevens/payload/beschikbaarstellen_medicatiegegevens_2_fhir.xsl
     [xslt] Processing C:\SourceTree\GitHub\HL7-mappings\ada_2_fhir\mp\9.1.0\beschikbaarstellen_medicatiegegevens\ada_instance_MA\mg-mgr-mg-MA-Scenarioset0-0-1.xml to C:\SourceTree\GitHub\HL7-mappings\ada_2_fhir\mp\9.1.0\beschikbaarstellen_medicatiegegevens\fhir_instance_MA\mg-mgr-mg-MA-Scenarioset0-0-1.xml
     [xslt] Loading stylesheet C:\SourceTree\GitHub\HL7-mappings\ada_2_fhir\mp\9.1.0\beschikbaarstellen_medicatiegegevens\payload\beschikbaarstellen_medicatiegegevens_2_fhir.xsl
     [xslt] Processing C:\SourceTree\GitHub\HL7-mappings\ada_2_fhir\mp\9.1.0\beschikbaarstellen_medicatiegegevens\ada_instance_MA\mg-mgr-mg-MA-Scenarioset0-0-2.xml to C:\SourceTree\GitHub\HL7-mappings\ada_2_fhir\mp\9.1.0\beschikbaarstellen_medicatiegegevens\fhir_instance_MA\mg-mgr-mg-MA-Scenarioset0-0-2.xml
     [xslt] Processing C:\SourceTree\GitHub\HL7-mappings\ada_2_fhir\mp\9.1.0\beschikbaarstellen_medicatiegegevens\ada_instance_MA\mg-mgr-mg-MA-Scenarioset0-0-3optioneel.xml to C:\SourceTree\GitHub\HL7-mappings\ada_2_fhir\mp\9.1.0\beschikbaarstellen_medicatiegegevens\fhir_instance_MA\mg-mgr-mg-MA-Scenarioset0-0-3optioneel.xml
     [xslt] Processing C:\SourceTree\GitHub\HL7-mappings\ada_2_fhir\mp\9.1.0\beschikbaarstellen_medicatiegegevens\ada_instance_MA\mg-mgr-mg-MA-Scenarioset0-0-4.xml to C:\SourceTree\GitHub\HL7-mappings\ada_2_fhir\mp\9.1.0\beschikbaarstellen_medicatiegegevens\fhir_instance_MA\mg-mgr-mg-MA-Scenarioset0-0-4.xml
     [xslt] Processing C:\SourceTree\GitHub\HL7-mappings\ada_2_fhir\mp\9.1.0\beschikbaarstellen_medicatiegegevens\ada_instance_MA\mg-mgr-mg-MA-Scenarioset0-0-5.xml to C:\SourceTree\GitHub\HL7-mappings\ada_2_fhir\mp\9.1.0\beschikbaarstellen_medicatiegegevens\fhir_instance_MA\mg-mgr-mg-MA-Scenarioset0-0-5.xml
     [xslt] Processing C:\SourceTree\GitHub\HL7-mappings\ada_2_fhir\mp\9.1.0\beschikbaarstellen_medicatiegegevens\ada_instance_MA\mg-mgr-mg-MA-Scenarioset0-0-6.xml to C:\SourceTree\GitHub\HL7-mappings\ada_2_fhir\mp\9.1.0\beschikbaarstellen_medicatiegegevens\fhir_instance_MA\mg-mgr-mg-MA-Scenarioset0-0-6.xml
     [xslt] Processing C:\SourceTree\GitHub\HL7-mappings\ada_2_fhir\mp\9.1.0\beschikbaarstellen_medicatiegegevens\ada_instance_MA\mg-mgr-mg-MA-Scenarioset0-0-7.xml to C:\SourceTree\GitHub\HL7-mappings\ada_2_fhir\mp\9.1.0\beschikbaarstellen_medicatiegegevens\fhir_instance_MA\mg-mgr-mg-MA-Scenarioset0-0-7.xml
     [xslt] Processing C:\SourceTree\GitHub\HL7-mappings\ada_2_fhir\mp\9.1.0\beschikbaarstellen_medicatiegegevens\ada_instance_MA\mg-mgr-mg-MA-Scenarioset0-0-8.xml to C:\SourceTree\GitHub\HL7-mappings\ada_2_fhir\mp\9.1.0\beschikbaarstellen_medicatiegegevens\fhir_instance_MA\mg-mgr-mg-MA-Scenarioset0-0-8.xml
     [xslt] Processing C:\SourceTree\GitHub\HL7-mappings\ada_2_fhir\mp\9.1.0\beschikbaarstellen_medicatiegegevens\ada_instance_MA\mg-mgr-mg-MA-Scenarioset1-1-1.xml to C:\SourceTree\GitHub\HL7-mappings\ada_2_fhir\mp\9.1.0\beschikbaarstellen_medicatiegegevens\fhir_instance_MA\mg-mgr-mg-MA-Scenarioset1-1-1.xml
     [xslt] Processing C:\SourceTree\GitHub\HL7-mappings\ada_2_fhir\mp\9.1.0\beschikbaarstellen_medicatiegegevens\ada_instance_MA\mg-mgr-mg-MA-Scenarioset1-1-2a.xml to C:\SourceTree\GitHub\HL7-mappings\ada_2_fhir\mp\9.1.0\beschikbaarstellen_medicatiegegevens\fhir_instance_MA\mg-mgr-mg-MA-Scenarioset1-1-2a.xml
     [xslt] Processing C:\SourceTree\GitHub\HL7-mappings\ada_2_fhir\mp\9.1.0\beschikbaarstellen_medicatiegegevens\ada_instance_MA\mg-mgr-mg-MA-Scenarioset1-1-2b.xml to C:\SourceTree\GitHub\HL7-mappings\ada_2_fhir\mp\9.1.0\beschikbaarstellen_medicatiegegevens\fhir_instance_MA\mg-mgr-mg-MA-Scenarioset1-1-2b.xml
     [xslt] Processing C:\SourceTree\GitHub\HL7-mappings\ada_2_fhir\mp\9.1.0\beschikbaarstellen_medicatiegegevens\ada_instance_MA\mg-mgr-mg-MA-Scenarioset1-1-3.xml to C:\SourceTree\GitHub\HL7-mappings\ada_2_fhir\mp\9.1.0\beschikbaarstellen_medicatiegegevens\fhir_instance_MA\mg-mgr-mg-MA-Scenarioset1-1-3.xml
     [xslt] Processing C:\SourceTree\GitHub\HL7-mappings\ada_2_fhir\mp\9.1.0\beschikbaarstellen_medicatiegegevens\ada_instance_MA\mg-mgr-mg-MA-Scenarioset1-1-4.xml to C:\SourceTree\GitHub\HL7-mappings\ada_2_fhir\mp\9.1.0\beschikbaarstellen_medicatiegegevens\fhir_instance_MA\mg-mgr-mg-MA-Scenarioset1-1-4.xml
     [xslt] Processing C:\SourceTree\GitHub\HL7-mappings\ada_2_fhir\mp\9.1.0\beschikbaarstellen_medicatiegegevens\ada_instance_MA\mg-mgr-mg-MA-Scenarioset10-10-1optioneel.xml to C:\SourceTree\GitHub\HL7-mappings\ada_2_fhir\mp\9.1.0\beschikbaarstellen_medicatiegegevens\fhir_instance_MA\mg-mgr-mg-MA-Scenarioset10-10-1optioneel.xml
     [xslt] Processing C:\SourceTree\GitHub\HL7-mappings\ada_2_fhir\mp\9.1.0\beschikbaarstellen_medicatiegegevens\ada_instance_MA\mg-mgr-mg-MA-Scenarioset10-10-2optioneel.xml to C:\SourceTree\GitHub\HL7-mappings\ada_2_fhir\mp\9.1.0\beschikbaarstellen_medicatiegegevens\fhir_instance_MA\mg-mgr-mg-MA-Scenarioset10-10-2optioneel.xml
     [xslt] Processing C:\SourceTree\GitHub\HL7-mappings\ada_2_fhir\mp\9.1.0\beschikbaarstellen_medicatiegegevens\ada_instance_MA\mg-mgr-mg-MA-Scenarioset2-2-1.xml to C:\SourceTree\GitHub\HL7-mappings\ada_2_fhir\mp\9.1.0\beschikbaarstellen_medicatiegegevens\fhir_instance_MA\mg-mgr-mg-MA-Scenarioset2-2-1.xml
     [xslt] Processing C:\SourceTree\GitHub\HL7-mappings\ada_2_fhir\mp\9.1.0\beschikbaarstellen_medicatiegegevens\ada_instance_MA\mg-mgr-mg-MA-Scenarioset2-2-2.xml to C:\SourceTree\GitHub\HL7-mappings\ada_2_fhir\mp\9.1.0\beschikbaarstellen_medicatiegegevens\fhir_instance_MA\mg-mgr-mg-MA-Scenarioset2-2-2.xml
     [xslt] Processing C:\SourceTree\GitHub\HL7-mappings\ada_2_fhir\mp\9.1.0\beschikbaarstellen_medicatiegegevens\ada_instance_MA\mg-mgr-mg-MA-Scenarioset2-2-3.xml to C:\SourceTree\GitHub\HL7-mappings\ada_2_fhir\mp\9.1.0\beschikbaarstellen_medicatiegegevens\fhir_instance_MA\mg-mgr-mg-MA-Scenarioset2-2-3.xml
     [xslt] Processing C:\SourceTree\GitHub\HL7-mappings\ada_2_fhir\mp\9.1.0\beschikbaarstellen_medicatiegegevens\ada_instance_MA\mg-mgr-mg-MA-Scenarioset2-2-4.xml to C:\SourceTree\GitHub\HL7-mappings\ada_2_fhir\mp\9.1.0\beschikbaarstellen_medicatiegegevens\fhir_instance_MA\mg-mgr-mg-MA-Scenarioset2-2-4.xml
     [xslt] Processing C:\SourceTree\GitHub\HL7-mappings\ada_2_fhir\mp\9.1.0\beschikbaarstellen_medicatiegegevens\ada_instance_MA\mg-mgr-mg-MA-Scenarioset2-2-5.xml to C:\SourceTree\GitHub\HL7-mappings\ada_2_fhir\mp\9.1.0\beschikbaarstellen_medicatiegegevens\fhir_instance_MA\mg-mgr-mg-MA-Scenarioset2-2-5.xml
     [xslt] Processing C:\SourceTree\GitHub\HL7-mappings\ada_2_fhir\mp\9.1.0\beschikbaarstellen_medicatiegegevens\ada_instance_MA\mg-mgr-mg-MA-Scenarioset3-3-1.xml to C:\SourceTree\GitHub\HL7-mappings\ada_2_fhir\mp\9.1.0\beschikbaarstellen_medicatiegegevens\fhir_instance_MA\mg-mgr-mg-MA-Scenarioset3-3-1.xml
     [xslt] Processing C:\SourceTree\GitHub\HL7-mappings\ada_2_fhir\mp\9.1.0\beschikbaarstellen_medicatiegegevens\ada_instance_MA\mg-mgr-mg-MA-Scenarioset3-3-2.xml to C:\SourceTree\GitHub\HL7-mappings\ada_2_fhir\mp\9.1.0\beschikbaarstellen_medicatiegegevens\fhir_instance_MA\mg-mgr-mg-MA-Scenarioset3-3-2.xml
     [xslt] Processing C:\SourceTree\GitHub\HL7-mappings\ada_2_fhir\mp\9.1.0\beschikbaarstellen_medicatiegegevens\ada_instance_MA\mg-mgr-mg-MA-Scenarioset3-3-3.xml to C:\SourceTree\GitHub\HL7-mappings\ada_2_fhir\mp\9.1.0\beschikbaarstellen_medicatiegegevens\fhir_instance_MA\mg-mgr-mg-MA-Scenarioset3-3-3.xml
     [xslt] Processing C:\SourceTree\GitHub\HL7-mappings\ada_2_fhir\mp\9.1.0\beschikbaarstellen_medicatiegegevens\ada_instance_MA\mg-mgr-mg-MA-Scenarioset3-3-4optioneel.xml to C:\SourceTree\GitHub\HL7-mappings\ada_2_fhir\mp\9.1.0\beschikbaarstellen_medicatiegegevens\fhir_instance_MA\mg-mgr-mg-MA-Scenarioset3-3-4optioneel.xml
     [xslt] Processing C:\SourceTree\GitHub\HL7-mappings\ada_2_fhir\mp\9.1.0\beschikbaarstellen_medicatiegegevens\ada_instance_MA\mg-mgr-mg-MA-Scenarioset6-6-10optioneel.xml to C:\SourceTree\GitHub\HL7-mappings\ada_2_fhir\mp\9.1.0\beschikbaarstellen_medicatiegegevens\fhir_instance_MA\mg-mgr-mg-MA-Scenarioset6-6-10optioneel.xml
     [xslt] Processing C:\SourceTree\GitHub\HL7-mappings\ada_2_fhir\mp\9.1.0\beschikbaarstellen_medicatiegegevens\ada_instance_MA\mg-mgr-mg-MA-Scenarioset6-6-11optioneel.xml to C:\SourceTree\GitHub\HL7-mappings\ada_2_fhir\mp\9.1.0\beschikbaarstellen_medicatiegegevens\fhir_instance_MA\mg-mgr-mg-MA-Scenarioset6-6-11optioneel.xml
     [xslt] Processing C:\SourceTree\GitHub\HL7-mappings\ada_2_fhir\mp\9.1.0\beschikbaarstellen_medicatiegegevens\ada_instance_MA\mg-mgr-mg-MA-Scenarioset6-6-12optioneel.xml to C:\SourceTree\GitHub\HL7-mappings\ada_2_fhir\mp\9.1.0\beschikbaarstellen_medicatiegegevens\fhir_instance_MA\mg-mgr-mg-MA-Scenarioset6-6-12optioneel.xml
     [xslt] Processing C:\SourceTree\GitHub\HL7-mappings\ada_2_fhir\mp\9.1.0\beschikbaarstellen_medicatiegegevens\ada_instance_MA\mg-mgr-mg-MA-Scenarioset6-6-13optioneel.xml to C:\SourceTree\GitHub\HL7-mappings\ada_2_fhir\mp\9.1.0\beschikbaarstellen_medicatiegegevens\fhir_instance_MA\mg-mgr-mg-MA-Scenarioset6-6-13optioneel.xml
     [xslt] Processing C:\SourceTree\GitHub\HL7-mappings\ada_2_fhir\mp\9.1.0\beschikbaarstellen_medicatiegegevens\ada_instance_MA\mg-mgr-mg-MA-Scenarioset6-6-14optioneel.xml to C:\SourceTree\GitHub\HL7-mappings\ada_2_fhir\mp\9.1.0\beschikbaarstellen_medicatiegegevens\fhir_instance_MA\mg-mgr-mg-MA-Scenarioset6-6-14optioneel.xml
     [xslt] Processing C:\SourceTree\GitHub\HL7-mappings\ada_2_fhir\mp\9.1.0\beschikbaarstellen_medicatiegegevens\ada_instance_MA\mg-mgr-mg-MA-Scenarioset6-6-15.xml to C:\SourceTree\GitHub\HL7-mappings\ada_2_fhir\mp\9.1.0\beschikbaarstellen_medicatiegegevens\fhir_instance_MA\mg-mgr-mg-MA-Scenarioset6-6-15.xml
     [xslt] Processing C:\SourceTree\GitHub\HL7-mappings\ada_2_fhir\mp\9.1.0\beschikbaarstellen_medicatiegegevens\ada_instance_MA\mg-mgr-mg-MA-Scenarioset6-6-1optioneel.xml to C:\SourceTree\GitHub\HL7-mappings\ada_2_fhir\mp\9.1.0\beschikbaarstellen_medicatiegegevens\fhir_instance_MA\mg-mgr-mg-MA-Scenarioset6-6-1optioneel.xml
     [xslt] Processing C:\SourceTree\GitHub\HL7-mappings\ada_2_fhir\mp\9.1.0\beschikbaarstellen_medicatiegegevens\ada_instance_MA\mg-mgr-mg-MA-Scenarioset6-6-2optioneel.xml to C:\SourceTree\GitHub\HL7-mappings\ada_2_fhir\mp\9.1.0\beschikbaarstellen_medicatiegegevens\fhir_instance_MA\mg-mgr-mg-MA-Scenarioset6-6-2optioneel.xml
     [xslt] Processing C:\SourceTree\GitHub\HL7-mappings\ada_2_fhir\mp\9.1.0\beschikbaarstellen_medicatiegegevens\ada_instance_MA\mg-mgr-mg-MA-Scenarioset6-6-3optioneel.xml to C:\SourceTree\GitHub\HL7-mappings\ada_2_fhir\mp\9.1.0\beschikbaarstellen_medicatiegegevens\fhir_instance_MA\mg-mgr-mg-MA-Scenarioset6-6-3optioneel.xml
     [xslt] Processing C:\SourceTree\GitHub\HL7-mappings\ada_2_fhir\mp\9.1.0\beschikbaarstellen_medicatiegegevens\ada_instance_MA\mg-mgr-mg-MA-Scenarioset6-6-4optioneel.xml to C:\SourceTree\GitHub\HL7-mappings\ada_2_fhir\mp\9.1.0\beschikbaarstellen_medicatiegegevens\fhir_instance_MA\mg-mgr-mg-MA-Scenarioset6-6-4optioneel.xml
     [xslt] Processing C:\SourceTree\GitHub\HL7-mappings\ada_2_fhir\mp\9.1.0\beschikbaarstellen_medicatiegegevens\ada_instance_MA\mg-mgr-mg-MA-Scenarioset6-6-5optioneel.xml to C:\SourceTree\GitHub\HL7-mappings\ada_2_fhir\mp\9.1.0\beschikbaarstellen_medicatiegegevens\fhir_instance_MA\mg-mgr-mg-MA-Scenarioset6-6-5optioneel.xml
     [xslt] Processing C:\SourceTree\GitHub\HL7-mappings\ada_2_fhir\mp\9.1.0\beschikbaarstellen_medicatiegegevens\ada_instance_MA\mg-mgr-mg-MA-Scenarioset6-6-6optioneel.xml to C:\SourceTree\GitHub\HL7-mappings\ada_2_fhir\mp\9.1.0\beschikbaarstellen_medicatiegegevens\fhir_instance_MA\mg-mgr-mg-MA-Scenarioset6-6-6optioneel.xml
     [xslt] Processing C:\SourceTree\GitHub\HL7-mappings\ada_2_fhir\mp\9.1.0\beschikbaarstellen_medicatiegegevens\ada_instance_MA\mg-mgr-mg-MA-Scenarioset6-6-7a.xml to C:\SourceTree\GitHub\HL7-mappings\ada_2_fhir\mp\9.1.0\beschikbaarstellen_medicatiegegevens\fhir_instance_MA\mg-mgr-mg-MA-Scenarioset6-6-7a.xml
     [xslt] Processing C:\SourceTree\GitHub\HL7-mappings\ada_2_fhir\mp\9.1.0\beschikbaarstellen_medicatiegegevens\ada_instance_MA\mg-mgr-mg-MA-Scenarioset6-6-7b.xml to C:\SourceTree\GitHub\HL7-mappings\ada_2_fhir\mp\9.1.0\beschikbaarstellen_medicatiegegevens\fhir_instance_MA\mg-mgr-mg-MA-Scenarioset6-6-7b.xml
     [xslt] Processing C:\SourceTree\GitHub\HL7-mappings\ada_2_fhir\mp\9.1.0\beschikbaarstellen_medicatiegegevens\ada_instance_MA\mg-mgr-mg-MA-Scenarioset6-6-8optioneel.xml to C:\SourceTree\GitHub\HL7-mappings\ada_2_fhir\mp\9.1.0\beschikbaarstellen_medicatiegegevens\fhir_instance_MA\mg-mgr-mg-MA-Scenarioset6-6-8optioneel.xml
     [xslt] Processing C:\SourceTree\GitHub\HL7-mappings\ada_2_fhir\mp\9.1.0\beschikbaarstellen_medicatiegegevens\ada_instance_MA\mg-mgr-mg-MA-Scenarioset6-6-9.xml to C:\SourceTree\GitHub\HL7-mappings\ada_2_fhir\mp\9.1.0\beschikbaarstellen_medicatiegegevens\fhir_instance_MA\mg-mgr-mg-MA-Scenarioset6-6-9.xml
     [xslt] Processing C:\SourceTree\GitHub\HL7-mappings\ada_2_fhir\mp\9.1.0\beschikbaarstellen_medicatiegegevens\ada_instance_MA\mg-mgr-mg-MA-Scenarioset7-7-1optioneel.xml to C:\SourceTree\GitHub\HL7-mappings\ada_2_fhir\mp\9.1.0\beschikbaarstellen_medicatiegegevens\fhir_instance_MA\mg-mgr-mg-MA-Scenarioset7-7-1optioneel.xml
     [xslt] Processing C:\SourceTree\GitHub\HL7-mappings\ada_2_fhir\mp\9.1.0\beschikbaarstellen_medicatiegegevens\ada_instance_MA\mg-mgr-mg-MA-Scenarioset7-7-2optioneel.xml to C:\SourceTree\GitHub\HL7-mappings\ada_2_fhir\mp\9.1.0\beschikbaarstellen_medicatiegegevens\fhir_instance_MA\mg-mgr-mg-MA-Scenarioset7-7-2optioneel.xml
     [xslt] Processing C:\SourceTree\GitHub\HL7-mappings\ada_2_fhir\mp\9.1.0\beschikbaarstellen_medicatiegegevens\ada_instance_MA\mg-mgr-mg-MA-Scenarioset7-7-3optioneel.xml to C:\SourceTree\GitHub\HL7-mappings\ada_2_fhir\mp\9.1.0\beschikbaarstellen_medicatiegegevens\fhir_instance_MA\mg-mgr-mg-MA-Scenarioset7-7-3optioneel.xml
     [xslt] Processing C:\SourceTree\GitHub\HL7-mappings\ada_2_fhir\mp\9.1.0\beschikbaarstellen_medicatiegegevens\ada_instance_MA\mg-mgr-mg-MA-Scenarioset8-8-1.xml to C:\SourceTree\GitHub\HL7-mappings\ada_2_fhir\mp\9.1.0\beschikbaarstellen_medicatiegegevens\fhir_instance_MA\mg-mgr-mg-MA-Scenarioset8-8-1.xml

download-ivy:
     [echo] installing ivy...
      [get] Getting: https://repo1.maven.org/maven2/org/apache/ivy/ivy/2.5.0/ivy-2.5.0.jar
      [get] To: C:\SourceTree\GitHub\HL7-mappings\_ant-buildfiles\ant-include\ivy\ivy.jar
      [get] Not modified - so not downloaded

install-ivy:

fetch-imports:
[ivy:resolve] :: Apache Ivy 2.5.0 - 20191020104435 :: https://ant.apache.org/ivy/ ::
[ivy:resolve] :: loading settings :: file = C:\SourceTree\GitHub\HL7-mappings\_ant-buildfiles\ant-include\ivysettings.xml
[ivy:resolve] :: resolving dependencies :: nl.nictiz.decor#tools;working@NICT1-NB144087 [not transitive]
[ivy:resolve] 	confs: [default]
[ivy:resolve] 	found net.sf.saxon#Saxon-HE;9.9.1-7 in local-chain
[ivy:resolve] 	found xerces#xercesImpl;2.12.0 in maven
[ivy:resolve] :: resolution report :: resolve 270ms :: artifacts dl 34ms
	---------------------------------------------------------------------
	|                  |            modules            ||   artifacts   |
	|       conf       | number| search|dwnlded|evicted|| number|dwnlded|
	---------------------------------------------------------------------
	|      default     |   2   |   0   |   0   |   0   ||   6   |   0   |
	---------------------------------------------------------------------
[ivy:retrieve] :: retrieving :: nl.nictiz.decor#tools [sync]
[ivy:retrieve] 	confs: [default]
[ivy:retrieve] 	0 artifacts copied, 2 already retrieved (0kB/44ms)
[ivy:dependencytree] Dependency tree for nl.nictiz.decor-tools
[ivy:dependencytree] +- net.sf.saxon#Saxon-HE;9.9.1-7
[ivy:dependencytree] \- xerces#xercesImpl;2.12.0

convert_ada_2_fhir_sub_mp:
     [echo] Deleting previous results, if any
     [echo] 
     [echo] ADA to FHIR input files ../../beschikbaarstellen_medicatiegegevens/ada_instance_VV, to be converted with: ../../beschikbaarstellen_medicatiegegevens/payload/beschikbaarstellen_medicatiegegevens_2_fhir_resources.xsl
     [xslt] Processing C:\SourceTree\GitHub\HL7-mappings\ada_2_fhir\mp\9.1.0\beschikbaarstellen_medicatiegegevens\ada_instance_VV\mg-mgr-mg-VV-Scenarioset0-0-1.xml to C:\SourceTree\GitHub\HL7-mappings\ada_2_fhir\mp\9.1.0\beschikbaarstellen_medicatiegegevens\fhir_instance_VV\mg-mgr-mg-VV-Scenarioset0-0-1.xml
     [xslt] Loading stylesheet C:\SourceTree\GitHub\HL7-mappings\ada_2_fhir\mp\9.1.0\beschikbaarstellen_medicatiegegevens\payload\beschikbaarstellen_medicatiegegevens_2_fhir_resources.xsl
     [xslt] Processing C:\SourceTree\GitHub\HL7-mappings\ada_2_fhir\mp\9.1.0\beschikbaarstellen_medicatiegegevens\ada_instance_VV\mg-mgr-mg-VV-Scenarioset0-0-2.xml to C:\SourceTree\GitHub\HL7-mappings\ada_2_fhir\mp\9.1.0\beschikbaarstellen_medicatiegegevens\fhir_instance_VV\mg-mgr-mg-VV-Scenarioset0-0-2.xml
     [xslt] Processing C:\SourceTree\GitHub\HL7-mappings\ada_2_fhir\mp\9.1.0\beschikbaarstellen_medicatiegegevens\ada_instance_VV\mg-mgr-mg-VV-Scenarioset0-0-3optioneel.xml to C:\SourceTree\GitHub\HL7-mappings\ada_2_fhir\mp\9.1.0\beschikbaarstellen_medicatiegegevens\fhir_instance_VV\mg-mgr-mg-VV-Scenarioset0-0-3optioneel.xml
     [xslt] Processing C:\SourceTree\GitHub\HL7-mappings\ada_2_fhir\mp\9.1.0\beschikbaarstellen_medicatiegegevens\ada_instance_VV\mg-mgr-mg-VV-Scenarioset0-0-4.xml to C:\SourceTree\GitHub\HL7-mappings\ada_2_fhir\mp\9.1.0\beschikbaarstellen_medicatiegegevens\fhir_instance_VV\mg-mgr-mg-VV-Scenarioset0-0-4.xml
     [xslt] Processing C:\SourceTree\GitHub\HL7-mappings\ada_2_fhir\mp\9.1.0\beschikbaarstellen_medicatiegegevens\ada_instance_VV\mg-mgr-mg-VV-Scenarioset0-0-5.xml to C:\SourceTree\GitHub\HL7-mappings\ada_2_fhir\mp\9.1.0\beschikbaarstellen_medicatiegegevens\fhir_instance_VV\mg-mgr-mg-VV-Scenarioset0-0-5.xml
     [xslt] Processing C:\SourceTree\GitHub\HL7-mappings\ada_2_fhir\mp\9.1.0\beschikbaarstellen_medicatiegegevens\ada_instance_VV\mg-mgr-mg-VV-Scenarioset1-1-1.xml to C:\SourceTree\GitHub\HL7-mappings\ada_2_fhir\mp\9.1.0\beschikbaarstellen_medicatiegegevens\fhir_instance_VV\mg-mgr-mg-VV-Scenarioset1-1-1.xml
     [xslt] Processing C:\SourceTree\GitHub\HL7-mappings\ada_2_fhir\mp\9.1.0\beschikbaarstellen_medicatiegegevens\ada_instance_VV\mg-mgr-mg-VV-Scenarioset10-10-1optioneel.xml to C:\SourceTree\GitHub\HL7-mappings\ada_2_fhir\mp\9.1.0\beschikbaarstellen_medicatiegegevens\fhir_instance_VV\mg-mgr-mg-VV-Scenarioset10-10-1optioneel.xml
     [xslt] Processing C:\SourceTree\GitHub\HL7-mappings\ada_2_fhir\mp\9.1.0\beschikbaarstellen_medicatiegegevens\ada_instance_VV\mg-mgr-mg-VV-Scenarioset10-10-2optioneel.xml to C:\SourceTree\GitHub\HL7-mappings\ada_2_fhir\mp\9.1.0\beschikbaarstellen_medicatiegegevens\fhir_instance_VV\mg-mgr-mg-VV-Scenarioset10-10-2optioneel.xml
     [xslt] Processing C:\SourceTree\GitHub\HL7-mappings\ada_2_fhir\mp\9.1.0\beschikbaarstellen_medicatiegegevens\ada_instance_VV\mg-mgr-mg-VV-Scenarioset2-2-1.xml to C:\SourceTree\GitHub\HL7-mappings\ada_2_fhir\mp\9.1.0\beschikbaarstellen_medicatiegegevens\fhir_instance_VV\mg-mgr-mg-VV-Scenarioset2-2-1.xml
     [xslt] Processing C:\SourceTree\GitHub\HL7-mappings\ada_2_fhir\mp\9.1.0\beschikbaarstellen_medicatiegegevens\ada_instance_VV\mg-mgr-mg-VV-Scenarioset2-2-2.xml to C:\SourceTree\GitHub\HL7-mappings\ada_2_fhir\mp\9.1.0\beschikbaarstellen_medicatiegegevens\fhir_instance_VV\mg-mgr-mg-VV-Scenarioset2-2-2.xml
     [xslt] Processing C:\SourceTree\GitHub\HL7-mappings\ada_2_fhir\mp\9.1.0\beschikbaarstellen_medicatiegegevens\ada_instance_VV\mg-mgr-mg-VV-Scenarioset7-7-1optioneel.xml to C:\SourceTree\GitHub\HL7-mappings\ada_2_fhir\mp\9.1.0\beschikbaarstellen_medicatiegegevens\fhir_instance_VV\mg-mgr-mg-VV-Scenarioset7-7-1optioneel.xml
     [xslt] Processing C:\SourceTree\GitHub\HL7-mappings\ada_2_fhir\mp\9.1.0\beschikbaarstellen_medicatiegegevens\ada_instance_VV\mg-mgr-mg-VV-Scenarioset7-7-2optioneel.xml to C:\SourceTree\GitHub\HL7-mappings\ada_2_fhir\mp\9.1.0\beschikbaarstellen_medicatiegegevens\fhir_instance_VV\mg-mgr-mg-VV-Scenarioset7-7-2optioneel.xml
     [xslt] Processing C:\SourceTree\GitHub\HL7-mappings\ada_2_fhir\mp\9.1.0\beschikbaarstellen_medicatiegegevens\ada_instance_VV\mg-mgr-mg-VV-Scenarioset7-7-3optioneel.xml to C:\SourceTree\GitHub\HL7-mappings\ada_2_fhir\mp\9.1.0\beschikbaarstellen_medicatiegegevens\fhir_instance_VV\mg-mgr-mg-VV-Scenarioset7-7-3optioneel.xml
     [xslt] WARN   : We have encountered an id (zib-Product-90000001-2-16-840-1-113883-2-4-3-11-9999-77-90000000-1-1111) longer than 64 characters, we are truncating it, but it should be looked at.
     [xslt] Processing C:\SourceTree\GitHub\HL7-mappings\ada_2_fhir\mp\9.1.0\beschikbaarstellen_medicatiegegevens\ada_instance_VV\mg-mgr-mg-VV-Scenarioset8-8-1.xml to C:\SourceTree\GitHub\HL7-mappings\ada_2_fhir\mp\9.1.0\beschikbaarstellen_medicatiegegevens\fhir_instance_VV\mg-mgr-mg-VV-Scenarioset8-8-1.xml
     [xslt] Processing C:\SourceTree\GitHub\HL7-mappings\ada_2_fhir\mp\9.1.0\beschikbaarstellen_medicatiegegevens\ada_instance_VV\mg-mgr-mg-VV-Scenarioset9-9-1aoptioneel.xml to C:\SourceTree\GitHub\HL7-mappings\ada_2_fhir\mp\9.1.0\beschikbaarstellen_medicatiegegevens\fhir_instance_VV\mg-mgr-mg-VV-Scenarioset9-9-1aoptioneel.xml
     [xslt] WARN   : We have encountered an id (zib-DispenseRequest-MBH-910-logistiekeverbruiksperiode-start-eind-VV-NCD) longer than 64 characters, we are truncating it, but it should be looked at.
     [xslt] Processing C:\SourceTree\GitHub\HL7-mappings\ada_2_fhir\mp\9.1.0\beschikbaarstellen_medicatiegegevens\ada_instance_VV\mg-mgr-mg-VV-Scenarioset9-9-1boptioneel.xml to C:\SourceTree\GitHub\HL7-mappings\ada_2_fhir\mp\9.1.0\beschikbaarstellen_medicatiegegevens\fhir_instance_VV\mg-mgr-mg-VV-Scenarioset9-9-1boptioneel.xml
     [xslt] WARN   : We have encountered an id (zib-DispenseRequest-MBH-910-logistiekeverbruiksperiode-eind-VV-NCD) longer than 64 characters, we are truncating it, but it should be looked at.
     [xslt] Processing C:\SourceTree\GitHub\HL7-mappings\ada_2_fhir\mp\9.1.0\beschikbaarstellen_medicatiegegevens\ada_instance_VV\mg-mgr-mg-VV-Scenarioset9-9-1coptioneel.xml to C:\SourceTree\GitHub\HL7-mappings\ada_2_fhir\mp\9.1.0\beschikbaarstellen_medicatiegegevens\fhir_instance_VV\mg-mgr-mg-VV-Scenarioset9-9-1coptioneel.xml
     [xslt] WARN   : We have encountered an id (zib-DispenseRequest-MBH-910-logistiekeverbruiksperiode-duur-dagen-VV-NCD) longer than 64 characters, we are truncating it, but it should be looked at.
     [xslt] Processing C:\SourceTree\GitHub\HL7-mappings\ada_2_fhir\mp\9.1.0\beschikbaarstellen_medicatiegegevens\ada_instance_VV\mg-mgr-mg-VV-Scenarioset9-9-2optioneel.xml to C:\SourceTree\GitHub\HL7-mappings\ada_2_fhir\mp\9.1.0\beschikbaarstellen_medicatiegegevens\fhir_instance_VV\mg-mgr-mg-VV-Scenarioset9-9-2optioneel.xml
     [xslt] Processing C:\SourceTree\GitHub\HL7-mappings\ada_2_fhir\mp\9.1.0\beschikbaarstellen_medicatiegegevens\ada_instance_VV\mg-mgr-mg-VV-Scenarioset9-9-3optioneel.xml to C:\SourceTree\GitHub\HL7-mappings\ada_2_fhir\mp\9.1.0\beschikbaarstellen_medicatiegegevens\fhir_instance_VV\mg-mgr-mg-VV-Scenarioset9-9-3optioneel.xml
     [echo] 
     [echo] ADA to FHIR input files ../../beschikbaarstellen_medicatiegegevens/ada_instance_VV, to be converted with: ../../beschikbaarstellen_medicatiegegevens/payload/beschikbaarstellen_medicatiegegevens_2_fhir.xsl
     [xslt] Processing C:\SourceTree\GitHub\HL7-mappings\ada_2_fhir\mp\9.1.0\beschikbaarstellen_medicatiegegevens\ada_instance_VV\mg-mgr-mg-VV-Scenarioset0-0-1.xml to C:\SourceTree\GitHub\HL7-mappings\ada_2_fhir\mp\9.1.0\beschikbaarstellen_medicatiegegevens\fhir_instance_VV\mg-mgr-mg-VV-Scenarioset0-0-1.xml
     [xslt] Loading stylesheet C:\SourceTree\GitHub\HL7-mappings\ada_2_fhir\mp\9.1.0\beschikbaarstellen_medicatiegegevens\payload\beschikbaarstellen_medicatiegegevens_2_fhir.xsl
     [xslt] Processing C:\SourceTree\GitHub\HL7-mappings\ada_2_fhir\mp\9.1.0\beschikbaarstellen_medicatiegegevens\ada_instance_VV\mg-mgr-mg-VV-Scenarioset0-0-2.xml to C:\SourceTree\GitHub\HL7-mappings\ada_2_fhir\mp\9.1.0\beschikbaarstellen_medicatiegegevens\fhir_instance_VV\mg-mgr-mg-VV-Scenarioset0-0-2.xml
     [xslt] Processing C:\SourceTree\GitHub\HL7-mappings\ada_2_fhir\mp\9.1.0\beschikbaarstellen_medicatiegegevens\ada_instance_VV\mg-mgr-mg-VV-Scenarioset0-0-3optioneel.xml to C:\SourceTree\GitHub\HL7-mappings\ada_2_fhir\mp\9.1.0\beschikbaarstellen_medicatiegegevens\fhir_instance_VV\mg-mgr-mg-VV-Scenarioset0-0-3optioneel.xml
     [xslt] Processing C:\SourceTree\GitHub\HL7-mappings\ada_2_fhir\mp\9.1.0\beschikbaarstellen_medicatiegegevens\ada_instance_VV\mg-mgr-mg-VV-Scenarioset0-0-4.xml to C:\SourceTree\GitHub\HL7-mappings\ada_2_fhir\mp\9.1.0\beschikbaarstellen_medicatiegegevens\fhir_instance_VV\mg-mgr-mg-VV-Scenarioset0-0-4.xml
     [xslt] Processing C:\SourceTree\GitHub\HL7-mappings\ada_2_fhir\mp\9.1.0\beschikbaarstellen_medicatiegegevens\ada_instance_VV\mg-mgr-mg-VV-Scenarioset0-0-5.xml to C:\SourceTree\GitHub\HL7-mappings\ada_2_fhir\mp\9.1.0\beschikbaarstellen_medicatiegegevens\fhir_instance_VV\mg-mgr-mg-VV-Scenarioset0-0-5.xml
     [xslt] Processing C:\SourceTree\GitHub\HL7-mappings\ada_2_fhir\mp\9.1.0\beschikbaarstellen_medicatiegegevens\ada_instance_VV\mg-mgr-mg-VV-Scenarioset1-1-1.xml to C:\SourceTree\GitHub\HL7-mappings\ada_2_fhir\mp\9.1.0\beschikbaarstellen_medicatiegegevens\fhir_instance_VV\mg-mgr-mg-VV-Scenarioset1-1-1.xml
     [xslt] Processing C:\SourceTree\GitHub\HL7-mappings\ada_2_fhir\mp\9.1.0\beschikbaarstellen_medicatiegegevens\ada_instance_VV\mg-mgr-mg-VV-Scenarioset10-10-1optioneel.xml to C:\SourceTree\GitHub\HL7-mappings\ada_2_fhir\mp\9.1.0\beschikbaarstellen_medicatiegegevens\fhir_instance_VV\mg-mgr-mg-VV-Scenarioset10-10-1optioneel.xml
     [xslt] Processing C:\SourceTree\GitHub\HL7-mappings\ada_2_fhir\mp\9.1.0\beschikbaarstellen_medicatiegegevens\ada_instance_VV\mg-mgr-mg-VV-Scenarioset10-10-2optioneel.xml to C:\SourceTree\GitHub\HL7-mappings\ada_2_fhir\mp\9.1.0\beschikbaarstellen_medicatiegegevens\fhir_instance_VV\mg-mgr-mg-VV-Scenarioset10-10-2optioneel.xml
     [xslt] Processing C:\SourceTree\GitHub\HL7-mappings\ada_2_fhir\mp\9.1.0\beschikbaarstellen_medicatiegegevens\ada_instance_VV\mg-mgr-mg-VV-Scenarioset2-2-1.xml to C:\SourceTree\GitHub\HL7-mappings\ada_2_fhir\mp\9.1.0\beschikbaarstellen_medicatiegegevens\fhir_instance_VV\mg-mgr-mg-VV-Scenarioset2-2-1.xml
     [xslt] Processing C:\SourceTree\GitHub\HL7-mappings\ada_2_fhir\mp\9.1.0\beschikbaarstellen_medicatiegegevens\ada_instance_VV\mg-mgr-mg-VV-Scenarioset2-2-2.xml to C:\SourceTree\GitHub\HL7-mappings\ada_2_fhir\mp\9.1.0\beschikbaarstellen_medicatiegegevens\fhir_instance_VV\mg-mgr-mg-VV-Scenarioset2-2-2.xml
     [xslt] Processing C:\SourceTree\GitHub\HL7-mappings\ada_2_fhir\mp\9.1.0\beschikbaarstellen_medicatiegegevens\ada_instance_VV\mg-mgr-mg-VV-Scenarioset7-7-1optioneel.xml to C:\SourceTree\GitHub\HL7-mappings\ada_2_fhir\mp\9.1.0\beschikbaarstellen_medicatiegegevens\fhir_instance_VV\mg-mgr-mg-VV-Scenarioset7-7-1optioneel.xml
     [xslt] Processing C:\SourceTree\GitHub\HL7-mappings\ada_2_fhir\mp\9.1.0\beschikbaarstellen_medicatiegegevens\ada_instance_VV\mg-mgr-mg-VV-Scenarioset7-7-2optioneel.xml to C:\SourceTree\GitHub\HL7-mappings\ada_2_fhir\mp\9.1.0\beschikbaarstellen_medicatiegegevens\fhir_instance_VV\mg-mgr-mg-VV-Scenarioset7-7-2optioneel.xml
     [xslt] Processing C:\SourceTree\GitHub\HL7-mappings\ada_2_fhir\mp\9.1.0\beschikbaarstellen_medicatiegegevens\ada_instance_VV\mg-mgr-mg-VV-Scenarioset7-7-3optioneel.xml to C:\SourceTree\GitHub\HL7-mappings\ada_2_fhir\mp\9.1.0\beschikbaarstellen_medicatiegegevens\fhir_instance_VV\mg-mgr-mg-VV-Scenarioset7-7-3optioneel.xml
     [xslt] Processing C:\SourceTree\GitHub\HL7-mappings\ada_2_fhir\mp\9.1.0\beschikbaarstellen_medicatiegegevens\ada_instance_VV\mg-mgr-mg-VV-Scenarioset8-8-1.xml to C:\SourceTree\GitHub\HL7-mappings\ada_2_fhir\mp\9.1.0\beschikbaarstellen_medicatiegegevens\fhir_instance_VV\mg-mgr-mg-VV-Scenarioset8-8-1.xml
     [xslt] Processing C:\SourceTree\GitHub\HL7-mappings\ada_2_fhir\mp\9.1.0\beschikbaarstellen_medicatiegegevens\ada_instance_VV\mg-mgr-mg-VV-Scenarioset9-9-1aoptioneel.xml to C:\SourceTree\GitHub\HL7-mappings\ada_2_fhir\mp\9.1.0\beschikbaarstellen_medicatiegegevens\fhir_instance_VV\mg-mgr-mg-VV-Scenarioset9-9-1aoptioneel.xml
     [xslt] Processing C:\SourceTree\GitHub\HL7-mappings\ada_2_fhir\mp\9.1.0\beschikbaarstellen_medicatiegegevens\ada_instance_VV\mg-mgr-mg-VV-Scenarioset9-9-1boptioneel.xml to C:\SourceTree\GitHub\HL7-mappings\ada_2_fhir\mp\9.1.0\beschikbaarstellen_medicatiegegevens\fhir_instance_VV\mg-mgr-mg-VV-Scenarioset9-9-1boptioneel.xml
     [xslt] Processing C:\SourceTree\GitHub\HL7-mappings\ada_2_fhir\mp\9.1.0\beschikbaarstellen_medicatiegegevens\ada_instance_VV\mg-mgr-mg-VV-Scenarioset9-9-1coptioneel.xml to C:\SourceTree\GitHub\HL7-mappings\ada_2_fhir\mp\9.1.0\beschikbaarstellen_medicatiegegevens\fhir_instance_VV\mg-mgr-mg-VV-Scenarioset9-9-1coptioneel.xml
     [xslt] Processing C:\SourceTree\GitHub\HL7-mappings\ada_2_fhir\mp\9.1.0\beschikbaarstellen_medicatiegegevens\ada_instance_VV\mg-mgr-mg-VV-Scenarioset9-9-2optioneel.xml to C:\SourceTree\GitHub\HL7-mappings\ada_2_fhir\mp\9.1.0\beschikbaarstellen_medicatiegegevens\fhir_instance_VV\mg-mgr-mg-VV-Scenarioset9-9-2optioneel.xml
     [xslt] Processing C:\SourceTree\GitHub\HL7-mappings\ada_2_fhir\mp\9.1.0\beschikbaarstellen_medicatiegegevens\ada_instance_VV\mg-mgr-mg-VV-Scenarioset9-9-3optioneel.xml to C:\SourceTree\GitHub\HL7-mappings\ada_2_fhir\mp\9.1.0\beschikbaarstellen_medicatiegegevens\fhir_instance_VV\mg-mgr-mg-VV-Scenarioset9-9-3optioneel.xml

download-ivy:
     [echo] installing ivy...
      [get] Getting: https://repo1.maven.org/maven2/org/apache/ivy/ivy/2.5.0/ivy-2.5.0.jar
      [get] To: C:\SourceTree\GitHub\HL7-mappings\_ant-buildfiles\ant-include\ivy\ivy.jar
      [get] Not modified - so not downloaded

install-ivy:

fetch-imports:
[ivy:resolve] :: Apache Ivy 2.5.0 - 20191020104435 :: https://ant.apache.org/ivy/ ::
[ivy:resolve] :: loading settings :: file = C:\SourceTree\GitHub\HL7-mappings\_ant-buildfiles\ant-include\ivysettings.xml
[ivy:resolve] :: resolving dependencies :: nl.nictiz.decor#tools;working@NICT1-NB144087 [not transitive]
[ivy:resolve] 	confs: [default]
[ivy:resolve] 	found net.sf.saxon#Saxon-HE;9.9.1-7 in local-chain
[ivy:resolve] 	found xerces#xercesImpl;2.12.0 in maven
[ivy:resolve] :: resolution report :: resolve 164ms :: artifacts dl 24ms
	---------------------------------------------------------------------
	|                  |            modules            ||   artifacts   |
	|       conf       | number| search|dwnlded|evicted|| number|dwnlded|
	---------------------------------------------------------------------
	|      default     |   2   |   0   |   0   |   0   ||   6   |   0   |
	---------------------------------------------------------------------
[ivy:retrieve] :: retrieving :: nl.nictiz.decor#tools [sync]
[ivy:retrieve] 	confs: [default]
[ivy:retrieve] 	0 artifacts copied, 2 already retrieved (0kB/50ms)
[ivy:dependencytree] Dependency tree for nl.nictiz.decor-tools
[ivy:dependencytree] +- net.sf.saxon#Saxon-HE;9.9.1-7
[ivy:dependencytree] \- xerces#xercesImpl;2.12.0

convert_ada_2_fhir_sub_mp:
     [echo] Deleting previous results, if any
     [echo] 
     [echo] ADA to FHIR input files ../../beschikbaarstellen_medicatieoverzicht/ada_instance_mp, to be converted with: ../../beschikbaarstellen_medicatieoverzicht/payload/beschikbaarstellen_medicatieoverzicht_2_fhir_resources.xsl
     [xslt] Processing C:\SourceTree\GitHub\HL7-mappings\ada_2_fhir\mp\9.1.0\beschikbaarstellen_medicatieoverzicht\ada_instance_mp\mo-mor-ma-Scenario0-0-b-output.xml to C:\SourceTree\GitHub\HL7-mappings\ada_2_fhir\mp\9.1.0\beschikbaarstellen_medicatieoverzicht\fhir_instance_mp\mo-mor-ma-Scenario0-0-b-output.xml
     [xslt] Loading stylesheet C:\SourceTree\GitHub\HL7-mappings\ada_2_fhir\mp\9.1.0\beschikbaarstellen_medicatieoverzicht\payload\beschikbaarstellen_medicatieoverzicht_2_fhir_resources.xsl
     [xslt] Processing C:\SourceTree\GitHub\HL7-mappings\ada_2_fhir\mp\9.1.0\beschikbaarstellen_medicatieoverzicht\ada_instance_mp\mo-mor-ma-Scenario1-0-b-output.xml to C:\SourceTree\GitHub\HL7-mappings\ada_2_fhir\mp\9.1.0\beschikbaarstellen_medicatieoverzicht\fhir_instance_mp\mo-mor-ma-Scenario1-0-b-output.xml
     [xslt] Processing C:\SourceTree\GitHub\HL7-mappings\ada_2_fhir\mp\9.1.0\beschikbaarstellen_medicatieoverzicht\ada_instance_mp\mo-mor-ma-Scenario2-0-b-output.xml to C:\SourceTree\GitHub\HL7-mappings\ada_2_fhir\mp\9.1.0\beschikbaarstellen_medicatieoverzicht\fhir_instance_mp\mo-mor-ma-Scenario2-0-b-output.xml
     [xslt] WARN   : We have encountered an id (zib-MedicationAgreement-MBH-910-redenvanvoorschrijven-MA-wijzigingzonderVV) longer than 64 characters, we are truncating it, but it should be looked at.
     [xslt] WARN   : We have encountered an id (zib-MedicationAgreement-MBH-910-logistiekeverbruiksperiode-start-eind-MA) longer than 64 characters, we are truncating it, but it should be looked at.
     [xslt] WARN   : We have encountered an id (zib-MedicationAgreement-MBH-910-logistiekeverbruiksperiode-start-eind-MA-1) longer than 64 characters, we are truncating it, but it should be looked at.
     [xslt] Processing C:\SourceTree\GitHub\HL7-mappings\ada_2_fhir\mp\9.1.0\beschikbaarstellen_medicatieoverzicht\ada_instance_mp\mo-mor-ma-Scenario3-0-b-output.xml to C:\SourceTree\GitHub\HL7-mappings\ada_2_fhir\mp\9.1.0\beschikbaarstellen_medicatieoverzicht\fhir_instance_mp\mo-mor-ma-Scenario3-0-b-output.xml
     [xslt] WARN   : We have encountered an id (zib-MedicationAgreement-MBH-910-aanvullendeinformatiewensen-MA-onderbreken) longer than 64 characters, we are truncating it, but it should be looked at.
     [xslt] Processing C:\SourceTree\GitHub\HL7-mappings\ada_2_fhir\mp\9.1.0\beschikbaarstellen_medicatieoverzicht\ada_instance_mp\mo-mor-ma-Scenario3-1-b-output.xml to C:\SourceTree\GitHub\HL7-mappings\ada_2_fhir\mp\9.1.0\beschikbaarstellen_medicatieoverzicht\fhir_instance_mp\mo-mor-ma-Scenario3-1-b-output.xml
     [echo] 
     [echo] ADA to FHIR input files ../../beschikbaarstellen_medicatieoverzicht/ada_instance_mp, to be converted with: ../../beschikbaarstellen_medicatieoverzicht/payload/beschikbaarstellen_medicatieoverzicht_2_fhir.xsl
     [xslt] Processing C:\SourceTree\GitHub\HL7-mappings\ada_2_fhir\mp\9.1.0\beschikbaarstellen_medicatieoverzicht\ada_instance_mp\mo-mor-ma-Scenario0-0-b-output.xml to C:\SourceTree\GitHub\HL7-mappings\ada_2_fhir\mp\9.1.0\beschikbaarstellen_medicatieoverzicht\fhir_instance_mp\mo-mor-ma-Scenario0-0-b-output.xml
     [xslt] Loading stylesheet C:\SourceTree\GitHub\HL7-mappings\ada_2_fhir\mp\9.1.0\beschikbaarstellen_medicatieoverzicht\payload\beschikbaarstellen_medicatieoverzicht_2_fhir.xsl
     [xslt] Processing C:\SourceTree\GitHub\HL7-mappings\ada_2_fhir\mp\9.1.0\beschikbaarstellen_medicatieoverzicht\ada_instance_mp\mo-mor-ma-Scenario1-0-b-output.xml to C:\SourceTree\GitHub\HL7-mappings\ada_2_fhir\mp\9.1.0\beschikbaarstellen_medicatieoverzicht\fhir_instance_mp\mo-mor-ma-Scenario1-0-b-output.xml
     [xslt] Processing C:\SourceTree\GitHub\HL7-mappings\ada_2_fhir\mp\9.1.0\beschikbaarstellen_medicatieoverzicht\ada_instance_mp\mo-mor-ma-Scenario2-0-b-output.xml to C:\SourceTree\GitHub\HL7-mappings\ada_2_fhir\mp\9.1.0\beschikbaarstellen_medicatieoverzicht\fhir_instance_mp\mo-mor-ma-Scenario2-0-b-output.xml
     [xslt] Processing C:\SourceTree\GitHub\HL7-mappings\ada_2_fhir\mp\9.1.0\beschikbaarstellen_medicatieoverzicht\ada_instance_mp\mo-mor-ma-Scenario3-0-b-output.xml to C:\SourceTree\GitHub\HL7-mappings\ada_2_fhir\mp\9.1.0\beschikbaarstellen_medicatieoverzicht\fhir_instance_mp\mo-mor-ma-Scenario3-0-b-output.xml
     [xslt] Processing C:\SourceTree\GitHub\HL7-mappings\ada_2_fhir\mp\9.1.0\beschikbaarstellen_medicatieoverzicht\ada_instance_mp\mo-mor-ma-Scenario3-1-b-output.xml to C:\SourceTree\GitHub\HL7-mappings\ada_2_fhir\mp\9.1.0\beschikbaarstellen_medicatieoverzicht\fhir_instance_mp\mo-mor-ma-Scenario3-1-b-output.xml

download-ivy:
     [echo] installing ivy...
      [get] Getting: https://repo1.maven.org/maven2/org/apache/ivy/ivy/2.5.0/ivy-2.5.0.jar
      [get] To: C:\SourceTree\GitHub\HL7-mappings\_ant-buildfiles\ant-include\ivy\ivy.jar
      [get] Not modified - so not downloaded

install-ivy:

fetch-imports:
[ivy:resolve] :: Apache Ivy 2.5.0 - 20191020104435 :: https://ant.apache.org/ivy/ ::
[ivy:resolve] :: loading settings :: file = C:\SourceTree\GitHub\HL7-mappings\_ant-buildfiles\ant-include\ivysettings.xml
[ivy:resolve] :: resolving dependencies :: nl.nictiz.decor#tools;working@NICT1-NB144087 [not transitive]
[ivy:resolve] 	confs: [default]
[ivy:resolve] 	found net.sf.saxon#Saxon-HE;9.9.1-7 in local-chain
[ivy:resolve] 	found xerces#xercesImpl;2.12.0 in maven
[ivy:resolve] :: resolution report :: resolve 146ms :: artifacts dl 23ms
	---------------------------------------------------------------------
	|                  |            modules            ||   artifacts   |
	|       conf       | number| search|dwnlded|evicted|| number|dwnlded|
	---------------------------------------------------------------------
	|      default     |   2   |   0   |   0   |   0   ||   6   |   0   |
	---------------------------------------------------------------------
[ivy:retrieve] :: retrieving :: nl.nictiz.decor#tools [sync]
[ivy:retrieve] 	confs: [default]
[ivy:retrieve] 	0 artifacts copied, 2 already retrieved (0kB/42ms)
[ivy:dependencytree] Dependency tree for nl.nictiz.decor-tools
[ivy:dependencytree] +- net.sf.saxon#Saxon-HE;9.9.1-7
[ivy:dependencytree] \- xerces#xercesImpl;2.12.0

convert_ada_2_fhir_examples:
     [echo] Deleting previous results, if any
     [echo] 
     [echo] ADA to FHIR input files ../../xml-voorbeelden/ada_instance, to be converted with: ../../beschikbaarstellen_medicatiegegevens/payload/beschikbaarstellen_medicatiegegevens_2_fhir_resources.xsl
     [xslt] Processing C:\SourceTree\GitHub\HL7-mappings\ada_2_fhir\mp\9.1.0\xml-voorbeelden\ada_instance\mg-example-MBH_910_1.xml to C:\SourceTree\GitHub\HL7-mappings\ada_2_fhir\mp\9.1.0\xml-voorbeelden\fhir_instance\mg-example-MBH_910_1.xml
     [xslt] Loading stylesheet C:\SourceTree\GitHub\HL7-mappings\ada_2_fhir\mp\9.1.0\beschikbaarstellen_medicatiegegevens\payload\beschikbaarstellen_medicatiegegevens_2_fhir_resources.xsl
     [xslt] WARN   : We have encountered an id (nl-core-location-LETOPWERKAANDEWEG-OMLEIDINGSTAATAANGEGEVEN-PRIKSTRAAT12AMSTERDAM) longer than 64 characters, we are truncating it, but it should be looked at.
     [xslt] Processing C:\SourceTree\GitHub\HL7-mappings\ada_2_fhir\mp\9.1.0\xml-voorbeelden\ada_instance\mg-example-MBH_910_2.xml to C:\SourceTree\GitHub\HL7-mappings\ada_2_fhir\mp\9.1.0\xml-voorbeelden\fhir_instance\mg-example-MBH_910_2.xml
     [xslt] Processing C:\SourceTree\GitHub\HL7-mappings\ada_2_fhir\mp\9.1.0\xml-voorbeelden\ada_instance\mg-example-MBH_910_3.xml to C:\SourceTree\GitHub\HL7-mappings\ada_2_fhir\mp\9.1.0\xml-voorbeelden\fhir_instance\mg-example-MBH_910_3.xml
     [echo] 
     [echo] ADA to FHIR input files ../../xml-voorbeelden/ada_instance, to be converted with: ../../beschikbaarstellen_medicatiegegevens/payload/beschikbaarstellen_medicatiegegevens_2_fhir.xsl
     [xslt] Processing C:\SourceTree\GitHub\HL7-mappings\ada_2_fhir\mp\9.1.0\xml-voorbeelden\ada_instance\mg-example-MBH_910_1.xml to C:\SourceTree\GitHub\HL7-mappings\ada_2_fhir\mp\9.1.0\xml-voorbeelden\fhir_instance\mg-example-MBH_910_1.xml
     [xslt] Loading stylesheet C:\SourceTree\GitHub\HL7-mappings\ada_2_fhir\mp\9.1.0\beschikbaarstellen_medicatiegegevens\payload\beschikbaarstellen_medicatiegegevens_2_fhir.xsl
     [xslt] Processing C:\SourceTree\GitHub\HL7-mappings\ada_2_fhir\mp\9.1.0\xml-voorbeelden\ada_instance\mg-example-MBH_910_2.xml to C:\SourceTree\GitHub\HL7-mappings\ada_2_fhir\mp\9.1.0\xml-voorbeelden\fhir_instance\mg-example-MBH_910_2.xml
     [xslt] Processing C:\SourceTree\GitHub\HL7-mappings\ada_2_fhir\mp\9.1.0\xml-voorbeelden\ada_instance\mg-example-MBH_910_3.xml to C:\SourceTree\GitHub\HL7-mappings\ada_2_fhir\mp\9.1.0\xml-voorbeelden\fhir_instance\mg-example-MBH_910_3.xml
     [echo] 
     [echo] ADA to FHIR ../../beschikbaarstellen_medicatieoverzicht/payload/beschikbaarstellen_medicatieoverzicht_2_fhir_resources.xsl input dir ../../xml-voorbeelden/ada_instance
     [xslt] Processing C:\SourceTree\GitHub\HL7-mappings\ada_2_fhir\mp\9.1.0\xml-voorbeelden\ada_instance\mo-example-910_1.xml to C:\SourceTree\GitHub\HL7-mappings\ada_2_fhir\mp\9.1.0\xml-voorbeelden\fhir_instance\mo-example-910_1.xml
     [xslt] Loading stylesheet C:\SourceTree\GitHub\HL7-mappings\ada_2_fhir\mp\9.1.0\beschikbaarstellen_medicatieoverzicht\payload\beschikbaarstellen_medicatieoverzicht_2_fhir_resources.xsl
     [echo] 
     [echo] ADA to FHIR input files ../../xml-voorbeelden/ada_instance, to be converted with: ../../beschikbaarstellen_medicatieoverzicht/payload/beschikbaarstellen_medicatieoverzicht_2_fhir.xsl
     [xslt] Processing C:\SourceTree\GitHub\HL7-mappings\ada_2_fhir\mp\9.1.0\xml-voorbeelden\ada_instance\mo-example-910_1.xml to C:\SourceTree\GitHub\HL7-mappings\ada_2_fhir\mp\9.1.0\xml-voorbeelden\fhir_instance\mo-example-910_1.xml
     [xslt] Loading stylesheet C:\SourceTree\GitHub\HL7-mappings\ada_2_fhir\mp\9.1.0\beschikbaarstellen_medicatieoverzicht\payload\beschikbaarstellen_medicatieoverzicht_2_fhir.xsl

BUILD SUCCESSFUL
Total time: 30 seconds
