Buildfile: C:\Users\David\Desktop\CodeProjects\Nictiz\HL7-mappings\ada_2_fhir-r4\lab\3.0.0\_ant-buildfiles\ant-publish\build-ada2fhir-lab-300.xml

setup_lab300:

setup_sub:

setup_sub_schemas:
     [echo] 
     [echo] Setup ../../sturen_laboratoriumresultaten/ada_schemas containing refreshed ada schemas (*sturen_laboratoriumresultaten.xsd)
     [copy] Copying 3 files to C:\Users\David\Desktop\CodeProjects\Nictiz\HL7-mappings\ada_2_fhir-r4\lab\3.0.0\sturen_laboratoriumresultaten\ada_schemas

setup_sub_instances:
     [echo] Copying ADA instances from ../../../../../../art_decor/adarefs2ada/lab/0.0/sturen_laboratoriumresultaten/ada_instance to ../../sturen_laboratoriumresultaten/ada_instance
     [copy] Copying 45 files to C:\Users\David\Desktop\CodeProjects\Nictiz\HL7-mappings\ada_2_fhir-r4\lab\3.0.0\sturen_laboratoriumresultaten\ada_instance

setup_sub:

setup_sub_schemas:
     [echo] 
     [echo] Setup ../../beschikbaarstellen_laboratoriumresultaten/ada_schemas containing refreshed ada schemas (*beschikbaarstellen_laboratoriumresultaten.xsd)
     [copy] Copying 3 files to C:\Users\David\Desktop\CodeProjects\Nictiz\HL7-mappings\ada_2_fhir-r4\lab\3.0.0\beschikbaarstellen_laboratoriumresultaten\ada_schemas

setup_sub_instances:
     [echo] Copying ADA instances from ../../../../../../art_decor/adarefs2ada/lab/0.0/beschikbaarstellen_laboratoriumresultaten/ada_instance to ../../beschikbaarstellen_laboratoriumresultaten/ada_instance
     [copy] Copying 12 files to C:\Users\David\Desktop\CodeProjects\Nictiz\HL7-mappings\ada_2_fhir-r4\lab\3.0.0\beschikbaarstellen_laboratoriumresultaten\ada_instance

setup_sub:

setup_sub_schemas:
     [echo] 
     [echo] Setup ../../sturen_laboratoriumresultaat_op_aanvraag/ada_schemas containing refreshed ada schemas (*sturen_laboratoriumresultaat_op_aanvraag.xsd)
     [copy] Copying 3 files to C:\Users\David\Desktop\CodeProjects\Nictiz\HL7-mappings\ada_2_fhir-r4\lab\3.0.0\sturen_laboratoriumresultaat_op_aanvraag\ada_schemas

setup_sub_instances:
     [echo] Copying ADA instances from ../../../../../../art_decor/adarefs2ada/lab/0.0/sturen_laboratoriumresultaat_op_aanvraag/ada_instance to ../../sturen_laboratoriumresultaat_op_aanvraag/ada_instance
     [copy] Copying 8 files to C:\Users\David\Desktop\CodeProjects\Nictiz\HL7-mappings\ada_2_fhir-r4\lab\3.0.0\sturen_laboratoriumresultaat_op_aanvraag\ada_instance

convert_ada_2_fhir_300:

convert_ada_2_fhir_sub:
     [echo] Deleting previous results, if any
     [echo] 
     [echo] ADA to FHIR ../../beschikbaarstellen_laboratoriumresultaten/../beschikbaarstellen_laboratoriumresultaten/payload/beschikbaarstellen_laboratoriumresultaten.xsl input dir ../../beschikbaarstellen_laboratoriumresultaten/ada_instance
     [xslt] Processing C:\Users\David\Desktop\CodeProjects\Nictiz\HL7-mappings\ada_2_fhir-r4\lab\3.0.0\beschikbaarstellen_laboratoriumresultaten\ada_instance\lr-blr-KWAL-l2z-1Maximaal-bericht-1MMBLOINC.xml to C:\Users\David\Desktop\CodeProjects\Nictiz\HL7-mappings\ada_2_fhir-r4\lab\3.0.0\beschikbaarstellen_laboratoriumresultaten\fhir_instance\lr-blr-KWAL-l2z-1Maximaal-bericht-1MMBLOINC.xml
     [xslt] Loading stylesheet beschikbaarstellen_laboratoriumresultaten.xsl
     [xslt] Processing C:\Users\David\Desktop\CodeProjects\Nictiz\HL7-mappings\ada_2_fhir-r4\lab\3.0.0\beschikbaarstellen_laboratoriumresultaten\ada_instance\lr-blr-KWAL-l2z-1Maximaal-bericht-2MMBNHG.xml to C:\Users\David\Desktop\CodeProjects\Nictiz\HL7-mappings\ada_2_fhir-r4\lab\3.0.0\beschikbaarstellen_laboratoriumresultaten\fhir_instance\lr-blr-KWAL-l2z-1Maximaal-bericht-2MMBNHG.xml
     [xslt] Processing C:\Users\David\Desktop\CodeProjects\Nictiz\HL7-mappings\ada_2_fhir-r4\lab\3.0.0\beschikbaarstellen_laboratoriumresultaten\ada_instance\lr-blr-KWAL-l2z-1Maximaal-bericht-3KCLOINC.xml to C:\Users\David\Desktop\CodeProjects\Nictiz\HL7-mappings\ada_2_fhir-r4\lab\3.0.0\beschikbaarstellen_laboratoriumresultaten\fhir_instance\lr-blr-KWAL-l2z-1Maximaal-bericht-3KCLOINC.xml
     [xslt] Processing C:\Users\David\Desktop\CodeProjects\Nictiz\HL7-mappings\ada_2_fhir-r4\lab\3.0.0\beschikbaarstellen_laboratoriumresultaten\ada_instance\lr-blr-KWAL-l2z-1Maximaal-bericht-4KCNHG.xml to C:\Users\David\Desktop\CodeProjects\Nictiz\HL7-mappings\ada_2_fhir-r4\lab\3.0.0\beschikbaarstellen_laboratoriumresultaten\fhir_instance\lr-blr-KWAL-l2z-1Maximaal-bericht-4KCNHG.xml
     [xslt] Processing C:\Users\David\Desktop\CodeProjects\Nictiz\HL7-mappings\ada_2_fhir-r4\lab\3.0.0\beschikbaarstellen_laboratoriumresultaten\ada_instance\lr-blr-TEST-l2z-1Maximaal-bericht-1MMBLOINC.xml to C:\Users\David\Desktop\CodeProjects\Nictiz\HL7-mappings\ada_2_fhir-r4\lab\3.0.0\beschikbaarstellen_laboratoriumresultaten\fhir_instance\lr-blr-TEST-l2z-1Maximaal-bericht-1MMBLOINC.xml
     [xslt] Processing C:\Users\David\Desktop\CodeProjects\Nictiz\HL7-mappings\ada_2_fhir-r4\lab\3.0.0\beschikbaarstellen_laboratoriumresultaten\ada_instance\lr-blr-TEST-l2z-1Maximaal-bericht-2MMBNHG.xml to C:\Users\David\Desktop\CodeProjects\Nictiz\HL7-mappings\ada_2_fhir-r4\lab\3.0.0\beschikbaarstellen_laboratoriumresultaten\fhir_instance\lr-blr-TEST-l2z-1Maximaal-bericht-2MMBNHG.xml
     [xslt] Processing C:\Users\David\Desktop\CodeProjects\Nictiz\HL7-mappings\ada_2_fhir-r4\lab\3.0.0\beschikbaarstellen_laboratoriumresultaten\ada_instance\lr-blr-TEST-l2z-1Maximaal-bericht-3KCLOINC.xml to C:\Users\David\Desktop\CodeProjects\Nictiz\HL7-mappings\ada_2_fhir-r4\lab\3.0.0\beschikbaarstellen_laboratoriumresultaten\fhir_instance\lr-blr-TEST-l2z-1Maximaal-bericht-3KCLOINC.xml
     [xslt] Processing C:\Users\David\Desktop\CodeProjects\Nictiz\HL7-mappings\ada_2_fhir-r4\lab\3.0.0\beschikbaarstellen_laboratoriumresultaten\ada_instance\lr-blr-TEST-l2z-1Maximaal-bericht-4KCNHG.xml to C:\Users\David\Desktop\CodeProjects\Nictiz\HL7-mappings\ada_2_fhir-r4\lab\3.0.0\beschikbaarstellen_laboratoriumresultaten\fhir_instance\lr-blr-TEST-l2z-1Maximaal-bericht-4KCNHG.xml
     [xslt] Processing C:\Users\David\Desktop\CodeProjects\Nictiz\HL7-mappings\ada_2_fhir-r4\lab\3.0.0\beschikbaarstellen_laboratoriumresultaten\ada_instance\lr-blr-TEST-l2z-2Minimaal-bericht-1MMBLOINC.xml to C:\Users\David\Desktop\CodeProjects\Nictiz\HL7-mappings\ada_2_fhir-r4\lab\3.0.0\beschikbaarstellen_laboratoriumresultaten\fhir_instance\lr-blr-TEST-l2z-2Minimaal-bericht-1MMBLOINC.xml
     [xslt] Processing C:\Users\David\Desktop\CodeProjects\Nictiz\HL7-mappings\ada_2_fhir-r4\lab\3.0.0\beschikbaarstellen_laboratoriumresultaten\ada_instance\lr-blr-TEST-l2z-2Minimaal-bericht-2MMBNHG.xml to C:\Users\David\Desktop\CodeProjects\Nictiz\HL7-mappings\ada_2_fhir-r4\lab\3.0.0\beschikbaarstellen_laboratoriumresultaten\fhir_instance\lr-blr-TEST-l2z-2Minimaal-bericht-2MMBNHG.xml
     [xslt] Processing C:\Users\David\Desktop\CodeProjects\Nictiz\HL7-mappings\ada_2_fhir-r4\lab\3.0.0\beschikbaarstellen_laboratoriumresultaten\ada_instance\lr-blr-TEST-l2z-2Minimaal-bericht-3KCLOINC.xml to C:\Users\David\Desktop\CodeProjects\Nictiz\HL7-mappings\ada_2_fhir-r4\lab\3.0.0\beschikbaarstellen_laboratoriumresultaten\fhir_instance\lr-blr-TEST-l2z-2Minimaal-bericht-3KCLOINC.xml
     [xslt] Processing C:\Users\David\Desktop\CodeProjects\Nictiz\HL7-mappings\ada_2_fhir-r4\lab\3.0.0\beschikbaarstellen_laboratoriumresultaten\ada_instance\lr-blr-TEST-l2z-2Minimaal-bericht-4KCNHG.xml to C:\Users\David\Desktop\CodeProjects\Nictiz\HL7-mappings\ada_2_fhir-r4\lab\3.0.0\beschikbaarstellen_laboratoriumresultaten\fhir_instance\lr-blr-TEST-l2z-2Minimaal-bericht-4KCNHG.xml

convert_ada_2_fhir_sub:
     [echo] Deleting previous results, if any
     [echo] 
     [echo] ADA to FHIR ../../sturen_laboratoriumresultaten/../sturen_laboratoriumresultaten/payload/sturen_laboratoriumresultaten.xsl input dir ../../sturen_laboratoriumresultaten/ada_instance
     [xslt] Processing C:\Users\David\Desktop\CodeProjects\Nictiz\HL7-mappings\ada_2_fhir-r4\lab\3.0.0\sturen_laboratoriumresultaten\ada_instance\lr-slr-KWAL-l2z-1Maximaal-bericht-1MMBLOINC.xml to C:\Users\David\Desktop\CodeProjects\Nictiz\HL7-mappings\ada_2_fhir-r4\lab\3.0.0\sturen_laboratoriumresultaten\fhir_instance\lr-slr-KWAL-l2z-1Maximaal-bericht-1MMBLOINC.xml
     [xslt] Loading stylesheet sturen_laboratoriumresultaten.xsl
     [xslt] Processing C:\Users\David\Desktop\CodeProjects\Nictiz\HL7-mappings\ada_2_fhir-r4\lab\3.0.0\sturen_laboratoriumresultaten\ada_instance\lr-slr-KWAL-l2z-1Maximaal-bericht-2MMBNHG.xml to C:\Users\David\Desktop\CodeProjects\Nictiz\HL7-mappings\ada_2_fhir-r4\lab\3.0.0\sturen_laboratoriumresultaten\fhir_instance\lr-slr-KWAL-l2z-1Maximaal-bericht-2MMBNHG.xml
     [xslt] Processing C:\Users\David\Desktop\CodeProjects\Nictiz\HL7-mappings\ada_2_fhir-r4\lab\3.0.0\sturen_laboratoriumresultaten\ada_instance\lr-slr-KWAL-l2z-1Maximaal-bericht-3KCLOINC.xml to C:\Users\David\Desktop\CodeProjects\Nictiz\HL7-mappings\ada_2_fhir-r4\lab\3.0.0\sturen_laboratoriumresultaten\fhir_instance\lr-slr-KWAL-l2z-1Maximaal-bericht-3KCLOINC.xml
     [xslt] Processing C:\Users\David\Desktop\CodeProjects\Nictiz\HL7-mappings\ada_2_fhir-r4\lab\3.0.0\sturen_laboratoriumresultaten\ada_instance\lr-slr-KWAL-l2z-1Maximaal-bericht-4KCNHG.xml to C:\Users\David\Desktop\CodeProjects\Nictiz\HL7-mappings\ada_2_fhir-r4\lab\3.0.0\sturen_laboratoriumresultaten\fhir_instance\lr-slr-KWAL-l2z-1Maximaal-bericht-4KCNHG.xml
     [xslt] Processing C:\Users\David\Desktop\CodeProjects\Nictiz\HL7-mappings\ada_2_fhir-r4\lab\3.0.0\sturen_laboratoriumresultaten\ada_instance\lr-slr-KWAL-l2z-2Gecorrigeerd-bericht-1AMMBLOINCBasis.xml to C:\Users\David\Desktop\CodeProjects\Nictiz\HL7-mappings\ada_2_fhir-r4\lab\3.0.0\sturen_laboratoriumresultaten\fhir_instance\lr-slr-KWAL-l2z-2Gecorrigeerd-bericht-1AMMBLOINCBasis.xml
     [xslt] Processing C:\Users\David\Desktop\CodeProjects\Nictiz\HL7-mappings\ada_2_fhir-r4\lab\3.0.0\sturen_laboratoriumresultaten\ada_instance\lr-slr-KWAL-l2z-2Gecorrigeerd-bericht-1BMMBLOINCCorrectie.xml to C:\Users\David\Desktop\CodeProjects\Nictiz\HL7-mappings\ada_2_fhir-r4\lab\3.0.0\sturen_laboratoriumresultaten\fhir_instance\lr-slr-KWAL-l2z-2Gecorrigeerd-bericht-1BMMBLOINCCorrectie.xml
     [xslt] Processing C:\Users\David\Desktop\CodeProjects\Nictiz\HL7-mappings\ada_2_fhir-r4\lab\3.0.0\sturen_laboratoriumresultaten\ada_instance\lr-slr-KWAL-l2z-2Gecorrigeerd-bericht-2AMMBNHGBasis.xml to C:\Users\David\Desktop\CodeProjects\Nictiz\HL7-mappings\ada_2_fhir-r4\lab\3.0.0\sturen_laboratoriumresultaten\fhir_instance\lr-slr-KWAL-l2z-2Gecorrigeerd-bericht-2AMMBNHGBasis.xml
     [xslt] Processing C:\Users\David\Desktop\CodeProjects\Nictiz\HL7-mappings\ada_2_fhir-r4\lab\3.0.0\sturen_laboratoriumresultaten\ada_instance\lr-slr-KWAL-l2z-2Gecorrigeerd-bericht-2BMMBNHGCorrectie.xml to C:\Users\David\Desktop\CodeProjects\Nictiz\HL7-mappings\ada_2_fhir-r4\lab\3.0.0\sturen_laboratoriumresultaten\fhir_instance\lr-slr-KWAL-l2z-2Gecorrigeerd-bericht-2BMMBNHGCorrectie.xml
     [xslt] Processing C:\Users\David\Desktop\CodeProjects\Nictiz\HL7-mappings\ada_2_fhir-r4\lab\3.0.0\sturen_laboratoriumresultaten\ada_instance\lr-slr-KWAL-l2z-2Gecorrigeerd-bericht-3AKCLOINCBasis.xml to C:\Users\David\Desktop\CodeProjects\Nictiz\HL7-mappings\ada_2_fhir-r4\lab\3.0.0\sturen_laboratoriumresultaten\fhir_instance\lr-slr-KWAL-l2z-2Gecorrigeerd-bericht-3AKCLOINCBasis.xml
     [xslt] Processing C:\Users\David\Desktop\CodeProjects\Nictiz\HL7-mappings\ada_2_fhir-r4\lab\3.0.0\sturen_laboratoriumresultaten\ada_instance\lr-slr-KWAL-l2z-2Gecorrigeerd-bericht-3BKCLOINCCorrectie.xml to C:\Users\David\Desktop\CodeProjects\Nictiz\HL7-mappings\ada_2_fhir-r4\lab\3.0.0\sturen_laboratoriumresultaten\fhir_instance\lr-slr-KWAL-l2z-2Gecorrigeerd-bericht-3BKCLOINCCorrectie.xml
     [xslt] Processing C:\Users\David\Desktop\CodeProjects\Nictiz\HL7-mappings\ada_2_fhir-r4\lab\3.0.0\sturen_laboratoriumresultaten\ada_instance\lr-slr-KWAL-l2z-2Gecorrigeerd-bericht-4AKCNHGBasis.xml to C:\Users\David\Desktop\CodeProjects\Nictiz\HL7-mappings\ada_2_fhir-r4\lab\3.0.0\sturen_laboratoriumresultaten\fhir_instance\lr-slr-KWAL-l2z-2Gecorrigeerd-bericht-4AKCNHGBasis.xml
     [xslt] Processing C:\Users\David\Desktop\CodeProjects\Nictiz\HL7-mappings\ada_2_fhir-r4\lab\3.0.0\sturen_laboratoriumresultaten\ada_instance\lr-slr-KWAL-l2z-2Gecorrigeerd-bericht-4BKCNHGCorrectie.xml to C:\Users\David\Desktop\CodeProjects\Nictiz\HL7-mappings\ada_2_fhir-r4\lab\3.0.0\sturen_laboratoriumresultaten\fhir_instance\lr-slr-KWAL-l2z-2Gecorrigeerd-bericht-4BKCNHGCorrectie.xml
     [xslt] Processing C:\Users\David\Desktop\CodeProjects\Nictiz\HL7-mappings\ada_2_fhir-r4\lab\3.0.0\sturen_laboratoriumresultaten\ada_instance\lr-slr-KWAL-l2z-3Meesturen-met-ander-bericht-MO-3KCLOINC.xml to C:\Users\David\Desktop\CodeProjects\Nictiz\HL7-mappings\ada_2_fhir-r4\lab\3.0.0\sturen_laboratoriumresultaten\fhir_instance\lr-slr-KWAL-l2z-3Meesturen-met-ander-bericht-MO-3KCLOINC.xml
     [xslt] WARN   : We have encountered an id (labtest-KWAL-Meesturenontvangen-Scenario-3-Nierfunctie-als-losse-resultaten-in-Loinc-met-voorschrift-Kickstart-MO-54321-C) longer than 64 characters, we are truncating it, but it should be looked at.
     [xslt] WARN   : We have encountered an id (labresult-KWAL-Meesturenontvangen-Scenario-3-Nierfunctie-als-losse-resultaten-in-Loinc-met-voorschrift-Kickstart-MO-C) longer than 64 characters, we are truncating it, but it should be looked at.
     [xslt] Processing C:\Users\David\Desktop\CodeProjects\Nictiz\HL7-mappings\ada_2_fhir-r4\lab\3.0.0\sturen_laboratoriumresultaten\ada_instance\lr-slr-KWAL-l2z-3Meesturen-met-ander-bericht-MO-4KCNHG.xml to C:\Users\David\Desktop\CodeProjects\Nictiz\HL7-mappings\ada_2_fhir-r4\lab\3.0.0\sturen_laboratoriumresultaten\fhir_instance\lr-slr-KWAL-l2z-3Meesturen-met-ander-bericht-MO-4KCNHG.xml
     [xslt] WARN   : We have encountered an id (labtest-KWAL-Meesturenontvangen-Scenario-1-Nierfunctie-in-NHG-met-voorschrift-Kickstart-MO-2698-C) longer than 64 characters, we are truncating it, but it should be looked at.
     [xslt] WARN   : We have encountered an id (labresult-KWAL-Meesturenontvangen-Scenario-1-Nierfunctie-in-NHG-met-voorschrift-Kickstart-MO-C) longer than 64 characters, we are truncating it, but it should be looked at.
     [xslt] Processing C:\Users\David\Desktop\CodeProjects\Nictiz\HL7-mappings\ada_2_fhir-r4\lab\3.0.0\sturen_laboratoriumresultaten\ada_instance\lr-slr-TEST-l2z-1Maximaal-bericht-1MMBLOINC.xml to C:\Users\David\Desktop\CodeProjects\Nictiz\HL7-mappings\ada_2_fhir-r4\lab\3.0.0\sturen_laboratoriumresultaten\fhir_instance\lr-slr-TEST-l2z-1Maximaal-bericht-1MMBLOINC.xml
     [xslt] Processing C:\Users\David\Desktop\CodeProjects\Nictiz\HL7-mappings\ada_2_fhir-r4\lab\3.0.0\sturen_laboratoriumresultaten\ada_instance\lr-slr-TEST-l2z-1Maximaal-bericht-2MMBNHG.xml to C:\Users\David\Desktop\CodeProjects\Nictiz\HL7-mappings\ada_2_fhir-r4\lab\3.0.0\sturen_laboratoriumresultaten\fhir_instance\lr-slr-TEST-l2z-1Maximaal-bericht-2MMBNHG.xml
     [xslt] Processing C:\Users\David\Desktop\CodeProjects\Nictiz\HL7-mappings\ada_2_fhir-r4\lab\3.0.0\sturen_laboratoriumresultaten\ada_instance\lr-slr-TEST-l2z-1Maximaal-bericht-3KCLOINC.xml to C:\Users\David\Desktop\CodeProjects\Nictiz\HL7-mappings\ada_2_fhir-r4\lab\3.0.0\sturen_laboratoriumresultaten\fhir_instance\lr-slr-TEST-l2z-1Maximaal-bericht-3KCLOINC.xml
     [xslt] Processing C:\Users\David\Desktop\CodeProjects\Nictiz\HL7-mappings\ada_2_fhir-r4\lab\3.0.0\sturen_laboratoriumresultaten\ada_instance\lr-slr-TEST-l2z-1Maximaal-bericht-4KCNHG.xml to C:\Users\David\Desktop\CodeProjects\Nictiz\HL7-mappings\ada_2_fhir-r4\lab\3.0.0\sturen_laboratoriumresultaten\fhir_instance\lr-slr-TEST-l2z-1Maximaal-bericht-4KCNHG.xml
     [xslt] Processing C:\Users\David\Desktop\CodeProjects\Nictiz\HL7-mappings\ada_2_fhir-r4\lab\3.0.0\sturen_laboratoriumresultaten\ada_instance\lr-slr-TEST-l2z-2Minimaal-bericht-1MMBLOINC.xml to C:\Users\David\Desktop\CodeProjects\Nictiz\HL7-mappings\ada_2_fhir-r4\lab\3.0.0\sturen_laboratoriumresultaten\fhir_instance\lr-slr-TEST-l2z-2Minimaal-bericht-1MMBLOINC.xml
     [xslt] Processing C:\Users\David\Desktop\CodeProjects\Nictiz\HL7-mappings\ada_2_fhir-r4\lab\3.0.0\sturen_laboratoriumresultaten\ada_instance\lr-slr-TEST-l2z-2Minimaal-bericht-2MMBNHG.xml to C:\Users\David\Desktop\CodeProjects\Nictiz\HL7-mappings\ada_2_fhir-r4\lab\3.0.0\sturen_laboratoriumresultaten\fhir_instance\lr-slr-TEST-l2z-2Minimaal-bericht-2MMBNHG.xml
     [xslt] Processing C:\Users\David\Desktop\CodeProjects\Nictiz\HL7-mappings\ada_2_fhir-r4\lab\3.0.0\sturen_laboratoriumresultaten\ada_instance\lr-slr-TEST-l2z-2Minimaal-bericht-3KCLOINC.xml to C:\Users\David\Desktop\CodeProjects\Nictiz\HL7-mappings\ada_2_fhir-r4\lab\3.0.0\sturen_laboratoriumresultaten\fhir_instance\lr-slr-TEST-l2z-2Minimaal-bericht-3KCLOINC.xml
     [xslt] Processing C:\Users\David\Desktop\CodeProjects\Nictiz\HL7-mappings\ada_2_fhir-r4\lab\3.0.0\sturen_laboratoriumresultaten\ada_instance\lr-slr-TEST-l2z-2Minimaal-bericht-4KCNHG.xml to C:\Users\David\Desktop\CodeProjects\Nictiz\HL7-mappings\ada_2_fhir-r4\lab\3.0.0\sturen_laboratoriumresultaten\fhir_instance\lr-slr-TEST-l2z-2Minimaal-bericht-4KCNHG.xml
     [xslt] Processing C:\Users\David\Desktop\CodeProjects\Nictiz\HL7-mappings\ada_2_fhir-r4\lab\3.0.0\sturen_laboratoriumresultaten\ada_instance\lr-slr-TEST-l2z-3Gecorrigeerd-bericht-1AMMBLOINCBasis.xml to C:\Users\David\Desktop\CodeProjects\Nictiz\HL7-mappings\ada_2_fhir-r4\lab\3.0.0\sturen_laboratoriumresultaten\fhir_instance\lr-slr-TEST-l2z-3Gecorrigeerd-bericht-1AMMBLOINCBasis.xml
     [xslt] Processing C:\Users\David\Desktop\CodeProjects\Nictiz\HL7-mappings\ada_2_fhir-r4\lab\3.0.0\sturen_laboratoriumresultaten\ada_instance\lr-slr-TEST-l2z-3Gecorrigeerd-bericht-1BMMBLOINCCorrectie.xml to C:\Users\David\Desktop\CodeProjects\Nictiz\HL7-mappings\ada_2_fhir-r4\lab\3.0.0\sturen_laboratoriumresultaten\fhir_instance\lr-slr-TEST-l2z-3Gecorrigeerd-bericht-1BMMBLOINCCorrectie.xml
     [xslt] Processing C:\Users\David\Desktop\CodeProjects\Nictiz\HL7-mappings\ada_2_fhir-r4\lab\3.0.0\sturen_laboratoriumresultaten\ada_instance\lr-slr-TEST-l2z-3Gecorrigeerd-bericht-2AMMBNHGBasis.xml to C:\Users\David\Desktop\CodeProjects\Nictiz\HL7-mappings\ada_2_fhir-r4\lab\3.0.0\sturen_laboratoriumresultaten\fhir_instance\lr-slr-TEST-l2z-3Gecorrigeerd-bericht-2AMMBNHGBasis.xml
     [xslt] Processing C:\Users\David\Desktop\CodeProjects\Nictiz\HL7-mappings\ada_2_fhir-r4\lab\3.0.0\sturen_laboratoriumresultaten\ada_instance\lr-slr-TEST-l2z-3Gecorrigeerd-bericht-2BMMBNHGCorrectie.xml to C:\Users\David\Desktop\CodeProjects\Nictiz\HL7-mappings\ada_2_fhir-r4\lab\3.0.0\sturen_laboratoriumresultaten\fhir_instance\lr-slr-TEST-l2z-3Gecorrigeerd-bericht-2BMMBNHGCorrectie.xml
     [xslt] Processing C:\Users\David\Desktop\CodeProjects\Nictiz\HL7-mappings\ada_2_fhir-r4\lab\3.0.0\sturen_laboratoriumresultaten\ada_instance\lr-slr-TEST-l2z-3Gecorrigeerd-bericht-3AKCLOINCBasis.xml to C:\Users\David\Desktop\CodeProjects\Nictiz\HL7-mappings\ada_2_fhir-r4\lab\3.0.0\sturen_laboratoriumresultaten\fhir_instance\lr-slr-TEST-l2z-3Gecorrigeerd-bericht-3AKCLOINCBasis.xml
     [xslt] Processing C:\Users\David\Desktop\CodeProjects\Nictiz\HL7-mappings\ada_2_fhir-r4\lab\3.0.0\sturen_laboratoriumresultaten\ada_instance\lr-slr-TEST-l2z-3Gecorrigeerd-bericht-3BKCLOINCCorrectie.xml to C:\Users\David\Desktop\CodeProjects\Nictiz\HL7-mappings\ada_2_fhir-r4\lab\3.0.0\sturen_laboratoriumresultaten\fhir_instance\lr-slr-TEST-l2z-3Gecorrigeerd-bericht-3BKCLOINCCorrectie.xml
     [xslt] Processing C:\Users\David\Desktop\CodeProjects\Nictiz\HL7-mappings\ada_2_fhir-r4\lab\3.0.0\sturen_laboratoriumresultaten\ada_instance\lr-slr-TEST-l2z-3Gecorrigeerd-bericht-4AKCNHGBasis.xml to C:\Users\David\Desktop\CodeProjects\Nictiz\HL7-mappings\ada_2_fhir-r4\lab\3.0.0\sturen_laboratoriumresultaten\fhir_instance\lr-slr-TEST-l2z-3Gecorrigeerd-bericht-4AKCNHGBasis.xml
     [xslt] Processing C:\Users\David\Desktop\CodeProjects\Nictiz\HL7-mappings\ada_2_fhir-r4\lab\3.0.0\sturen_laboratoriumresultaten\ada_instance\lr-slr-TEST-l2z-3Gecorrigeerd-bericht-4BKCNHGCorrectie.xml to C:\Users\David\Desktop\CodeProjects\Nictiz\HL7-mappings\ada_2_fhir-r4\lab\3.0.0\sturen_laboratoriumresultaten\fhir_instance\lr-slr-TEST-l2z-3Gecorrigeerd-bericht-4BKCNHGCorrectie.xml
     [xslt] Processing C:\Users\David\Desktop\CodeProjects\Nictiz\HL7-mappings\ada_2_fhir-r4\lab\3.0.0\sturen_laboratoriumresultaten\ada_instance\lr-slr-TEST-l2z-4Bericht-met-meerdere-aparte-resultaten-1MMBLOINC.xml to C:\Users\David\Desktop\CodeProjects\Nictiz\HL7-mappings\ada_2_fhir-r4\lab\3.0.0\sturen_laboratoriumresultaten\fhir_instance\lr-slr-TEST-l2z-4Bericht-met-meerdere-aparte-resultaten-1MMBLOINC.xml
     [xslt] WARN   : We have encountered an id (lr-slr-TEST-l2z-4Bericht-met-meerdere-aparte-resultaten-1MMBLOINC) longer than 64 characters, we are truncating it, but it should be looked at.
     [xslt] Processing C:\Users\David\Desktop\CodeProjects\Nictiz\HL7-mappings\ada_2_fhir-r4\lab\3.0.0\sturen_laboratoriumresultaten\ada_instance\lr-slr-TEST-l2z-4Bericht-met-meerdere-aparte-resultaten-2MMBNHG.xml to C:\Users\David\Desktop\CodeProjects\Nictiz\HL7-mappings\ada_2_fhir-r4\lab\3.0.0\sturen_laboratoriumresultaten\fhir_instance\lr-slr-TEST-l2z-4Bericht-met-meerdere-aparte-resultaten-2MMBNHG.xml
     [xslt] Processing C:\Users\David\Desktop\CodeProjects\Nictiz\HL7-mappings\ada_2_fhir-r4\lab\3.0.0\sturen_laboratoriumresultaten\ada_instance\lr-slr-TEST-l2z-4Bericht-met-meerdere-aparte-resultaten-3KCLOINC.xml to C:\Users\David\Desktop\CodeProjects\Nictiz\HL7-mappings\ada_2_fhir-r4\lab\3.0.0\sturen_laboratoriumresultaten\fhir_instance\lr-slr-TEST-l2z-4Bericht-met-meerdere-aparte-resultaten-3KCLOINC.xml
     [xslt] Processing C:\Users\David\Desktop\CodeProjects\Nictiz\HL7-mappings\ada_2_fhir-r4\lab\3.0.0\sturen_laboratoriumresultaten\ada_instance\lr-slr-TEST-l2z-4Bericht-met-meerdere-aparte-resultaten-4KCNHG.xml to C:\Users\David\Desktop\CodeProjects\Nictiz\HL7-mappings\ada_2_fhir-r4\lab\3.0.0\sturen_laboratoriumresultaten\fhir_instance\lr-slr-TEST-l2z-4Bericht-met-meerdere-aparte-resultaten-4KCNHG.xml
     [xslt] Processing C:\Users\David\Desktop\CodeProjects\Nictiz\HL7-mappings\ada_2_fhir-r4\lab\3.0.0\sturen_laboratoriumresultaten\ada_instance\lr-slr-TEST-l2z-5Ontdubbelen-bericht-1MMBLOINC.xml to C:\Users\David\Desktop\CodeProjects\Nictiz\HL7-mappings\ada_2_fhir-r4\lab\3.0.0\sturen_laboratoriumresultaten\fhir_instance\lr-slr-TEST-l2z-5Ontdubbelen-bericht-1MMBLOINC.xml
     [xslt] Processing C:\Users\David\Desktop\CodeProjects\Nictiz\HL7-mappings\ada_2_fhir-r4\lab\3.0.0\sturen_laboratoriumresultaten\ada_instance\lr-slr-TEST-l2z-5Ontdubbelen-bericht-2MMBNHG.xml to C:\Users\David\Desktop\CodeProjects\Nictiz\HL7-mappings\ada_2_fhir-r4\lab\3.0.0\sturen_laboratoriumresultaten\fhir_instance\lr-slr-TEST-l2z-5Ontdubbelen-bericht-2MMBNHG.xml
     [xslt] Processing C:\Users\David\Desktop\CodeProjects\Nictiz\HL7-mappings\ada_2_fhir-r4\lab\3.0.0\sturen_laboratoriumresultaten\ada_instance\lr-slr-TEST-l2z-5Ontdubbelen-bericht-3KCLOINC.xml to C:\Users\David\Desktop\CodeProjects\Nictiz\HL7-mappings\ada_2_fhir-r4\lab\3.0.0\sturen_laboratoriumresultaten\fhir_instance\lr-slr-TEST-l2z-5Ontdubbelen-bericht-3KCLOINC.xml
     [xslt] Processing C:\Users\David\Desktop\CodeProjects\Nictiz\HL7-mappings\ada_2_fhir-r4\lab\3.0.0\sturen_laboratoriumresultaten\ada_instance\lr-slr-TEST-l2z-5Ontdubbelen-bericht-4KCNHG.xml to C:\Users\David\Desktop\CodeProjects\Nictiz\HL7-mappings\ada_2_fhir-r4\lab\3.0.0\sturen_laboratoriumresultaten\fhir_instance\lr-slr-TEST-l2z-5Ontdubbelen-bericht-4KCNHG.xml
     [xslt] Processing C:\Users\David\Desktop\CodeProjects\Nictiz\HL7-mappings\ada_2_fhir-r4\lab\3.0.0\sturen_laboratoriumresultaten\ada_instance\lr-slr-TEST-l2z-6Onderzoek-meervoudig-resultaat-1MMBLOINC.xml to C:\Users\David\Desktop\CodeProjects\Nictiz\HL7-mappings\ada_2_fhir-r4\lab\3.0.0\sturen_laboratoriumresultaten\fhir_instance\lr-slr-TEST-l2z-6Onderzoek-meervoudig-resultaat-1MMBLOINC.xml
     [xslt] Processing C:\Users\David\Desktop\CodeProjects\Nictiz\HL7-mappings\ada_2_fhir-r4\lab\3.0.0\sturen_laboratoriumresultaten\ada_instance\lr-slr-TEST-l2z-6Onderzoek-meervoudig-resultaat-2MMBNHG.xml to C:\Users\David\Desktop\CodeProjects\Nictiz\HL7-mappings\ada_2_fhir-r4\lab\3.0.0\sturen_laboratoriumresultaten\fhir_instance\lr-slr-TEST-l2z-6Onderzoek-meervoudig-resultaat-2MMBNHG.xml
     [xslt] Processing C:\Users\David\Desktop\CodeProjects\Nictiz\HL7-mappings\ada_2_fhir-r4\lab\3.0.0\sturen_laboratoriumresultaten\ada_instance\lr-slr-TEST-l2z-6Onderzoek-meervoudig-resultaat-3KCLOINC.xml to C:\Users\David\Desktop\CodeProjects\Nictiz\HL7-mappings\ada_2_fhir-r4\lab\3.0.0\sturen_laboratoriumresultaten\fhir_instance\lr-slr-TEST-l2z-6Onderzoek-meervoudig-resultaat-3KCLOINC.xml
     [xslt] Processing C:\Users\David\Desktop\CodeProjects\Nictiz\HL7-mappings\ada_2_fhir-r4\lab\3.0.0\sturen_laboratoriumresultaten\ada_instance\lr-slr-TEST-l2z-6Onderzoek-meervoudig-resultaat-4KCNHG.xml to C:\Users\David\Desktop\CodeProjects\Nictiz\HL7-mappings\ada_2_fhir-r4\lab\3.0.0\sturen_laboratoriumresultaten\fhir_instance\lr-slr-TEST-l2z-6Onderzoek-meervoudig-resultaat-4KCNHG.xml
     [xslt] Processing C:\Users\David\Desktop\CodeProjects\Nictiz\HL7-mappings\ada_2_fhir-r4\lab\3.0.0\sturen_laboratoriumresultaten\ada_instance\lr-slr-TEST-l2z-7Meesturen-met-ander-bericht-MO-3AKCLOINCLosresultaat.xml to C:\Users\David\Desktop\CodeProjects\Nictiz\HL7-mappings\ada_2_fhir-r4\lab\3.0.0\sturen_laboratoriumresultaten\fhir_instance\lr-slr-TEST-l2z-7Meesturen-met-ander-bericht-MO-3AKCLOINCLosresultaat.xml
     [xslt] WARN   : We have encountered an id (lr-slr-TEST-l2z-7Meesturen-met-ander-bericht-MO-3AKCLOINCLosresultaat) longer than 64 characters, we are truncating it, but it should be looked at.
     [xslt] Processing C:\Users\David\Desktop\CodeProjects\Nictiz\HL7-mappings\ada_2_fhir-r4\lab\3.0.0\sturen_laboratoriumresultaten\ada_instance\lr-slr-TEST-l2z-7Meesturen-met-ander-bericht-MO-3BKCLOINCOnderzoekmeervoudigresultaat.xml to C:\Users\David\Desktop\CodeProjects\Nictiz\HL7-mappings\ada_2_fhir-r4\lab\3.0.0\sturen_laboratoriumresultaten\fhir_instance\lr-slr-TEST-l2z-7Meesturen-met-ander-bericht-MO-3BKCLOINCOnderzoekmeervoudigresultaat.xml
     [xslt] WARN   : We have encountered an id (lr-slr-TEST-l2z-7Meesturen-met-ander-bericht-MO-3BKCLOINCOnderzoekmeervoudigresultaat) longer than 64 characters, we are truncating it, but it should be looked at.
     [xslt] Processing C:\Users\David\Desktop\CodeProjects\Nictiz\HL7-mappings\ada_2_fhir-r4\lab\3.0.0\sturen_laboratoriumresultaten\ada_instance\lr-slr-TEST-l2z-7Meesturen-met-ander-bericht-MO-4KCNHGLosresultaat.xml to C:\Users\David\Desktop\CodeProjects\Nictiz\HL7-mappings\ada_2_fhir-r4\lab\3.0.0\sturen_laboratoriumresultaten\fhir_instance\lr-slr-TEST-l2z-7Meesturen-met-ander-bericht-MO-4KCNHGLosresultaat.xml
     [xslt] WARN   : We have encountered an id (lr-slr-TEST-l2z-7Meesturen-met-ander-bericht-MO-4KCNHGLosresultaat) longer than 64 characters, we are truncating it, but it should be looked at.

convert_ada_2_fhir_sub:
     [echo] Deleting previous results, if any
     [echo] 
     [echo] ADA to FHIR ../../sturen_laboratoriumresultaat_op_aanvraag/../sturen_laboratoriumresultaat_op_aanvraag/payload/sturen_laboratoriumresultaat_op_aanvraag.xsl input dir ../../sturen_laboratoriumresultaat_op_aanvraag/ada_instance
     [xslt] Processing C:\Users\David\Desktop\CodeProjects\Nictiz\HL7-mappings\ada_2_fhir-r4\lab\3.0.0\sturen_laboratoriumresultaat_op_aanvraag\ada_instance\lr-loa-KWAL-l2z-1Maximaal-bericht-aanvraag-1MMBLOINC.xml to C:\Users\David\Desktop\CodeProjects\Nictiz\HL7-mappings\ada_2_fhir-r4\lab\3.0.0\sturen_laboratoriumresultaat_op_aanvraag\fhir_instance\lr-loa-KWAL-l2z-1Maximaal-bericht-aanvraag-1MMBLOINC.xml
     [xslt] Loading stylesheet sturen_laboratoriumresultaat_op_aanvraag.xsl
     [xslt] Processing C:\Users\David\Desktop\CodeProjects\Nictiz\HL7-mappings\ada_2_fhir-r4\lab\3.0.0\sturen_laboratoriumresultaat_op_aanvraag\ada_instance\lr-loa-KWAL-l2z-1Maximaal-bericht-aanvraag-2MMBNHG.xml to C:\Users\David\Desktop\CodeProjects\Nictiz\HL7-mappings\ada_2_fhir-r4\lab\3.0.0\sturen_laboratoriumresultaat_op_aanvraag\fhir_instance\lr-loa-KWAL-l2z-1Maximaal-bericht-aanvraag-2MMBNHG.xml
     [xslt] Processing C:\Users\David\Desktop\CodeProjects\Nictiz\HL7-mappings\ada_2_fhir-r4\lab\3.0.0\sturen_laboratoriumresultaat_op_aanvraag\ada_instance\lr-loa-KWAL-l2z-1Maximaal-bericht-aanvraag-3KCLOINC.xml to C:\Users\David\Desktop\CodeProjects\Nictiz\HL7-mappings\ada_2_fhir-r4\lab\3.0.0\sturen_laboratoriumresultaat_op_aanvraag\fhir_instance\lr-loa-KWAL-l2z-1Maximaal-bericht-aanvraag-3KCLOINC.xml
     [xslt] Processing C:\Users\David\Desktop\CodeProjects\Nictiz\HL7-mappings\ada_2_fhir-r4\lab\3.0.0\sturen_laboratoriumresultaat_op_aanvraag\ada_instance\lr-loa-KWAL-l2z-1Maximaal-bericht-aanvraag-4KCNHG.xml to C:\Users\David\Desktop\CodeProjects\Nictiz\HL7-mappings\ada_2_fhir-r4\lab\3.0.0\sturen_laboratoriumresultaat_op_aanvraag\fhir_instance\lr-loa-KWAL-l2z-1Maximaal-bericht-aanvraag-4KCNHG.xml
     [xslt] Processing C:\Users\David\Desktop\CodeProjects\Nictiz\HL7-mappings\ada_2_fhir-r4\lab\3.0.0\sturen_laboratoriumresultaat_op_aanvraag\ada_instance\lr-loa-TEST-l2z-1Maximaal-bericht-aanvraag-1MMBLOINC.xml to C:\Users\David\Desktop\CodeProjects\Nictiz\HL7-mappings\ada_2_fhir-r4\lab\3.0.0\sturen_laboratoriumresultaat_op_aanvraag\fhir_instance\lr-loa-TEST-l2z-1Maximaal-bericht-aanvraag-1MMBLOINC.xml
     [xslt] Processing C:\Users\David\Desktop\CodeProjects\Nictiz\HL7-mappings\ada_2_fhir-r4\lab\3.0.0\sturen_laboratoriumresultaat_op_aanvraag\ada_instance\lr-loa-TEST-l2z-1Maximaal-bericht-aanvraag-2MMBNHG.xml to C:\Users\David\Desktop\CodeProjects\Nictiz\HL7-mappings\ada_2_fhir-r4\lab\3.0.0\sturen_laboratoriumresultaat_op_aanvraag\fhir_instance\lr-loa-TEST-l2z-1Maximaal-bericht-aanvraag-2MMBNHG.xml
     [xslt] Processing C:\Users\David\Desktop\CodeProjects\Nictiz\HL7-mappings\ada_2_fhir-r4\lab\3.0.0\sturen_laboratoriumresultaat_op_aanvraag\ada_instance\lr-loa-TEST-l2z-1Maximaal-bericht-aanvraag-3KCLOINC.xml to C:\Users\David\Desktop\CodeProjects\Nictiz\HL7-mappings\ada_2_fhir-r4\lab\3.0.0\sturen_laboratoriumresultaat_op_aanvraag\fhir_instance\lr-loa-TEST-l2z-1Maximaal-bericht-aanvraag-3KCLOINC.xml
     [xslt] Processing C:\Users\David\Desktop\CodeProjects\Nictiz\HL7-mappings\ada_2_fhir-r4\lab\3.0.0\sturen_laboratoriumresultaat_op_aanvraag\ada_instance\lr-loa-TEST-l2z-1Maximaal-bericht-aanvraag-4KCNHG.xml to C:\Users\David\Desktop\CodeProjects\Nictiz\HL7-mappings\ada_2_fhir-r4\lab\3.0.0\sturen_laboratoriumresultaat_op_aanvraag\fhir_instance\lr-loa-TEST-l2z-1Maximaal-bericht-aanvraag-4KCNHG.xml

BUILD SUCCESSFUL
Total time: 8 seconds
